[  1%] Built target omo_r1_interfaces__rosidl_generator_type_description
[  1%] Built target ament_cmake_python_copy_omo_r1_interfaces
[  2%] Built target omo_r1_interfaces__cpp
[ 26%] Built target omo_r1_interfaces__rosidl_generator_c
[ 35%] Built target omo_r1_interfaces__rosidl_typesupport_introspection_c
[ 45%] Built target omo_r1_interfaces__rosidl_typesupport_cpp
[ 64%] Built target omo_r1_interfaces__rosidl_typesupport_c
[ 64%] Built target omo_r1_interfaces__rosidl_typesupport_fastrtps_cpp
[ 73%] Built target omo_r1_interfaces__rosidl_typesupport_fastrtps_c
[ 83%] Built target omo_r1_interfaces__rosidl_typesupport_introspection_cpp
[ 83%] Built target omo_r1_interfaces
[ 84%] Built target omo_r1_interfaces__py
[ 92%] Built target omo_r1_interfaces__rosidl_generator_py
[100%] Built target omo_r1_interfaces_s__rosidl_typesupport_c
[100%] Built target omo_r1_interfaces_s__rosidl_typesupport_introspection_c
[100%] Built target omo_r1_interfaces_s__rosidl_typesupport_fastrtps_c
running egg_info
writing omo_r1_interfaces.egg-info/PKG-INFO
writing dependency_links to omo_r1_interfaces.egg-info/dependency_links.txt
writing top-level names to omo_r1_interfaces.egg-info/top_level.txt
reading manifest file 'omo_r1_interfaces.egg-info/SOURCES.txt'
writing manifest file 'omo_r1_interfaces.egg-info/SOURCES.txt'
[100%] Built target ament_cmake_python_build_omo_r1_interfaces_egg
