[0.057s] Invoking command in '/home/mac/dev_ws/omo_robot/build/omo_r1_interfaces': CMAKE_PREFIX_PATH=${CMAKE_PREFIX_PATH}:/opt/ros/jazzy DEBUGINFOD_URLS=https://debuginfod.ubuntu.com PS1=(ros_venv) \[\e[1;34m\](ID: ${ROS_DOMAIN_ID:-0})\[\e[1;32m\]\u\[\e[0m\]:\[\e[1;34m\]\w\[\e[0m\]$ VIRTUAL_ENV_PROMPT=(ros_venv) /usr/bin/cmake --build /home/mac/dev_ws/omo_robot/build/omo_r1_interfaces -- -j16 -l16
[0.150s] [  1%] Built target omo_r1_interfaces__rosidl_generator_type_description
[0.172s] [  1%] Built target ament_cmake_python_copy_omo_r1_interfaces
[0.208s] [  2%] Built target omo_r1_interfaces__cpp
[0.226s] [ 26%] Built target omo_r1_interfaces__rosidl_generator_c
[0.336s] [ 35%] Built target omo_r1_interfaces__rosidl_typesupport_introspection_c
[0.345s] [ 45%] Built target omo_r1_interfaces__rosidl_typesupport_cpp
[0.354s] [ 64%] Built target omo_r1_interfaces__rosidl_typesupport_c
[0.354s] [ 64%] Built target omo_r1_interfaces__rosidl_typesupport_fastrtps_cpp
[0.355s] [ 73%] Built target omo_r1_interfaces__rosidl_typesupport_fastrtps_c
[0.356s] [ 83%] Built target omo_r1_interfaces__rosidl_typesupport_introspection_cpp
[0.406s] [ 83%] Built target omo_r1_interfaces
[0.463s] [ 84%] Built target omo_r1_interfaces__py
[0.535s] [ 92%] Built target omo_r1_interfaces__rosidl_generator_py
[0.587s] [100%] Built target omo_r1_interfaces_s__rosidl_typesupport_c
[0.587s] [100%] Built target omo_r1_interfaces_s__rosidl_typesupport_introspection_c
[0.587s] [100%] Built target omo_r1_interfaces_s__rosidl_typesupport_fastrtps_c
[0.622s] running egg_info
[0.645s] writing omo_r1_interfaces.egg-info/PKG-INFO
[0.645s] writing dependency_links to omo_r1_interfaces.egg-info/dependency_links.txt
[0.646s] writing top-level names to omo_r1_interfaces.egg-info/top_level.txt
[0.709s] reading manifest file 'omo_r1_interfaces.egg-info/SOURCES.txt'
[0.710s] writing manifest file 'omo_r1_interfaces.egg-info/SOURCES.txt'
[0.792s] [100%] Built target ament_cmake_python_build_omo_r1_interfaces_egg
