[0.764s] Invoking command in '/home/mac/dev_ws/omo_robot/src/omo_r1-ros2/omo_r1_teleop': CMAKE_PREFIX_PATH=/home/mac/dev_ws/omo_robot/install/omo_r1_interfaces:/home/mac/dev_ws/omo_robot/install/ydlidar_sdk:/home/mac/dev_ws/omo_robot/install/ydlidar_ros2_driver:/home/mac/dev_ws/omo_robot/install/omo_r1:/home/mac/dev_ws/omo_robot/install/omo_r1_navigation2:/home/mac/dev_ws/omo_robot/install/omo_r1_description:/home/mac/dev_ws/omo_robot/install/omo_r1_cartographer:/opt/ros/jazzy/opt/gz_sim_vendor:/opt/ros/jazzy/opt/gz_sensors_vendor:/opt/ros/jazzy/opt/gz_physics_vendor:/opt/ros/jazzy/opt/sdformat_vendor:/opt/ros/jazzy/opt/gz_gui_vendor:/opt/ros/jazzy/opt/gz_transport_vendor:/opt/ros/jazzy/opt/gz_rendering_vendor:/opt/ros/jazzy/opt/gz_plugin_vendor:/opt/ros/jazzy/opt/gz_fuel_tools_vendor:/opt/ros/jazzy/opt/gz_msgs_vendor:/opt/ros/jazzy/opt/gz_common_vendor:/opt/ros/jazzy/opt/gz_math_vendor:/opt/ros/jazzy/opt/gz_utils_vendor:/opt/ros/jazzy/opt/gz_tools_vendor:/opt/ros/jazzy/opt/gz_ogre_next_vendor:/opt/ros/jazzy/opt/gz_dartsim_vendor:/opt/ros/jazzy/opt/gz_cmake_vendor DEBUGINFOD_URLS=https://debuginfod.ubuntu.com PS1=(ros_venv) \[\e[1;34m\](ID: ${ROS_DOMAIN_ID:-0})\[\e[1;32m\]\u\[\e[0m\]:\[\e[1;34m\]\w\[\e[0m\]$ PYTHONPATH=/home/mac/dev_ws/omo_robot/build/omo_r1_teleop/prefix_override:/usr/lib/python3/dist-packages/colcon_core/task/python/colcon_distutils_commands:/home/mac/dev_ws/omo_robot/install/omo_r1_teleop/lib/python3.12/site-packages:/home/mac/dev_ws/omo_robot/install/omo_r1_interfaces/lib/python3.12/site-packages:/home/mac/dev_ws/omo_robot/install/omo_r1_teleop/lib/python3.12/site-packages:/home/mac/dev_ws/omo_robot/install/omo_r1_bringup/lib/python3.12/site-packages:/opt/ros/jazzy/lib/python3.12/site-packages VIRTUAL_ENV_PROMPT=(ros_venv) /usr/bin/python3 -W ignore:setup.py install is deprecated -W ignore:easy_install command is deprecated setup.py egg_info --egg-base ../../../build/omo_r1_teleop build --build-base /home/mac/dev_ws/omo_robot/build/omo_r1_teleop/build install --record /home/mac/dev_ws/omo_robot/build/omo_r1_teleop/install.log --install-scripts $base/lib/omo_r1_teleop --single-version-externally-managed install_data
[0.850s] /usr/lib/python3/dist-packages/setuptools/dist.py:744: SetuptoolsDeprecationWarning: Invalid dash-separated options
[0.850s] !!
[0.850s] 
[0.850s]         ********************************************************************************
[0.850s]         Usage of dash-separated 'script-dir' will not be supported in future
[0.850s]         versions. Please use the underscore name 'script_dir' instead.
[0.850s] 
[0.850s]         This deprecation is overdue, please update your project and remove deprecated
[0.850s]         calls to avoid build errors in the future.
[0.850s] 
[0.850s]         See https://setuptools.pypa.io/en/latest/userguide/declarative_config.html for details.
[0.850s]         ********************************************************************************
[0.850s] 
[0.850s] !!
[0.850s]   opt = self.warn_dash_deprecation(opt, section)
[0.947s] running egg_info
[0.960s] writing ../../../build/omo_r1_teleop/omo_r1_teleop.egg-info/PKG-INFO
[0.960s] writing dependency_links to ../../../build/omo_r1_teleop/omo_r1_teleop.egg-info/dependency_links.txt
[0.960s] writing entry points to ../../../build/omo_r1_teleop/omo_r1_teleop.egg-info/entry_points.txt
[0.960s] writing requirements to ../../../build/omo_r1_teleop/omo_r1_teleop.egg-info/requires.txt
[0.961s] writing top-level names to ../../../build/omo_r1_teleop/omo_r1_teleop.egg-info/top_level.txt
[0.988s] reading manifest file '../../../build/omo_r1_teleop/omo_r1_teleop.egg-info/SOURCES.txt'
[0.989s] writing manifest file '../../../build/omo_r1_teleop/omo_r1_teleop.egg-info/SOURCES.txt'
[0.989s] running build
[0.989s] running build_py
[0.989s] running install
[0.994s] running install_lib
[1.009s] running install_data
[1.009s] running install_egg_info
[1.024s] removing '/home/mac/dev_ws/omo_robot/install/omo_r1_teleop/lib/python3.12/site-packages/omo_r1_teleop-2.1.2-py3.12.egg-info' (and everything under it)
[1.024s] Copying ../../../build/omo_r1_teleop/omo_r1_teleop.egg-info to /home/mac/dev_ws/omo_robot/install/omo_r1_teleop/lib/python3.12/site-packages/omo_r1_teleop-2.1.2-py3.12.egg-info
[1.024s] running install_scripts
[1.120s] Installing teleop_joy script to /home/mac/dev_ws/omo_robot/install/omo_r1_teleop/lib/omo_r1_teleop
[1.120s] Installing teleop_keyboard script to /home/mac/dev_ws/omo_robot/install/omo_r1_teleop/lib/omo_r1_teleop
[1.120s] writing list of installed files to '/home/mac/dev_ws/omo_robot/build/omo_r1_teleop/install.log'
[1.145s] Invoked command in '/home/mac/dev_ws/omo_robot/src/omo_r1-ros2/omo_r1_teleop' returned '0': CMAKE_PREFIX_PATH=/home/mac/dev_ws/omo_robot/install/omo_r1_interfaces:/home/mac/dev_ws/omo_robot/install/ydlidar_sdk:/home/mac/dev_ws/omo_robot/install/ydlidar_ros2_driver:/home/mac/dev_ws/omo_robot/install/omo_r1:/home/mac/dev_ws/omo_robot/install/omo_r1_navigation2:/home/mac/dev_ws/omo_robot/install/omo_r1_description:/home/mac/dev_ws/omo_robot/install/omo_r1_cartographer:/opt/ros/jazzy/opt/gz_sim_vendor:/opt/ros/jazzy/opt/gz_sensors_vendor:/opt/ros/jazzy/opt/gz_physics_vendor:/opt/ros/jazzy/opt/sdformat_vendor:/opt/ros/jazzy/opt/gz_gui_vendor:/opt/ros/jazzy/opt/gz_transport_vendor:/opt/ros/jazzy/opt/gz_rendering_vendor:/opt/ros/jazzy/opt/gz_plugin_vendor:/opt/ros/jazzy/opt/gz_fuel_tools_vendor:/opt/ros/jazzy/opt/gz_msgs_vendor:/opt/ros/jazzy/opt/gz_common_vendor:/opt/ros/jazzy/opt/gz_math_vendor:/opt/ros/jazzy/opt/gz_utils_vendor:/opt/ros/jazzy/opt/gz_tools_vendor:/opt/ros/jazzy/opt/gz_ogre_next_vendor:/opt/ros/jazzy/opt/gz_dartsim_vendor:/opt/ros/jazzy/opt/gz_cmake_vendor DEBUGINFOD_URLS=https://debuginfod.ubuntu.com PS1=(ros_venv) \[\e[1;34m\](ID: ${ROS_DOMAIN_ID:-0})\[\e[1;32m\]\u\[\e[0m\]:\[\e[1;34m\]\w\[\e[0m\]$ PYTHONPATH=/home/mac/dev_ws/omo_robot/build/omo_r1_teleop/prefix_override:/usr/lib/python3/dist-packages/colcon_core/task/python/colcon_distutils_commands:/home/mac/dev_ws/omo_robot/install/omo_r1_teleop/lib/python3.12/site-packages:/home/mac/dev_ws/omo_robot/install/omo_r1_interfaces/lib/python3.12/site-packages:/home/mac/dev_ws/omo_robot/install/omo_r1_teleop/lib/python3.12/site-packages:/home/mac/dev_ws/omo_robot/install/omo_r1_bringup/lib/python3.12/site-packages:/opt/ros/jazzy/lib/python3.12/site-packages VIRTUAL_ENV_PROMPT=(ros_venv) /usr/bin/python3 -W ignore:setup.py install is deprecated -W ignore:easy_install command is deprecated setup.py egg_info --egg-base ../../../build/omo_r1_teleop build --build-base /home/mac/dev_ws/omo_robot/build/omo_r1_teleop/build install --record /home/mac/dev_ws/omo_robot/build/omo_r1_teleop/install.log --install-scripts $base/lib/omo_r1_teleop --single-version-externally-managed install_data
