[0.053s] Invoking command in '/home/mac/dev_ws/omo_robot/build/omo_r1_cartographer': CMAKE_PREFIX_PATH=${CMAKE_PREFIX_PATH}:/home/mac/dev_ws/omo_robot/install/omo_r1_teleop:/home/mac/dev_ws/omo_robot/install/omo_r1_bringup:/opt/ros/jazzy DEBUGINFOD_URLS=https://debuginfod.ubuntu.com PS1=(ros_venv) \[\e[1;34m\](ID: ${ROS_DOMAIN_ID:-0})\[\e[1;32m\]\u\[\e[0m\]:\[\e[1;34m\]\w\[\e[0m\]$ VIRTUAL_ENV_PROMPT=(ros_venv) /usr/bin/cmake --build /home/mac/dev_ws/omo_robot/build/omo_r1_cartographer -- -j16 -l16
[0.166s] Invoked command in '/home/mac/dev_ws/omo_robot/build/omo_r1_cartographer' returned '0': CMAKE_PREFIX_PATH=${CMAKE_PREFIX_PATH}:/home/mac/dev_ws/omo_robot/install/omo_r1_teleop:/home/mac/dev_ws/omo_robot/install/omo_r1_bringup:/opt/ros/jazzy DEBUGINFOD_URLS=https://debuginfod.ubuntu.com PS1=(ros_venv) \[\e[1;34m\](ID: ${ROS_DOMAIN_ID:-0})\[\e[1;32m\]\u\[\e[0m\]:\[\e[1;34m\]\w\[\e[0m\]$ VIRTUAL_ENV_PROMPT=(ros_venv) /usr/bin/cmake --build /home/mac/dev_ws/omo_robot/build/omo_r1_cartographer -- -j16 -l16
[0.168s] Invoking command in '/home/mac/dev_ws/omo_robot/build/omo_r1_cartographer': CMAKE_PREFIX_PATH=${CMAKE_PREFIX_PATH}:/home/mac/dev_ws/omo_robot/install/omo_r1_teleop:/home/mac/dev_ws/omo_robot/install/omo_r1_bringup:/opt/ros/jazzy DEBUGINFOD_URLS=https://debuginfod.ubuntu.com PS1=(ros_venv) \[\e[1;34m\](ID: ${ROS_DOMAIN_ID:-0})\[\e[1;32m\]\u\[\e[0m\]:\[\e[1;34m\]\w\[\e[0m\]$ VIRTUAL_ENV_PROMPT=(ros_venv) /usr/bin/cmake --install /home/mac/dev_ws/omo_robot/build/omo_r1_cartographer
[0.191s] -- Install configuration: ""
[0.191s] -- Up-to-date: /home/mac/dev_ws/omo_robot/install/omo_r1_cartographer/share/omo_r1_cartographer/config
[0.191s] -- Up-to-date: /home/mac/dev_ws/omo_robot/install/omo_r1_cartographer/share/omo_r1_cartographer/config/omo_r1_lidar.lua
[0.192s] -- Up-to-date: /home/mac/dev_ws/omo_robot/install/omo_r1_cartographer/share/omo_r1_cartographer/launch
[0.192s] -- Up-to-date: /home/mac/dev_ws/omo_robot/install/omo_r1_cartographer/share/omo_r1_cartographer/launch/occupancy_grid.launch.py
[0.193s] -- Up-to-date: /home/mac/dev_ws/omo_robot/install/omo_r1_cartographer/share/omo_r1_cartographer/launch/cartographer_rviz.launch.py
[0.193s] -- Up-to-date: /home/mac/dev_ws/omo_robot/install/omo_r1_cartographer/share/omo_r1_cartographer/launch/cartographer.launch.py
[0.193s] -- Up-to-date: /home/mac/dev_ws/omo_robot/install/omo_r1_cartographer/share/omo_r1_cartographer/rviz
[0.194s] -- Up-to-date: /home/mac/dev_ws/omo_robot/install/omo_r1_cartographer/share/omo_r1_cartographer/rviz/omo_r1_cartographer.rviz
[0.194s] -- Up-to-date: /home/mac/dev_ws/omo_robot/install/omo_r1_cartographer/share/ament_index/resource_index/package_run_dependencies/omo_r1_cartographer
[0.194s] -- Up-to-date: /home/mac/dev_ws/omo_robot/install/omo_r1_cartographer/share/ament_index/resource_index/parent_prefix_path/omo_r1_cartographer
[0.194s] -- Up-to-date: /home/mac/dev_ws/omo_robot/install/omo_r1_cartographer/share/omo_r1_cartographer/environment/ament_prefix_path.sh
[0.194s] -- Up-to-date: /home/mac/dev_ws/omo_robot/install/omo_r1_cartographer/share/omo_r1_cartographer/environment/ament_prefix_path.dsv
[0.194s] -- Up-to-date: /home/mac/dev_ws/omo_robot/install/omo_r1_cartographer/share/omo_r1_cartographer/environment/path.sh
[0.194s] -- Up-to-date: /home/mac/dev_ws/omo_robot/install/omo_r1_cartographer/share/omo_r1_cartographer/environment/path.dsv
[0.194s] -- Up-to-date: /home/mac/dev_ws/omo_robot/install/omo_r1_cartographer/share/omo_r1_cartographer/local_setup.bash
[0.194s] -- Up-to-date: /home/mac/dev_ws/omo_robot/install/omo_r1_cartographer/share/omo_r1_cartographer/local_setup.sh
[0.195s] -- Up-to-date: /home/mac/dev_ws/omo_robot/install/omo_r1_cartographer/share/omo_r1_cartographer/local_setup.zsh
[0.195s] -- Up-to-date: /home/mac/dev_ws/omo_robot/install/omo_r1_cartographer/share/omo_r1_cartographer/local_setup.dsv
[0.195s] -- Installing: /home/mac/dev_ws/omo_robot/install/omo_r1_cartographer/share/omo_r1_cartographer/package.dsv
[0.195s] -- Up-to-date: /home/mac/dev_ws/omo_robot/install/omo_r1_cartographer/share/ament_index/resource_index/packages/omo_r1_cartographer
[0.196s] -- Up-to-date: /home/mac/dev_ws/omo_robot/install/omo_r1_cartographer/share/omo_r1_cartographer/cmake/omo_r1_cartographerConfig.cmake
[0.196s] -- Up-to-date: /home/mac/dev_ws/omo_robot/install/omo_r1_cartographer/share/omo_r1_cartographer/cmake/omo_r1_cartographerConfig-version.cmake
[0.196s] -- Up-to-date: /home/mac/dev_ws/omo_robot/install/omo_r1_cartographer/share/omo_r1_cartographer/package.xml
[0.293s] Invoked command in '/home/mac/dev_ws/omo_robot/build/omo_r1_cartographer' returned '0': CMAKE_PREFIX_PATH=${CMAKE_PREFIX_PATH}:/home/mac/dev_ws/omo_robot/install/omo_r1_teleop:/home/mac/dev_ws/omo_robot/install/omo_r1_bringup:/opt/ros/jazzy DEBUGINFOD_URLS=https://debuginfod.ubuntu.com PS1=(ros_venv) \[\e[1;34m\](ID: ${ROS_DOMAIN_ID:-0})\[\e[1;32m\]\u\[\e[0m\]:\[\e[1;34m\]\w\[\e[0m\]$ VIRTUAL_ENV_PROMPT=(ros_venv) /usr/bin/cmake --install /home/mac/dev_ws/omo_robot/build/omo_r1_cartographer
