-- Install configuration: ""
-- Up-to-date: /home/mac/dev_ws/omo_robot/install/omo_r1_cartographer/share/omo_r1_cartographer/config
-- Up-to-date: /home/mac/dev_ws/omo_robot/install/omo_r1_cartographer/share/omo_r1_cartographer/config/omo_r1_lidar.lua
-- Up-to-date: /home/mac/dev_ws/omo_robot/install/omo_r1_cartographer/share/omo_r1_cartographer/launch
-- Up-to-date: /home/mac/dev_ws/omo_robot/install/omo_r1_cartographer/share/omo_r1_cartographer/launch/occupancy_grid.launch.py
-- Up-to-date: /home/mac/dev_ws/omo_robot/install/omo_r1_cartographer/share/omo_r1_cartographer/launch/cartographer_rviz.launch.py
-- Up-to-date: /home/mac/dev_ws/omo_robot/install/omo_r1_cartographer/share/omo_r1_cartographer/launch/cartographer.launch.py
-- Up-to-date: /home/mac/dev_ws/omo_robot/install/omo_r1_cartographer/share/omo_r1_cartographer/rviz
-- Up-to-date: /home/mac/dev_ws/omo_robot/install/omo_r1_cartographer/share/omo_r1_cartographer/rviz/omo_r1_cartographer.rviz
-- Up-to-date: /home/mac/dev_ws/omo_robot/install/omo_r1_cartographer/share/ament_index/resource_index/package_run_dependencies/omo_r1_cartographer
-- Up-to-date: /home/mac/dev_ws/omo_robot/install/omo_r1_cartographer/share/ament_index/resource_index/parent_prefix_path/omo_r1_cartographer
-- Up-to-date: /home/mac/dev_ws/omo_robot/install/omo_r1_cartographer/share/omo_r1_cartographer/environment/ament_prefix_path.sh
-- Up-to-date: /home/mac/dev_ws/omo_robot/install/omo_r1_cartographer/share/omo_r1_cartographer/environment/ament_prefix_path.dsv
-- Up-to-date: /home/mac/dev_ws/omo_robot/install/omo_r1_cartographer/share/omo_r1_cartographer/environment/path.sh
-- Up-to-date: /home/mac/dev_ws/omo_robot/install/omo_r1_cartographer/share/omo_r1_cartographer/environment/path.dsv
-- Up-to-date: /home/mac/dev_ws/omo_robot/install/omo_r1_cartographer/share/omo_r1_cartographer/local_setup.bash
-- Up-to-date: /home/mac/dev_ws/omo_robot/install/omo_r1_cartographer/share/omo_r1_cartographer/local_setup.sh
-- Up-to-date: /home/mac/dev_ws/omo_robot/install/omo_r1_cartographer/share/omo_r1_cartographer/local_setup.zsh
-- Up-to-date: /home/mac/dev_ws/omo_robot/install/omo_r1_cartographer/share/omo_r1_cartographer/local_setup.dsv
-- Installing: /home/mac/dev_ws/omo_robot/install/omo_r1_cartographer/share/omo_r1_cartographer/package.dsv
-- Up-to-date: /home/mac/dev_ws/omo_robot/install/omo_r1_cartographer/share/ament_index/resource_index/packages/omo_r1_cartographer
-- Up-to-date: /home/mac/dev_ws/omo_robot/install/omo_r1_cartographer/share/omo_r1_cartographer/cmake/omo_r1_cartographerConfig.cmake
-- Up-to-date: /home/mac/dev_ws/omo_robot/install/omo_r1_cartographer/share/omo_r1_cartographer/cmake/omo_r1_cartographerConfig-version.cmake
-- Up-to-date: /home/mac/dev_ws/omo_robot/install/omo_r1_cartographer/share/omo_r1_cartographer/package.xml
