[0.031s] Invoking command in '/home/mac/dev_ws/omo_robot/build/omo_r1_navigation2': CMAKE_PREFIX_PATH=${CMAKE_PREFIX_PATH}:/opt/ros/jazzy DEBUGINFOD_URLS=https://debuginfod.ubuntu.com PS1=(ros_venv) \[\e[1;34m\](ID: ${ROS_DOMAIN_ID:-0})\[\e[1;32m\]\u\[\e[0m\]:\[\e[1;34m\]\w\[\e[0m\]$ VIRTUAL_ENV_PROMPT=(ros_venv) /usr/bin/cmake --build /home/mac/dev_ws/omo_robot/build/omo_r1_navigation2 -- -j16 -l16
[0.096s] Invoked command in '/home/mac/dev_ws/omo_robot/build/omo_r1_navigation2' returned '0': CMAKE_PREFIX_PATH=${CMAKE_PREFIX_PATH}:/opt/ros/jazzy DEBUGINFOD_URLS=https://debuginfod.ubuntu.com PS1=(ros_venv) \[\e[1;34m\](ID: ${ROS_DOMAIN_ID:-0})\[\e[1;32m\]\u\[\e[0m\]:\[\e[1;34m\]\w\[\e[0m\]$ VIRTUAL_ENV_PROMPT=(ros_venv) /usr/bin/cmake --build /home/mac/dev_ws/omo_robot/build/omo_r1_navigation2 -- -j16 -l16
[0.116s] Invoking command in '/home/mac/dev_ws/omo_robot/build/omo_r1_navigation2': CMAKE_PREFIX_PATH=${CMAKE_PREFIX_PATH}:/opt/ros/jazzy DEBUGINFOD_URLS=https://debuginfod.ubuntu.com PS1=(ros_venv) \[\e[1;34m\](ID: ${ROS_DOMAIN_ID:-0})\[\e[1;32m\]\u\[\e[0m\]:\[\e[1;34m\]\w\[\e[0m\]$ VIRTUAL_ENV_PROMPT=(ros_venv) /usr/bin/cmake --install /home/mac/dev_ws/omo_robot/build/omo_r1_navigation2
[0.133s] -- Install configuration: ""
[0.133s] -- Installing: /home/mac/dev_ws/omo_robot/install/omo_r1_navigation2/share/omo_r1_navigation2/launch
[0.133s] -- Installing: /home/mac/dev_ws/omo_robot/install/omo_r1_navigation2/share/omo_r1_navigation2/launch/navigation2_rviz.launch.py
[0.134s] -- Installing: /home/mac/dev_ws/omo_robot/install/omo_r1_navigation2/share/omo_r1_navigation2/launch/navigation2.launch.py
[0.134s] -- Installing: /home/mac/dev_ws/omo_robot/install/omo_r1_navigation2/share/omo_r1_navigation2/map
[0.134s] -- Installing: /home/mac/dev_ws/omo_robot/install/omo_r1_navigation2/share/omo_r1_navigation2/map/turtlebot3_world.pgm
[0.135s] -- Installing: /home/mac/dev_ws/omo_robot/install/omo_r1_navigation2/share/omo_r1_navigation2/map/turtlebot3_world.yaml
[0.135s] -- Installing: /home/mac/dev_ws/omo_robot/install/omo_r1_navigation2/share/omo_r1_navigation2/param
[0.135s] -- Installing: /home/mac/dev_ws/omo_robot/install/omo_r1_navigation2/share/omo_r1_navigation2/param/omo_r1mini.yaml
[0.135s] -- Installing: /home/mac/dev_ws/omo_robot/install/omo_r1_navigation2/share/omo_r1_navigation2/rviz
[0.136s] -- Installing: /home/mac/dev_ws/omo_robot/install/omo_r1_navigation2/share/omo_r1_navigation2/rviz/tb3_navigation2.rviz
[0.137s] -- Installing: /home/mac/dev_ws/omo_robot/install/omo_r1_navigation2/share/ament_index/resource_index/package_run_dependencies/omo_r1_navigation2
[0.138s] -- Installing: /home/mac/dev_ws/omo_robot/install/omo_r1_navigation2/share/ament_index/resource_index/parent_prefix_path/omo_r1_navigation2
[0.138s] -- Installing: /home/mac/dev_ws/omo_robot/install/omo_r1_navigation2/share/omo_r1_navigation2/environment/ament_prefix_path.sh
[0.138s] -- Installing: /home/mac/dev_ws/omo_robot/install/omo_r1_navigation2/share/omo_r1_navigation2/environment/ament_prefix_path.dsv
[0.138s] -- Installing: /home/mac/dev_ws/omo_robot/install/omo_r1_navigation2/share/omo_r1_navigation2/environment/path.sh
[0.138s] -- Installing: /home/mac/dev_ws/omo_robot/install/omo_r1_navigation2/share/omo_r1_navigation2/environment/path.dsv
[0.139s] -- Installing: /home/mac/dev_ws/omo_robot/install/omo_r1_navigation2/share/omo_r1_navigation2/local_setup.bash
[0.139s] -- Installing: /home/mac/dev_ws/omo_robot/install/omo_r1_navigation2/share/omo_r1_navigation2/local_setup.sh
[0.139s] -- Installing: /home/mac/dev_ws/omo_robot/install/omo_r1_navigation2/share/omo_r1_navigation2/local_setup.zsh
[0.139s] -- Installing: /home/mac/dev_ws/omo_robot/install/omo_r1_navigation2/share/omo_r1_navigation2/local_setup.dsv
[0.139s] -- Installing: /home/mac/dev_ws/omo_robot/install/omo_r1_navigation2/share/omo_r1_navigation2/package.dsv
[0.139s] -- Installing: /home/mac/dev_ws/omo_robot/install/omo_r1_navigation2/share/ament_index/resource_index/packages/omo_r1_navigation2
[0.139s] -- Installing: /home/mac/dev_ws/omo_robot/install/omo_r1_navigation2/share/omo_r1_navigation2/cmake/omo_r1_navigation2Config.cmake
[0.139s] -- Installing: /home/mac/dev_ws/omo_robot/install/omo_r1_navigation2/share/omo_r1_navigation2/cmake/omo_r1_navigation2Config-version.cmake
[0.139s] -- Installing: /home/mac/dev_ws/omo_robot/install/omo_r1_navigation2/share/omo_r1_navigation2/package.xml
[0.164s] Invoked command in '/home/mac/dev_ws/omo_robot/build/omo_r1_navigation2' returned '0': CMAKE_PREFIX_PATH=${CMAKE_PREFIX_PATH}:/opt/ros/jazzy DEBUGINFOD_URLS=https://debuginfod.ubuntu.com PS1=(ros_venv) \[\e[1;34m\](ID: ${ROS_DOMAIN_ID:-0})\[\e[1;32m\]\u\[\e[0m\]:\[\e[1;34m\]\w\[\e[0m\]$ VIRTUAL_ENV_PROMPT=(ros_venv) /usr/bin/cmake --install /home/mac/dev_ws/omo_robot/build/omo_r1_navigation2
