[0.035s] Invoking command in '/home/mac/dev_ws/omo_robot/build/omo_r1_gazebo': CMAKE_PREFIX_PATH=${CMAKE_PREFIX_PATH}:/opt/ros/jazzy DEBUGINFOD_URLS=https://debuginfod.ubuntu.com PS1=(ros_venv) \[\e[1;34m\](ID: ${ROS_DOMAIN_ID:-0})\[\e[1;32m\]\u\[\e[0m\]:\[\e[1;34m\]\w\[\e[0m\]$ VIRTUAL_ENV_PROMPT=(ros_venv) /usr/bin/cmake /home/mac/dev_ws/omo_robot/src/omo_r1-ros2/omo_r1_gazebo -DCMAKE_INSTALL_PREFIX=/home/mac/dev_ws/omo_robot/install/omo_r1_gazebo
[0.129s] -- The C compiler identification is GNU 13.3.0
[0.225s] -- The CXX compiler identification is GNU 13.3.0
[0.252s] -- Detecting C compiler ABI info
[0.424s] -- Detecting C compiler ABI info - done
[0.437s] -- Check for working C compiler: /usr/bin/cc - skipped
[0.437s] -- Detecting C compile features
[0.439s] -- Detecting C compile features - done
[0.454s] -- Detecting CXX compiler ABI info
[0.643s] -- Detecting CXX compiler ABI info - done
[0.660s] -- Check for working CXX compiler: /usr/bin/c++ - skipped
[0.661s] -- Detecting CXX compile features
[0.662s] -- Detecting CXX compile features - done
[0.670s] -- Found ament_cmake: 2.5.4 (/opt/ros/jazzy/share/ament_cmake/cmake)
[0.879s] -- Found Python3: /home/mac/venv/ros_venv/bin/python3 (found version "3.12.3") found components: Interpreter 
[1.121s] [31mCMake Error at CMakeLists.txt:23 (find_package):
[1.121s]   By not providing "Findgazebo_ros_pkgs.cmake" in CMAKE_MODULE_PATH this
[1.122s]   project has asked CMake to find a package configuration file provided by
[1.122s]   "gazebo_ros_pkgs", but CMake did not find one.
[1.122s] 
[1.122s]   Could not find a package configuration file provided by "gazebo_ros_pkgs"
[1.122s]   with any of the following names:
[1.122s] 
[1.122s]     gazebo_ros_pkgsConfig.cmake
[1.122s]     gazebo_ros_pkgs-config.cmake
[1.122s] 
[1.122s]   Add the installation prefix of "gazebo_ros_pkgs" to CMAKE_PREFIX_PATH or
[1.122s]   set "gazebo_ros_pkgs_DIR" to a directory containing one of the above files.
[1.122s]   If "gazebo_ros_pkgs" provides a separate development package or SDK, be
[1.122s]   sure it has been installed.
[1.122s] 
[1.122s] [0m
[1.123s] -- Configuring incomplete, errors occurred!
[1.130s] Invoked command in '/home/mac/dev_ws/omo_robot/build/omo_r1_gazebo' returned '1': CMAKE_PREFIX_PATH=${CMAKE_PREFIX_PATH}:/opt/ros/jazzy DEBUGINFOD_URLS=https://debuginfod.ubuntu.com PS1=(ros_venv) \[\e[1;34m\](ID: ${ROS_DOMAIN_ID:-0})\[\e[1;32m\]\u\[\e[0m\]:\[\e[1;34m\]\w\[\e[0m\]$ VIRTUAL_ENV_PROMPT=(ros_venv) /usr/bin/cmake /home/mac/dev_ws/omo_robot/src/omo_r1-ros2/omo_r1_gazebo -DCMAKE_INSTALL_PREFIX=/home/mac/dev_ws/omo_robot/install/omo_r1_gazebo
