[0.014s] Invoking command in '/home/mac/dev_ws/omo_robot/build/ydlidar_ros2_driver': CMAKE_PREFIX_PATH=${CMAKE_PREFIX_PATH}:/home/mac/dev_ws/omo_robot/install/omo_r1_teleop:/home/mac/dev_ws/omo_robot/install/omo_r1_bringup:/opt/ros/jazzy DEBUGINFOD_URLS=https://debuginfod.ubuntu.com PS1=(ros_venv) \[\e[1;34m\](ID: ${ROS_DOMAIN_ID:-0})\[\e[1;32m\]\u\[\e[0m\]:\[\e[1;34m\]\w\[\e[0m\]$ VIRTUAL_ENV_PROMPT=(ros_venv) /usr/bin/cmake --build /home/mac/dev_ws/omo_robot/build/ydlidar_ros2_driver -- -j16 -l16
[0.065s] [ 50%] Built target ydlidar_ros2_driver_client
[0.069s] [ 75%] [32mBuilding CXX object CMakeFiles/ydlidar_ros2_driver_node.dir/src/ydlidar_ros2_driver_node.cpp.o[0m
[3.895s] [100%] [32m[1mLinking CXX executable ydlidar_ros2_driver_node[0m
[4.068s] [100%] Built target ydlidar_ros2_driver_node
[4.078s] Invoked command in '/home/mac/dev_ws/omo_robot/build/ydlidar_ros2_driver' returned '0': CMAKE_PREFIX_PATH=${CMAKE_PREFIX_PATH}:/home/mac/dev_ws/omo_robot/install/omo_r1_teleop:/home/mac/dev_ws/omo_robot/install/omo_r1_bringup:/opt/ros/jazzy DEBUGINFOD_URLS=https://debuginfod.ubuntu.com PS1=(ros_venv) \[\e[1;34m\](ID: ${ROS_DOMAIN_ID:-0})\[\e[1;32m\]\u\[\e[0m\]:\[\e[1;34m\]\w\[\e[0m\]$ VIRTUAL_ENV_PROMPT=(ros_venv) /usr/bin/cmake --build /home/mac/dev_ws/omo_robot/build/ydlidar_ros2_driver -- -j16 -l16
[4.079s] Invoking command in '/home/mac/dev_ws/omo_robot/build/ydlidar_ros2_driver': CMAKE_PREFIX_PATH=${CMAKE_PREFIX_PATH}:/home/mac/dev_ws/omo_robot/install/omo_r1_teleop:/home/mac/dev_ws/omo_robot/install/omo_r1_bringup:/opt/ros/jazzy DEBUGINFOD_URLS=https://debuginfod.ubuntu.com PS1=(ros_venv) \[\e[1;34m\](ID: ${ROS_DOMAIN_ID:-0})\[\e[1;32m\]\u\[\e[0m\]:\[\e[1;34m\]\w\[\e[0m\]$ VIRTUAL_ENV_PROMPT=(ros_venv) /usr/bin/cmake --install /home/mac/dev_ws/omo_robot/build/ydlidar_ros2_driver
[4.086s] -- Install configuration: ""
[4.086s] -- Installing: /home/mac/dev_ws/omo_robot/install/ydlidar_ros2_driver/lib/ydlidar_ros2_driver/ydlidar_ros2_driver_node
[4.088s] -- Set non-toolchain portion of runtime path of "/home/mac/dev_ws/omo_robot/install/ydlidar_ros2_driver/lib/ydlidar_ros2_driver/ydlidar_ros2_driver_node" to ""
[4.088s] -- Up-to-date: /home/mac/dev_ws/omo_robot/install/ydlidar_ros2_driver/lib/ydlidar_ros2_driver/ydlidar_ros2_driver_client
[4.088s] -- Up-to-date: /home/mac/dev_ws/omo_robot/install/ydlidar_ros2_driver/share/ydlidar_ros2_driver/launch
[4.088s] -- Up-to-date: /home/mac/dev_ws/omo_robot/install/ydlidar_ros2_driver/share/ydlidar_ros2_driver/launch/ydlidar_launch.py
[4.088s] -- Up-to-date: /home/mac/dev_ws/omo_robot/install/ydlidar_ros2_driver/share/ydlidar_ros2_driver/launch/ydlidar.py
[4.088s] -- Up-to-date: /home/mac/dev_ws/omo_robot/install/ydlidar_ros2_driver/share/ydlidar_ros2_driver/launch/ydlidar_launch_view.py
[4.088s] -- Up-to-date: /home/mac/dev_ws/omo_robot/install/ydlidar_ros2_driver/share/ydlidar_ros2_driver/params
[4.088s] -- Up-to-date: /home/mac/dev_ws/omo_robot/install/ydlidar_ros2_driver/share/ydlidar_ros2_driver/params/ydlidar.yaml
[4.088s] -- Up-to-date: /home/mac/dev_ws/omo_robot/install/ydlidar_ros2_driver/share/ydlidar_ros2_driver/startup
[4.089s] -- Up-to-date: /home/mac/dev_ws/omo_robot/install/ydlidar_ros2_driver/share/ydlidar_ros2_driver/startup/initenv.sh
[4.089s] -- Up-to-date: /home/mac/dev_ws/omo_robot/install/ydlidar_ros2_driver/share/ydlidar_ros2_driver/config
[4.089s] -- Up-to-date: /home/mac/dev_ws/omo_robot/install/ydlidar_ros2_driver/share/ydlidar_ros2_driver/config/ydlidar.rviz
[4.089s] -- Up-to-date: /home/mac/dev_ws/omo_robot/install/ydlidar_ros2_driver/share/ament_index/resource_index/package_run_dependencies/ydlidar_ros2_driver
[4.089s] -- Up-to-date: /home/mac/dev_ws/omo_robot/install/ydlidar_ros2_driver/share/ament_index/resource_index/parent_prefix_path/ydlidar_ros2_driver
[4.089s] -- Up-to-date: /home/mac/dev_ws/omo_robot/install/ydlidar_ros2_driver/share/ydlidar_ros2_driver/environment/ament_prefix_path.sh
[4.089s] -- Up-to-date: /home/mac/dev_ws/omo_robot/install/ydlidar_ros2_driver/share/ydlidar_ros2_driver/environment/ament_prefix_path.dsv
[4.089s] -- Up-to-date: /home/mac/dev_ws/omo_robot/install/ydlidar_ros2_driver/share/ydlidar_ros2_driver/environment/path.sh
[4.089s] -- Up-to-date: /home/mac/dev_ws/omo_robot/install/ydlidar_ros2_driver/share/ydlidar_ros2_driver/environment/path.dsv
[4.089s] -- Up-to-date: /home/mac/dev_ws/omo_robot/install/ydlidar_ros2_driver/share/ydlidar_ros2_driver/local_setup.bash
[4.089s] -- Up-to-date: /home/mac/dev_ws/omo_robot/install/ydlidar_ros2_driver/share/ydlidar_ros2_driver/local_setup.sh
[4.089s] -- Up-to-date: /home/mac/dev_ws/omo_robot/install/ydlidar_ros2_driver/share/ydlidar_ros2_driver/local_setup.zsh
[4.089s] -- Up-to-date: /home/mac/dev_ws/omo_robot/install/ydlidar_ros2_driver/share/ydlidar_ros2_driver/local_setup.dsv
[4.089s] -- Installing: /home/mac/dev_ws/omo_robot/install/ydlidar_ros2_driver/share/ydlidar_ros2_driver/package.dsv
[4.089s] -- Up-to-date: /home/mac/dev_ws/omo_robot/install/ydlidar_ros2_driver/share/ament_index/resource_index/packages/ydlidar_ros2_driver
[4.089s] -- Up-to-date: /home/mac/dev_ws/omo_robot/install/ydlidar_ros2_driver/share/ydlidar_ros2_driver/cmake/ydlidar_ros2_driverConfig.cmake
[4.090s] -- Up-to-date: /home/mac/dev_ws/omo_robot/install/ydlidar_ros2_driver/share/ydlidar_ros2_driver/cmake/ydlidar_ros2_driverConfig-version.cmake
[4.090s] -- Up-to-date: /home/mac/dev_ws/omo_robot/install/ydlidar_ros2_driver/share/ydlidar_ros2_driver/package.xml
[4.090s] Invoked command in '/home/mac/dev_ws/omo_robot/build/ydlidar_ros2_driver' returned '0': CMAKE_PREFIX_PATH=${CMAKE_PREFIX_PATH}:/home/mac/dev_ws/omo_robot/install/omo_r1_teleop:/home/mac/dev_ws/omo_robot/install/omo_r1_bringup:/opt/ros/jazzy DEBUGINFOD_URLS=https://debuginfod.ubuntu.com PS1=(ros_venv) \[\e[1;34m\](ID: ${ROS_DOMAIN_ID:-0})\[\e[1;32m\]\u\[\e[0m\]:\[\e[1;34m\]\w\[\e[0m\]$ VIRTUAL_ENV_PROMPT=(ros_venv) /usr/bin/cmake --install /home/mac/dev_ws/omo_robot/build/ydlidar_ros2_driver
