/usr/lib/python3/dist-packages/setuptools/dist.py:744: SetuptoolsDeprecationWarning: Invalid dash-separated options
!!

        ********************************************************************************
        Usage of dash-separated 'script-dir' will not be supported in future
        versions. Please use the underscore name 'script_dir' instead.

        This deprecation is overdue, please update your project and remove deprecated
        calls to avoid build errors in the future.

        See https://setuptools.pypa.io/en/latest/userguide/declarative_config.html for details.
        ********************************************************************************

!!
  opt = self.warn_dash_deprecation(opt, section)
running egg_info
creating ../../../build/omo_r1_teleop/omo_r1_teleop.egg-info
writing ../../../build/omo_r1_teleop/omo_r1_teleop.egg-info/PKG-INFO
writing dependency_links to ../../../build/omo_r1_teleop/omo_r1_teleop.egg-info/dependency_links.txt
writing entry points to ../../../build/omo_r1_teleop/omo_r1_teleop.egg-info/entry_points.txt
writing requirements to ../../../build/omo_r1_teleop/omo_r1_teleop.egg-info/requires.txt
writing top-level names to ../../../build/omo_r1_teleop/omo_r1_teleop.egg-info/top_level.txt
writing manifest file '../../../build/omo_r1_teleop/omo_r1_teleop.egg-info/SOURCES.txt'
reading manifest file '../../../build/omo_r1_teleop/omo_r1_teleop.egg-info/SOURCES.txt'
writing manifest file '../../../build/omo_r1_teleop/omo_r1_teleop.egg-info/SOURCES.txt'
running build
running build_py
creating /home/mac/dev_ws/omo_robot/build/omo_r1_teleop/build
creating /home/mac/dev_ws/omo_robot/build/omo_r1_teleop/build/lib
creating /home/mac/dev_ws/omo_robot/build/omo_r1_teleop/build/lib/omo_r1_teleop
copying omo_r1_teleop/__init__.py -> /home/mac/dev_ws/omo_robot/build/omo_r1_teleop/build/lib/omo_r1_teleop
creating /home/mac/dev_ws/omo_robot/build/omo_r1_teleop/build/lib/omo_r1_teleop/script
copying omo_r1_teleop/script/__init__.py -> /home/mac/dev_ws/omo_robot/build/omo_r1_teleop/build/lib/omo_r1_teleop/script
copying omo_r1_teleop/script/teleop_keyboard.py -> /home/mac/dev_ws/omo_robot/build/omo_r1_teleop/build/lib/omo_r1_teleop/script
copying omo_r1_teleop/script/teleop_joy.py -> /home/mac/dev_ws/omo_robot/build/omo_r1_teleop/build/lib/omo_r1_teleop/script
running install
running install_lib
creating /home/mac/dev_ws/omo_robot/install/omo_r1_teleop/lib/python3.12/site-packages/omo_r1_teleop
creating /home/mac/dev_ws/omo_robot/install/omo_r1_teleop/lib/python3.12/site-packages/omo_r1_teleop/script
copying /home/mac/dev_ws/omo_robot/build/omo_r1_teleop/build/lib/omo_r1_teleop/script/__init__.py -> /home/mac/dev_ws/omo_robot/install/omo_r1_teleop/lib/python3.12/site-packages/omo_r1_teleop/script
copying /home/mac/dev_ws/omo_robot/build/omo_r1_teleop/build/lib/omo_r1_teleop/script/teleop_keyboard.py -> /home/mac/dev_ws/omo_robot/install/omo_r1_teleop/lib/python3.12/site-packages/omo_r1_teleop/script
copying /home/mac/dev_ws/omo_robot/build/omo_r1_teleop/build/lib/omo_r1_teleop/script/teleop_joy.py -> /home/mac/dev_ws/omo_robot/install/omo_r1_teleop/lib/python3.12/site-packages/omo_r1_teleop/script
copying /home/mac/dev_ws/omo_robot/build/omo_r1_teleop/build/lib/omo_r1_teleop/__init__.py -> /home/mac/dev_ws/omo_robot/install/omo_r1_teleop/lib/python3.12/site-packages/omo_r1_teleop
byte-compiling /home/mac/dev_ws/omo_robot/install/omo_r1_teleop/lib/python3.12/site-packages/omo_r1_teleop/script/__init__.py to __init__.cpython-312.pyc
byte-compiling /home/mac/dev_ws/omo_robot/install/omo_r1_teleop/lib/python3.12/site-packages/omo_r1_teleop/script/teleop_keyboard.py to teleop_keyboard.cpython-312.pyc
byte-compiling /home/mac/dev_ws/omo_robot/install/omo_r1_teleop/lib/python3.12/site-packages/omo_r1_teleop/script/teleop_joy.py to teleop_joy.cpython-312.pyc
byte-compiling /home/mac/dev_ws/omo_robot/install/omo_r1_teleop/lib/python3.12/site-packages/omo_r1_teleop/__init__.py to __init__.cpython-312.pyc
running install_data
creating /home/mac/dev_ws/omo_robot/install/omo_r1_teleop/share/ament_index
creating /home/mac/dev_ws/omo_robot/install/omo_r1_teleop/share/ament_index/resource_index
creating /home/mac/dev_ws/omo_robot/install/omo_r1_teleop/share/ament_index/resource_index/packages
copying resource/omo_r1_teleop -> /home/mac/dev_ws/omo_robot/install/omo_r1_teleop/share/ament_index/resource_index/packages
copying package.xml -> /home/mac/dev_ws/omo_robot/install/omo_r1_teleop/share/omo_r1_teleop
creating /home/mac/dev_ws/omo_robot/install/omo_r1_teleop/share/omo_r1_teleop/launch
copying launch/teleop_joy.launch.py -> /home/mac/dev_ws/omo_robot/install/omo_r1_teleop/share/omo_r1_teleop/launch
creating /home/mac/dev_ws/omo_robot/install/omo_r1_teleop/share/omo_r1_teleop/param
copying param/teleop_joy.param.yaml -> /home/mac/dev_ws/omo_robot/install/omo_r1_teleop/share/omo_r1_teleop/param
running install_egg_info
Copying ../../../build/omo_r1_teleop/omo_r1_teleop.egg-info to /home/mac/dev_ws/omo_robot/install/omo_r1_teleop/lib/python3.12/site-packages/omo_r1_teleop-2.1.2-py3.12.egg-info
running install_scripts
Installing teleop_joy script to /home/mac/dev_ws/omo_robot/install/omo_r1_teleop/lib/omo_r1_teleop
Installing teleop_keyboard script to /home/mac/dev_ws/omo_robot/install/omo_r1_teleop/lib/omo_r1_teleop
writing list of installed files to '/home/mac/dev_ws/omo_robot/build/omo_r1_teleop/install.log'
