[0.063s] Invoking command in '/home/mac/dev_ws/omo_robot/build/omo_r1_description': CMAKE_PREFIX_PATH=${CMAKE_PREFIX_PATH}:/home/mac/dev_ws/omo_robot/install/omo_r1_teleop:/home/mac/dev_ws/omo_robot/install/omo_r1_bringup:/opt/ros/jazzy DEBUGINFOD_URLS=https://debuginfod.ubuntu.com PS1=(ros_venv) \[\e[1;34m\](ID: ${ROS_DOMAIN_ID:-0})\[\e[1;32m\]\u\[\e[0m\]:\[\e[1;34m\]\w\[\e[0m\]$ VIRTUAL_ENV_PROMPT=(ros_venv) /usr/bin/cmake --build /home/mac/dev_ws/omo_robot/build/omo_r1_description -- -j16 -l16
[0.169s] Invoked command in '/home/mac/dev_ws/omo_robot/build/omo_r1_description' returned '0': CMAKE_PREFIX_PATH=${CMAKE_PREFIX_PATH}:/home/mac/dev_ws/omo_robot/install/omo_r1_teleop:/home/mac/dev_ws/omo_robot/install/omo_r1_bringup:/opt/ros/jazzy DEBUGINFOD_URLS=https://debuginfod.ubuntu.com PS1=(ros_venv) \[\e[1;34m\](ID: ${ROS_DOMAIN_ID:-0})\[\e[1;32m\]\u\[\e[0m\]:\[\e[1;34m\]\w\[\e[0m\]$ VIRTUAL_ENV_PROMPT=(ros_venv) /usr/bin/cmake --build /home/mac/dev_ws/omo_robot/build/omo_r1_description -- -j16 -l16
[0.171s] Invoking command in '/home/mac/dev_ws/omo_robot/build/omo_r1_description': CMAKE_PREFIX_PATH=${CMAKE_PREFIX_PATH}:/home/mac/dev_ws/omo_robot/install/omo_r1_teleop:/home/mac/dev_ws/omo_robot/install/omo_r1_bringup:/opt/ros/jazzy DEBUGINFOD_URLS=https://debuginfod.ubuntu.com PS1=(ros_venv) \[\e[1;34m\](ID: ${ROS_DOMAIN_ID:-0})\[\e[1;32m\]\u\[\e[0m\]:\[\e[1;34m\]\w\[\e[0m\]$ VIRTUAL_ENV_PROMPT=(ros_venv) /usr/bin/cmake --install /home/mac/dev_ws/omo_robot/build/omo_r1_description
[0.187s] -- Install configuration: ""
[0.189s] -- Up-to-date: /home/mac/dev_ws/omo_robot/install/omo_r1_description/share/omo_r1_description/meshes
[0.189s] -- Up-to-date: /home/mac/dev_ws/omo_robot/install/omo_r1_description/share/omo_r1_description/meshes/wheels
[0.189s] -- Up-to-date: /home/mac/dev_ws/omo_robot/install/omo_r1_description/share/omo_r1_description/meshes/wheels/caster_wheel.dae
[0.189s] -- Up-to-date: /home/mac/dev_ws/omo_robot/install/omo_r1_description/share/omo_r1_description/meshes/wheels/wheel_assy.dae
[0.189s] -- Up-to-date: /home/mac/dev_ws/omo_robot/install/omo_r1_description/share/omo_r1_description/meshes/wheels/omo_r1_wheel.stl
[0.190s] -- Up-to-date: /home/mac/dev_ws/omo_robot/install/omo_r1_description/share/omo_r1_description/meshes/wheels/caster_wheel_rotate.dae
[0.190s] -- Up-to-date: /home/mac/dev_ws/omo_robot/install/omo_r1_description/share/omo_r1_description/meshes/wheels/caster_wheel_mount.dae
[0.190s] -- Up-to-date: /home/mac/dev_ws/omo_robot/install/omo_r1_description/share/omo_r1_description/meshes/sensors
[0.190s] -- Up-to-date: /home/mac/dev_ws/omo_robot/install/omo_r1_description/share/omo_r1_description/meshes/sensors/omo_r1_camera.stl
[0.191s] -- Up-to-date: /home/mac/dev_ws/omo_robot/install/omo_r1_description/share/omo_r1_description/meshes/sensors/ydlidar_assy.dae
[0.191s] -- Up-to-date: /home/mac/dev_ws/omo_robot/install/omo_r1_description/share/omo_r1_description/meshes/sensors/omo_r1_lidar.stl
[0.191s] -- Up-to-date: /home/mac/dev_ws/omo_robot/install/omo_r1_description/share/omo_r1_description/meshes/bases
[0.192s] -- Up-to-date: /home/mac/dev_ws/omo_robot/install/omo_r1_description/share/omo_r1_description/meshes/bases/body_assy.dae
[0.192s] -- Up-to-date: /home/mac/dev_ws/omo_robot/install/omo_r1_description/share/omo_r1_description/meshes/bases/housing_body.dae
[0.192s] -- Up-to-date: /home/mac/dev_ws/omo_robot/install/omo_r1_description/share/omo_r1_description/meshes/bases/omo_r1_body.stl
[0.192s] -- Up-to-date: /home/mac/dev_ws/omo_robot/install/omo_r1_description/share/omo_r1_description/rviz
[0.192s] -- Up-to-date: /home/mac/dev_ws/omo_robot/install/omo_r1_description/share/omo_r1_description/rviz/model.rviz
[0.192s] -- Up-to-date: /home/mac/dev_ws/omo_robot/install/omo_r1_description/share/omo_r1_description/urdf
[0.193s] -- Up-to-date: /home/mac/dev_ws/omo_robot/install/omo_r1_description/share/omo_r1_description/urdf/omo_r1.urdf
[0.193s] -- Up-to-date: /home/mac/dev_ws/omo_robot/install/omo_r1_description/share/omo_r1_description/urdf/omo_r1.urdf.g2.xacro
[0.193s] -- Up-to-date: /home/mac/dev_ws/omo_robot/install/omo_r1_description/share/omo_r1_description/urdf/omo_r1.urdf.xacro
[0.193s] -- Up-to-date: /home/mac/dev_ws/omo_robot/install/omo_r1_description/share/omo_r1_description/launch
[0.193s] -- Up-to-date: /home/mac/dev_ws/omo_robot/install/omo_r1_description/share/omo_r1_description/launch/omo_r1_state_publisher.launch.py
[0.194s] -- Up-to-date: /home/mac/dev_ws/omo_robot/install/omo_r1_description/share/omo_r1_description/launch/omo_r1_description_launch.py
[0.194s] -- Up-to-date: /home/mac/dev_ws/omo_robot/install/omo_r1_description/share/omo_r1_description/launch/omo_r1_description_rviz.launch.py
[0.194s] -- Up-to-date: /home/mac/dev_ws/omo_robot/install/omo_r1_description/share/ament_index/resource_index/package_run_dependencies/omo_r1_description
[0.194s] -- Up-to-date: /home/mac/dev_ws/omo_robot/install/omo_r1_description/share/ament_index/resource_index/parent_prefix_path/omo_r1_description
[0.194s] -- Up-to-date: /home/mac/dev_ws/omo_robot/install/omo_r1_description/share/omo_r1_description/environment/ament_prefix_path.sh
[0.196s] -- Up-to-date: /home/mac/dev_ws/omo_robot/install/omo_r1_description/share/omo_r1_description/environment/ament_prefix_path.dsv
[0.196s] -- Up-to-date: /home/mac/dev_ws/omo_robot/install/omo_r1_description/share/omo_r1_description/environment/path.sh
[0.197s] -- Up-to-date: /home/mac/dev_ws/omo_robot/install/omo_r1_description/share/omo_r1_description/environment/path.dsv
[0.197s] -- Up-to-date: /home/mac/dev_ws/omo_robot/install/omo_r1_description/share/omo_r1_description/local_setup.bash
[0.197s] -- Up-to-date: /home/mac/dev_ws/omo_robot/install/omo_r1_description/share/omo_r1_description/local_setup.sh
[0.197s] -- Up-to-date: /home/mac/dev_ws/omo_robot/install/omo_r1_description/share/omo_r1_description/local_setup.zsh
[0.198s] -- Up-to-date: /home/mac/dev_ws/omo_robot/install/omo_r1_description/share/omo_r1_description/local_setup.dsv
[0.199s] -- Installing: /home/mac/dev_ws/omo_robot/install/omo_r1_description/share/omo_r1_description/package.dsv
[0.199s] -- Up-to-date: /home/mac/dev_ws/omo_robot/install/omo_r1_description/share/ament_index/resource_index/packages/omo_r1_description
[0.199s] -- Up-to-date: /home/mac/dev_ws/omo_robot/install/omo_r1_description/share/omo_r1_description/cmake/omo_r1_descriptionConfig.cmake
[0.199s] -- Up-to-date: /home/mac/dev_ws/omo_robot/install/omo_r1_description/share/omo_r1_description/cmake/omo_r1_descriptionConfig-version.cmake
[0.200s] -- Up-to-date: /home/mac/dev_ws/omo_robot/install/omo_r1_description/share/omo_r1_description/package.xml
[0.252s] Invoked command in '/home/mac/dev_ws/omo_robot/build/omo_r1_description' returned '0': CMAKE_PREFIX_PATH=${CMAKE_PREFIX_PATH}:/home/mac/dev_ws/omo_robot/install/omo_r1_teleop:/home/mac/dev_ws/omo_robot/install/omo_r1_bringup:/opt/ros/jazzy DEBUGINFOD_URLS=https://debuginfod.ubuntu.com PS1=(ros_venv) \[\e[1;34m\](ID: ${ROS_DOMAIN_ID:-0})\[\e[1;32m\]\u\[\e[0m\]:\[\e[1;34m\]\w\[\e[0m\]$ VIRTUAL_ENV_PROMPT=(ros_venv) /usr/bin/cmake --install /home/mac/dev_ws/omo_robot/build/omo_r1_description
