/usr/lib/python3/dist-packages/setuptools/dist.py:744: SetuptoolsDeprecationWarning: Invalid dash-separated options
!!

        ********************************************************************************
        Usage of dash-separated 'script-dir' will not be supported in future
        versions. Please use the underscore name 'script_dir' instead.

        This deprecation is overdue, please update your project and remove deprecated
        calls to avoid build errors in the future.

        See https://setuptools.pypa.io/en/latest/userguide/declarative_config.html for details.
        ********************************************************************************

!!
  opt = self.warn_dash_deprecation(opt, section)
running egg_info
creating ../../../build/omo_r1_bringup/omo_r1_bringup.egg-info
writing ../../../build/omo_r1_bringup/omo_r1_bringup.egg-info/PKG-INFO
writing dependency_links to ../../../build/omo_r1_bringup/omo_r1_bringup.egg-info/dependency_links.txt
writing entry points to ../../../build/omo_r1_bringup/omo_r1_bringup.egg-info/entry_points.txt
writing requirements to ../../../build/omo_r1_bringup/omo_r1_bringup.egg-info/requires.txt
writing top-level names to ../../../build/omo_r1_bringup/omo_r1_bringup.egg-info/top_level.txt
writing manifest file '../../../build/omo_r1_bringup/omo_r1_bringup.egg-info/SOURCES.txt'
reading manifest file '../../../build/omo_r1_bringup/omo_r1_bringup.egg-info/SOURCES.txt'
writing manifest file '../../../build/omo_r1_bringup/omo_r1_bringup.egg-info/SOURCES.txt'
running build
running build_py
creating /home/mac/dev_ws/omo_robot/build/omo_r1_bringup/build
creating /home/mac/dev_ws/omo_robot/build/omo_r1_bringup/build/lib
creating /home/mac/dev_ws/omo_robot/build/omo_r1_bringup/build/lib/omo_r1_bringup
copying omo_r1_bringup/__init__.py -> /home/mac/dev_ws/omo_robot/build/omo_r1_bringup/build/lib/omo_r1_bringup
creating /home/mac/dev_ws/omo_robot/build/omo_r1_bringup/build/lib/omo_r1_bringup/scripts
copying omo_r1_bringup/scripts/__init__.py -> /home/mac/dev_ws/omo_robot/build/omo_r1_bringup/build/lib/omo_r1_bringup/scripts
copying omo_r1_bringup/scripts/omo_r1_motor_setting_node.py -> /home/mac/dev_ws/omo_robot/build/omo_r1_bringup/build/lib/omo_r1_bringup/scripts
copying omo_r1_bringup/scripts/omo_r1_mcu_node.py -> /home/mac/dev_ws/omo_robot/build/omo_r1_bringup/build/lib/omo_r1_bringup/scripts
copying omo_r1_bringup/scripts/omo_packet_handler.py -> /home/mac/dev_ws/omo_robot/build/omo_r1_bringup/build/lib/omo_r1_bringup/scripts
creating /home/mac/dev_ws/omo_robot/build/omo_r1_bringup/build/lib/omo_r1_bringup/scripts/driver
copying omo_r1_bringup/scripts/driver/__init__.py -> /home/mac/dev_ws/omo_robot/build/omo_r1_bringup/build/lib/omo_r1_bringup/scripts/driver
copying omo_r1_bringup/scripts/driver/port.py -> /home/mac/dev_ws/omo_robot/build/omo_r1_bringup/build/lib/omo_r1_bringup/scripts/driver
copying omo_r1_bringup/scripts/driver/template.py -> /home/mac/dev_ws/omo_robot/build/omo_r1_bringup/build/lib/omo_r1_bringup/scripts/driver
copying omo_r1_bringup/scripts/driver/packet.py -> /home/mac/dev_ws/omo_robot/build/omo_r1_bringup/build/lib/omo_r1_bringup/scripts/driver
creating /home/mac/dev_ws/omo_robot/build/omo_r1_bringup/build/lib/omo_r1_bringup/scripts/calc
copying omo_r1_bringup/scripts/calc/__init__.py -> /home/mac/dev_ws/omo_robot/build/omo_r1_bringup/build/lib/omo_r1_bringup/scripts/calc
copying omo_r1_bringup/scripts/calc/quaternion_from_euler.py -> /home/mac/dev_ws/omo_robot/build/omo_r1_bringup/build/lib/omo_r1_bringup/scripts/calc
running install
running install_lib
creating /home/mac/dev_ws/omo_robot/install/omo_r1_bringup/lib/python3.12/site-packages/omo_r1_bringup
creating /home/mac/dev_ws/omo_robot/install/omo_r1_bringup/lib/python3.12/site-packages/omo_r1_bringup/scripts
copying /home/mac/dev_ws/omo_robot/build/omo_r1_bringup/build/lib/omo_r1_bringup/scripts/__init__.py -> /home/mac/dev_ws/omo_robot/install/omo_r1_bringup/lib/python3.12/site-packages/omo_r1_bringup/scripts
copying /home/mac/dev_ws/omo_robot/build/omo_r1_bringup/build/lib/omo_r1_bringup/scripts/omo_r1_motor_setting_node.py -> /home/mac/dev_ws/omo_robot/install/omo_r1_bringup/lib/python3.12/site-packages/omo_r1_bringup/scripts
copying /home/mac/dev_ws/omo_robot/build/omo_r1_bringup/build/lib/omo_r1_bringup/scripts/omo_r1_mcu_node.py -> /home/mac/dev_ws/omo_robot/install/omo_r1_bringup/lib/python3.12/site-packages/omo_r1_bringup/scripts
creating /home/mac/dev_ws/omo_robot/install/omo_r1_bringup/lib/python3.12/site-packages/omo_r1_bringup/scripts/driver
copying /home/mac/dev_ws/omo_robot/build/omo_r1_bringup/build/lib/omo_r1_bringup/scripts/driver/__init__.py -> /home/mac/dev_ws/omo_robot/install/omo_r1_bringup/lib/python3.12/site-packages/omo_r1_bringup/scripts/driver
copying /home/mac/dev_ws/omo_robot/build/omo_r1_bringup/build/lib/omo_r1_bringup/scripts/driver/port.py -> /home/mac/dev_ws/omo_robot/install/omo_r1_bringup/lib/python3.12/site-packages/omo_r1_bringup/scripts/driver
copying /home/mac/dev_ws/omo_robot/build/omo_r1_bringup/build/lib/omo_r1_bringup/scripts/driver/template.py -> /home/mac/dev_ws/omo_robot/install/omo_r1_bringup/lib/python3.12/site-packages/omo_r1_bringup/scripts/driver
copying /home/mac/dev_ws/omo_robot/build/omo_r1_bringup/build/lib/omo_r1_bringup/scripts/driver/packet.py -> /home/mac/dev_ws/omo_robot/install/omo_r1_bringup/lib/python3.12/site-packages/omo_r1_bringup/scripts/driver
creating /home/mac/dev_ws/omo_robot/install/omo_r1_bringup/lib/python3.12/site-packages/omo_r1_bringup/scripts/calc
copying /home/mac/dev_ws/omo_robot/build/omo_r1_bringup/build/lib/omo_r1_bringup/scripts/calc/__init__.py -> /home/mac/dev_ws/omo_robot/install/omo_r1_bringup/lib/python3.12/site-packages/omo_r1_bringup/scripts/calc
copying /home/mac/dev_ws/omo_robot/build/omo_r1_bringup/build/lib/omo_r1_bringup/scripts/calc/quaternion_from_euler.py -> /home/mac/dev_ws/omo_robot/install/omo_r1_bringup/lib/python3.12/site-packages/omo_r1_bringup/scripts/calc
copying /home/mac/dev_ws/omo_robot/build/omo_r1_bringup/build/lib/omo_r1_bringup/scripts/omo_packet_handler.py -> /home/mac/dev_ws/omo_robot/install/omo_r1_bringup/lib/python3.12/site-packages/omo_r1_bringup/scripts
copying /home/mac/dev_ws/omo_robot/build/omo_r1_bringup/build/lib/omo_r1_bringup/__init__.py -> /home/mac/dev_ws/omo_robot/install/omo_r1_bringup/lib/python3.12/site-packages/omo_r1_bringup
byte-compiling /home/mac/dev_ws/omo_robot/install/omo_r1_bringup/lib/python3.12/site-packages/omo_r1_bringup/scripts/__init__.py to __init__.cpython-312.pyc
byte-compiling /home/mac/dev_ws/omo_robot/install/omo_r1_bringup/lib/python3.12/site-packages/omo_r1_bringup/scripts/omo_r1_motor_setting_node.py to omo_r1_motor_setting_node.cpython-312.pyc
byte-compiling /home/mac/dev_ws/omo_robot/install/omo_r1_bringup/lib/python3.12/site-packages/omo_r1_bringup/scripts/omo_r1_mcu_node.py to omo_r1_mcu_node.cpython-312.pyc
byte-compiling /home/mac/dev_ws/omo_robot/install/omo_r1_bringup/lib/python3.12/site-packages/omo_r1_bringup/scripts/driver/__init__.py to __init__.cpython-312.pyc
byte-compiling /home/mac/dev_ws/omo_robot/install/omo_r1_bringup/lib/python3.12/site-packages/omo_r1_bringup/scripts/driver/port.py to port.cpython-312.pyc
byte-compiling /home/mac/dev_ws/omo_robot/install/omo_r1_bringup/lib/python3.12/site-packages/omo_r1_bringup/scripts/driver/template.py to template.cpython-312.pyc
byte-compiling /home/mac/dev_ws/omo_robot/install/omo_r1_bringup/lib/python3.12/site-packages/omo_r1_bringup/scripts/driver/packet.py to packet.cpython-312.pyc
byte-compiling /home/mac/dev_ws/omo_robot/install/omo_r1_bringup/lib/python3.12/site-packages/omo_r1_bringup/scripts/calc/__init__.py to __init__.cpython-312.pyc
byte-compiling /home/mac/dev_ws/omo_robot/install/omo_r1_bringup/lib/python3.12/site-packages/omo_r1_bringup/scripts/calc/quaternion_from_euler.py to quaternion_from_euler.cpython-312.pyc
byte-compiling /home/mac/dev_ws/omo_robot/install/omo_r1_bringup/lib/python3.12/site-packages/omo_r1_bringup/scripts/omo_packet_handler.py to omo_packet_handler.cpython-312.pyc
byte-compiling /home/mac/dev_ws/omo_robot/install/omo_r1_bringup/lib/python3.12/site-packages/omo_r1_bringup/__init__.py to __init__.cpython-312.pyc
running install_data
creating /home/mac/dev_ws/omo_robot/install/omo_r1_bringup/share/ament_index
creating /home/mac/dev_ws/omo_robot/install/omo_r1_bringup/share/ament_index/resource_index
creating /home/mac/dev_ws/omo_robot/install/omo_r1_bringup/share/ament_index/resource_index/packages
copying resource/omo_r1_bringup -> /home/mac/dev_ws/omo_robot/install/omo_r1_bringup/share/ament_index/resource_index/packages
copying package.xml -> /home/mac/dev_ws/omo_robot/install/omo_r1_bringup/share/omo_r1_bringup
creating /home/mac/dev_ws/omo_robot/install/omo_r1_bringup/share/omo_r1_bringup/launch
copying launch/omo_r1_motor_setting.launch.py -> /home/mac/dev_ws/omo_robot/install/omo_r1_bringup/share/omo_r1_bringup/launch
copying launch/omo_r1_bringup.launch.py -> /home/mac/dev_ws/omo_robot/install/omo_r1_bringup/share/omo_r1_bringup/launch
copying launch/omo_r1_lidar.launch.py -> /home/mac/dev_ws/omo_robot/install/omo_r1_bringup/share/omo_r1_bringup/launch
copying launch/omo_r1_mcu.launch.py -> /home/mac/dev_ws/omo_robot/install/omo_r1_bringup/share/omo_r1_bringup/launch
creating /home/mac/dev_ws/omo_robot/install/omo_r1_bringup/share/omo_r1_bringup/param
copying param/omo_r1_mcu.yaml -> /home/mac/dev_ws/omo_robot/install/omo_r1_bringup/share/omo_r1_bringup/param
copying param/omo_r1_lidar.yaml -> /home/mac/dev_ws/omo_robot/install/omo_r1_bringup/share/omo_r1_bringup/param
running install_egg_info
Copying ../../../build/omo_r1_bringup/omo_r1_bringup.egg-info to /home/mac/dev_ws/omo_robot/install/omo_r1_bringup/lib/python3.12/site-packages/omo_r1_bringup-0.0.1-py3.12.egg-info
running install_scripts
Installing omo_r1_mcu_node script to /home/mac/dev_ws/omo_robot/install/omo_r1_bringup/lib/omo_r1_bringup
Installing omo_r1_motor_setting_node script to /home/mac/dev_ws/omo_robot/install/omo_r1_bringup/lib/omo_r1_bringup
writing list of installed files to '/home/mac/dev_ws/omo_robot/build/omo_r1_bringup/install.log'
