-- Install configuration: ""
-- Installing: /home/mac/dev_ws/omo_robot/install/omo_r1_description/share/omo_r1_description/meshes
-- Installing: /home/mac/dev_ws/omo_robot/install/omo_r1_description/share/omo_r1_description/meshes/wheels
-- Installing: /home/mac/dev_ws/omo_robot/install/omo_r1_description/share/omo_r1_description/meshes/wheels/caster_wheel.dae
-- Installing: /home/mac/dev_ws/omo_robot/install/omo_r1_description/share/omo_r1_description/meshes/wheels/wheel_assy.dae
-- Installing: /home/mac/dev_ws/omo_robot/install/omo_r1_description/share/omo_r1_description/meshes/wheels/omo_r1_wheel.stl
-- Installing: /home/mac/dev_ws/omo_robot/install/omo_r1_description/share/omo_r1_description/meshes/wheels/caster_wheel_rotate.dae
-- Installing: /home/mac/dev_ws/omo_robot/install/omo_r1_description/share/omo_r1_description/meshes/wheels/caster_wheel_mount.dae
-- Installing: /home/mac/dev_ws/omo_robot/install/omo_r1_description/share/omo_r1_description/meshes/sensors
-- Installing: /home/mac/dev_ws/omo_robot/install/omo_r1_description/share/omo_r1_description/meshes/sensors/omo_r1_camera.stl
-- Installing: /home/mac/dev_ws/omo_robot/install/omo_r1_description/share/omo_r1_description/meshes/sensors/ydlidar_assy.dae
-- Installing: /home/mac/dev_ws/omo_robot/install/omo_r1_description/share/omo_r1_description/meshes/sensors/omo_r1_lidar.stl
-- Installing: /home/mac/dev_ws/omo_robot/install/omo_r1_description/share/omo_r1_description/meshes/bases
-- Installing: /home/mac/dev_ws/omo_robot/install/omo_r1_description/share/omo_r1_description/meshes/bases/body_assy.dae
-- Installing: /home/mac/dev_ws/omo_robot/install/omo_r1_description/share/omo_r1_description/meshes/bases/housing_body.dae
-- Installing: /home/mac/dev_ws/omo_robot/install/omo_r1_description/share/omo_r1_description/meshes/bases/omo_r1_body.stl
-- Installing: /home/mac/dev_ws/omo_robot/install/omo_r1_description/share/omo_r1_description/rviz
-- Installing: /home/mac/dev_ws/omo_robot/install/omo_r1_description/share/omo_r1_description/rviz/model.rviz
-- Installing: /home/mac/dev_ws/omo_robot/install/omo_r1_description/share/omo_r1_description/urdf
-- Installing: /home/mac/dev_ws/omo_robot/install/omo_r1_description/share/omo_r1_description/urdf/omo_r1.urdf
-- Installing: /home/mac/dev_ws/omo_robot/install/omo_r1_description/share/omo_r1_description/urdf/omo_r1.urdf.g2.xacro
-- Installing: /home/mac/dev_ws/omo_robot/install/omo_r1_description/share/omo_r1_description/urdf/omo_r1.urdf.xacro
-- Installing: /home/mac/dev_ws/omo_robot/install/omo_r1_description/share/omo_r1_description/launch
-- Installing: /home/mac/dev_ws/omo_robot/install/omo_r1_description/share/omo_r1_description/launch/omo_r1_state_publisher.launch.py
-- Installing: /home/mac/dev_ws/omo_robot/install/omo_r1_description/share/omo_r1_description/launch/omo_r1_description_launch.py
-- Installing: /home/mac/dev_ws/omo_robot/install/omo_r1_description/share/omo_r1_description/launch/omo_r1_description_rviz.launch.py
-- Installing: /home/mac/dev_ws/omo_robot/install/omo_r1_description/share/ament_index/resource_index/package_run_dependencies/omo_r1_description
-- Installing: /home/mac/dev_ws/omo_robot/install/omo_r1_description/share/ament_index/resource_index/parent_prefix_path/omo_r1_description
-- Installing: /home/mac/dev_ws/omo_robot/install/omo_r1_description/share/omo_r1_description/environment/ament_prefix_path.sh
-- Installing: /home/mac/dev_ws/omo_robot/install/omo_r1_description/share/omo_r1_description/environment/ament_prefix_path.dsv
-- Installing: /home/mac/dev_ws/omo_robot/install/omo_r1_description/share/omo_r1_description/environment/path.sh
-- Installing: /home/mac/dev_ws/omo_robot/install/omo_r1_description/share/omo_r1_description/environment/path.dsv
-- Installing: /home/mac/dev_ws/omo_robot/install/omo_r1_description/share/omo_r1_description/local_setup.bash
-- Installing: /home/mac/dev_ws/omo_robot/install/omo_r1_description/share/omo_r1_description/local_setup.sh
-- Installing: /home/mac/dev_ws/omo_robot/install/omo_r1_description/share/omo_r1_description/local_setup.zsh
-- Installing: /home/mac/dev_ws/omo_robot/install/omo_r1_description/share/omo_r1_description/local_setup.dsv
-- Installing: /home/mac/dev_ws/omo_robot/install/omo_r1_description/share/omo_r1_description/package.dsv
-- Installing: /home/mac/dev_ws/omo_robot/install/omo_r1_description/share/ament_index/resource_index/packages/omo_r1_description
-- Installing: /home/mac/dev_ws/omo_robot/install/omo_r1_description/share/omo_r1_description/cmake/omo_r1_descriptionConfig.cmake
-- Installing: /home/mac/dev_ws/omo_robot/install/omo_r1_description/share/omo_r1_description/cmake/omo_r1_descriptionConfig-version.cmake
-- Installing: /home/mac/dev_ws/omo_robot/install/omo_r1_description/share/omo_r1_description/package.xml
