[  1%] [34m[1mGenerating type hashes for ROS interfaces[0m
[  1%] Built target ament_cmake_python_copy_omo_r1_interfaces
running egg_info
creating omo_r1_interfaces.egg-info
writing omo_r1_interfaces.egg-info/PKG-INFO
writing dependency_links to omo_r1_interfaces.egg-info/dependency_links.txt
writing top-level names to omo_r1_interfaces.egg-info/top_level.txt
writing manifest file 'omo_r1_interfaces.egg-info/SOURCES.txt'
[  1%] Built target omo_r1_interfaces__rosidl_generator_type_description
reading manifest file 'omo_r1_interfaces.egg-info/SOURCES.txt'
writing manifest file 'omo_r1_interfaces.egg-info/SOURCES.txt'
[  2%] [34m[1mGenerating C code for ROS interfaces[0m
[  3%] [34m[1mGenerating C++ code for ROS interfaces[0m
[  3%] Built target ament_cmake_python_build_omo_r1_interfaces_egg
[  3%] Built target omo_r1_interfaces__cpp
[ 16%] [32mBuilding C object CMakeFiles/omo_r1_interfaces__rosidl_generator_c.dir/rosidl_generator_c/omo_r1_interfaces/srv/detail/calg__functions.c.o[0m
[ 17%] [32mBuilding C object CMakeFiles/omo_r1_interfaces__rosidl_generator_c.dir/rosidl_generator_c/omo_r1_interfaces/srv/detail/calg__description.c.o[0m
[ 16%] [32mBuilding C object CMakeFiles/omo_r1_interfaces__rosidl_generator_c.dir/rosidl_generator_c/omo_r1_interfaces/srv/detail/battery__description.c.o[0m
[ 16%] [32mBuilding C object CMakeFiles/omo_r1_interfaces__rosidl_generator_c.dir/rosidl_generator_c/omo_r1_interfaces/srv/detail/color__functions.c.o[0m
[ 16%] [32mBuilding C object CMakeFiles/omo_r1_interfaces__rosidl_generator_c.dir/rosidl_generator_c/omo_r1_interfaces/srv/detail/reset_odom__functions.c.o[0m
[ 16%] [32mBuilding C object CMakeFiles/omo_r1_interfaces__rosidl_generator_c.dir/rosidl_generator_c/omo_r1_interfaces/srv/detail/battery__type_support.c.o[0m
[ 16%] [32mBuilding C object CMakeFiles/omo_r1_interfaces__rosidl_generator_c.dir/rosidl_generator_c/omo_r1_interfaces/srv/detail/onoff__functions.c.o[0m
[ 16%] [32mBuilding C object CMakeFiles/omo_r1_interfaces__rosidl_generator_c.dir/rosidl_generator_c/omo_r1_interfaces/srv/detail/save_color__description.c.o[0m
[ 16%] [32mBuilding C object CMakeFiles/omo_r1_interfaces__rosidl_generator_c.dir/rosidl_generator_c/omo_r1_interfaces/srv/detail/color__description.c.o[0m
[ 16%] [32mBuilding C object CMakeFiles/omo_r1_interfaces__rosidl_generator_c.dir/rosidl_generator_c/omo_r1_interfaces/srv/detail/battery__functions.c.o[0m
[ 21%] [32mBuilding C object CMakeFiles/omo_r1_interfaces__rosidl_generator_c.dir/rosidl_generator_c/omo_r1_interfaces/srv/detail/calg__type_support.c.o[0m
[ 21%] [32mBuilding C object CMakeFiles/omo_r1_interfaces__rosidl_generator_c.dir/rosidl_generator_c/omo_r1_interfaces/srv/detail/reset_odom__description.c.o[0m
[ 19%] [32mBuilding C object CMakeFiles/omo_r1_interfaces__rosidl_generator_c.dir/rosidl_generator_c/omo_r1_interfaces/srv/detail/color__type_support.c.o[0m
[ 19%] [32mBuilding C object CMakeFiles/omo_r1_interfaces__rosidl_generator_c.dir/rosidl_generator_c/omo_r1_interfaces/srv/detail/onoff__description.c.o[0m
[ 21%] [32mBuilding C object CMakeFiles/omo_r1_interfaces__rosidl_generator_c.dir/rosidl_generator_c/omo_r1_interfaces/srv/detail/onoff__type_support.c.o[0m
[ 22%] [32mBuilding C object CMakeFiles/omo_r1_interfaces__rosidl_generator_c.dir/rosidl_generator_c/omo_r1_interfaces/srv/detail/reset_odom__type_support.c.o[0m
[ 25%] [32mBuilding C object CMakeFiles/omo_r1_interfaces__rosidl_generator_c.dir/rosidl_generator_c/omo_r1_interfaces/srv/detail/save_color__functions.c.o[0m
[ 25%] [32mBuilding C object CMakeFiles/omo_r1_interfaces__rosidl_generator_c.dir/rosidl_generator_c/omo_r1_interfaces/srv/detail/save_color__type_support.c.o[0m
[ 26%] [32m[1mLinking C shared library libomo_r1_interfaces__rosidl_generator_c.so[0m
[ 26%] Built target omo_r1_interfaces__rosidl_generator_c
[ 33%] [34m[1mGenerating C++ type support dispatch for ROS interfaces[0m
[ 33%] [34m[1mGenerating C++ type support for eProsima Fast-RTPS[0m
[ 33%] [34m[1mGenerating C type support dispatch for ROS interfaces[0m
[ 33%] [34m[1mGenerating C++ introspection for ROS interfaces[0m
[ 33%] [34m[1mGenerating C type support for eProsima Fast-RTPS[0m
[ 33%] [34m[1mGenerating C introspection for ROS interfaces[0m
[ 34%] [32mBuilding CXX object CMakeFiles/omo_r1_interfaces__rosidl_typesupport_c.dir/rosidl_typesupport_c/omo_r1_interfaces/srv/calg__type_support.cpp.o[0m
[ 36%] [32mBuilding CXX object CMakeFiles/omo_r1_interfaces__rosidl_typesupport_c.dir/rosidl_typesupport_c/omo_r1_interfaces/srv/color__type_support.cpp.o[0m
[ 36%] [32mBuilding CXX object CMakeFiles/omo_r1_interfaces__rosidl_typesupport_c.dir/rosidl_typesupport_c/omo_r1_interfaces/srv/battery__type_support.cpp.o[0m
[ 38%] [32mBuilding CXX object CMakeFiles/omo_r1_interfaces__rosidl_typesupport_c.dir/rosidl_typesupport_c/omo_r1_interfaces/srv/save_color__type_support.cpp.o[0m
[ 39%] [32mBuilding CXX object CMakeFiles/omo_r1_interfaces__rosidl_typesupport_c.dir/rosidl_typesupport_c/omo_r1_interfaces/srv/reset_odom__type_support.cpp.o[0m
[ 40%] [32mBuilding CXX object CMakeFiles/omo_r1_interfaces__rosidl_typesupport_c.dir/rosidl_typesupport_c/omo_r1_interfaces/srv/onoff__type_support.cpp.o[0m
[ 42%] [32mBuilding CXX object CMakeFiles/omo_r1_interfaces__rosidl_typesupport_cpp.dir/rosidl_typesupport_cpp/omo_r1_interfaces/srv/battery__type_support.cpp.o[0m
[ 42%] [32mBuilding CXX object CMakeFiles/omo_r1_interfaces__rosidl_typesupport_cpp.dir/rosidl_typesupport_cpp/omo_r1_interfaces/srv/calg__type_support.cpp.o[0m
[ 44%] [32mBuilding CXX object CMakeFiles/omo_r1_interfaces__rosidl_typesupport_cpp.dir/rosidl_typesupport_cpp/omo_r1_interfaces/srv/onoff__type_support.cpp.o[0m
[ 45%] [32mBuilding CXX object CMakeFiles/omo_r1_interfaces__rosidl_typesupport_cpp.dir/rosidl_typesupport_cpp/omo_r1_interfaces/srv/color__type_support.cpp.o[0m
[ 46%] [32mBuilding CXX object CMakeFiles/omo_r1_interfaces__rosidl_typesupport_cpp.dir/rosidl_typesupport_cpp/omo_r1_interfaces/srv/reset_odom__type_support.cpp.o[0m
[ 47%] [32mBuilding CXX object CMakeFiles/omo_r1_interfaces__rosidl_typesupport_cpp.dir/rosidl_typesupport_cpp/omo_r1_interfaces/srv/save_color__type_support.cpp.o[0m
[ 48%] [32m[1mLinking CXX shared library libomo_r1_interfaces__rosidl_typesupport_c.so[0m
[ 48%] Built target omo_r1_interfaces__rosidl_typesupport_c
[ 50%] [32mBuilding CXX object CMakeFiles/omo_r1_interfaces__rosidl_typesupport_introspection_cpp.dir/rosidl_typesupport_introspection_cpp/omo_r1_interfaces/srv/detail/calg__type_support.cpp.o[0m
[ 51%] [32mBuilding CXX object CMakeFiles/omo_r1_interfaces__rosidl_typesupport_introspection_cpp.dir/rosidl_typesupport_introspection_cpp/omo_r1_interfaces/srv/detail/battery__type_support.cpp.o[0m
[ 52%] [32mBuilding CXX object CMakeFiles/omo_r1_interfaces__rosidl_typesupport_introspection_cpp.dir/rosidl_typesupport_introspection_cpp/omo_r1_interfaces/srv/detail/color__type_support.cpp.o[0m
[ 53%] [32mBuilding CXX object CMakeFiles/omo_r1_interfaces__rosidl_typesupport_introspection_cpp.dir/rosidl_typesupport_introspection_cpp/omo_r1_interfaces/srv/detail/onoff__type_support.cpp.o[0m
[ 54%] [32mBuilding CXX object CMakeFiles/omo_r1_interfaces__rosidl_typesupport_introspection_cpp.dir/rosidl_typesupport_introspection_cpp/omo_r1_interfaces/srv/detail/reset_odom__type_support.cpp.o[0m
[ 55%] [32mBuilding CXX object CMakeFiles/omo_r1_interfaces__rosidl_typesupport_introspection_cpp.dir/rosidl_typesupport_introspection_cpp/omo_r1_interfaces/srv/detail/save_color__type_support.cpp.o[0m
[ 57%] [32mBuilding C object CMakeFiles/omo_r1_interfaces__rosidl_typesupport_introspection_c.dir/rosidl_typesupport_introspection_c/omo_r1_interfaces/srv/detail/calg__type_support.c.o[0m
[ 58%] [32mBuilding C object CMakeFiles/omo_r1_interfaces__rosidl_typesupport_introspection_c.dir/rosidl_typesupport_introspection_c/omo_r1_interfaces/srv/detail/battery__type_support.c.o[0m
[ 59%] [32mBuilding C object CMakeFiles/omo_r1_interfaces__rosidl_typesupport_introspection_c.dir/rosidl_typesupport_introspection_c/omo_r1_interfaces/srv/detail/color__type_support.c.o[0m
[ 60%] [32mBuilding C object CMakeFiles/omo_r1_interfaces__rosidl_typesupport_introspection_c.dir/rosidl_typesupport_introspection_c/omo_r1_interfaces/srv/detail/onoff__type_support.c.o[0m
[ 61%] [32mBuilding C object CMakeFiles/omo_r1_interfaces__rosidl_typesupport_introspection_c.dir/rosidl_typesupport_introspection_c/omo_r1_interfaces/srv/detail/reset_odom__type_support.c.o[0m
[ 63%] [32mBuilding C object CMakeFiles/omo_r1_interfaces__rosidl_typesupport_introspection_c.dir/rosidl_typesupport_introspection_c/omo_r1_interfaces/srv/detail/save_color__type_support.c.o[0m
[ 64%] [32m[1mLinking CXX shared library libomo_r1_interfaces__rosidl_typesupport_cpp.so[0m
[ 65%] [32m[1mLinking C shared library libomo_r1_interfaces__rosidl_typesupport_introspection_c.so[0m
[ 65%] Built target omo_r1_interfaces__rosidl_typesupport_introspection_c
[ 65%] Built target omo_r1_interfaces__rosidl_typesupport_cpp
[ 66%] [32mBuilding CXX object CMakeFiles/omo_r1_interfaces__rosidl_typesupport_fastrtps_cpp.dir/rosidl_typesupport_fastrtps_cpp/omo_r1_interfaces/srv/detail/dds_fastrtps/onoff__type_support.cpp.o[0m
[ 67%] [32mBuilding CXX object CMakeFiles/omo_r1_interfaces__rosidl_typesupport_fastrtps_cpp.dir/rosidl_typesupport_fastrtps_cpp/omo_r1_interfaces/srv/detail/dds_fastrtps/battery__type_support.cpp.o[0m
[ 69%] [32mBuilding CXX object CMakeFiles/omo_r1_interfaces__rosidl_typesupport_fastrtps_cpp.dir/rosidl_typesupport_fastrtps_cpp/omo_r1_interfaces/srv/detail/dds_fastrtps/color__type_support.cpp.o[0m
[ 70%] [32mBuilding CXX object CMakeFiles/omo_r1_interfaces__rosidl_typesupport_fastrtps_cpp.dir/rosidl_typesupport_fastrtps_cpp/omo_r1_interfaces/srv/detail/dds_fastrtps/reset_odom__type_support.cpp.o[0m
[ 71%] [32mBuilding CXX object CMakeFiles/omo_r1_interfaces__rosidl_typesupport_fastrtps_cpp.dir/rosidl_typesupport_fastrtps_cpp/omo_r1_interfaces/srv/detail/dds_fastrtps/save_color__type_support.cpp.o[0m
[ 72%] [32mBuilding CXX object CMakeFiles/omo_r1_interfaces__rosidl_typesupport_fastrtps_cpp.dir/rosidl_typesupport_fastrtps_cpp/omo_r1_interfaces/srv/detail/dds_fastrtps/calg__type_support.cpp.o[0m
[ 73%] [32mBuilding CXX object CMakeFiles/omo_r1_interfaces__rosidl_typesupport_fastrtps_c.dir/rosidl_typesupport_fastrtps_c/omo_r1_interfaces/srv/detail/battery__type_support_c.cpp.o[0m
[ 76%] [32mBuilding CXX object CMakeFiles/omo_r1_interfaces__rosidl_typesupport_fastrtps_c.dir/rosidl_typesupport_fastrtps_c/omo_r1_interfaces/srv/detail/onoff__type_support_c.cpp.o[0m
[ 76%] [32mBuilding CXX object CMakeFiles/omo_r1_interfaces__rosidl_typesupport_fastrtps_c.dir/rosidl_typesupport_fastrtps_c/omo_r1_interfaces/srv/detail/calg__type_support_c.cpp.o[0m
[ 77%] [32mBuilding CXX object CMakeFiles/omo_r1_interfaces__rosidl_typesupport_fastrtps_c.dir/rosidl_typesupport_fastrtps_c/omo_r1_interfaces/srv/detail/color__type_support_c.cpp.o[0m
[ 78%] [32mBuilding CXX object CMakeFiles/omo_r1_interfaces__rosidl_typesupport_fastrtps_c.dir/rosidl_typesupport_fastrtps_c/omo_r1_interfaces/srv/detail/save_color__type_support_c.cpp.o[0m
[ 79%] [32mBuilding CXX object CMakeFiles/omo_r1_interfaces__rosidl_typesupport_fastrtps_c.dir/rosidl_typesupport_fastrtps_c/omo_r1_interfaces/srv/detail/reset_odom__type_support_c.cpp.o[0m
[ 80%] [32m[1mLinking CXX shared library libomo_r1_interfaces__rosidl_typesupport_introspection_cpp.so[0m
[ 80%] Built target omo_r1_interfaces__rosidl_typesupport_introspection_cpp
[ 82%] [32m[1mLinking CXX shared library libomo_r1_interfaces__rosidl_typesupport_fastrtps_c.so[0m
[ 83%] [32m[1mLinking CXX shared library libomo_r1_interfaces__rosidl_typesupport_fastrtps_cpp.so[0m
[ 83%] Built target omo_r1_interfaces__rosidl_typesupport_fastrtps_c
[ 83%] Built target omo_r1_interfaces__rosidl_typesupport_fastrtps_cpp
[ 83%] Built target omo_r1_interfaces
[ 84%] [34m[1mGenerating Python code for ROS interfaces[0m
[ 84%] Built target omo_r1_interfaces__py
[ 90%] [32mBuilding C object CMakeFiles/omo_r1_interfaces__rosidl_generator_py.dir/rosidl_generator_py/omo_r1_interfaces/srv/_battery_s.c.o[0m
[ 90%] [32mBuilding C object CMakeFiles/omo_r1_interfaces__rosidl_generator_py.dir/rosidl_generator_py/omo_r1_interfaces/srv/_reset_odom_s.c.o[0m
[ 90%] [32mBuilding C object CMakeFiles/omo_r1_interfaces__rosidl_generator_py.dir/rosidl_generator_py/omo_r1_interfaces/srv/_save_color_s.c.o[0m
[ 90%] [32mBuilding C object CMakeFiles/omo_r1_interfaces__rosidl_generator_py.dir/rosidl_generator_py/omo_r1_interfaces/srv/_color_s.c.o[0m
[ 90%] [32mBuilding C object CMakeFiles/omo_r1_interfaces__rosidl_generator_py.dir/rosidl_generator_py/omo_r1_interfaces/srv/_onoff_s.c.o[0m
[ 91%] [32mBuilding C object CMakeFiles/omo_r1_interfaces__rosidl_generator_py.dir/rosidl_generator_py/omo_r1_interfaces/srv/_calg_s.c.o[0m
[ 92%] [32m[1mLinking C shared library libomo_r1_interfaces__rosidl_generator_py.so[0m
[ 92%] Built target omo_r1_interfaces__rosidl_generator_py
[ 96%] [32mBuilding C object CMakeFiles/omo_r1_interfaces_s__rosidl_typesupport_fastrtps_c.dir/rosidl_generator_py/omo_r1_interfaces/_omo_r1_interfaces_s.ep.rosidl_typesupport_fastrtps_c.c.o[0m
[ 96%] [32mBuilding C object CMakeFiles/omo_r1_interfaces_s__rosidl_typesupport_c.dir/rosidl_generator_py/omo_r1_interfaces/_omo_r1_interfaces_s.ep.rosidl_typesupport_c.c.o[0m
[ 96%] [32mBuilding C object CMakeFiles/omo_r1_interfaces_s__rosidl_typesupport_introspection_c.dir/rosidl_generator_py/omo_r1_interfaces/_omo_r1_interfaces_s.ep.rosidl_typesupport_introspection_c.c.o[0m
[100%] [32m[1mLinking C shared module rosidl_generator_py/omo_r1_interfaces/omo_r1_interfaces_s__rosidl_typesupport_c.so[0m
[100%] [32m[1mLinking C shared module rosidl_generator_py/omo_r1_interfaces/omo_r1_interfaces_s__rosidl_typesupport_introspection_c.so[0m
[100%] [32m[1mLinking C shared module rosidl_generator_py/omo_r1_interfaces/omo_r1_interfaces_s__rosidl_typesupport_fastrtps_c.so[0m
[100%] Built target omo_r1_interfaces_s__rosidl_typesupport_introspection_c
[100%] Built target omo_r1_interfaces_s__rosidl_typesupport_c
[100%] Built target omo_r1_interfaces_s__rosidl_typesupport_fastrtps_c
-- Install configuration: ""
-- Installing: /home/mac/dev_ws/omo_robot/install/omo_r1_interfaces/share/ament_index/resource_index/rosidl_interfaces/omo_r1_interfaces
-- Installing: /home/mac/dev_ws/omo_robot/install/omo_r1_interfaces/share/omo_r1_interfaces/srv/Battery.json
-- Installing: /home/mac/dev_ws/omo_robot/install/omo_r1_interfaces/share/omo_r1_interfaces/srv/Calg.json
-- Installing: /home/mac/dev_ws/omo_robot/install/omo_r1_interfaces/share/omo_r1_interfaces/srv/Color.json
-- Installing: /home/mac/dev_ws/omo_robot/install/omo_r1_interfaces/share/omo_r1_interfaces/srv/Onoff.json
-- Installing: /home/mac/dev_ws/omo_robot/install/omo_r1_interfaces/share/omo_r1_interfaces/srv/ResetOdom.json
-- Installing: /home/mac/dev_ws/omo_robot/install/omo_r1_interfaces/share/omo_r1_interfaces/srv/SaveColor.json
-- Installing: /home/mac/dev_ws/omo_robot/install/omo_r1_interfaces/include/omo_r1_interfaces/omo_r1_interfaces
-- Installing: /home/mac/dev_ws/omo_robot/install/omo_r1_interfaces/include/omo_r1_interfaces/omo_r1_interfaces/msg
-- Installing: /home/mac/dev_ws/omo_robot/install/omo_r1_interfaces/include/omo_r1_interfaces/omo_r1_interfaces/msg/rosidl_generator_c__visibility_control.h
-- Installing: /home/mac/dev_ws/omo_robot/install/omo_r1_interfaces/include/omo_r1_interfaces/omo_r1_interfaces/srv
-- Installing: /home/mac/dev_ws/omo_robot/install/omo_r1_interfaces/include/omo_r1_interfaces/omo_r1_interfaces/srv/color.h
-- Installing: /home/mac/dev_ws/omo_robot/install/omo_r1_interfaces/include/omo_r1_interfaces/omo_r1_interfaces/srv/detail
-- Installing: /home/mac/dev_ws/omo_robot/install/omo_r1_interfaces/include/omo_r1_interfaces/omo_r1_interfaces/srv/detail/color__type_support.h
-- Installing: /home/mac/dev_ws/omo_robot/install/omo_r1_interfaces/include/omo_r1_interfaces/omo_r1_interfaces/srv/detail/onoff__type_support.h
-- Installing: /home/mac/dev_ws/omo_robot/install/omo_r1_interfaces/include/omo_r1_interfaces/omo_r1_interfaces/srv/detail/reset_odom__struct.h
-- Installing: /home/mac/dev_ws/omo_robot/install/omo_r1_interfaces/include/omo_r1_interfaces/omo_r1_interfaces/srv/detail/battery__struct.h
-- Installing: /home/mac/dev_ws/omo_robot/install/omo_r1_interfaces/include/omo_r1_interfaces/omo_r1_interfaces/srv/detail/color__description.c
-- Installing: /home/mac/dev_ws/omo_robot/install/omo_r1_interfaces/include/omo_r1_interfaces/omo_r1_interfaces/srv/detail/onoff__functions.h
-- Installing: /home/mac/dev_ws/omo_robot/install/omo_r1_interfaces/include/omo_r1_interfaces/omo_r1_interfaces/srv/detail/color__struct.h
-- Installing: /home/mac/dev_ws/omo_robot/install/omo_r1_interfaces/include/omo_r1_interfaces/omo_r1_interfaces/srv/detail/onoff__description.c
-- Installing: /home/mac/dev_ws/omo_robot/install/omo_r1_interfaces/include/omo_r1_interfaces/omo_r1_interfaces/srv/detail/reset_odom__functions.h
-- Installing: /home/mac/dev_ws/omo_robot/install/omo_r1_interfaces/include/omo_r1_interfaces/omo_r1_interfaces/srv/detail/reset_odom__type_support.h
-- Installing: /home/mac/dev_ws/omo_robot/install/omo_r1_interfaces/include/omo_r1_interfaces/omo_r1_interfaces/srv/detail/calg__functions.c
-- Installing: /home/mac/dev_ws/omo_robot/install/omo_r1_interfaces/include/omo_r1_interfaces/omo_r1_interfaces/srv/detail/battery__description.c
-- Installing: /home/mac/dev_ws/omo_robot/install/omo_r1_interfaces/include/omo_r1_interfaces/omo_r1_interfaces/srv/detail/onoff__type_support.c
-- Installing: /home/mac/dev_ws/omo_robot/install/omo_r1_interfaces/include/omo_r1_interfaces/omo_r1_interfaces/srv/detail/calg__struct.h
-- Installing: /home/mac/dev_ws/omo_robot/install/omo_r1_interfaces/include/omo_r1_interfaces/omo_r1_interfaces/srv/detail/color__functions.h
-- Installing: /home/mac/dev_ws/omo_robot/install/omo_r1_interfaces/include/omo_r1_interfaces/omo_r1_interfaces/srv/detail/onoff__struct.h
-- Installing: /home/mac/dev_ws/omo_robot/install/omo_r1_interfaces/include/omo_r1_interfaces/omo_r1_interfaces/srv/detail/calg__description.c
-- Installing: /home/mac/dev_ws/omo_robot/install/omo_r1_interfaces/include/omo_r1_interfaces/omo_r1_interfaces/srv/detail/battery__functions.h
-- Installing: /home/mac/dev_ws/omo_robot/install/omo_r1_interfaces/include/omo_r1_interfaces/omo_r1_interfaces/srv/detail/save_color__type_support.h
-- Installing: /home/mac/dev_ws/omo_robot/install/omo_r1_interfaces/include/omo_r1_interfaces/omo_r1_interfaces/srv/detail/onoff__functions.c
-- Installing: /home/mac/dev_ws/omo_robot/install/omo_r1_interfaces/include/omo_r1_interfaces/omo_r1_interfaces/srv/detail/save_color__description.c
-- Installing: /home/mac/dev_ws/omo_robot/install/omo_r1_interfaces/include/omo_r1_interfaces/omo_r1_interfaces/srv/detail/reset_odom__type_support.c
-- Installing: /home/mac/dev_ws/omo_robot/install/omo_r1_interfaces/include/omo_r1_interfaces/omo_r1_interfaces/srv/detail/calg__type_support.c
-- Installing: /home/mac/dev_ws/omo_robot/install/omo_r1_interfaces/include/omo_r1_interfaces/omo_r1_interfaces/srv/detail/color__functions.c
-- Installing: /home/mac/dev_ws/omo_robot/install/omo_r1_interfaces/include/omo_r1_interfaces/omo_r1_interfaces/srv/detail/battery__type_support.c
-- Installing: /home/mac/dev_ws/omo_robot/install/omo_r1_interfaces/include/omo_r1_interfaces/omo_r1_interfaces/srv/detail/battery__functions.c
-- Installing: /home/mac/dev_ws/omo_robot/install/omo_r1_interfaces/include/omo_r1_interfaces/omo_r1_interfaces/srv/detail/color__type_support.c
-- Installing: /home/mac/dev_ws/omo_robot/install/omo_r1_interfaces/include/omo_r1_interfaces/omo_r1_interfaces/srv/detail/reset_odom__functions.c
-- Installing: /home/mac/dev_ws/omo_robot/install/omo_r1_interfaces/include/omo_r1_interfaces/omo_r1_interfaces/srv/detail/save_color__functions.c
-- Installing: /home/mac/dev_ws/omo_robot/install/omo_r1_interfaces/include/omo_r1_interfaces/omo_r1_interfaces/srv/detail/reset_odom__description.c
-- Installing: /home/mac/dev_ws/omo_robot/install/omo_r1_interfaces/include/omo_r1_interfaces/omo_r1_interfaces/srv/detail/calg__functions.h
-- Installing: /home/mac/dev_ws/omo_robot/install/omo_r1_interfaces/include/omo_r1_interfaces/omo_r1_interfaces/srv/detail/save_color__functions.h
-- Installing: /home/mac/dev_ws/omo_robot/install/omo_r1_interfaces/include/omo_r1_interfaces/omo_r1_interfaces/srv/detail/battery__type_support.h
-- Installing: /home/mac/dev_ws/omo_robot/install/omo_r1_interfaces/include/omo_r1_interfaces/omo_r1_interfaces/srv/detail/calg__type_support.h
-- Installing: /home/mac/dev_ws/omo_robot/install/omo_r1_interfaces/include/omo_r1_interfaces/omo_r1_interfaces/srv/detail/save_color__struct.h
-- Installing: /home/mac/dev_ws/omo_robot/install/omo_r1_interfaces/include/omo_r1_interfaces/omo_r1_interfaces/srv/detail/save_color__type_support.c
-- Installing: /home/mac/dev_ws/omo_robot/install/omo_r1_interfaces/include/omo_r1_interfaces/omo_r1_interfaces/srv/onoff.h
-- Installing: /home/mac/dev_ws/omo_robot/install/omo_r1_interfaces/include/omo_r1_interfaces/omo_r1_interfaces/srv/save_color.h
-- Installing: /home/mac/dev_ws/omo_robot/install/omo_r1_interfaces/include/omo_r1_interfaces/omo_r1_interfaces/srv/reset_odom.h
-- Installing: /home/mac/dev_ws/omo_robot/install/omo_r1_interfaces/include/omo_r1_interfaces/omo_r1_interfaces/srv/battery.h
-- Installing: /home/mac/dev_ws/omo_robot/install/omo_r1_interfaces/include/omo_r1_interfaces/omo_r1_interfaces/srv/calg.h
-- Installing: /home/mac/dev_ws/omo_robot/install/omo_r1_interfaces/share/omo_r1_interfaces/environment/library_path.sh
-- Installing: /home/mac/dev_ws/omo_robot/install/omo_r1_interfaces/share/omo_r1_interfaces/environment/library_path.dsv
-- Installing: /home/mac/dev_ws/omo_robot/install/omo_r1_interfaces/lib/libomo_r1_interfaces__rosidl_generator_c.so
-- Set non-toolchain portion of runtime path of "/home/mac/dev_ws/omo_robot/install/omo_r1_interfaces/lib/libomo_r1_interfaces__rosidl_generator_c.so" to ""
-- Up-to-date: /home/mac/dev_ws/omo_robot/install/omo_r1_interfaces/include/omo_r1_interfaces/omo_r1_interfaces
-- Up-to-date: /home/mac/dev_ws/omo_robot/install/omo_r1_interfaces/include/omo_r1_interfaces/omo_r1_interfaces/msg
-- Installing: /home/mac/dev_ws/omo_robot/install/omo_r1_interfaces/include/omo_r1_interfaces/omo_r1_interfaces/msg/rosidl_typesupport_fastrtps_c__visibility_control.h
-- Up-to-date: /home/mac/dev_ws/omo_robot/install/omo_r1_interfaces/include/omo_r1_interfaces/omo_r1_interfaces/srv
-- Up-to-date: /home/mac/dev_ws/omo_robot/install/omo_r1_interfaces/include/omo_r1_interfaces/omo_r1_interfaces/srv/detail
-- Installing: /home/mac/dev_ws/omo_robot/install/omo_r1_interfaces/include/omo_r1_interfaces/omo_r1_interfaces/srv/detail/calg__rosidl_typesupport_fastrtps_c.h
-- Installing: /home/mac/dev_ws/omo_robot/install/omo_r1_interfaces/include/omo_r1_interfaces/omo_r1_interfaces/srv/detail/battery__rosidl_typesupport_fastrtps_c.h
-- Installing: /home/mac/dev_ws/omo_robot/install/omo_r1_interfaces/include/omo_r1_interfaces/omo_r1_interfaces/srv/detail/color__rosidl_typesupport_fastrtps_c.h
-- Installing: /home/mac/dev_ws/omo_robot/install/omo_r1_interfaces/include/omo_r1_interfaces/omo_r1_interfaces/srv/detail/save_color__rosidl_typesupport_fastrtps_c.h
-- Installing: /home/mac/dev_ws/omo_robot/install/omo_r1_interfaces/include/omo_r1_interfaces/omo_r1_interfaces/srv/detail/reset_odom__rosidl_typesupport_fastrtps_c.h
-- Installing: /home/mac/dev_ws/omo_robot/install/omo_r1_interfaces/include/omo_r1_interfaces/omo_r1_interfaces/srv/detail/onoff__rosidl_typesupport_fastrtps_c.h
-- Installing: /home/mac/dev_ws/omo_robot/install/omo_r1_interfaces/lib/libomo_r1_interfaces__rosidl_typesupport_fastrtps_c.so
-- Set non-toolchain portion of runtime path of "/home/mac/dev_ws/omo_robot/install/omo_r1_interfaces/lib/libomo_r1_interfaces__rosidl_typesupport_fastrtps_c.so" to ""
-- Up-to-date: /home/mac/dev_ws/omo_robot/install/omo_r1_interfaces/include/omo_r1_interfaces/omo_r1_interfaces
-- Up-to-date: /home/mac/dev_ws/omo_robot/install/omo_r1_interfaces/include/omo_r1_interfaces/omo_r1_interfaces/msg
-- Installing: /home/mac/dev_ws/omo_robot/install/omo_r1_interfaces/include/omo_r1_interfaces/omo_r1_interfaces/msg/rosidl_typesupport_introspection_c__visibility_control.h
-- Up-to-date: /home/mac/dev_ws/omo_robot/install/omo_r1_interfaces/include/omo_r1_interfaces/omo_r1_interfaces/srv
-- Up-to-date: /home/mac/dev_ws/omo_robot/install/omo_r1_interfaces/include/omo_r1_interfaces/omo_r1_interfaces/srv/detail
-- Installing: /home/mac/dev_ws/omo_robot/install/omo_r1_interfaces/include/omo_r1_interfaces/omo_r1_interfaces/srv/detail/onoff__type_support.c
-- Installing: /home/mac/dev_ws/omo_robot/install/omo_r1_interfaces/include/omo_r1_interfaces/omo_r1_interfaces/srv/detail/reset_odom__rosidl_typesupport_introspection_c.h
-- Installing: /home/mac/dev_ws/omo_robot/install/omo_r1_interfaces/include/omo_r1_interfaces/omo_r1_interfaces/srv/detail/onoff__rosidl_typesupport_introspection_c.h
-- Installing: /home/mac/dev_ws/omo_robot/install/omo_r1_interfaces/include/omo_r1_interfaces/omo_r1_interfaces/srv/detail/reset_odom__type_support.c
-- Installing: /home/mac/dev_ws/omo_robot/install/omo_r1_interfaces/include/omo_r1_interfaces/omo_r1_interfaces/srv/detail/calg__type_support.c
-- Installing: /home/mac/dev_ws/omo_robot/install/omo_r1_interfaces/include/omo_r1_interfaces/omo_r1_interfaces/srv/detail/battery__type_support.c
-- Installing: /home/mac/dev_ws/omo_robot/install/omo_r1_interfaces/include/omo_r1_interfaces/omo_r1_interfaces/srv/detail/color__type_support.c
-- Installing: /home/mac/dev_ws/omo_robot/install/omo_r1_interfaces/include/omo_r1_interfaces/omo_r1_interfaces/srv/detail/color__rosidl_typesupport_introspection_c.h
-- Installing: /home/mac/dev_ws/omo_robot/install/omo_r1_interfaces/include/omo_r1_interfaces/omo_r1_interfaces/srv/detail/calg__rosidl_typesupport_introspection_c.h
-- Installing: /home/mac/dev_ws/omo_robot/install/omo_r1_interfaces/include/omo_r1_interfaces/omo_r1_interfaces/srv/detail/save_color__rosidl_typesupport_introspection_c.h
-- Installing: /home/mac/dev_ws/omo_robot/install/omo_r1_interfaces/include/omo_r1_interfaces/omo_r1_interfaces/srv/detail/save_color__type_support.c
-- Installing: /home/mac/dev_ws/omo_robot/install/omo_r1_interfaces/include/omo_r1_interfaces/omo_r1_interfaces/srv/detail/battery__rosidl_typesupport_introspection_c.h
-- Installing: /home/mac/dev_ws/omo_robot/install/omo_r1_interfaces/lib/libomo_r1_interfaces__rosidl_typesupport_introspection_c.so
-- Set non-toolchain portion of runtime path of "/home/mac/dev_ws/omo_robot/install/omo_r1_interfaces/lib/libomo_r1_interfaces__rosidl_typesupport_introspection_c.so" to ""
-- Installing: /home/mac/dev_ws/omo_robot/install/omo_r1_interfaces/lib/libomo_r1_interfaces__rosidl_typesupport_c.so
-- Set non-toolchain portion of runtime path of "/home/mac/dev_ws/omo_robot/install/omo_r1_interfaces/lib/libomo_r1_interfaces__rosidl_typesupport_c.so" to ""
-- Up-to-date: /home/mac/dev_ws/omo_robot/install/omo_r1_interfaces/include/omo_r1_interfaces/omo_r1_interfaces
-- Up-to-date: /home/mac/dev_ws/omo_robot/install/omo_r1_interfaces/include/omo_r1_interfaces/omo_r1_interfaces/msg
-- Installing: /home/mac/dev_ws/omo_robot/install/omo_r1_interfaces/include/omo_r1_interfaces/omo_r1_interfaces/msg/rosidl_generator_cpp__visibility_control.hpp
-- Up-to-date: /home/mac/dev_ws/omo_robot/install/omo_r1_interfaces/include/omo_r1_interfaces/omo_r1_interfaces/srv
-- Up-to-date: /home/mac/dev_ws/omo_robot/install/omo_r1_interfaces/include/omo_r1_interfaces/omo_r1_interfaces/srv/detail
-- Installing: /home/mac/dev_ws/omo_robot/install/omo_r1_interfaces/include/omo_r1_interfaces/omo_r1_interfaces/srv/detail/save_color__type_support.hpp
-- Installing: /home/mac/dev_ws/omo_robot/install/omo_r1_interfaces/include/omo_r1_interfaces/omo_r1_interfaces/srv/detail/reset_odom__builder.hpp
-- Installing: /home/mac/dev_ws/omo_robot/install/omo_r1_interfaces/include/omo_r1_interfaces/omo_r1_interfaces/srv/detail/calg__builder.hpp
-- Installing: /home/mac/dev_ws/omo_robot/install/omo_r1_interfaces/include/omo_r1_interfaces/omo_r1_interfaces/srv/detail/battery__type_support.hpp
-- Installing: /home/mac/dev_ws/omo_robot/install/omo_r1_interfaces/include/omo_r1_interfaces/omo_r1_interfaces/srv/detail/calg__type_support.hpp
-- Installing: /home/mac/dev_ws/omo_robot/install/omo_r1_interfaces/include/omo_r1_interfaces/omo_r1_interfaces/srv/detail/color__struct.hpp
-- Installing: /home/mac/dev_ws/omo_robot/install/omo_r1_interfaces/include/omo_r1_interfaces/omo_r1_interfaces/srv/detail/reset_odom__traits.hpp
-- Installing: /home/mac/dev_ws/omo_robot/install/omo_r1_interfaces/include/omo_r1_interfaces/omo_r1_interfaces/srv/detail/onoff__type_support.hpp
-- Installing: /home/mac/dev_ws/omo_robot/install/omo_r1_interfaces/include/omo_r1_interfaces/omo_r1_interfaces/srv/detail/save_color__builder.hpp
-- Installing: /home/mac/dev_ws/omo_robot/install/omo_r1_interfaces/include/omo_r1_interfaces/omo_r1_interfaces/srv/detail/save_color__traits.hpp
-- Installing: /home/mac/dev_ws/omo_robot/install/omo_r1_interfaces/include/omo_r1_interfaces/omo_r1_interfaces/srv/detail/save_color__struct.hpp
-- Installing: /home/mac/dev_ws/omo_robot/install/omo_r1_interfaces/include/omo_r1_interfaces/omo_r1_interfaces/srv/detail/onoff__struct.hpp
-- Installing: /home/mac/dev_ws/omo_robot/install/omo_r1_interfaces/include/omo_r1_interfaces/omo_r1_interfaces/srv/detail/calg__struct.hpp
-- Installing: /home/mac/dev_ws/omo_robot/install/omo_r1_interfaces/include/omo_r1_interfaces/omo_r1_interfaces/srv/detail/reset_odom__struct.hpp
-- Installing: /home/mac/dev_ws/omo_robot/install/omo_r1_interfaces/include/omo_r1_interfaces/omo_r1_interfaces/srv/detail/color__type_support.hpp
-- Installing: /home/mac/dev_ws/omo_robot/install/omo_r1_interfaces/include/omo_r1_interfaces/omo_r1_interfaces/srv/detail/onoff__builder.hpp
-- Installing: /home/mac/dev_ws/omo_robot/install/omo_r1_interfaces/include/omo_r1_interfaces/omo_r1_interfaces/srv/detail/reset_odom__type_support.hpp
-- Installing: /home/mac/dev_ws/omo_robot/install/omo_r1_interfaces/include/omo_r1_interfaces/omo_r1_interfaces/srv/detail/battery__builder.hpp
-- Installing: /home/mac/dev_ws/omo_robot/install/omo_r1_interfaces/include/omo_r1_interfaces/omo_r1_interfaces/srv/detail/battery__struct.hpp
-- Installing: /home/mac/dev_ws/omo_robot/install/omo_r1_interfaces/include/omo_r1_interfaces/omo_r1_interfaces/srv/detail/onoff__traits.hpp
-- Installing: /home/mac/dev_ws/omo_robot/install/omo_r1_interfaces/include/omo_r1_interfaces/omo_r1_interfaces/srv/detail/battery__traits.hpp
-- Installing: /home/mac/dev_ws/omo_robot/install/omo_r1_interfaces/include/omo_r1_interfaces/omo_r1_interfaces/srv/detail/calg__traits.hpp
-- Installing: /home/mac/dev_ws/omo_robot/install/omo_r1_interfaces/include/omo_r1_interfaces/omo_r1_interfaces/srv/detail/color__builder.hpp
-- Installing: /home/mac/dev_ws/omo_robot/install/omo_r1_interfaces/include/omo_r1_interfaces/omo_r1_interfaces/srv/detail/color__traits.hpp
-- Installing: /home/mac/dev_ws/omo_robot/install/omo_r1_interfaces/include/omo_r1_interfaces/omo_r1_interfaces/srv/color.hpp
-- Installing: /home/mac/dev_ws/omo_robot/install/omo_r1_interfaces/include/omo_r1_interfaces/omo_r1_interfaces/srv/onoff.hpp
-- Installing: /home/mac/dev_ws/omo_robot/install/omo_r1_interfaces/include/omo_r1_interfaces/omo_r1_interfaces/srv/battery.hpp
-- Installing: /home/mac/dev_ws/omo_robot/install/omo_r1_interfaces/include/omo_r1_interfaces/omo_r1_interfaces/srv/calg.hpp
-- Installing: /home/mac/dev_ws/omo_robot/install/omo_r1_interfaces/include/omo_r1_interfaces/omo_r1_interfaces/srv/save_color.hpp
-- Installing: /home/mac/dev_ws/omo_robot/install/omo_r1_interfaces/include/omo_r1_interfaces/omo_r1_interfaces/srv/reset_odom.hpp
-- Up-to-date: /home/mac/dev_ws/omo_robot/install/omo_r1_interfaces/include/omo_r1_interfaces/omo_r1_interfaces
-- Up-to-date: /home/mac/dev_ws/omo_robot/install/omo_r1_interfaces/include/omo_r1_interfaces/omo_r1_interfaces/msg
-- Installing: /home/mac/dev_ws/omo_robot/install/omo_r1_interfaces/include/omo_r1_interfaces/omo_r1_interfaces/msg/rosidl_typesupport_fastrtps_cpp__visibility_control.h
-- Up-to-date: /home/mac/dev_ws/omo_robot/install/omo_r1_interfaces/include/omo_r1_interfaces/omo_r1_interfaces/srv
-- Up-to-date: /home/mac/dev_ws/omo_robot/install/omo_r1_interfaces/include/omo_r1_interfaces/omo_r1_interfaces/srv/detail
-- Installing: /home/mac/dev_ws/omo_robot/install/omo_r1_interfaces/include/omo_r1_interfaces/omo_r1_interfaces/srv/detail/battery__rosidl_typesupport_fastrtps_cpp.hpp
-- Installing: /home/mac/dev_ws/omo_robot/install/omo_r1_interfaces/include/omo_r1_interfaces/omo_r1_interfaces/srv/detail/save_color__rosidl_typesupport_fastrtps_cpp.hpp
-- Installing: /home/mac/dev_ws/omo_robot/install/omo_r1_interfaces/include/omo_r1_interfaces/omo_r1_interfaces/srv/detail/dds_fastrtps
-- Installing: /home/mac/dev_ws/omo_robot/install/omo_r1_interfaces/include/omo_r1_interfaces/omo_r1_interfaces/srv/detail/reset_odom__rosidl_typesupport_fastrtps_cpp.hpp
-- Installing: /home/mac/dev_ws/omo_robot/install/omo_r1_interfaces/include/omo_r1_interfaces/omo_r1_interfaces/srv/detail/calg__rosidl_typesupport_fastrtps_cpp.hpp
-- Installing: /home/mac/dev_ws/omo_robot/install/omo_r1_interfaces/include/omo_r1_interfaces/omo_r1_interfaces/srv/detail/onoff__rosidl_typesupport_fastrtps_cpp.hpp
-- Installing: /home/mac/dev_ws/omo_robot/install/omo_r1_interfaces/include/omo_r1_interfaces/omo_r1_interfaces/srv/detail/color__rosidl_typesupport_fastrtps_cpp.hpp
-- Installing: /home/mac/dev_ws/omo_robot/install/omo_r1_interfaces/lib/libomo_r1_interfaces__rosidl_typesupport_fastrtps_cpp.so
-- Set non-toolchain portion of runtime path of "/home/mac/dev_ws/omo_robot/install/omo_r1_interfaces/lib/libomo_r1_interfaces__rosidl_typesupport_fastrtps_cpp.so" to ""
-- Up-to-date: /home/mac/dev_ws/omo_robot/install/omo_r1_interfaces/include/omo_r1_interfaces/omo_r1_interfaces
-- Up-to-date: /home/mac/dev_ws/omo_robot/install/omo_r1_interfaces/include/omo_r1_interfaces/omo_r1_interfaces/srv
-- Up-to-date: /home/mac/dev_ws/omo_robot/install/omo_r1_interfaces/include/omo_r1_interfaces/omo_r1_interfaces/srv/detail
-- Installing: /home/mac/dev_ws/omo_robot/install/omo_r1_interfaces/include/omo_r1_interfaces/omo_r1_interfaces/srv/detail/battery__type_support.cpp
-- Installing: /home/mac/dev_ws/omo_robot/install/omo_r1_interfaces/include/omo_r1_interfaces/omo_r1_interfaces/srv/detail/onoff__type_support.cpp
-- Installing: /home/mac/dev_ws/omo_robot/install/omo_r1_interfaces/include/omo_r1_interfaces/omo_r1_interfaces/srv/detail/calg__type_support.cpp
-- Installing: /home/mac/dev_ws/omo_robot/install/omo_r1_interfaces/include/omo_r1_interfaces/omo_r1_interfaces/srv/detail/reset_odom__rosidl_typesupport_introspection_cpp.hpp
-- Installing: /home/mac/dev_ws/omo_robot/install/omo_r1_interfaces/include/omo_r1_interfaces/omo_r1_interfaces/srv/detail/save_color__rosidl_typesupport_introspection_cpp.hpp
-- Installing: /home/mac/dev_ws/omo_robot/install/omo_r1_interfaces/include/omo_r1_interfaces/omo_r1_interfaces/srv/detail/save_color__type_support.cpp
-- Installing: /home/mac/dev_ws/omo_robot/install/omo_r1_interfaces/include/omo_r1_interfaces/omo_r1_interfaces/srv/detail/onoff__rosidl_typesupport_introspection_cpp.hpp
-- Installing: /home/mac/dev_ws/omo_robot/install/omo_r1_interfaces/include/omo_r1_interfaces/omo_r1_interfaces/srv/detail/color__type_support.cpp
-- Installing: /home/mac/dev_ws/omo_robot/install/omo_r1_interfaces/include/omo_r1_interfaces/omo_r1_interfaces/srv/detail/calg__rosidl_typesupport_introspection_cpp.hpp
-- Installing: /home/mac/dev_ws/omo_robot/install/omo_r1_interfaces/include/omo_r1_interfaces/omo_r1_interfaces/srv/detail/reset_odom__type_support.cpp
-- Installing: /home/mac/dev_ws/omo_robot/install/omo_r1_interfaces/include/omo_r1_interfaces/omo_r1_interfaces/srv/detail/battery__rosidl_typesupport_introspection_cpp.hpp
-- Installing: /home/mac/dev_ws/omo_robot/install/omo_r1_interfaces/include/omo_r1_interfaces/omo_r1_interfaces/srv/detail/color__rosidl_typesupport_introspection_cpp.hpp
-- Installing: /home/mac/dev_ws/omo_robot/install/omo_r1_interfaces/lib/libomo_r1_interfaces__rosidl_typesupport_introspection_cpp.so
-- Set non-toolchain portion of runtime path of "/home/mac/dev_ws/omo_robot/install/omo_r1_interfaces/lib/libomo_r1_interfaces__rosidl_typesupport_introspection_cpp.so" to ""
-- Installing: /home/mac/dev_ws/omo_robot/install/omo_r1_interfaces/lib/libomo_r1_interfaces__rosidl_typesupport_cpp.so
-- Set non-toolchain portion of runtime path of "/home/mac/dev_ws/omo_robot/install/omo_r1_interfaces/lib/libomo_r1_interfaces__rosidl_typesupport_cpp.so" to ""
-- Installing: /home/mac/dev_ws/omo_robot/install/omo_r1_interfaces/share/omo_r1_interfaces/environment/pythonpath.sh
-- Installing: /home/mac/dev_ws/omo_robot/install/omo_r1_interfaces/share/omo_r1_interfaces/environment/pythonpath.dsv
-- Installing: /home/mac/dev_ws/omo_robot/install/omo_r1_interfaces/lib/python3.12/site-packages/omo_r1_interfaces-0.0.0-py3.12.egg-info
-- Installing: /home/mac/dev_ws/omo_robot/install/omo_r1_interfaces/lib/python3.12/site-packages/omo_r1_interfaces-0.0.0-py3.12.egg-info/top_level.txt
-- Installing: /home/mac/dev_ws/omo_robot/install/omo_r1_interfaces/lib/python3.12/site-packages/omo_r1_interfaces-0.0.0-py3.12.egg-info/dependency_links.txt
-- Installing: /home/mac/dev_ws/omo_robot/install/omo_r1_interfaces/lib/python3.12/site-packages/omo_r1_interfaces-0.0.0-py3.12.egg-info/SOURCES.txt
-- Installing: /home/mac/dev_ws/omo_robot/install/omo_r1_interfaces/lib/python3.12/site-packages/omo_r1_interfaces-0.0.0-py3.12.egg-info/PKG-INFO
-- Installing: /home/mac/dev_ws/omo_robot/install/omo_r1_interfaces/lib/python3.12/site-packages/omo_r1_interfaces
-- Installing: /home/mac/dev_ws/omo_robot/install/omo_r1_interfaces/lib/python3.12/site-packages/omo_r1_interfaces/__init__.py
-- Installing: /home/mac/dev_ws/omo_robot/install/omo_r1_interfaces/lib/python3.12/site-packages/omo_r1_interfaces/_omo_r1_interfaces_s.ep.rosidl_typesupport_introspection_c.c
-- Installing: /home/mac/dev_ws/omo_robot/install/omo_r1_interfaces/lib/python3.12/site-packages/omo_r1_interfaces/omo_r1_interfaces_s__rosidl_typesupport_fastrtps_c.so
-- Installing: /home/mac/dev_ws/omo_robot/install/omo_r1_interfaces/lib/python3.12/site-packages/omo_r1_interfaces/omo_r1_interfaces_s__rosidl_typesupport_c.so
-- Installing: /home/mac/dev_ws/omo_robot/install/omo_r1_interfaces/lib/python3.12/site-packages/omo_r1_interfaces/_omo_r1_interfaces_s.ep.rosidl_typesupport_c.c
-- Installing: /home/mac/dev_ws/omo_robot/install/omo_r1_interfaces/lib/python3.12/site-packages/omo_r1_interfaces/_omo_r1_interfaces_s.ep.rosidl_typesupport_fastrtps_c.c
-- Installing: /home/mac/dev_ws/omo_robot/install/omo_r1_interfaces/lib/python3.12/site-packages/omo_r1_interfaces/omo_r1_interfaces_s__rosidl_typesupport_introspection_c.so
-- Installing: /home/mac/dev_ws/omo_robot/install/omo_r1_interfaces/lib/python3.12/site-packages/omo_r1_interfaces/srv
-- Installing: /home/mac/dev_ws/omo_robot/install/omo_r1_interfaces/lib/python3.12/site-packages/omo_r1_interfaces/srv/_onoff.py
-- Installing: /home/mac/dev_ws/omo_robot/install/omo_r1_interfaces/lib/python3.12/site-packages/omo_r1_interfaces/srv/__init__.py
-- Installing: /home/mac/dev_ws/omo_robot/install/omo_r1_interfaces/lib/python3.12/site-packages/omo_r1_interfaces/srv/_battery.py
-- Installing: /home/mac/dev_ws/omo_robot/install/omo_r1_interfaces/lib/python3.12/site-packages/omo_r1_interfaces/srv/_save_color.py
-- Installing: /home/mac/dev_ws/omo_robot/install/omo_r1_interfaces/lib/python3.12/site-packages/omo_r1_interfaces/srv/_calg_s.c
-- Installing: /home/mac/dev_ws/omo_robot/install/omo_r1_interfaces/lib/python3.12/site-packages/omo_r1_interfaces/srv/_reset_odom.py
-- Installing: /home/mac/dev_ws/omo_robot/install/omo_r1_interfaces/lib/python3.12/site-packages/omo_r1_interfaces/srv/_battery_s.c
-- Installing: /home/mac/dev_ws/omo_robot/install/omo_r1_interfaces/lib/python3.12/site-packages/omo_r1_interfaces/srv/_color_s.c
-- Installing: /home/mac/dev_ws/omo_robot/install/omo_r1_interfaces/lib/python3.12/site-packages/omo_r1_interfaces/srv/_onoff_s.c
-- Installing: /home/mac/dev_ws/omo_robot/install/omo_r1_interfaces/lib/python3.12/site-packages/omo_r1_interfaces/srv/_calg.py
-- Installing: /home/mac/dev_ws/omo_robot/install/omo_r1_interfaces/lib/python3.12/site-packages/omo_r1_interfaces/srv/_color.py
-- Installing: /home/mac/dev_ws/omo_robot/install/omo_r1_interfaces/lib/python3.12/site-packages/omo_r1_interfaces/srv/_reset_odom_s.c
-- Installing: /home/mac/dev_ws/omo_robot/install/omo_r1_interfaces/lib/python3.12/site-packages/omo_r1_interfaces/srv/_save_color_s.c
Listing '/home/mac/dev_ws/omo_robot/install/omo_r1_interfaces/lib/python3.12/site-packages/omo_r1_interfaces'...
Compiling '/home/mac/dev_ws/omo_robot/install/omo_r1_interfaces/lib/python3.12/site-packages/omo_r1_interfaces/__init__.py'...
Listing '/home/mac/dev_ws/omo_robot/install/omo_r1_interfaces/lib/python3.12/site-packages/omo_r1_interfaces/srv'...
Compiling '/home/mac/dev_ws/omo_robot/install/omo_r1_interfaces/lib/python3.12/site-packages/omo_r1_interfaces/srv/__init__.py'...
Compiling '/home/mac/dev_ws/omo_robot/install/omo_r1_interfaces/lib/python3.12/site-packages/omo_r1_interfaces/srv/_battery.py'...
Compiling '/home/mac/dev_ws/omo_robot/install/omo_r1_interfaces/lib/python3.12/site-packages/omo_r1_interfaces/srv/_calg.py'...
Compiling '/home/mac/dev_ws/omo_robot/install/omo_r1_interfaces/lib/python3.12/site-packages/omo_r1_interfaces/srv/_color.py'...
Compiling '/home/mac/dev_ws/omo_robot/install/omo_r1_interfaces/lib/python3.12/site-packages/omo_r1_interfaces/srv/_onoff.py'...
Compiling '/home/mac/dev_ws/omo_robot/install/omo_r1_interfaces/lib/python3.12/site-packages/omo_r1_interfaces/srv/_reset_odom.py'...
Compiling '/home/mac/dev_ws/omo_robot/install/omo_r1_interfaces/lib/python3.12/site-packages/omo_r1_interfaces/srv/_save_color.py'...
-- Installing: /home/mac/dev_ws/omo_robot/install/omo_r1_interfaces/lib/python3.12/site-packages/omo_r1_interfaces/omo_r1_interfaces_s__rosidl_typesupport_fastrtps_c.so
-- Set non-toolchain portion of runtime path of "/home/mac/dev_ws/omo_robot/install/omo_r1_interfaces/lib/python3.12/site-packages/omo_r1_interfaces/omo_r1_interfaces_s__rosidl_typesupport_fastrtps_c.so" to ""
-- Installing: /home/mac/dev_ws/omo_robot/install/omo_r1_interfaces/lib/python3.12/site-packages/omo_r1_interfaces/omo_r1_interfaces_s__rosidl_typesupport_introspection_c.so
-- Set non-toolchain portion of runtime path of "/home/mac/dev_ws/omo_robot/install/omo_r1_interfaces/lib/python3.12/site-packages/omo_r1_interfaces/omo_r1_interfaces_s__rosidl_typesupport_introspection_c.so" to ""
-- Installing: /home/mac/dev_ws/omo_robot/install/omo_r1_interfaces/lib/python3.12/site-packages/omo_r1_interfaces/omo_r1_interfaces_s__rosidl_typesupport_c.so
-- Set non-toolchain portion of runtime path of "/home/mac/dev_ws/omo_robot/install/omo_r1_interfaces/lib/python3.12/site-packages/omo_r1_interfaces/omo_r1_interfaces_s__rosidl_typesupport_c.so" to ""
-- Installing: /home/mac/dev_ws/omo_robot/install/omo_r1_interfaces/lib/libomo_r1_interfaces__rosidl_generator_py.so
-- Set non-toolchain portion of runtime path of "/home/mac/dev_ws/omo_robot/install/omo_r1_interfaces/lib/libomo_r1_interfaces__rosidl_generator_py.so" to ""
-- Installing: /home/mac/dev_ws/omo_robot/install/omo_r1_interfaces/share/omo_r1_interfaces/srv/Battery.idl
-- Installing: /home/mac/dev_ws/omo_robot/install/omo_r1_interfaces/share/omo_r1_interfaces/srv/Calg.idl
-- Installing: /home/mac/dev_ws/omo_robot/install/omo_r1_interfaces/share/omo_r1_interfaces/srv/Color.idl
-- Installing: /home/mac/dev_ws/omo_robot/install/omo_r1_interfaces/share/omo_r1_interfaces/srv/Onoff.idl
-- Installing: /home/mac/dev_ws/omo_robot/install/omo_r1_interfaces/share/omo_r1_interfaces/srv/ResetOdom.idl
-- Installing: /home/mac/dev_ws/omo_robot/install/omo_r1_interfaces/share/omo_r1_interfaces/srv/SaveColor.idl
-- Installing: /home/mac/dev_ws/omo_robot/install/omo_r1_interfaces/share/omo_r1_interfaces/srv/Battery.srv
-- Installing: /home/mac/dev_ws/omo_robot/install/omo_r1_interfaces/share/omo_r1_interfaces/srv/Calg.srv
-- Installing: /home/mac/dev_ws/omo_robot/install/omo_r1_interfaces/share/omo_r1_interfaces/srv/Color.srv
-- Installing: /home/mac/dev_ws/omo_robot/install/omo_r1_interfaces/share/omo_r1_interfaces/srv/Onoff.srv
-- Installing: /home/mac/dev_ws/omo_robot/install/omo_r1_interfaces/share/omo_r1_interfaces/srv/ResetOdom.srv
-- Installing: /home/mac/dev_ws/omo_robot/install/omo_r1_interfaces/share/omo_r1_interfaces/srv/SaveColor.srv
-- Installing: /home/mac/dev_ws/omo_robot/install/omo_r1_interfaces/share/ament_index/resource_index/package_run_dependencies/omo_r1_interfaces
-- Installing: /home/mac/dev_ws/omo_robot/install/omo_r1_interfaces/share/ament_index/resource_index/parent_prefix_path/omo_r1_interfaces
-- Installing: /home/mac/dev_ws/omo_robot/install/omo_r1_interfaces/share/omo_r1_interfaces/environment/ament_prefix_path.sh
-- Installing: /home/mac/dev_ws/omo_robot/install/omo_r1_interfaces/share/omo_r1_interfaces/environment/ament_prefix_path.dsv
-- Installing: /home/mac/dev_ws/omo_robot/install/omo_r1_interfaces/share/omo_r1_interfaces/environment/path.sh
-- Installing: /home/mac/dev_ws/omo_robot/install/omo_r1_interfaces/share/omo_r1_interfaces/environment/path.dsv
-- Installing: /home/mac/dev_ws/omo_robot/install/omo_r1_interfaces/share/omo_r1_interfaces/local_setup.bash
-- Installing: /home/mac/dev_ws/omo_robot/install/omo_r1_interfaces/share/omo_r1_interfaces/local_setup.sh
-- Installing: /home/mac/dev_ws/omo_robot/install/omo_r1_interfaces/share/omo_r1_interfaces/local_setup.zsh
-- Installing: /home/mac/dev_ws/omo_robot/install/omo_r1_interfaces/share/omo_r1_interfaces/local_setup.dsv
-- Installing: /home/mac/dev_ws/omo_robot/install/omo_r1_interfaces/share/omo_r1_interfaces/package.dsv
-- Installing: /home/mac/dev_ws/omo_robot/install/omo_r1_interfaces/share/ament_index/resource_index/packages/omo_r1_interfaces
-- Installing: /home/mac/dev_ws/omo_robot/install/omo_r1_interfaces/share/omo_r1_interfaces/cmake/export_omo_r1_interfaces__rosidl_generator_cExport.cmake
-- Installing: /home/mac/dev_ws/omo_robot/install/omo_r1_interfaces/share/omo_r1_interfaces/cmake/export_omo_r1_interfaces__rosidl_generator_cExport-noconfig.cmake
-- Installing: /home/mac/dev_ws/omo_robot/install/omo_r1_interfaces/share/omo_r1_interfaces/cmake/export_omo_r1_interfaces__rosidl_typesupport_fastrtps_cExport.cmake
-- Installing: /home/mac/dev_ws/omo_robot/install/omo_r1_interfaces/share/omo_r1_interfaces/cmake/export_omo_r1_interfaces__rosidl_typesupport_fastrtps_cExport-noconfig.cmake
-- Installing: /home/mac/dev_ws/omo_robot/install/omo_r1_interfaces/share/omo_r1_interfaces/cmake/omo_r1_interfaces__rosidl_typesupport_introspection_cExport.cmake
-- Installing: /home/mac/dev_ws/omo_robot/install/omo_r1_interfaces/share/omo_r1_interfaces/cmake/omo_r1_interfaces__rosidl_typesupport_introspection_cExport-noconfig.cmake
-- Installing: /home/mac/dev_ws/omo_robot/install/omo_r1_interfaces/share/omo_r1_interfaces/cmake/omo_r1_interfaces__rosidl_typesupport_cExport.cmake
-- Installing: /home/mac/dev_ws/omo_robot/install/omo_r1_interfaces/share/omo_r1_interfaces/cmake/omo_r1_interfaces__rosidl_typesupport_cExport-noconfig.cmake
-- Installing: /home/mac/dev_ws/omo_robot/install/omo_r1_interfaces/share/omo_r1_interfaces/cmake/export_omo_r1_interfaces__rosidl_generator_cppExport.cmake
-- Installing: /home/mac/dev_ws/omo_robot/install/omo_r1_interfaces/share/omo_r1_interfaces/cmake/export_omo_r1_interfaces__rosidl_typesupport_fastrtps_cppExport.cmake
-- Installing: /home/mac/dev_ws/omo_robot/install/omo_r1_interfaces/share/omo_r1_interfaces/cmake/export_omo_r1_interfaces__rosidl_typesupport_fastrtps_cppExport-noconfig.cmake
-- Installing: /home/mac/dev_ws/omo_robot/install/omo_r1_interfaces/share/omo_r1_interfaces/cmake/omo_r1_interfaces__rosidl_typesupport_introspection_cppExport.cmake
-- Installing: /home/mac/dev_ws/omo_robot/install/omo_r1_interfaces/share/omo_r1_interfaces/cmake/omo_r1_interfaces__rosidl_typesupport_introspection_cppExport-noconfig.cmake
-- Installing: /home/mac/dev_ws/omo_robot/install/omo_r1_interfaces/share/omo_r1_interfaces/cmake/omo_r1_interfaces__rosidl_typesupport_cppExport.cmake
-- Installing: /home/mac/dev_ws/omo_robot/install/omo_r1_interfaces/share/omo_r1_interfaces/cmake/omo_r1_interfaces__rosidl_typesupport_cppExport-noconfig.cmake
-- Installing: /home/mac/dev_ws/omo_robot/install/omo_r1_interfaces/share/omo_r1_interfaces/cmake/export_omo_r1_interfaces__rosidl_generator_pyExport.cmake
-- Installing: /home/mac/dev_ws/omo_robot/install/omo_r1_interfaces/share/omo_r1_interfaces/cmake/export_omo_r1_interfaces__rosidl_generator_pyExport-noconfig.cmake
-- Installing: /home/mac/dev_ws/omo_robot/install/omo_r1_interfaces/share/omo_r1_interfaces/cmake/rosidl_cmake-extras.cmake
-- Installing: /home/mac/dev_ws/omo_robot/install/omo_r1_interfaces/share/omo_r1_interfaces/cmake/ament_cmake_export_dependencies-extras.cmake
-- Installing: /home/mac/dev_ws/omo_robot/install/omo_r1_interfaces/share/omo_r1_interfaces/cmake/ament_cmake_export_include_directories-extras.cmake
-- Installing: /home/mac/dev_ws/omo_robot/install/omo_r1_interfaces/share/omo_r1_interfaces/cmake/ament_cmake_export_libraries-extras.cmake
-- Installing: /home/mac/dev_ws/omo_robot/install/omo_r1_interfaces/share/omo_r1_interfaces/cmake/ament_cmake_export_targets-extras.cmake
-- Installing: /home/mac/dev_ws/omo_robot/install/omo_r1_interfaces/share/omo_r1_interfaces/cmake/rosidl_cmake_export_typesupport_targets-extras.cmake
-- Installing: /home/mac/dev_ws/omo_robot/install/omo_r1_interfaces/share/omo_r1_interfaces/cmake/rosidl_cmake_export_typesupport_libraries-extras.cmake
-- Installing: /home/mac/dev_ws/omo_robot/install/omo_r1_interfaces/share/omo_r1_interfaces/cmake/omo_r1_interfacesConfig.cmake
-- Installing: /home/mac/dev_ws/omo_robot/install/omo_r1_interfaces/share/omo_r1_interfaces/cmake/omo_r1_interfacesConfig-version.cmake
-- Installing: /home/mac/dev_ws/omo_robot/install/omo_r1_interfaces/share/omo_r1_interfaces/package.xml
