[0.045s] Invoking command in '/home/mac/dev_ws/omo_robot/build/omo_r1_interfaces': CMAKE_PREFIX_PATH=${CMAKE_PREFIX_PATH}:/opt/ros/jazzy DEBUGINFOD_URLS=https://debuginfod.ubuntu.com PS1=(ros_venv) \[\e[1;34m\](ID: ${ROS_DOMAIN_ID:-0})\[\e[1;32m\]\u\[\e[0m\]:\[\e[1;34m\]\w\[\e[0m\]$ VIRTUAL_ENV_PROMPT=(ros_venv) /usr/bin/cmake --build /home/mac/dev_ws/omo_robot/build/omo_r1_interfaces -- -j16 -l16
[0.140s] [  1%] [34m[1mGenerating type hashes for ROS interfaces[0m
[0.155s] [  1%] Built target ament_cmake_python_copy_omo_r1_interfaces
[0.511s] running egg_info
[0.530s] creating omo_r1_interfaces.egg-info
[0.530s] writing omo_r1_interfaces.egg-info/PKG-INFO
[0.531s] writing dependency_links to omo_r1_interfaces.egg-info/dependency_links.txt
[0.531s] writing top-level names to omo_r1_interfaces.egg-info/top_level.txt
[0.531s] writing manifest file 'omo_r1_interfaces.egg-info/SOURCES.txt'
[0.569s] [  1%] Built target omo_r1_interfaces__rosidl_generator_type_description
[0.587s] reading manifest file 'omo_r1_interfaces.egg-info/SOURCES.txt'
[0.588s] writing manifest file 'omo_r1_interfaces.egg-info/SOURCES.txt'
[0.589s] [  2%] [34m[1mGenerating C code for ROS interfaces[0m
[0.614s] [  3%] [34m[1mGenerating C++ code for ROS interfaces[0m
[0.667s] [  3%] Built target ament_cmake_python_build_omo_r1_interfaces_egg
[1.603s] [  3%] Built target omo_r1_interfaces__cpp
[1.737s] [ 16%] [32mBuilding C object CMakeFiles/omo_r1_interfaces__rosidl_generator_c.dir/rosidl_generator_c/omo_r1_interfaces/srv/detail/calg__functions.c.o[0m
[1.737s] [ 17%] [32mBuilding C object CMakeFiles/omo_r1_interfaces__rosidl_generator_c.dir/rosidl_generator_c/omo_r1_interfaces/srv/detail/calg__description.c.o[0m
[1.738s] [ 16%] [32mBuilding C object CMakeFiles/omo_r1_interfaces__rosidl_generator_c.dir/rosidl_generator_c/omo_r1_interfaces/srv/detail/battery__description.c.o[0m
[1.738s] [ 16%] [32mBuilding C object CMakeFiles/omo_r1_interfaces__rosidl_generator_c.dir/rosidl_generator_c/omo_r1_interfaces/srv/detail/color__functions.c.o[0m
[1.738s] [ 16%] [32mBuilding C object CMakeFiles/omo_r1_interfaces__rosidl_generator_c.dir/rosidl_generator_c/omo_r1_interfaces/srv/detail/reset_odom__functions.c.o[0m
[1.739s] [ 16%] [32mBuilding C object CMakeFiles/omo_r1_interfaces__rosidl_generator_c.dir/rosidl_generator_c/omo_r1_interfaces/srv/detail/battery__type_support.c.o[0m
[1.739s] [ 16%] [32mBuilding C object CMakeFiles/omo_r1_interfaces__rosidl_generator_c.dir/rosidl_generator_c/omo_r1_interfaces/srv/detail/onoff__functions.c.o[0m
[1.739s] [ 16%] [32mBuilding C object CMakeFiles/omo_r1_interfaces__rosidl_generator_c.dir/rosidl_generator_c/omo_r1_interfaces/srv/detail/save_color__description.c.o[0m
[1.739s] [ 16%] [32mBuilding C object CMakeFiles/omo_r1_interfaces__rosidl_generator_c.dir/rosidl_generator_c/omo_r1_interfaces/srv/detail/color__description.c.o[0m
[1.739s] [ 16%] [32mBuilding C object CMakeFiles/omo_r1_interfaces__rosidl_generator_c.dir/rosidl_generator_c/omo_r1_interfaces/srv/detail/battery__functions.c.o[0m
[1.739s] [ 21%] [32mBuilding C object CMakeFiles/omo_r1_interfaces__rosidl_generator_c.dir/rosidl_generator_c/omo_r1_interfaces/srv/detail/calg__type_support.c.o[0m
[1.739s] [ 21%] [32mBuilding C object CMakeFiles/omo_r1_interfaces__rosidl_generator_c.dir/rosidl_generator_c/omo_r1_interfaces/srv/detail/reset_odom__description.c.o[0m
[1.739s] [ 19%] [32mBuilding C object CMakeFiles/omo_r1_interfaces__rosidl_generator_c.dir/rosidl_generator_c/omo_r1_interfaces/srv/detail/color__type_support.c.o[0m
[1.739s] [ 19%] [32mBuilding C object CMakeFiles/omo_r1_interfaces__rosidl_generator_c.dir/rosidl_generator_c/omo_r1_interfaces/srv/detail/onoff__description.c.o[0m
[1.739s] [ 21%] [32mBuilding C object CMakeFiles/omo_r1_interfaces__rosidl_generator_c.dir/rosidl_generator_c/omo_r1_interfaces/srv/detail/onoff__type_support.c.o[0m
[1.739s] [ 22%] [32mBuilding C object CMakeFiles/omo_r1_interfaces__rosidl_generator_c.dir/rosidl_generator_c/omo_r1_interfaces/srv/detail/reset_odom__type_support.c.o[0m
[1.804s] [ 25%] [32mBuilding C object CMakeFiles/omo_r1_interfaces__rosidl_generator_c.dir/rosidl_generator_c/omo_r1_interfaces/srv/detail/save_color__functions.c.o[0m
[1.804s] [ 25%] [32mBuilding C object CMakeFiles/omo_r1_interfaces__rosidl_generator_c.dir/rosidl_generator_c/omo_r1_interfaces/srv/detail/save_color__type_support.c.o[0m
[1.867s] [ 26%] [32m[1mLinking C shared library libomo_r1_interfaces__rosidl_generator_c.so[0m
[1.917s] [ 26%] Built target omo_r1_interfaces__rosidl_generator_c
[1.930s] [ 33%] [34m[1mGenerating C++ type support dispatch for ROS interfaces[0m
[1.930s] [ 33%] [34m[1mGenerating C++ type support for eProsima Fast-RTPS[0m
[1.930s] [ 33%] [34m[1mGenerating C type support dispatch for ROS interfaces[0m
[1.930s] [ 33%] [34m[1mGenerating C++ introspection for ROS interfaces[0m
[1.930s] [ 33%] [34m[1mGenerating C type support for eProsima Fast-RTPS[0m
[1.930s] [ 33%] [34m[1mGenerating C introspection for ROS interfaces[0m
[2.557s] [ 34%] [32mBuilding CXX object CMakeFiles/omo_r1_interfaces__rosidl_typesupport_c.dir/rosidl_typesupport_c/omo_r1_interfaces/srv/calg__type_support.cpp.o[0m
[2.558s] [ 36%] [32mBuilding CXX object CMakeFiles/omo_r1_interfaces__rosidl_typesupport_c.dir/rosidl_typesupport_c/omo_r1_interfaces/srv/color__type_support.cpp.o[0m
[2.558s] [ 36%] [32mBuilding CXX object CMakeFiles/omo_r1_interfaces__rosidl_typesupport_c.dir/rosidl_typesupport_c/omo_r1_interfaces/srv/battery__type_support.cpp.o[0m
[2.558s] [ 38%] [32mBuilding CXX object CMakeFiles/omo_r1_interfaces__rosidl_typesupport_c.dir/rosidl_typesupport_c/omo_r1_interfaces/srv/save_color__type_support.cpp.o[0m
[2.560s] [ 39%] [32mBuilding CXX object CMakeFiles/omo_r1_interfaces__rosidl_typesupport_c.dir/rosidl_typesupport_c/omo_r1_interfaces/srv/reset_odom__type_support.cpp.o[0m
[2.563s] [ 40%] [32mBuilding CXX object CMakeFiles/omo_r1_interfaces__rosidl_typesupport_c.dir/rosidl_typesupport_c/omo_r1_interfaces/srv/onoff__type_support.cpp.o[0m
[2.635s] [ 42%] [32mBuilding CXX object CMakeFiles/omo_r1_interfaces__rosidl_typesupport_cpp.dir/rosidl_typesupport_cpp/omo_r1_interfaces/srv/battery__type_support.cpp.o[0m
[2.636s] [ 42%] [32mBuilding CXX object CMakeFiles/omo_r1_interfaces__rosidl_typesupport_cpp.dir/rosidl_typesupport_cpp/omo_r1_interfaces/srv/calg__type_support.cpp.o[0m
[2.638s] [ 44%] [32mBuilding CXX object CMakeFiles/omo_r1_interfaces__rosidl_typesupport_cpp.dir/rosidl_typesupport_cpp/omo_r1_interfaces/srv/onoff__type_support.cpp.o[0m
[2.640s] [ 45%] [32mBuilding CXX object CMakeFiles/omo_r1_interfaces__rosidl_typesupport_cpp.dir/rosidl_typesupport_cpp/omo_r1_interfaces/srv/color__type_support.cpp.o[0m
[2.663s] [ 46%] [32mBuilding CXX object CMakeFiles/omo_r1_interfaces__rosidl_typesupport_cpp.dir/rosidl_typesupport_cpp/omo_r1_interfaces/srv/reset_odom__type_support.cpp.o[0m
[2.678s] [ 47%] [32mBuilding CXX object CMakeFiles/omo_r1_interfaces__rosidl_typesupport_cpp.dir/rosidl_typesupport_cpp/omo_r1_interfaces/srv/save_color__type_support.cpp.o[0m
[2.838s] [ 48%] [32m[1mLinking CXX shared library libomo_r1_interfaces__rosidl_typesupport_c.so[0m
[3.061s] [ 48%] Built target omo_r1_interfaces__rosidl_typesupport_c
[3.424s] [ 50%] [32mBuilding CXX object CMakeFiles/omo_r1_interfaces__rosidl_typesupport_introspection_cpp.dir/rosidl_typesupport_introspection_cpp/omo_r1_interfaces/srv/detail/calg__type_support.cpp.o[0m
[3.426s] [ 51%] [32mBuilding CXX object CMakeFiles/omo_r1_interfaces__rosidl_typesupport_introspection_cpp.dir/rosidl_typesupport_introspection_cpp/omo_r1_interfaces/srv/detail/battery__type_support.cpp.o[0m
[3.469s] [ 52%] [32mBuilding CXX object CMakeFiles/omo_r1_interfaces__rosidl_typesupport_introspection_cpp.dir/rosidl_typesupport_introspection_cpp/omo_r1_interfaces/srv/detail/color__type_support.cpp.o[0m
[3.512s] [ 53%] [32mBuilding CXX object CMakeFiles/omo_r1_interfaces__rosidl_typesupport_introspection_cpp.dir/rosidl_typesupport_introspection_cpp/omo_r1_interfaces/srv/detail/onoff__type_support.cpp.o[0m
[3.570s] [ 54%] [32mBuilding CXX object CMakeFiles/omo_r1_interfaces__rosidl_typesupport_introspection_cpp.dir/rosidl_typesupport_introspection_cpp/omo_r1_interfaces/srv/detail/reset_odom__type_support.cpp.o[0m
[3.585s] [ 55%] [32mBuilding CXX object CMakeFiles/omo_r1_interfaces__rosidl_typesupport_introspection_cpp.dir/rosidl_typesupport_introspection_cpp/omo_r1_interfaces/srv/detail/save_color__type_support.cpp.o[0m
[3.952s] [ 57%] [32mBuilding C object CMakeFiles/omo_r1_interfaces__rosidl_typesupport_introspection_c.dir/rosidl_typesupport_introspection_c/omo_r1_interfaces/srv/detail/calg__type_support.c.o[0m
[3.962s] [ 58%] [32mBuilding C object CMakeFiles/omo_r1_interfaces__rosidl_typesupport_introspection_c.dir/rosidl_typesupport_introspection_c/omo_r1_interfaces/srv/detail/battery__type_support.c.o[0m
[4.290s] [ 59%] [32mBuilding C object CMakeFiles/omo_r1_interfaces__rosidl_typesupport_introspection_c.dir/rosidl_typesupport_introspection_c/omo_r1_interfaces/srv/detail/color__type_support.c.o[0m
[4.315s] [ 60%] [32mBuilding C object CMakeFiles/omo_r1_interfaces__rosidl_typesupport_introspection_c.dir/rosidl_typesupport_introspection_c/omo_r1_interfaces/srv/detail/onoff__type_support.c.o[0m
[4.322s] [ 61%] [32mBuilding C object CMakeFiles/omo_r1_interfaces__rosidl_typesupport_introspection_c.dir/rosidl_typesupport_introspection_c/omo_r1_interfaces/srv/detail/reset_odom__type_support.c.o[0m
[4.412s] [ 63%] [32mBuilding C object CMakeFiles/omo_r1_interfaces__rosidl_typesupport_introspection_c.dir/rosidl_typesupport_introspection_c/omo_r1_interfaces/srv/detail/save_color__type_support.c.o[0m
[4.497s] [ 64%] [32m[1mLinking CXX shared library libomo_r1_interfaces__rosidl_typesupport_cpp.so[0m
[4.643s] [ 65%] [32m[1mLinking C shared library libomo_r1_interfaces__rosidl_typesupport_introspection_c.so[0m
[4.813s] [ 65%] Built target omo_r1_interfaces__rosidl_typesupport_introspection_c
[4.890s] [ 65%] Built target omo_r1_interfaces__rosidl_typesupport_cpp
[5.200s] [ 66%] [32mBuilding CXX object CMakeFiles/omo_r1_interfaces__rosidl_typesupport_fastrtps_cpp.dir/rosidl_typesupport_fastrtps_cpp/omo_r1_interfaces/srv/detail/dds_fastrtps/onoff__type_support.cpp.o[0m
[5.215s] [ 67%] [32mBuilding CXX object CMakeFiles/omo_r1_interfaces__rosidl_typesupport_fastrtps_cpp.dir/rosidl_typesupport_fastrtps_cpp/omo_r1_interfaces/srv/detail/dds_fastrtps/battery__type_support.cpp.o[0m
[5.238s] [ 69%] [32mBuilding CXX object CMakeFiles/omo_r1_interfaces__rosidl_typesupport_fastrtps_cpp.dir/rosidl_typesupport_fastrtps_cpp/omo_r1_interfaces/srv/detail/dds_fastrtps/color__type_support.cpp.o[0m
[5.238s] [ 70%] [32mBuilding CXX object CMakeFiles/omo_r1_interfaces__rosidl_typesupport_fastrtps_cpp.dir/rosidl_typesupport_fastrtps_cpp/omo_r1_interfaces/srv/detail/dds_fastrtps/reset_odom__type_support.cpp.o[0m
[5.239s] [ 71%] [32mBuilding CXX object CMakeFiles/omo_r1_interfaces__rosidl_typesupport_fastrtps_cpp.dir/rosidl_typesupport_fastrtps_cpp/omo_r1_interfaces/srv/detail/dds_fastrtps/save_color__type_support.cpp.o[0m
[5.239s] [ 72%] [32mBuilding CXX object CMakeFiles/omo_r1_interfaces__rosidl_typesupport_fastrtps_cpp.dir/rosidl_typesupport_fastrtps_cpp/omo_r1_interfaces/srv/detail/dds_fastrtps/calg__type_support.cpp.o[0m
[5.244s] [ 73%] [32mBuilding CXX object CMakeFiles/omo_r1_interfaces__rosidl_typesupport_fastrtps_c.dir/rosidl_typesupport_fastrtps_c/omo_r1_interfaces/srv/detail/battery__type_support_c.cpp.o[0m
[5.247s] [ 76%] [32mBuilding CXX object CMakeFiles/omo_r1_interfaces__rosidl_typesupport_fastrtps_c.dir/rosidl_typesupport_fastrtps_c/omo_r1_interfaces/srv/detail/onoff__type_support_c.cpp.o[0m
[5.248s] [ 76%] [32mBuilding CXX object CMakeFiles/omo_r1_interfaces__rosidl_typesupport_fastrtps_c.dir/rosidl_typesupport_fastrtps_c/omo_r1_interfaces/srv/detail/calg__type_support_c.cpp.o[0m
[5.249s] [ 77%] [32mBuilding CXX object CMakeFiles/omo_r1_interfaces__rosidl_typesupport_fastrtps_c.dir/rosidl_typesupport_fastrtps_c/omo_r1_interfaces/srv/detail/color__type_support_c.cpp.o[0m
[5.293s] [ 78%] [32mBuilding CXX object CMakeFiles/omo_r1_interfaces__rosidl_typesupport_fastrtps_c.dir/rosidl_typesupport_fastrtps_c/omo_r1_interfaces/srv/detail/save_color__type_support_c.cpp.o[0m
[5.319s] [ 79%] [32mBuilding CXX object CMakeFiles/omo_r1_interfaces__rosidl_typesupport_fastrtps_c.dir/rosidl_typesupport_fastrtps_c/omo_r1_interfaces/srv/detail/reset_odom__type_support_c.cpp.o[0m
[5.527s] [ 80%] [32m[1mLinking CXX shared library libomo_r1_interfaces__rosidl_typesupport_introspection_cpp.so[0m
[5.956s] [ 80%] Built target omo_r1_interfaces__rosidl_typesupport_introspection_cpp
[7.358s] [ 82%] [32m[1mLinking CXX shared library libomo_r1_interfaces__rosidl_typesupport_fastrtps_c.so[0m
[7.452s] [ 83%] [32m[1mLinking CXX shared library libomo_r1_interfaces__rosidl_typesupport_fastrtps_cpp.so[0m
[7.464s] [ 83%] Built target omo_r1_interfaces__rosidl_typesupport_fastrtps_c
[7.590s] [ 83%] Built target omo_r1_interfaces__rosidl_typesupport_fastrtps_cpp
[7.627s] [ 83%] Built target omo_r1_interfaces
[7.663s] [ 84%] [34m[1mGenerating Python code for ROS interfaces[0m
[8.698s] [ 84%] Built target omo_r1_interfaces__py
[8.719s] [ 90%] [32mBuilding C object CMakeFiles/omo_r1_interfaces__rosidl_generator_py.dir/rosidl_generator_py/omo_r1_interfaces/srv/_battery_s.c.o[0m
[8.719s] [ 90%] [32mBuilding C object CMakeFiles/omo_r1_interfaces__rosidl_generator_py.dir/rosidl_generator_py/omo_r1_interfaces/srv/_reset_odom_s.c.o[0m
[8.719s] [ 90%] [32mBuilding C object CMakeFiles/omo_r1_interfaces__rosidl_generator_py.dir/rosidl_generator_py/omo_r1_interfaces/srv/_save_color_s.c.o[0m
[8.719s] [ 90%] [32mBuilding C object CMakeFiles/omo_r1_interfaces__rosidl_generator_py.dir/rosidl_generator_py/omo_r1_interfaces/srv/_color_s.c.o[0m
[8.719s] [ 90%] [32mBuilding C object CMakeFiles/omo_r1_interfaces__rosidl_generator_py.dir/rosidl_generator_py/omo_r1_interfaces/srv/_onoff_s.c.o[0m
[8.719s] [ 91%] [32mBuilding C object CMakeFiles/omo_r1_interfaces__rosidl_generator_py.dir/rosidl_generator_py/omo_r1_interfaces/srv/_calg_s.c.o[0m
[8.824s] [ 92%] [32m[1mLinking C shared library libomo_r1_interfaces__rosidl_generator_py.so[0m
[8.863s] [ 92%] Built target omo_r1_interfaces__rosidl_generator_py
[8.884s] [ 96%] [32mBuilding C object CMakeFiles/omo_r1_interfaces_s__rosidl_typesupport_fastrtps_c.dir/rosidl_generator_py/omo_r1_interfaces/_omo_r1_interfaces_s.ep.rosidl_typesupport_fastrtps_c.c.o[0m
[8.884s] [ 96%] [32mBuilding C object CMakeFiles/omo_r1_interfaces_s__rosidl_typesupport_c.dir/rosidl_generator_py/omo_r1_interfaces/_omo_r1_interfaces_s.ep.rosidl_typesupport_c.c.o[0m
[8.884s] [ 96%] [32mBuilding C object CMakeFiles/omo_r1_interfaces_s__rosidl_typesupport_introspection_c.dir/rosidl_generator_py/omo_r1_interfaces/_omo_r1_interfaces_s.ep.rosidl_typesupport_introspection_c.c.o[0m
[8.983s] [100%] [32m[1mLinking C shared module rosidl_generator_py/omo_r1_interfaces/omo_r1_interfaces_s__rosidl_typesupport_c.so[0m
[8.983s] [100%] [32m[1mLinking C shared module rosidl_generator_py/omo_r1_interfaces/omo_r1_interfaces_s__rosidl_typesupport_introspection_c.so[0m
[8.983s] [100%] [32m[1mLinking C shared module rosidl_generator_py/omo_r1_interfaces/omo_r1_interfaces_s__rosidl_typesupport_fastrtps_c.so[0m
[9.012s] [100%] Built target omo_r1_interfaces_s__rosidl_typesupport_introspection_c
[9.012s] [100%] Built target omo_r1_interfaces_s__rosidl_typesupport_c
[9.012s] [100%] Built target omo_r1_interfaces_s__rosidl_typesupport_fastrtps_c
[9.023s] Invoked command in '/home/mac/dev_ws/omo_robot/build/omo_r1_interfaces' returned '0': CMAKE_PREFIX_PATH=${CMAKE_PREFIX_PATH}:/opt/ros/jazzy DEBUGINFOD_URLS=https://debuginfod.ubuntu.com PS1=(ros_venv) \[\e[1;34m\](ID: ${ROS_DOMAIN_ID:-0})\[\e[1;32m\]\u\[\e[0m\]:\[\e[1;34m\]\w\[\e[0m\]$ VIRTUAL_ENV_PROMPT=(ros_venv) /usr/bin/cmake --build /home/mac/dev_ws/omo_robot/build/omo_r1_interfaces -- -j16 -l16
[9.025s] Invoking command in '/home/mac/dev_ws/omo_robot/build/omo_r1_interfaces': CMAKE_PREFIX_PATH=${CMAKE_PREFIX_PATH}:/opt/ros/jazzy DEBUGINFOD_URLS=https://debuginfod.ubuntu.com PS1=(ros_venv) \[\e[1;34m\](ID: ${ROS_DOMAIN_ID:-0})\[\e[1;32m\]\u\[\e[0m\]:\[\e[1;34m\]\w\[\e[0m\]$ VIRTUAL_ENV_PROMPT=(ros_venv) /usr/bin/cmake --install /home/mac/dev_ws/omo_robot/build/omo_r1_interfaces
[9.032s] -- Install configuration: ""
[9.032s] -- Installing: /home/mac/dev_ws/omo_robot/install/omo_r1_interfaces/share/ament_index/resource_index/rosidl_interfaces/omo_r1_interfaces
[9.032s] -- Installing: /home/mac/dev_ws/omo_robot/install/omo_r1_interfaces/share/omo_r1_interfaces/srv/Battery.json
[9.032s] -- Installing: /home/mac/dev_ws/omo_robot/install/omo_r1_interfaces/share/omo_r1_interfaces/srv/Calg.json
[9.033s] -- Installing: /home/mac/dev_ws/omo_robot/install/omo_r1_interfaces/share/omo_r1_interfaces/srv/Color.json
[9.033s] -- Installing: /home/mac/dev_ws/omo_robot/install/omo_r1_interfaces/share/omo_r1_interfaces/srv/Onoff.json
[9.033s] -- Installing: /home/mac/dev_ws/omo_robot/install/omo_r1_interfaces/share/omo_r1_interfaces/srv/ResetOdom.json
[9.033s] -- Installing: /home/mac/dev_ws/omo_robot/install/omo_r1_interfaces/share/omo_r1_interfaces/srv/SaveColor.json
[9.033s] -- Installing: /home/mac/dev_ws/omo_robot/install/omo_r1_interfaces/include/omo_r1_interfaces/omo_r1_interfaces
[9.033s] -- Installing: /home/mac/dev_ws/omo_robot/install/omo_r1_interfaces/include/omo_r1_interfaces/omo_r1_interfaces/msg
[9.033s] -- Installing: /home/mac/dev_ws/omo_robot/install/omo_r1_interfaces/include/omo_r1_interfaces/omo_r1_interfaces/msg/rosidl_generator_c__visibility_control.h
[9.033s] -- Installing: /home/mac/dev_ws/omo_robot/install/omo_r1_interfaces/include/omo_r1_interfaces/omo_r1_interfaces/srv
[9.033s] -- Installing: /home/mac/dev_ws/omo_robot/install/omo_r1_interfaces/include/omo_r1_interfaces/omo_r1_interfaces/srv/color.h
[9.033s] -- Installing: /home/mac/dev_ws/omo_robot/install/omo_r1_interfaces/include/omo_r1_interfaces/omo_r1_interfaces/srv/detail
[9.033s] -- Installing: /home/mac/dev_ws/omo_robot/install/omo_r1_interfaces/include/omo_r1_interfaces/omo_r1_interfaces/srv/detail/color__type_support.h
[9.033s] -- Installing: /home/mac/dev_ws/omo_robot/install/omo_r1_interfaces/include/omo_r1_interfaces/omo_r1_interfaces/srv/detail/onoff__type_support.h
[9.033s] -- Installing: /home/mac/dev_ws/omo_robot/install/omo_r1_interfaces/include/omo_r1_interfaces/omo_r1_interfaces/srv/detail/reset_odom__struct.h
[9.033s] -- Installing: /home/mac/dev_ws/omo_robot/install/omo_r1_interfaces/include/omo_r1_interfaces/omo_r1_interfaces/srv/detail/battery__struct.h
[9.033s] -- Installing: /home/mac/dev_ws/omo_robot/install/omo_r1_interfaces/include/omo_r1_interfaces/omo_r1_interfaces/srv/detail/color__description.c
[9.033s] -- Installing: /home/mac/dev_ws/omo_robot/install/omo_r1_interfaces/include/omo_r1_interfaces/omo_r1_interfaces/srv/detail/onoff__functions.h
[9.034s] -- Installing: /home/mac/dev_ws/omo_robot/install/omo_r1_interfaces/include/omo_r1_interfaces/omo_r1_interfaces/srv/detail/color__struct.h
[9.034s] -- Installing: /home/mac/dev_ws/omo_robot/install/omo_r1_interfaces/include/omo_r1_interfaces/omo_r1_interfaces/srv/detail/onoff__description.c
[9.034s] -- Installing: /home/mac/dev_ws/omo_robot/install/omo_r1_interfaces/include/omo_r1_interfaces/omo_r1_interfaces/srv/detail/reset_odom__functions.h
[9.034s] -- Installing: /home/mac/dev_ws/omo_robot/install/omo_r1_interfaces/include/omo_r1_interfaces/omo_r1_interfaces/srv/detail/reset_odom__type_support.h
[9.034s] -- Installing: /home/mac/dev_ws/omo_robot/install/omo_r1_interfaces/include/omo_r1_interfaces/omo_r1_interfaces/srv/detail/calg__functions.c
[9.034s] -- Installing: /home/mac/dev_ws/omo_robot/install/omo_r1_interfaces/include/omo_r1_interfaces/omo_r1_interfaces/srv/detail/battery__description.c
[9.034s] -- Installing: /home/mac/dev_ws/omo_robot/install/omo_r1_interfaces/include/omo_r1_interfaces/omo_r1_interfaces/srv/detail/onoff__type_support.c
[9.034s] -- Installing: /home/mac/dev_ws/omo_robot/install/omo_r1_interfaces/include/omo_r1_interfaces/omo_r1_interfaces/srv/detail/calg__struct.h
[9.034s] -- Installing: /home/mac/dev_ws/omo_robot/install/omo_r1_interfaces/include/omo_r1_interfaces/omo_r1_interfaces/srv/detail/color__functions.h
[9.035s] -- Installing: /home/mac/dev_ws/omo_robot/install/omo_r1_interfaces/include/omo_r1_interfaces/omo_r1_interfaces/srv/detail/onoff__struct.h
[9.035s] -- Installing: /home/mac/dev_ws/omo_robot/install/omo_r1_interfaces/include/omo_r1_interfaces/omo_r1_interfaces/srv/detail/calg__description.c
[9.035s] -- Installing: /home/mac/dev_ws/omo_robot/install/omo_r1_interfaces/include/omo_r1_interfaces/omo_r1_interfaces/srv/detail/battery__functions.h
[9.035s] -- Installing: /home/mac/dev_ws/omo_robot/install/omo_r1_interfaces/include/omo_r1_interfaces/omo_r1_interfaces/srv/detail/save_color__type_support.h
[9.035s] -- Installing: /home/mac/dev_ws/omo_robot/install/omo_r1_interfaces/include/omo_r1_interfaces/omo_r1_interfaces/srv/detail/onoff__functions.c
[9.035s] -- Installing: /home/mac/dev_ws/omo_robot/install/omo_r1_interfaces/include/omo_r1_interfaces/omo_r1_interfaces/srv/detail/save_color__description.c
[9.035s] -- Installing: /home/mac/dev_ws/omo_robot/install/omo_r1_interfaces/include/omo_r1_interfaces/omo_r1_interfaces/srv/detail/reset_odom__type_support.c
[9.035s] -- Installing: /home/mac/dev_ws/omo_robot/install/omo_r1_interfaces/include/omo_r1_interfaces/omo_r1_interfaces/srv/detail/calg__type_support.c
[9.035s] -- Installing: /home/mac/dev_ws/omo_robot/install/omo_r1_interfaces/include/omo_r1_interfaces/omo_r1_interfaces/srv/detail/color__functions.c
[9.036s] -- Installing: /home/mac/dev_ws/omo_robot/install/omo_r1_interfaces/include/omo_r1_interfaces/omo_r1_interfaces/srv/detail/battery__type_support.c
[9.036s] -- Installing: /home/mac/dev_ws/omo_robot/install/omo_r1_interfaces/include/omo_r1_interfaces/omo_r1_interfaces/srv/detail/battery__functions.c
[9.036s] -- Installing: /home/mac/dev_ws/omo_robot/install/omo_r1_interfaces/include/omo_r1_interfaces/omo_r1_interfaces/srv/detail/color__type_support.c
[9.036s] -- Installing: /home/mac/dev_ws/omo_robot/install/omo_r1_interfaces/include/omo_r1_interfaces/omo_r1_interfaces/srv/detail/reset_odom__functions.c
[9.036s] -- Installing: /home/mac/dev_ws/omo_robot/install/omo_r1_interfaces/include/omo_r1_interfaces/omo_r1_interfaces/srv/detail/save_color__functions.c
[9.036s] -- Installing: /home/mac/dev_ws/omo_robot/install/omo_r1_interfaces/include/omo_r1_interfaces/omo_r1_interfaces/srv/detail/reset_odom__description.c
[9.036s] -- Installing: /home/mac/dev_ws/omo_robot/install/omo_r1_interfaces/include/omo_r1_interfaces/omo_r1_interfaces/srv/detail/calg__functions.h
[9.036s] -- Installing: /home/mac/dev_ws/omo_robot/install/omo_r1_interfaces/include/omo_r1_interfaces/omo_r1_interfaces/srv/detail/save_color__functions.h
[9.036s] -- Installing: /home/mac/dev_ws/omo_robot/install/omo_r1_interfaces/include/omo_r1_interfaces/omo_r1_interfaces/srv/detail/battery__type_support.h
[9.037s] -- Installing: /home/mac/dev_ws/omo_robot/install/omo_r1_interfaces/include/omo_r1_interfaces/omo_r1_interfaces/srv/detail/calg__type_support.h
[9.037s] -- Installing: /home/mac/dev_ws/omo_robot/install/omo_r1_interfaces/include/omo_r1_interfaces/omo_r1_interfaces/srv/detail/save_color__struct.h
[9.037s] -- Installing: /home/mac/dev_ws/omo_robot/install/omo_r1_interfaces/include/omo_r1_interfaces/omo_r1_interfaces/srv/detail/save_color__type_support.c
[9.037s] -- Installing: /home/mac/dev_ws/omo_robot/install/omo_r1_interfaces/include/omo_r1_interfaces/omo_r1_interfaces/srv/onoff.h
[9.037s] -- Installing: /home/mac/dev_ws/omo_robot/install/omo_r1_interfaces/include/omo_r1_interfaces/omo_r1_interfaces/srv/save_color.h
[9.037s] -- Installing: /home/mac/dev_ws/omo_robot/install/omo_r1_interfaces/include/omo_r1_interfaces/omo_r1_interfaces/srv/reset_odom.h
[9.037s] -- Installing: /home/mac/dev_ws/omo_robot/install/omo_r1_interfaces/include/omo_r1_interfaces/omo_r1_interfaces/srv/battery.h
[9.037s] -- Installing: /home/mac/dev_ws/omo_robot/install/omo_r1_interfaces/include/omo_r1_interfaces/omo_r1_interfaces/srv/calg.h
[9.037s] -- Installing: /home/mac/dev_ws/omo_robot/install/omo_r1_interfaces/share/omo_r1_interfaces/environment/library_path.sh
[9.038s] -- Installing: /home/mac/dev_ws/omo_robot/install/omo_r1_interfaces/share/omo_r1_interfaces/environment/library_path.dsv
[9.038s] -- Installing: /home/mac/dev_ws/omo_robot/install/omo_r1_interfaces/lib/libomo_r1_interfaces__rosidl_generator_c.so
[9.038s] -- Set non-toolchain portion of runtime path of "/home/mac/dev_ws/omo_robot/install/omo_r1_interfaces/lib/libomo_r1_interfaces__rosidl_generator_c.so" to ""
[9.038s] -- Up-to-date: /home/mac/dev_ws/omo_robot/install/omo_r1_interfaces/include/omo_r1_interfaces/omo_r1_interfaces
[9.038s] -- Up-to-date: /home/mac/dev_ws/omo_robot/install/omo_r1_interfaces/include/omo_r1_interfaces/omo_r1_interfaces/msg
[9.038s] -- Installing: /home/mac/dev_ws/omo_robot/install/omo_r1_interfaces/include/omo_r1_interfaces/omo_r1_interfaces/msg/rosidl_typesupport_fastrtps_c__visibility_control.h
[9.038s] -- Up-to-date: /home/mac/dev_ws/omo_robot/install/omo_r1_interfaces/include/omo_r1_interfaces/omo_r1_interfaces/srv
[9.039s] -- Up-to-date: /home/mac/dev_ws/omo_robot/install/omo_r1_interfaces/include/omo_r1_interfaces/omo_r1_interfaces/srv/detail
[9.039s] -- Installing: /home/mac/dev_ws/omo_robot/install/omo_r1_interfaces/include/omo_r1_interfaces/omo_r1_interfaces/srv/detail/calg__rosidl_typesupport_fastrtps_c.h
[9.039s] -- Installing: /home/mac/dev_ws/omo_robot/install/omo_r1_interfaces/include/omo_r1_interfaces/omo_r1_interfaces/srv/detail/battery__rosidl_typesupport_fastrtps_c.h
[9.039s] -- Installing: /home/mac/dev_ws/omo_robot/install/omo_r1_interfaces/include/omo_r1_interfaces/omo_r1_interfaces/srv/detail/color__rosidl_typesupport_fastrtps_c.h
[9.039s] -- Installing: /home/mac/dev_ws/omo_robot/install/omo_r1_interfaces/include/omo_r1_interfaces/omo_r1_interfaces/srv/detail/save_color__rosidl_typesupport_fastrtps_c.h
[9.039s] -- Installing: /home/mac/dev_ws/omo_robot/install/omo_r1_interfaces/include/omo_r1_interfaces/omo_r1_interfaces/srv/detail/reset_odom__rosidl_typesupport_fastrtps_c.h
[9.039s] -- Installing: /home/mac/dev_ws/omo_robot/install/omo_r1_interfaces/include/omo_r1_interfaces/omo_r1_interfaces/srv/detail/onoff__rosidl_typesupport_fastrtps_c.h
[9.039s] -- Installing: /home/mac/dev_ws/omo_robot/install/omo_r1_interfaces/lib/libomo_r1_interfaces__rosidl_typesupport_fastrtps_c.so
[9.040s] -- Set non-toolchain portion of runtime path of "/home/mac/dev_ws/omo_robot/install/omo_r1_interfaces/lib/libomo_r1_interfaces__rosidl_typesupport_fastrtps_c.so" to ""
[9.040s] -- Up-to-date: /home/mac/dev_ws/omo_robot/install/omo_r1_interfaces/include/omo_r1_interfaces/omo_r1_interfaces
[9.040s] -- Up-to-date: /home/mac/dev_ws/omo_robot/install/omo_r1_interfaces/include/omo_r1_interfaces/omo_r1_interfaces/msg
[9.040s] -- Installing: /home/mac/dev_ws/omo_robot/install/omo_r1_interfaces/include/omo_r1_interfaces/omo_r1_interfaces/msg/rosidl_typesupport_introspection_c__visibility_control.h
[9.040s] -- Up-to-date: /home/mac/dev_ws/omo_robot/install/omo_r1_interfaces/include/omo_r1_interfaces/omo_r1_interfaces/srv
[9.040s] -- Up-to-date: /home/mac/dev_ws/omo_robot/install/omo_r1_interfaces/include/omo_r1_interfaces/omo_r1_interfaces/srv/detail
[9.040s] -- Installing: /home/mac/dev_ws/omo_robot/install/omo_r1_interfaces/include/omo_r1_interfaces/omo_r1_interfaces/srv/detail/onoff__type_support.c
[9.040s] -- Installing: /home/mac/dev_ws/omo_robot/install/omo_r1_interfaces/include/omo_r1_interfaces/omo_r1_interfaces/srv/detail/reset_odom__rosidl_typesupport_introspection_c.h
[9.040s] -- Installing: /home/mac/dev_ws/omo_robot/install/omo_r1_interfaces/include/omo_r1_interfaces/omo_r1_interfaces/srv/detail/onoff__rosidl_typesupport_introspection_c.h
[9.040s] -- Installing: /home/mac/dev_ws/omo_robot/install/omo_r1_interfaces/include/omo_r1_interfaces/omo_r1_interfaces/srv/detail/reset_odom__type_support.c
[9.040s] -- Installing: /home/mac/dev_ws/omo_robot/install/omo_r1_interfaces/include/omo_r1_interfaces/omo_r1_interfaces/srv/detail/calg__type_support.c
[9.041s] -- Installing: /home/mac/dev_ws/omo_robot/install/omo_r1_interfaces/include/omo_r1_interfaces/omo_r1_interfaces/srv/detail/battery__type_support.c
[9.041s] -- Installing: /home/mac/dev_ws/omo_robot/install/omo_r1_interfaces/include/omo_r1_interfaces/omo_r1_interfaces/srv/detail/color__type_support.c
[9.041s] -- Installing: /home/mac/dev_ws/omo_robot/install/omo_r1_interfaces/include/omo_r1_interfaces/omo_r1_interfaces/srv/detail/color__rosidl_typesupport_introspection_c.h
[9.041s] -- Installing: /home/mac/dev_ws/omo_robot/install/omo_r1_interfaces/include/omo_r1_interfaces/omo_r1_interfaces/srv/detail/calg__rosidl_typesupport_introspection_c.h
[9.041s] -- Installing: /home/mac/dev_ws/omo_robot/install/omo_r1_interfaces/include/omo_r1_interfaces/omo_r1_interfaces/srv/detail/save_color__rosidl_typesupport_introspection_c.h
[9.041s] -- Installing: /home/mac/dev_ws/omo_robot/install/omo_r1_interfaces/include/omo_r1_interfaces/omo_r1_interfaces/srv/detail/save_color__type_support.c
[9.041s] -- Installing: /home/mac/dev_ws/omo_robot/install/omo_r1_interfaces/include/omo_r1_interfaces/omo_r1_interfaces/srv/detail/battery__rosidl_typesupport_introspection_c.h
[9.041s] -- Installing: /home/mac/dev_ws/omo_robot/install/omo_r1_interfaces/lib/libomo_r1_interfaces__rosidl_typesupport_introspection_c.so
[9.042s] -- Set non-toolchain portion of runtime path of "/home/mac/dev_ws/omo_robot/install/omo_r1_interfaces/lib/libomo_r1_interfaces__rosidl_typesupport_introspection_c.so" to ""
[9.042s] -- Installing: /home/mac/dev_ws/omo_robot/install/omo_r1_interfaces/lib/libomo_r1_interfaces__rosidl_typesupport_c.so
[9.042s] -- Set non-toolchain portion of runtime path of "/home/mac/dev_ws/omo_robot/install/omo_r1_interfaces/lib/libomo_r1_interfaces__rosidl_typesupport_c.so" to ""
[9.042s] -- Up-to-date: /home/mac/dev_ws/omo_robot/install/omo_r1_interfaces/include/omo_r1_interfaces/omo_r1_interfaces
[9.042s] -- Up-to-date: /home/mac/dev_ws/omo_robot/install/omo_r1_interfaces/include/omo_r1_interfaces/omo_r1_interfaces/msg
[9.042s] -- Installing: /home/mac/dev_ws/omo_robot/install/omo_r1_interfaces/include/omo_r1_interfaces/omo_r1_interfaces/msg/rosidl_generator_cpp__visibility_control.hpp
[9.042s] -- Up-to-date: /home/mac/dev_ws/omo_robot/install/omo_r1_interfaces/include/omo_r1_interfaces/omo_r1_interfaces/srv
[9.042s] -- Up-to-date: /home/mac/dev_ws/omo_robot/install/omo_r1_interfaces/include/omo_r1_interfaces/omo_r1_interfaces/srv/detail
[9.042s] -- Installing: /home/mac/dev_ws/omo_robot/install/omo_r1_interfaces/include/omo_r1_interfaces/omo_r1_interfaces/srv/detail/save_color__type_support.hpp
[9.042s] -- Installing: /home/mac/dev_ws/omo_robot/install/omo_r1_interfaces/include/omo_r1_interfaces/omo_r1_interfaces/srv/detail/reset_odom__builder.hpp
[9.042s] -- Installing: /home/mac/dev_ws/omo_robot/install/omo_r1_interfaces/include/omo_r1_interfaces/omo_r1_interfaces/srv/detail/calg__builder.hpp
[9.043s] -- Installing: /home/mac/dev_ws/omo_robot/install/omo_r1_interfaces/include/omo_r1_interfaces/omo_r1_interfaces/srv/detail/battery__type_support.hpp
[9.043s] -- Installing: /home/mac/dev_ws/omo_robot/install/omo_r1_interfaces/include/omo_r1_interfaces/omo_r1_interfaces/srv/detail/calg__type_support.hpp
[9.043s] -- Installing: /home/mac/dev_ws/omo_robot/install/omo_r1_interfaces/include/omo_r1_interfaces/omo_r1_interfaces/srv/detail/color__struct.hpp
[9.043s] -- Installing: /home/mac/dev_ws/omo_robot/install/omo_r1_interfaces/include/omo_r1_interfaces/omo_r1_interfaces/srv/detail/reset_odom__traits.hpp
[9.043s] -- Installing: /home/mac/dev_ws/omo_robot/install/omo_r1_interfaces/include/omo_r1_interfaces/omo_r1_interfaces/srv/detail/onoff__type_support.hpp
[9.043s] -- Installing: /home/mac/dev_ws/omo_robot/install/omo_r1_interfaces/include/omo_r1_interfaces/omo_r1_interfaces/srv/detail/save_color__builder.hpp
[9.043s] -- Installing: /home/mac/dev_ws/omo_robot/install/omo_r1_interfaces/include/omo_r1_interfaces/omo_r1_interfaces/srv/detail/save_color__traits.hpp
[9.043s] -- Installing: /home/mac/dev_ws/omo_robot/install/omo_r1_interfaces/include/omo_r1_interfaces/omo_r1_interfaces/srv/detail/save_color__struct.hpp
[9.043s] -- Installing: /home/mac/dev_ws/omo_robot/install/omo_r1_interfaces/include/omo_r1_interfaces/omo_r1_interfaces/srv/detail/onoff__struct.hpp
[9.043s] -- Installing: /home/mac/dev_ws/omo_robot/install/omo_r1_interfaces/include/omo_r1_interfaces/omo_r1_interfaces/srv/detail/calg__struct.hpp
[9.043s] -- Installing: /home/mac/dev_ws/omo_robot/install/omo_r1_interfaces/include/omo_r1_interfaces/omo_r1_interfaces/srv/detail/reset_odom__struct.hpp
[9.043s] -- Installing: /home/mac/dev_ws/omo_robot/install/omo_r1_interfaces/include/omo_r1_interfaces/omo_r1_interfaces/srv/detail/color__type_support.hpp
[9.044s] -- Installing: /home/mac/dev_ws/omo_robot/install/omo_r1_interfaces/include/omo_r1_interfaces/omo_r1_interfaces/srv/detail/onoff__builder.hpp
[9.044s] -- Installing: /home/mac/dev_ws/omo_robot/install/omo_r1_interfaces/include/omo_r1_interfaces/omo_r1_interfaces/srv/detail/reset_odom__type_support.hpp
[9.044s] -- Installing: /home/mac/dev_ws/omo_robot/install/omo_r1_interfaces/include/omo_r1_interfaces/omo_r1_interfaces/srv/detail/battery__builder.hpp
[9.044s] -- Installing: /home/mac/dev_ws/omo_robot/install/omo_r1_interfaces/include/omo_r1_interfaces/omo_r1_interfaces/srv/detail/battery__struct.hpp
[9.044s] -- Installing: /home/mac/dev_ws/omo_robot/install/omo_r1_interfaces/include/omo_r1_interfaces/omo_r1_interfaces/srv/detail/onoff__traits.hpp
[9.044s] -- Installing: /home/mac/dev_ws/omo_robot/install/omo_r1_interfaces/include/omo_r1_interfaces/omo_r1_interfaces/srv/detail/battery__traits.hpp
[9.044s] -- Installing: /home/mac/dev_ws/omo_robot/install/omo_r1_interfaces/include/omo_r1_interfaces/omo_r1_interfaces/srv/detail/calg__traits.hpp
[9.044s] -- Installing: /home/mac/dev_ws/omo_robot/install/omo_r1_interfaces/include/omo_r1_interfaces/omo_r1_interfaces/srv/detail/color__builder.hpp
[9.044s] -- Installing: /home/mac/dev_ws/omo_robot/install/omo_r1_interfaces/include/omo_r1_interfaces/omo_r1_interfaces/srv/detail/color__traits.hpp
[9.044s] -- Installing: /home/mac/dev_ws/omo_robot/install/omo_r1_interfaces/include/omo_r1_interfaces/omo_r1_interfaces/srv/color.hpp
[9.044s] -- Installing: /home/mac/dev_ws/omo_robot/install/omo_r1_interfaces/include/omo_r1_interfaces/omo_r1_interfaces/srv/onoff.hpp
[9.045s] -- Installing: /home/mac/dev_ws/omo_robot/install/omo_r1_interfaces/include/omo_r1_interfaces/omo_r1_interfaces/srv/battery.hpp
[9.045s] -- Installing: /home/mac/dev_ws/omo_robot/install/omo_r1_interfaces/include/omo_r1_interfaces/omo_r1_interfaces/srv/calg.hpp
[9.045s] -- Installing: /home/mac/dev_ws/omo_robot/install/omo_r1_interfaces/include/omo_r1_interfaces/omo_r1_interfaces/srv/save_color.hpp
[9.045s] -- Installing: /home/mac/dev_ws/omo_robot/install/omo_r1_interfaces/include/omo_r1_interfaces/omo_r1_interfaces/srv/reset_odom.hpp
[9.045s] -- Up-to-date: /home/mac/dev_ws/omo_robot/install/omo_r1_interfaces/include/omo_r1_interfaces/omo_r1_interfaces
[9.045s] -- Up-to-date: /home/mac/dev_ws/omo_robot/install/omo_r1_interfaces/include/omo_r1_interfaces/omo_r1_interfaces/msg
[9.045s] -- Installing: /home/mac/dev_ws/omo_robot/install/omo_r1_interfaces/include/omo_r1_interfaces/omo_r1_interfaces/msg/rosidl_typesupport_fastrtps_cpp__visibility_control.h
[9.045s] -- Up-to-date: /home/mac/dev_ws/omo_robot/install/omo_r1_interfaces/include/omo_r1_interfaces/omo_r1_interfaces/srv
[9.045s] -- Up-to-date: /home/mac/dev_ws/omo_robot/install/omo_r1_interfaces/include/omo_r1_interfaces/omo_r1_interfaces/srv/detail
[9.045s] -- Installing: /home/mac/dev_ws/omo_robot/install/omo_r1_interfaces/include/omo_r1_interfaces/omo_r1_interfaces/srv/detail/battery__rosidl_typesupport_fastrtps_cpp.hpp
[9.045s] -- Installing: /home/mac/dev_ws/omo_robot/install/omo_r1_interfaces/include/omo_r1_interfaces/omo_r1_interfaces/srv/detail/save_color__rosidl_typesupport_fastrtps_cpp.hpp
[9.045s] -- Installing: /home/mac/dev_ws/omo_robot/install/omo_r1_interfaces/include/omo_r1_interfaces/omo_r1_interfaces/srv/detail/dds_fastrtps
[9.045s] -- Installing: /home/mac/dev_ws/omo_robot/install/omo_r1_interfaces/include/omo_r1_interfaces/omo_r1_interfaces/srv/detail/reset_odom__rosidl_typesupport_fastrtps_cpp.hpp
[9.045s] -- Installing: /home/mac/dev_ws/omo_robot/install/omo_r1_interfaces/include/omo_r1_interfaces/omo_r1_interfaces/srv/detail/calg__rosidl_typesupport_fastrtps_cpp.hpp
[9.045s] -- Installing: /home/mac/dev_ws/omo_robot/install/omo_r1_interfaces/include/omo_r1_interfaces/omo_r1_interfaces/srv/detail/onoff__rosidl_typesupport_fastrtps_cpp.hpp
[9.045s] -- Installing: /home/mac/dev_ws/omo_robot/install/omo_r1_interfaces/include/omo_r1_interfaces/omo_r1_interfaces/srv/detail/color__rosidl_typesupport_fastrtps_cpp.hpp
[9.045s] -- Installing: /home/mac/dev_ws/omo_robot/install/omo_r1_interfaces/lib/libomo_r1_interfaces__rosidl_typesupport_fastrtps_cpp.so
[9.046s] -- Set non-toolchain portion of runtime path of "/home/mac/dev_ws/omo_robot/install/omo_r1_interfaces/lib/libomo_r1_interfaces__rosidl_typesupport_fastrtps_cpp.so" to ""
[9.046s] -- Up-to-date: /home/mac/dev_ws/omo_robot/install/omo_r1_interfaces/include/omo_r1_interfaces/omo_r1_interfaces
[9.046s] -- Up-to-date: /home/mac/dev_ws/omo_robot/install/omo_r1_interfaces/include/omo_r1_interfaces/omo_r1_interfaces/srv
[9.046s] -- Up-to-date: /home/mac/dev_ws/omo_robot/install/omo_r1_interfaces/include/omo_r1_interfaces/omo_r1_interfaces/srv/detail
[9.046s] -- Installing: /home/mac/dev_ws/omo_robot/install/omo_r1_interfaces/include/omo_r1_interfaces/omo_r1_interfaces/srv/detail/battery__type_support.cpp
[9.046s] -- Installing: /home/mac/dev_ws/omo_robot/install/omo_r1_interfaces/include/omo_r1_interfaces/omo_r1_interfaces/srv/detail/onoff__type_support.cpp
[9.046s] -- Installing: /home/mac/dev_ws/omo_robot/install/omo_r1_interfaces/include/omo_r1_interfaces/omo_r1_interfaces/srv/detail/calg__type_support.cpp
[9.046s] -- Installing: /home/mac/dev_ws/omo_robot/install/omo_r1_interfaces/include/omo_r1_interfaces/omo_r1_interfaces/srv/detail/reset_odom__rosidl_typesupport_introspection_cpp.hpp
[9.046s] -- Installing: /home/mac/dev_ws/omo_robot/install/omo_r1_interfaces/include/omo_r1_interfaces/omo_r1_interfaces/srv/detail/save_color__rosidl_typesupport_introspection_cpp.hpp
[9.046s] -- Installing: /home/mac/dev_ws/omo_robot/install/omo_r1_interfaces/include/omo_r1_interfaces/omo_r1_interfaces/srv/detail/save_color__type_support.cpp
[9.047s] -- Installing: /home/mac/dev_ws/omo_robot/install/omo_r1_interfaces/include/omo_r1_interfaces/omo_r1_interfaces/srv/detail/onoff__rosidl_typesupport_introspection_cpp.hpp
[9.047s] -- Installing: /home/mac/dev_ws/omo_robot/install/omo_r1_interfaces/include/omo_r1_interfaces/omo_r1_interfaces/srv/detail/color__type_support.cpp
[9.047s] -- Installing: /home/mac/dev_ws/omo_robot/install/omo_r1_interfaces/include/omo_r1_interfaces/omo_r1_interfaces/srv/detail/calg__rosidl_typesupport_introspection_cpp.hpp
[9.047s] -- Installing: /home/mac/dev_ws/omo_robot/install/omo_r1_interfaces/include/omo_r1_interfaces/omo_r1_interfaces/srv/detail/reset_odom__type_support.cpp
[9.047s] -- Installing: /home/mac/dev_ws/omo_robot/install/omo_r1_interfaces/include/omo_r1_interfaces/omo_r1_interfaces/srv/detail/battery__rosidl_typesupport_introspection_cpp.hpp
[9.047s] -- Installing: /home/mac/dev_ws/omo_robot/install/omo_r1_interfaces/include/omo_r1_interfaces/omo_r1_interfaces/srv/detail/color__rosidl_typesupport_introspection_cpp.hpp
[9.047s] -- Installing: /home/mac/dev_ws/omo_robot/install/omo_r1_interfaces/lib/libomo_r1_interfaces__rosidl_typesupport_introspection_cpp.so
[9.048s] -- Set non-toolchain portion of runtime path of "/home/mac/dev_ws/omo_robot/install/omo_r1_interfaces/lib/libomo_r1_interfaces__rosidl_typesupport_introspection_cpp.so" to ""
[9.048s] -- Installing: /home/mac/dev_ws/omo_robot/install/omo_r1_interfaces/lib/libomo_r1_interfaces__rosidl_typesupport_cpp.so
[9.048s] -- Set non-toolchain portion of runtime path of "/home/mac/dev_ws/omo_robot/install/omo_r1_interfaces/lib/libomo_r1_interfaces__rosidl_typesupport_cpp.so" to ""
[9.048s] -- Installing: /home/mac/dev_ws/omo_robot/install/omo_r1_interfaces/share/omo_r1_interfaces/environment/pythonpath.sh
[9.048s] -- Installing: /home/mac/dev_ws/omo_robot/install/omo_r1_interfaces/share/omo_r1_interfaces/environment/pythonpath.dsv
[9.048s] -- Installing: /home/mac/dev_ws/omo_robot/install/omo_r1_interfaces/lib/python3.12/site-packages/omo_r1_interfaces-0.0.0-py3.12.egg-info
[9.048s] -- Installing: /home/mac/dev_ws/omo_robot/install/omo_r1_interfaces/lib/python3.12/site-packages/omo_r1_interfaces-0.0.0-py3.12.egg-info/top_level.txt
[9.048s] -- Installing: /home/mac/dev_ws/omo_robot/install/omo_r1_interfaces/lib/python3.12/site-packages/omo_r1_interfaces-0.0.0-py3.12.egg-info/dependency_links.txt
[9.049s] -- Installing: /home/mac/dev_ws/omo_robot/install/omo_r1_interfaces/lib/python3.12/site-packages/omo_r1_interfaces-0.0.0-py3.12.egg-info/SOURCES.txt
[9.049s] -- Installing: /home/mac/dev_ws/omo_robot/install/omo_r1_interfaces/lib/python3.12/site-packages/omo_r1_interfaces-0.0.0-py3.12.egg-info/PKG-INFO
[9.049s] -- Installing: /home/mac/dev_ws/omo_robot/install/omo_r1_interfaces/lib/python3.12/site-packages/omo_r1_interfaces
[9.049s] -- Installing: /home/mac/dev_ws/omo_robot/install/omo_r1_interfaces/lib/python3.12/site-packages/omo_r1_interfaces/__init__.py
[9.049s] -- Installing: /home/mac/dev_ws/omo_robot/install/omo_r1_interfaces/lib/python3.12/site-packages/omo_r1_interfaces/_omo_r1_interfaces_s.ep.rosidl_typesupport_introspection_c.c
[9.049s] -- Installing: /home/mac/dev_ws/omo_robot/install/omo_r1_interfaces/lib/python3.12/site-packages/omo_r1_interfaces/omo_r1_interfaces_s__rosidl_typesupport_fastrtps_c.so
[9.049s] -- Installing: /home/mac/dev_ws/omo_robot/install/omo_r1_interfaces/lib/python3.12/site-packages/omo_r1_interfaces/omo_r1_interfaces_s__rosidl_typesupport_c.so
[9.049s] -- Installing: /home/mac/dev_ws/omo_robot/install/omo_r1_interfaces/lib/python3.12/site-packages/omo_r1_interfaces/_omo_r1_interfaces_s.ep.rosidl_typesupport_c.c
[9.049s] -- Installing: /home/mac/dev_ws/omo_robot/install/omo_r1_interfaces/lib/python3.12/site-packages/omo_r1_interfaces/_omo_r1_interfaces_s.ep.rosidl_typesupport_fastrtps_c.c
[9.050s] -- Installing: /home/mac/dev_ws/omo_robot/install/omo_r1_interfaces/lib/python3.12/site-packages/omo_r1_interfaces/omo_r1_interfaces_s__rosidl_typesupport_introspection_c.so
[9.050s] -- Installing: /home/mac/dev_ws/omo_robot/install/omo_r1_interfaces/lib/python3.12/site-packages/omo_r1_interfaces/srv
[9.050s] -- Installing: /home/mac/dev_ws/omo_robot/install/omo_r1_interfaces/lib/python3.12/site-packages/omo_r1_interfaces/srv/_onoff.py
[9.050s] -- Installing: /home/mac/dev_ws/omo_robot/install/omo_r1_interfaces/lib/python3.12/site-packages/omo_r1_interfaces/srv/__init__.py
[9.050s] -- Installing: /home/mac/dev_ws/omo_robot/install/omo_r1_interfaces/lib/python3.12/site-packages/omo_r1_interfaces/srv/_battery.py
[9.050s] -- Installing: /home/mac/dev_ws/omo_robot/install/omo_r1_interfaces/lib/python3.12/site-packages/omo_r1_interfaces/srv/_save_color.py
[9.050s] -- Installing: /home/mac/dev_ws/omo_robot/install/omo_r1_interfaces/lib/python3.12/site-packages/omo_r1_interfaces/srv/_calg_s.c
[9.050s] -- Installing: /home/mac/dev_ws/omo_robot/install/omo_r1_interfaces/lib/python3.12/site-packages/omo_r1_interfaces/srv/_reset_odom.py
[9.050s] -- Installing: /home/mac/dev_ws/omo_robot/install/omo_r1_interfaces/lib/python3.12/site-packages/omo_r1_interfaces/srv/_battery_s.c
[9.050s] -- Installing: /home/mac/dev_ws/omo_robot/install/omo_r1_interfaces/lib/python3.12/site-packages/omo_r1_interfaces/srv/_color_s.c
[9.050s] -- Installing: /home/mac/dev_ws/omo_robot/install/omo_r1_interfaces/lib/python3.12/site-packages/omo_r1_interfaces/srv/_onoff_s.c
[9.050s] -- Installing: /home/mac/dev_ws/omo_robot/install/omo_r1_interfaces/lib/python3.12/site-packages/omo_r1_interfaces/srv/_calg.py
[9.050s] -- Installing: /home/mac/dev_ws/omo_robot/install/omo_r1_interfaces/lib/python3.12/site-packages/omo_r1_interfaces/srv/_color.py
[9.051s] -- Installing: /home/mac/dev_ws/omo_robot/install/omo_r1_interfaces/lib/python3.12/site-packages/omo_r1_interfaces/srv/_reset_odom_s.c
[9.051s] -- Installing: /home/mac/dev_ws/omo_robot/install/omo_r1_interfaces/lib/python3.12/site-packages/omo_r1_interfaces/srv/_save_color_s.c
[9.087s] Listing '/home/mac/dev_ws/omo_robot/install/omo_r1_interfaces/lib/python3.12/site-packages/omo_r1_interfaces'...
[9.087s] Compiling '/home/mac/dev_ws/omo_robot/install/omo_r1_interfaces/lib/python3.12/site-packages/omo_r1_interfaces/__init__.py'...
[9.087s] Listing '/home/mac/dev_ws/omo_robot/install/omo_r1_interfaces/lib/python3.12/site-packages/omo_r1_interfaces/srv'...
[9.087s] Compiling '/home/mac/dev_ws/omo_robot/install/omo_r1_interfaces/lib/python3.12/site-packages/omo_r1_interfaces/srv/__init__.py'...
[9.087s] Compiling '/home/mac/dev_ws/omo_robot/install/omo_r1_interfaces/lib/python3.12/site-packages/omo_r1_interfaces/srv/_battery.py'...
[9.087s] Compiling '/home/mac/dev_ws/omo_robot/install/omo_r1_interfaces/lib/python3.12/site-packages/omo_r1_interfaces/srv/_calg.py'...
[9.088s] Compiling '/home/mac/dev_ws/omo_robot/install/omo_r1_interfaces/lib/python3.12/site-packages/omo_r1_interfaces/srv/_color.py'...
[9.088s] Compiling '/home/mac/dev_ws/omo_robot/install/omo_r1_interfaces/lib/python3.12/site-packages/omo_r1_interfaces/srv/_onoff.py'...
[9.088s] Compiling '/home/mac/dev_ws/omo_robot/install/omo_r1_interfaces/lib/python3.12/site-packages/omo_r1_interfaces/srv/_reset_odom.py'...
[9.088s] Compiling '/home/mac/dev_ws/omo_robot/install/omo_r1_interfaces/lib/python3.12/site-packages/omo_r1_interfaces/srv/_save_color.py'...
[9.092s] -- Installing: /home/mac/dev_ws/omo_robot/install/omo_r1_interfaces/lib/python3.12/site-packages/omo_r1_interfaces/omo_r1_interfaces_s__rosidl_typesupport_fastrtps_c.so
[9.092s] -- Set non-toolchain portion of runtime path of "/home/mac/dev_ws/omo_robot/install/omo_r1_interfaces/lib/python3.12/site-packages/omo_r1_interfaces/omo_r1_interfaces_s__rosidl_typesupport_fastrtps_c.so" to ""
[9.092s] -- Installing: /home/mac/dev_ws/omo_robot/install/omo_r1_interfaces/lib/python3.12/site-packages/omo_r1_interfaces/omo_r1_interfaces_s__rosidl_typesupport_introspection_c.so
[9.093s] -- Set non-toolchain portion of runtime path of "/home/mac/dev_ws/omo_robot/install/omo_r1_interfaces/lib/python3.12/site-packages/omo_r1_interfaces/omo_r1_interfaces_s__rosidl_typesupport_introspection_c.so" to ""
[9.093s] -- Installing: /home/mac/dev_ws/omo_robot/install/omo_r1_interfaces/lib/python3.12/site-packages/omo_r1_interfaces/omo_r1_interfaces_s__rosidl_typesupport_c.so
[9.093s] -- Set non-toolchain portion of runtime path of "/home/mac/dev_ws/omo_robot/install/omo_r1_interfaces/lib/python3.12/site-packages/omo_r1_interfaces/omo_r1_interfaces_s__rosidl_typesupport_c.so" to ""
[9.093s] -- Installing: /home/mac/dev_ws/omo_robot/install/omo_r1_interfaces/lib/libomo_r1_interfaces__rosidl_generator_py.so
[9.093s] -- Set non-toolchain portion of runtime path of "/home/mac/dev_ws/omo_robot/install/omo_r1_interfaces/lib/libomo_r1_interfaces__rosidl_generator_py.so" to ""
[9.093s] -- Installing: /home/mac/dev_ws/omo_robot/install/omo_r1_interfaces/share/omo_r1_interfaces/srv/Battery.idl
[9.093s] -- Installing: /home/mac/dev_ws/omo_robot/install/omo_r1_interfaces/share/omo_r1_interfaces/srv/Calg.idl
[9.093s] -- Installing: /home/mac/dev_ws/omo_robot/install/omo_r1_interfaces/share/omo_r1_interfaces/srv/Color.idl
[9.093s] -- Installing: /home/mac/dev_ws/omo_robot/install/omo_r1_interfaces/share/omo_r1_interfaces/srv/Onoff.idl
[9.094s] -- Installing: /home/mac/dev_ws/omo_robot/install/omo_r1_interfaces/share/omo_r1_interfaces/srv/ResetOdom.idl
[9.094s] -- Installing: /home/mac/dev_ws/omo_robot/install/omo_r1_interfaces/share/omo_r1_interfaces/srv/SaveColor.idl
[9.094s] -- Installing: /home/mac/dev_ws/omo_robot/install/omo_r1_interfaces/share/omo_r1_interfaces/srv/Battery.srv
[9.094s] -- Installing: /home/mac/dev_ws/omo_robot/install/omo_r1_interfaces/share/omo_r1_interfaces/srv/Calg.srv
[9.094s] -- Installing: /home/mac/dev_ws/omo_robot/install/omo_r1_interfaces/share/omo_r1_interfaces/srv/Color.srv
[9.094s] -- Installing: /home/mac/dev_ws/omo_robot/install/omo_r1_interfaces/share/omo_r1_interfaces/srv/Onoff.srv
[9.094s] -- Installing: /home/mac/dev_ws/omo_robot/install/omo_r1_interfaces/share/omo_r1_interfaces/srv/ResetOdom.srv
[9.094s] -- Installing: /home/mac/dev_ws/omo_robot/install/omo_r1_interfaces/share/omo_r1_interfaces/srv/SaveColor.srv
[9.094s] -- Installing: /home/mac/dev_ws/omo_robot/install/omo_r1_interfaces/share/ament_index/resource_index/package_run_dependencies/omo_r1_interfaces
[9.095s] -- Installing: /home/mac/dev_ws/omo_robot/install/omo_r1_interfaces/share/ament_index/resource_index/parent_prefix_path/omo_r1_interfaces
[9.095s] -- Installing: /home/mac/dev_ws/omo_robot/install/omo_r1_interfaces/share/omo_r1_interfaces/environment/ament_prefix_path.sh
[9.095s] -- Installing: /home/mac/dev_ws/omo_robot/install/omo_r1_interfaces/share/omo_r1_interfaces/environment/ament_prefix_path.dsv
[9.095s] -- Installing: /home/mac/dev_ws/omo_robot/install/omo_r1_interfaces/share/omo_r1_interfaces/environment/path.sh
[9.095s] -- Installing: /home/mac/dev_ws/omo_robot/install/omo_r1_interfaces/share/omo_r1_interfaces/environment/path.dsv
[9.095s] -- Installing: /home/mac/dev_ws/omo_robot/install/omo_r1_interfaces/share/omo_r1_interfaces/local_setup.bash
[9.095s] -- Installing: /home/mac/dev_ws/omo_robot/install/omo_r1_interfaces/share/omo_r1_interfaces/local_setup.sh
[9.095s] -- Installing: /home/mac/dev_ws/omo_robot/install/omo_r1_interfaces/share/omo_r1_interfaces/local_setup.zsh
[9.095s] -- Installing: /home/mac/dev_ws/omo_robot/install/omo_r1_interfaces/share/omo_r1_interfaces/local_setup.dsv
[9.096s] -- Installing: /home/mac/dev_ws/omo_robot/install/omo_r1_interfaces/share/omo_r1_interfaces/package.dsv
[9.096s] -- Installing: /home/mac/dev_ws/omo_robot/install/omo_r1_interfaces/share/ament_index/resource_index/packages/omo_r1_interfaces
[9.096s] -- Installing: /home/mac/dev_ws/omo_robot/install/omo_r1_interfaces/share/omo_r1_interfaces/cmake/export_omo_r1_interfaces__rosidl_generator_cExport.cmake
[9.096s] -- Installing: /home/mac/dev_ws/omo_robot/install/omo_r1_interfaces/share/omo_r1_interfaces/cmake/export_omo_r1_interfaces__rosidl_generator_cExport-noconfig.cmake
[9.096s] -- Installing: /home/mac/dev_ws/omo_robot/install/omo_r1_interfaces/share/omo_r1_interfaces/cmake/export_omo_r1_interfaces__rosidl_typesupport_fastrtps_cExport.cmake
[9.096s] -- Installing: /home/mac/dev_ws/omo_robot/install/omo_r1_interfaces/share/omo_r1_interfaces/cmake/export_omo_r1_interfaces__rosidl_typesupport_fastrtps_cExport-noconfig.cmake
[9.096s] -- Installing: /home/mac/dev_ws/omo_robot/install/omo_r1_interfaces/share/omo_r1_interfaces/cmake/omo_r1_interfaces__rosidl_typesupport_introspection_cExport.cmake
[9.096s] -- Installing: /home/mac/dev_ws/omo_robot/install/omo_r1_interfaces/share/omo_r1_interfaces/cmake/omo_r1_interfaces__rosidl_typesupport_introspection_cExport-noconfig.cmake
[9.096s] -- Installing: /home/mac/dev_ws/omo_robot/install/omo_r1_interfaces/share/omo_r1_interfaces/cmake/omo_r1_interfaces__rosidl_typesupport_cExport.cmake
[9.096s] -- Installing: /home/mac/dev_ws/omo_robot/install/omo_r1_interfaces/share/omo_r1_interfaces/cmake/omo_r1_interfaces__rosidl_typesupport_cExport-noconfig.cmake
[9.096s] -- Installing: /home/mac/dev_ws/omo_robot/install/omo_r1_interfaces/share/omo_r1_interfaces/cmake/export_omo_r1_interfaces__rosidl_generator_cppExport.cmake
[9.096s] -- Installing: /home/mac/dev_ws/omo_robot/install/omo_r1_interfaces/share/omo_r1_interfaces/cmake/export_omo_r1_interfaces__rosidl_typesupport_fastrtps_cppExport.cmake
[9.097s] -- Installing: /home/mac/dev_ws/omo_robot/install/omo_r1_interfaces/share/omo_r1_interfaces/cmake/export_omo_r1_interfaces__rosidl_typesupport_fastrtps_cppExport-noconfig.cmake
[9.097s] -- Installing: /home/mac/dev_ws/omo_robot/install/omo_r1_interfaces/share/omo_r1_interfaces/cmake/omo_r1_interfaces__rosidl_typesupport_introspection_cppExport.cmake
[9.097s] -- Installing: /home/mac/dev_ws/omo_robot/install/omo_r1_interfaces/share/omo_r1_interfaces/cmake/omo_r1_interfaces__rosidl_typesupport_introspection_cppExport-noconfig.cmake
[9.097s] -- Installing: /home/mac/dev_ws/omo_robot/install/omo_r1_interfaces/share/omo_r1_interfaces/cmake/omo_r1_interfaces__rosidl_typesupport_cppExport.cmake
[9.097s] -- Installing: /home/mac/dev_ws/omo_robot/install/omo_r1_interfaces/share/omo_r1_interfaces/cmake/omo_r1_interfaces__rosidl_typesupport_cppExport-noconfig.cmake
[9.097s] -- Installing: /home/mac/dev_ws/omo_robot/install/omo_r1_interfaces/share/omo_r1_interfaces/cmake/export_omo_r1_interfaces__rosidl_generator_pyExport.cmake
[9.097s] -- Installing: /home/mac/dev_ws/omo_robot/install/omo_r1_interfaces/share/omo_r1_interfaces/cmake/export_omo_r1_interfaces__rosidl_generator_pyExport-noconfig.cmake
[9.097s] -- Installing: /home/mac/dev_ws/omo_robot/install/omo_r1_interfaces/share/omo_r1_interfaces/cmake/rosidl_cmake-extras.cmake
[9.097s] -- Installing: /home/mac/dev_ws/omo_robot/install/omo_r1_interfaces/share/omo_r1_interfaces/cmake/ament_cmake_export_dependencies-extras.cmake
[9.097s] -- Installing: /home/mac/dev_ws/omo_robot/install/omo_r1_interfaces/share/omo_r1_interfaces/cmake/ament_cmake_export_include_directories-extras.cmake
[9.098s] -- Installing: /home/mac/dev_ws/omo_robot/install/omo_r1_interfaces/share/omo_r1_interfaces/cmake/ament_cmake_export_libraries-extras.cmake
[9.098s] -- Installing: /home/mac/dev_ws/omo_robot/install/omo_r1_interfaces/share/omo_r1_interfaces/cmake/ament_cmake_export_targets-extras.cmake
[9.098s] -- Installing: /home/mac/dev_ws/omo_robot/install/omo_r1_interfaces/share/omo_r1_interfaces/cmake/rosidl_cmake_export_typesupport_targets-extras.cmake
[9.098s] -- Installing: /home/mac/dev_ws/omo_robot/install/omo_r1_interfaces/share/omo_r1_interfaces/cmake/rosidl_cmake_export_typesupport_libraries-extras.cmake
[9.098s] -- Installing: /home/mac/dev_ws/omo_robot/install/omo_r1_interfaces/share/omo_r1_interfaces/cmake/omo_r1_interfacesConfig.cmake
[9.098s] -- Installing: /home/mac/dev_ws/omo_robot/install/omo_r1_interfaces/share/omo_r1_interfaces/cmake/omo_r1_interfacesConfig-version.cmake
[9.098s] -- Installing: /home/mac/dev_ws/omo_robot/install/omo_r1_interfaces/share/omo_r1_interfaces/package.xml
[9.100s] Invoked command in '/home/mac/dev_ws/omo_robot/build/omo_r1_interfaces' returned '0': CMAKE_PREFIX_PATH=${CMAKE_PREFIX_PATH}:/opt/ros/jazzy DEBUGINFOD_URLS=https://debuginfod.ubuntu.com PS1=(ros_venv) \[\e[1;34m\](ID: ${ROS_DOMAIN_ID:-0})\[\e[1;32m\]\u\[\e[0m\]:\[\e[1;34m\]\w\[\e[0m\]$ VIRTUAL_ENV_PROMPT=(ros_venv) /usr/bin/cmake --install /home/mac/dev_ws/omo_robot/build/omo_r1_interfaces
