/home/mac/dev_ws/omo_robot/install/omo_r1_bringup/lib/python3.12/site-packages/omo_r1_bringup/__init__.py
/home/mac/dev_ws/omo_robot/install/omo_r1_bringup/lib/python3.12/site-packages/omo_r1_bringup/scripts/__init__.py
/home/mac/dev_ws/omo_robot/install/omo_r1_bringup/lib/python3.12/site-packages/omo_r1_bringup/scripts/omo_r1_motor_setting_node.py
/home/mac/dev_ws/omo_robot/install/omo_r1_bringup/lib/python3.12/site-packages/omo_r1_bringup/scripts/omo_r1_mcu_node.py
/home/mac/dev_ws/omo_robot/install/omo_r1_bringup/lib/python3.12/site-packages/omo_r1_bringup/scripts/omo_packet_handler.py
/home/mac/dev_ws/omo_robot/install/omo_r1_bringup/lib/python3.12/site-packages/omo_r1_bringup/scripts/driver/__init__.py
/home/mac/dev_ws/omo_robot/install/omo_r1_bringup/lib/python3.12/site-packages/omo_r1_bringup/scripts/driver/port.py
/home/mac/dev_ws/omo_robot/install/omo_r1_bringup/lib/python3.12/site-packages/omo_r1_bringup/scripts/driver/template.py
/home/mac/dev_ws/omo_robot/install/omo_r1_bringup/lib/python3.12/site-packages/omo_r1_bringup/scripts/driver/packet.py
/home/mac/dev_ws/omo_robot/install/omo_r1_bringup/lib/python3.12/site-packages/omo_r1_bringup/scripts/calc/__init__.py
/home/mac/dev_ws/omo_robot/install/omo_r1_bringup/lib/python3.12/site-packages/omo_r1_bringup/scripts/calc/quaternion_from_euler.py
/home/mac/dev_ws/omo_robot/install/omo_r1_bringup/lib/python3.12/site-packages/omo_r1_bringup/__pycache__/__init__.cpython-312.pyc
/home/mac/dev_ws/omo_robot/install/omo_r1_bringup/lib/python3.12/site-packages/omo_r1_bringup/scripts/__pycache__/__init__.cpython-312.pyc
/home/mac/dev_ws/omo_robot/install/omo_r1_bringup/lib/python3.12/site-packages/omo_r1_bringup/scripts/__pycache__/omo_r1_motor_setting_node.cpython-312.pyc
/home/mac/dev_ws/omo_robot/install/omo_r1_bringup/lib/python3.12/site-packages/omo_r1_bringup/scripts/__pycache__/omo_r1_mcu_node.cpython-312.pyc
/home/mac/dev_ws/omo_robot/install/omo_r1_bringup/lib/python3.12/site-packages/omo_r1_bringup/scripts/__pycache__/omo_packet_handler.cpython-312.pyc
/home/mac/dev_ws/omo_robot/install/omo_r1_bringup/lib/python3.12/site-packages/omo_r1_bringup/scripts/driver/__pycache__/__init__.cpython-312.pyc
/home/mac/dev_ws/omo_robot/install/omo_r1_bringup/lib/python3.12/site-packages/omo_r1_bringup/scripts/driver/__pycache__/port.cpython-312.pyc
/home/mac/dev_ws/omo_robot/install/omo_r1_bringup/lib/python3.12/site-packages/omo_r1_bringup/scripts/driver/__pycache__/template.cpython-312.pyc
/home/mac/dev_ws/omo_robot/install/omo_r1_bringup/lib/python3.12/site-packages/omo_r1_bringup/scripts/driver/__pycache__/packet.cpython-312.pyc
/home/mac/dev_ws/omo_robot/install/omo_r1_bringup/lib/python3.12/site-packages/omo_r1_bringup/scripts/calc/__pycache__/__init__.cpython-312.pyc
/home/mac/dev_ws/omo_robot/install/omo_r1_bringup/lib/python3.12/site-packages/omo_r1_bringup/scripts/calc/__pycache__/quaternion_from_euler.cpython-312.pyc
/home/mac/dev_ws/omo_robot/install/omo_r1_bringup/share/ament_index/resource_index/packages/omo_r1_bringup
/home/mac/dev_ws/omo_robot/install/omo_r1_bringup/share/omo_r1_bringup/package.xml
/home/mac/dev_ws/omo_robot/install/omo_r1_bringup/share/omo_r1_bringup/launch/omo_r1_motor_setting.launch.py
/home/mac/dev_ws/omo_robot/install/omo_r1_bringup/share/omo_r1_bringup/launch/omo_r1_bringup.launch.py
/home/mac/dev_ws/omo_robot/install/omo_r1_bringup/share/omo_r1_bringup/launch/omo_r1_lidar.launch.py
/home/mac/dev_ws/omo_robot/install/omo_r1_bringup/share/omo_r1_bringup/launch/omo_r1_mcu.launch.py
/home/mac/dev_ws/omo_robot/install/omo_r1_bringup/share/omo_r1_bringup/param/omo_r1_mcu.yaml
/home/mac/dev_ws/omo_robot/install/omo_r1_bringup/share/omo_r1_bringup/param/omo_r1_lidar.yaml
/home/mac/dev_ws/omo_robot/install/omo_r1_bringup/lib/python3.12/site-packages/omo_r1_bringup-0.0.1-py3.12.egg-info/entry_points.txt
/home/mac/dev_ws/omo_robot/install/omo_r1_bringup/lib/python3.12/site-packages/omo_r1_bringup-0.0.1-py3.12.egg-info/top_level.txt
/home/mac/dev_ws/omo_robot/install/omo_r1_bringup/lib/python3.12/site-packages/omo_r1_bringup-0.0.1-py3.12.egg-info/dependency_links.txt
/home/mac/dev_ws/omo_robot/install/omo_r1_bringup/lib/python3.12/site-packages/omo_r1_bringup-0.0.1-py3.12.egg-info/zip-safe
/home/mac/dev_ws/omo_robot/install/omo_r1_bringup/lib/python3.12/site-packages/omo_r1_bringup-0.0.1-py3.12.egg-info/SOURCES.txt
/home/mac/dev_ws/omo_robot/install/omo_r1_bringup/lib/python3.12/site-packages/omo_r1_bringup-0.0.1-py3.12.egg-info/requires.txt
/home/mac/dev_ws/omo_robot/install/omo_r1_bringup/lib/python3.12/site-packages/omo_r1_bringup-0.0.1-py3.12.egg-info/PKG-INFO
/home/mac/dev_ws/omo_robot/install/omo_r1_bringup/lib/omo_r1_bringup/omo_r1_mcu_node
/home/mac/dev_ws/omo_robot/install/omo_r1_bringup/lib/omo_r1_bringup/omo_r1_motor_setting_node
