[0.033s] Invoking command in '/home/mac/dev_ws/omo_robot/build/ydlidar_ros2_driver': CMAKE_PREFIX_PATH=${CMAKE_PREFIX_PATH}:/opt/ros/jazzy DEBUGINFOD_URLS=https://debuginfod.ubuntu.com PS1=(ros_venv) \[\e[1;34m\](ID: ${ROS_DOMAIN_ID:-0})\[\e[1;32m\]\u\[\e[0m\]:\[\e[1;34m\]\w\[\e[0m\]$ VIRTUAL_ENV_PROMPT=(ros_venv) /usr/bin/cmake --build /home/mac/dev_ws/omo_robot/build/ydlidar_ros2_driver -- -j16 -l16
[0.140s] [ 50%] Built target ydlidar_ros2_driver_client
[0.148s] [100%] Built target ydlidar_ros2_driver_node
[0.280s] Invoked command in '/home/mac/dev_ws/omo_robot/build/ydlidar_ros2_driver' returned '0': CMAKE_PREFIX_PATH=${CMAKE_PREFIX_PATH}:/opt/ros/jazzy DEBUGINFOD_URLS=https://debuginfod.ubuntu.com PS1=(ros_venv) \[\e[1;34m\](ID: ${ROS_DOMAIN_ID:-0})\[\e[1;32m\]\u\[\e[0m\]:\[\e[1;34m\]\w\[\e[0m\]$ VIRTUAL_ENV_PROMPT=(ros_venv) /usr/bin/cmake --build /home/mac/dev_ws/omo_robot/build/ydlidar_ros2_driver -- -j16 -l16
[0.281s] Invoking command in '/home/mac/dev_ws/omo_robot/build/ydlidar_ros2_driver': CMAKE_PREFIX_PATH=${CMAKE_PREFIX_PATH}:/opt/ros/jazzy DEBUGINFOD_URLS=https://debuginfod.ubuntu.com PS1=(ros_venv) \[\e[1;34m\](ID: ${ROS_DOMAIN_ID:-0})\[\e[1;32m\]\u\[\e[0m\]:\[\e[1;34m\]\w\[\e[0m\]$ VIRTUAL_ENV_PROMPT=(ros_venv) /usr/bin/cmake --install /home/mac/dev_ws/omo_robot/build/ydlidar_ros2_driver
[0.299s] -- Install configuration: ""
[0.299s] -- Installing: /home/mac/dev_ws/omo_robot/install/ydlidar_ros2_driver/lib/ydlidar_ros2_driver/ydlidar_ros2_driver_node
[0.303s] -- Set non-toolchain portion of runtime path of "/home/mac/dev_ws/omo_robot/install/ydlidar_ros2_driver/lib/ydlidar_ros2_driver/ydlidar_ros2_driver_node" to ""
[0.304s] -- Installing: /home/mac/dev_ws/omo_robot/install/ydlidar_ros2_driver/lib/ydlidar_ros2_driver/ydlidar_ros2_driver_client
[0.314s] -- Set non-toolchain portion of runtime path of "/home/mac/dev_ws/omo_robot/install/ydlidar_ros2_driver/lib/ydlidar_ros2_driver/ydlidar_ros2_driver_client" to ""
[0.315s] -- Installing: /home/mac/dev_ws/omo_robot/install/ydlidar_ros2_driver/share/ydlidar_ros2_driver/launch
[0.315s] -- Installing: /home/mac/dev_ws/omo_robot/install/ydlidar_ros2_driver/share/ydlidar_ros2_driver/launch/ydlidar_launch.py
[0.315s] -- Installing: /home/mac/dev_ws/omo_robot/install/ydlidar_ros2_driver/share/ydlidar_ros2_driver/launch/ydlidar.py
[0.315s] -- Installing: /home/mac/dev_ws/omo_robot/install/ydlidar_ros2_driver/share/ydlidar_ros2_driver/launch/ydlidar_launch_view.py
[0.315s] -- Installing: /home/mac/dev_ws/omo_robot/install/ydlidar_ros2_driver/share/ydlidar_ros2_driver/params
[0.315s] -- Installing: /home/mac/dev_ws/omo_robot/install/ydlidar_ros2_driver/share/ydlidar_ros2_driver/params/ydlidar.yaml
[0.316s] -- Installing: /home/mac/dev_ws/omo_robot/install/ydlidar_ros2_driver/share/ydlidar_ros2_driver/startup
[0.316s] -- Installing: /home/mac/dev_ws/omo_robot/install/ydlidar_ros2_driver/share/ydlidar_ros2_driver/startup/initenv.sh
[0.316s] -- Installing: /home/mac/dev_ws/omo_robot/install/ydlidar_ros2_driver/share/ydlidar_ros2_driver/config
[0.316s] -- Installing: /home/mac/dev_ws/omo_robot/install/ydlidar_ros2_driver/share/ydlidar_ros2_driver/config/ydlidar.rviz
[0.316s] -- Installing: /home/mac/dev_ws/omo_robot/install/ydlidar_ros2_driver/share/ament_index/resource_index/package_run_dependencies/ydlidar_ros2_driver
[0.317s] -- Installing: /home/mac/dev_ws/omo_robot/install/ydlidar_ros2_driver/share/ament_index/resource_index/parent_prefix_path/ydlidar_ros2_driver
[0.317s] -- Installing: /home/mac/dev_ws/omo_robot/install/ydlidar_ros2_driver/share/ydlidar_ros2_driver/environment/ament_prefix_path.sh
[0.317s] -- Installing: /home/mac/dev_ws/omo_robot/install/ydlidar_ros2_driver/share/ydlidar_ros2_driver/environment/ament_prefix_path.dsv
[0.317s] -- Installing: /home/mac/dev_ws/omo_robot/install/ydlidar_ros2_driver/share/ydlidar_ros2_driver/environment/path.sh
[0.317s] -- Installing: /home/mac/dev_ws/omo_robot/install/ydlidar_ros2_driver/share/ydlidar_ros2_driver/environment/path.dsv
[0.318s] -- Installing: /home/mac/dev_ws/omo_robot/install/ydlidar_ros2_driver/share/ydlidar_ros2_driver/local_setup.bash
[0.318s] -- Installing: /home/mac/dev_ws/omo_robot/install/ydlidar_ros2_driver/share/ydlidar_ros2_driver/local_setup.sh
[0.318s] -- Installing: /home/mac/dev_ws/omo_robot/install/ydlidar_ros2_driver/share/ydlidar_ros2_driver/local_setup.zsh
[0.318s] -- Installing: /home/mac/dev_ws/omo_robot/install/ydlidar_ros2_driver/share/ydlidar_ros2_driver/local_setup.dsv
[0.319s] -- Installing: /home/mac/dev_ws/omo_robot/install/ydlidar_ros2_driver/share/ydlidar_ros2_driver/package.dsv
[0.319s] -- Installing: /home/mac/dev_ws/omo_robot/install/ydlidar_ros2_driver/share/ament_index/resource_index/packages/ydlidar_ros2_driver
[0.319s] -- Installing: /home/mac/dev_ws/omo_robot/install/ydlidar_ros2_driver/share/ydlidar_ros2_driver/cmake/ydlidar_ros2_driverConfig.cmake
[0.319s] -- Installing: /home/mac/dev_ws/omo_robot/install/ydlidar_ros2_driver/share/ydlidar_ros2_driver/cmake/ydlidar_ros2_driverConfig-version.cmake
[0.320s] -- Installing: /home/mac/dev_ws/omo_robot/install/ydlidar_ros2_driver/share/ydlidar_ros2_driver/package.xml
[0.324s] Invoked command in '/home/mac/dev_ws/omo_robot/build/ydlidar_ros2_driver' returned '0': CMAKE_PREFIX_PATH=${CMAKE_PREFIX_PATH}:/opt/ros/jazzy DEBUGINFOD_URLS=https://debuginfod.ubuntu.com PS1=(ros_venv) \[\e[1;34m\](ID: ${ROS_DOMAIN_ID:-0})\[\e[1;32m\]\u\[\e[0m\]:\[\e[1;34m\]\w\[\e[0m\]$ VIRTUAL_ENV_PROMPT=(ros_venv) /usr/bin/cmake --install /home/mac/dev_ws/omo_robot/build/ydlidar_ros2_driver
