[0.128s] DEBUG:colcon:Command line arguments: ['/usr/bin/colcon', 'build']
[0.128s] DEBUG:colcon:Parsed command line arguments: Namespace(log_base=None, log_level=None, verb_name='build', build_base='build', install_base='install', merge_install=False, symlink_install=False, test_result_base=None, continue_on_error=False, executor='parallel', parallel_workers=16, event_handlers=None, ignore_user_meta=False, metas=['./colcon.meta'], base_paths=['.'], packages_ignore=None, packages_ignore_regex=None, paths=None, packages_up_to=None, packages_up_to_regex=None, packages_above=None, packages_above_and_dependencies=None, packages_above_depth=None, packages_select_by_dep=None, packages_skip_by_dep=None, packages_skip_up_to=None, packages_select_build_failed=False, packages_skip_build_finished=False, packages_select_test_failures=False, packages_skip_test_passed=False, packages_select=None, packages_skip=None, packages_select_regex=None, packages_skip_regex=None, packages_start=None, packages_end=None, allow_overriding=[], cmake_args=None, cmake_target=None, cmake_target_skip_unavailable=False, cmake_clean_cache=False, cmake_clean_first=False, cmake_force_configure=False, ament_cmake_args=None, catkin_cmake_args=None, catkin_skip_building_tests=False, mixin_files=None, mixin=None, verb_parser=<colcon_mixin.mixin.mixin_argument.MixinArgumentDecorator object at 0x7ea7ce988f80>, verb_extension=<colcon_core.verb.build.BuildVerb object at 0x7ea7cead8f20>, main=<bound method BuildVerb.main of <colcon_core.verb.build.BuildVerb object at 0x7ea7cead8f20>>, mixin_verb=('build',))
[0.176s] Level 1:colcon.colcon_core.package_discovery:discover_packages(colcon_meta) check parameters
[0.176s] Level 1:colcon.colcon_core.package_discovery:discover_packages(recursive) check parameters
[0.176s] Level 1:colcon.colcon_core.package_discovery:discover_packages(ignore) check parameters
[0.176s] Level 1:colcon.colcon_core.package_discovery:discover_packages(path) check parameters
[0.176s] Level 1:colcon.colcon_core.package_discovery:discover_packages(colcon_meta) discover
[0.176s] Level 1:colcon.colcon_core.package_discovery:discover_packages(recursive) discover
[0.176s] INFO:colcon.colcon_core.package_discovery:Crawling recursively for packages in '/home/mac/dev_ws/omo_robot'
[0.176s] Level 1:colcon.colcon_core.package_identification:_identify(.) by extensions ['ignore', 'ignore_ament_install']
[0.176s] Level 1:colcon.colcon_core.package_identification:_identify(.) by extension 'ignore'
[0.176s] Level 1:colcon.colcon_core.package_identification:_identify(.) by extension 'ignore_ament_install'
[0.176s] Level 1:colcon.colcon_core.package_identification:_identify(.) by extensions ['colcon_pkg']
[0.176s] Level 1:colcon.colcon_core.package_identification:_identify(.) by extension 'colcon_pkg'
[0.177s] Level 1:colcon.colcon_core.package_identification:_identify(.) by extensions ['colcon_meta']
[0.177s] Level 1:colcon.colcon_core.package_identification:_identify(.) by extension 'colcon_meta'
[0.177s] Level 1:colcon.colcon_core.package_identification:_identify(.) by extensions ['ros']
[0.177s] Level 1:colcon.colcon_core.package_identification:_identify(.) by extension 'ros'
[0.207s] Level 1:colcon.colcon_core.package_identification:_identify(.) by extensions ['cmake', 'python']
[0.207s] Level 1:colcon.colcon_core.package_identification:_identify(.) by extension 'cmake'
[0.207s] Level 1:colcon.colcon_core.package_identification:_identify(.) by extension 'python'
[0.207s] Level 1:colcon.colcon_core.package_identification:_identify(.) by extensions ['python_setup_py']
[0.207s] Level 1:colcon.colcon_core.package_identification:_identify(.) by extension 'python_setup_py'
[0.208s] Level 1:colcon.colcon_core.package_identification:_identify(build) by extensions ['ignore', 'ignore_ament_install']
[0.208s] Level 1:colcon.colcon_core.package_identification:_identify(build) by extension 'ignore'
[0.208s] Level 1:colcon.colcon_core.package_identification:_identify(build) ignored
[0.208s] Level 1:colcon.colcon_core.package_identification:_identify(install) by extensions ['ignore', 'ignore_ament_install']
[0.208s] Level 1:colcon.colcon_core.package_identification:_identify(install) by extension 'ignore'
[0.208s] Level 1:colcon.colcon_core.package_identification:_identify(install) ignored
[0.208s] Level 1:colcon.colcon_core.package_identification:_identify(log) by extensions ['ignore', 'ignore_ament_install']
[0.208s] Level 1:colcon.colcon_core.package_identification:_identify(log) by extension 'ignore'
[0.208s] Level 1:colcon.colcon_core.package_identification:_identify(log) ignored
[0.209s] Level 1:colcon.colcon_core.package_identification:_identify(src) by extensions ['ignore', 'ignore_ament_install']
[0.209s] Level 1:colcon.colcon_core.package_identification:_identify(src) by extension 'ignore'
[0.209s] Level 1:colcon.colcon_core.package_identification:_identify(src) by extension 'ignore_ament_install'
[0.209s] Level 1:colcon.colcon_core.package_identification:_identify(src) by extensions ['colcon_pkg']
[0.209s] Level 1:colcon.colcon_core.package_identification:_identify(src) by extension 'colcon_pkg'
[0.209s] Level 1:colcon.colcon_core.package_identification:_identify(src) by extensions ['colcon_meta']
[0.209s] Level 1:colcon.colcon_core.package_identification:_identify(src) by extension 'colcon_meta'
[0.209s] Level 1:colcon.colcon_core.package_identification:_identify(src) by extensions ['ros']
[0.209s] Level 1:colcon.colcon_core.package_identification:_identify(src) by extension 'ros'
[0.209s] Level 1:colcon.colcon_core.package_identification:_identify(src) by extensions ['cmake', 'python']
[0.209s] Level 1:colcon.colcon_core.package_identification:_identify(src) by extension 'cmake'
[0.209s] Level 1:colcon.colcon_core.package_identification:_identify(src) by extension 'python'
[0.209s] Level 1:colcon.colcon_core.package_identification:_identify(src) by extensions ['python_setup_py']
[0.209s] Level 1:colcon.colcon_core.package_identification:_identify(src) by extension 'python_setup_py'
[0.209s] Level 1:colcon.colcon_core.package_identification:_identify(src/YDLidar-SDK) by extensions ['ignore', 'ignore_ament_install']
[0.209s] Level 1:colcon.colcon_core.package_identification:_identify(src/YDLidar-SDK) by extension 'ignore'
[0.209s] Level 1:colcon.colcon_core.package_identification:_identify(src/YDLidar-SDK) by extension 'ignore_ament_install'
[0.209s] Level 1:colcon.colcon_core.package_identification:_identify(src/YDLidar-SDK) by extensions ['colcon_pkg']
[0.209s] Level 1:colcon.colcon_core.package_identification:_identify(src/YDLidar-SDK) by extension 'colcon_pkg'
[0.209s] Level 1:colcon.colcon_core.package_identification:_identify(src/YDLidar-SDK) by extensions ['colcon_meta']
[0.209s] Level 1:colcon.colcon_core.package_identification:_identify(src/YDLidar-SDK) by extension 'colcon_meta'
[0.209s] Level 1:colcon.colcon_core.package_identification:_identify(src/YDLidar-SDK) by extensions ['ros']
[0.209s] Level 1:colcon.colcon_core.package_identification:_identify(src/YDLidar-SDK) by extension 'ros'
[0.210s] Level 1:colcon.colcon_core.package_identification:_identify(src/YDLidar-SDK) by extensions ['cmake', 'python']
[0.210s] Level 1:colcon.colcon_core.package_identification:_identify(src/YDLidar-SDK) by extension 'cmake'
[0.230s] Level 1:colcon.colcon_core.package_identification:_identify(src/YDLidar-SDK) by extension 'python'
[0.230s] DEBUG:colcon.colcon_core.package_identification:Package 'src/YDLidar-SDK' with type 'cmake' and name 'ydlidar_sdk'
[0.230s] Level 1:colcon.colcon_core.package_identification:_identify(src/omo_r1-ros2) by extensions ['ignore', 'ignore_ament_install']
[0.230s] Level 1:colcon.colcon_core.package_identification:_identify(src/omo_r1-ros2) by extension 'ignore'
[0.230s] Level 1:colcon.colcon_core.package_identification:_identify(src/omo_r1-ros2) by extension 'ignore_ament_install'
[0.230s] Level 1:colcon.colcon_core.package_identification:_identify(src/omo_r1-ros2) by extensions ['colcon_pkg']
[0.230s] Level 1:colcon.colcon_core.package_identification:_identify(src/omo_r1-ros2) by extension 'colcon_pkg'
[0.230s] Level 1:colcon.colcon_core.package_identification:_identify(src/omo_r1-ros2) by extensions ['colcon_meta']
[0.230s] Level 1:colcon.colcon_core.package_identification:_identify(src/omo_r1-ros2) by extension 'colcon_meta'
[0.230s] Level 1:colcon.colcon_core.package_identification:_identify(src/omo_r1-ros2) by extensions ['ros']
[0.230s] Level 1:colcon.colcon_core.package_identification:_identify(src/omo_r1-ros2) by extension 'ros'
[0.230s] Level 1:colcon.colcon_core.package_identification:_identify(src/omo_r1-ros2) by extensions ['cmake', 'python']
[0.230s] Level 1:colcon.colcon_core.package_identification:_identify(src/omo_r1-ros2) by extension 'cmake'
[0.231s] Level 1:colcon.colcon_core.package_identification:_identify(src/omo_r1-ros2) by extension 'python'
[0.231s] Level 1:colcon.colcon_core.package_identification:_identify(src/omo_r1-ros2) by extensions ['python_setup_py']
[0.231s] Level 1:colcon.colcon_core.package_identification:_identify(src/omo_r1-ros2) by extension 'python_setup_py'
[0.231s] Level 1:colcon.colcon_core.package_identification:_identify(src/omo_r1-ros2/omo_r1) by extensions ['ignore', 'ignore_ament_install']
[0.231s] Level 1:colcon.colcon_core.package_identification:_identify(src/omo_r1-ros2/omo_r1) by extension 'ignore'
[0.231s] Level 1:colcon.colcon_core.package_identification:_identify(src/omo_r1-ros2/omo_r1) by extension 'ignore_ament_install'
[0.231s] Level 1:colcon.colcon_core.package_identification:_identify(src/omo_r1-ros2/omo_r1) by extensions ['colcon_pkg']
[0.231s] Level 1:colcon.colcon_core.package_identification:_identify(src/omo_r1-ros2/omo_r1) by extension 'colcon_pkg'
[0.231s] Level 1:colcon.colcon_core.package_identification:_identify(src/omo_r1-ros2/omo_r1) by extensions ['colcon_meta']
[0.231s] Level 1:colcon.colcon_core.package_identification:_identify(src/omo_r1-ros2/omo_r1) by extension 'colcon_meta'
[0.231s] Level 1:colcon.colcon_core.package_identification:_identify(src/omo_r1-ros2/omo_r1) by extensions ['ros']
[0.231s] Level 1:colcon.colcon_core.package_identification:_identify(src/omo_r1-ros2/omo_r1) by extension 'ros'
[0.234s] DEBUG:colcon.colcon_core.package_identification:Package 'src/omo_r1-ros2/omo_r1' with type 'ros.ament_cmake' and name 'omo_r1'
[0.234s] Level 1:colcon.colcon_core.package_identification:_identify(src/omo_r1-ros2/omo_r1_bringup) by extensions ['ignore', 'ignore_ament_install']
[0.234s] Level 1:colcon.colcon_core.package_identification:_identify(src/omo_r1-ros2/omo_r1_bringup) by extension 'ignore'
[0.234s] Level 1:colcon.colcon_core.package_identification:_identify(src/omo_r1-ros2/omo_r1_bringup) by extension 'ignore_ament_install'
[0.234s] Level 1:colcon.colcon_core.package_identification:_identify(src/omo_r1-ros2/omo_r1_bringup) by extensions ['colcon_pkg']
[0.234s] Level 1:colcon.colcon_core.package_identification:_identify(src/omo_r1-ros2/omo_r1_bringup) by extension 'colcon_pkg'
[0.234s] Level 1:colcon.colcon_core.package_identification:_identify(src/omo_r1-ros2/omo_r1_bringup) by extensions ['colcon_meta']
[0.234s] Level 1:colcon.colcon_core.package_identification:_identify(src/omo_r1-ros2/omo_r1_bringup) by extension 'colcon_meta'
[0.234s] Level 1:colcon.colcon_core.package_identification:_identify(src/omo_r1-ros2/omo_r1_bringup) by extensions ['ros']
[0.234s] Level 1:colcon.colcon_core.package_identification:_identify(src/omo_r1-ros2/omo_r1_bringup) by extension 'ros'
[0.235s] DEBUG:colcon.colcon_core.package_identification:Package 'src/omo_r1-ros2/omo_r1_bringup' with type 'ros.ament_python' and name 'omo_r1_bringup'
[0.235s] Level 1:colcon.colcon_core.package_identification:_identify(src/omo_r1-ros2/omo_r1_cartographer) by extensions ['ignore', 'ignore_ament_install']
[0.235s] Level 1:colcon.colcon_core.package_identification:_identify(src/omo_r1-ros2/omo_r1_cartographer) by extension 'ignore'
[0.235s] Level 1:colcon.colcon_core.package_identification:_identify(src/omo_r1-ros2/omo_r1_cartographer) by extension 'ignore_ament_install'
[0.235s] Level 1:colcon.colcon_core.package_identification:_identify(src/omo_r1-ros2/omo_r1_cartographer) by extensions ['colcon_pkg']
[0.235s] Level 1:colcon.colcon_core.package_identification:_identify(src/omo_r1-ros2/omo_r1_cartographer) by extension 'colcon_pkg'
[0.235s] Level 1:colcon.colcon_core.package_identification:_identify(src/omo_r1-ros2/omo_r1_cartographer) by extensions ['colcon_meta']
[0.235s] Level 1:colcon.colcon_core.package_identification:_identify(src/omo_r1-ros2/omo_r1_cartographer) by extension 'colcon_meta'
[0.235s] Level 1:colcon.colcon_core.package_identification:_identify(src/omo_r1-ros2/omo_r1_cartographer) by extensions ['ros']
[0.235s] Level 1:colcon.colcon_core.package_identification:_identify(src/omo_r1-ros2/omo_r1_cartographer) by extension 'ros'
[0.236s] DEBUG:colcon.colcon_core.package_identification:Package 'src/omo_r1-ros2/omo_r1_cartographer' with type 'ros.ament_cmake' and name 'omo_r1_cartographer'
[0.236s] Level 1:colcon.colcon_core.package_identification:_identify(src/omo_r1-ros2/omo_r1_description) by extensions ['ignore', 'ignore_ament_install']
[0.236s] Level 1:colcon.colcon_core.package_identification:_identify(src/omo_r1-ros2/omo_r1_description) by extension 'ignore'
[0.236s] Level 1:colcon.colcon_core.package_identification:_identify(src/omo_r1-ros2/omo_r1_description) by extension 'ignore_ament_install'
[0.236s] Level 1:colcon.colcon_core.package_identification:_identify(src/omo_r1-ros2/omo_r1_description) by extensions ['colcon_pkg']
[0.236s] Level 1:colcon.colcon_core.package_identification:_identify(src/omo_r1-ros2/omo_r1_description) by extension 'colcon_pkg'
[0.236s] Level 1:colcon.colcon_core.package_identification:_identify(src/omo_r1-ros2/omo_r1_description) by extensions ['colcon_meta']
[0.236s] Level 1:colcon.colcon_core.package_identification:_identify(src/omo_r1-ros2/omo_r1_description) by extension 'colcon_meta'
[0.237s] Level 1:colcon.colcon_core.package_identification:_identify(src/omo_r1-ros2/omo_r1_description) by extensions ['ros']
[0.237s] Level 1:colcon.colcon_core.package_identification:_identify(src/omo_r1-ros2/omo_r1_description) by extension 'ros'
[0.237s] DEBUG:colcon.colcon_core.package_identification:Package 'src/omo_r1-ros2/omo_r1_description' with type 'ros.ament_cmake' and name 'omo_r1_description'
[0.237s] Level 1:colcon.colcon_core.package_identification:_identify(src/omo_r1-ros2/omo_r1_gazebo) by extensions ['ignore', 'ignore_ament_install']
[0.237s] Level 1:colcon.colcon_core.package_identification:_identify(src/omo_r1-ros2/omo_r1_gazebo) by extension 'ignore'
[0.237s] Level 1:colcon.colcon_core.package_identification:_identify(src/omo_r1-ros2/omo_r1_gazebo) by extension 'ignore_ament_install'
[0.237s] Level 1:colcon.colcon_core.package_identification:_identify(src/omo_r1-ros2/omo_r1_gazebo) by extensions ['colcon_pkg']
[0.237s] Level 1:colcon.colcon_core.package_identification:_identify(src/omo_r1-ros2/omo_r1_gazebo) by extension 'colcon_pkg'
[0.237s] Level 1:colcon.colcon_core.package_identification:_identify(src/omo_r1-ros2/omo_r1_gazebo) by extensions ['colcon_meta']
[0.237s] Level 1:colcon.colcon_core.package_identification:_identify(src/omo_r1-ros2/omo_r1_gazebo) by extension 'colcon_meta'
[0.238s] Level 1:colcon.colcon_core.package_identification:_identify(src/omo_r1-ros2/omo_r1_gazebo) by extensions ['ros']
[0.238s] Level 1:colcon.colcon_core.package_identification:_identify(src/omo_r1-ros2/omo_r1_gazebo) by extension 'ros'
[0.238s] DEBUG:colcon.colcon_core.package_identification:Package 'src/omo_r1-ros2/omo_r1_gazebo' with type 'ros.ament_cmake' and name 'omo_r1_gazebo'
[0.238s] Level 1:colcon.colcon_core.package_identification:_identify(src/omo_r1-ros2/omo_r1_interface) by extensions ['ignore', 'ignore_ament_install']
[0.239s] Level 1:colcon.colcon_core.package_identification:_identify(src/omo_r1-ros2/omo_r1_interface) by extension 'ignore'
[0.239s] Level 1:colcon.colcon_core.package_identification:_identify(src/omo_r1-ros2/omo_r1_interface) by extension 'ignore_ament_install'
[0.239s] Level 1:colcon.colcon_core.package_identification:_identify(src/omo_r1-ros2/omo_r1_interface) by extensions ['colcon_pkg']
[0.239s] Level 1:colcon.colcon_core.package_identification:_identify(src/omo_r1-ros2/omo_r1_interface) by extension 'colcon_pkg'
[0.239s] Level 1:colcon.colcon_core.package_identification:_identify(src/omo_r1-ros2/omo_r1_interface) by extensions ['colcon_meta']
[0.239s] Level 1:colcon.colcon_core.package_identification:_identify(src/omo_r1-ros2/omo_r1_interface) by extension 'colcon_meta'
[0.239s] Level 1:colcon.colcon_core.package_identification:_identify(src/omo_r1-ros2/omo_r1_interface) by extensions ['ros']
[0.239s] Level 1:colcon.colcon_core.package_identification:_identify(src/omo_r1-ros2/omo_r1_interface) by extension 'ros'
[0.239s] DEBUG:colcon.colcon_core.package_identification:Package 'src/omo_r1-ros2/omo_r1_interface' with type 'ros.ament_cmake' and name 'omo_r1_interfaces'
[0.239s] Level 1:colcon.colcon_core.package_identification:_identify(src/omo_r1-ros2/omo_r1_navigation2) by extensions ['ignore', 'ignore_ament_install']
[0.239s] Level 1:colcon.colcon_core.package_identification:_identify(src/omo_r1-ros2/omo_r1_navigation2) by extension 'ignore'
[0.240s] Level 1:colcon.colcon_core.package_identification:_identify(src/omo_r1-ros2/omo_r1_navigation2) by extension 'ignore_ament_install'
[0.240s] Level 1:colcon.colcon_core.package_identification:_identify(src/omo_r1-ros2/omo_r1_navigation2) by extensions ['colcon_pkg']
[0.240s] Level 1:colcon.colcon_core.package_identification:_identify(src/omo_r1-ros2/omo_r1_navigation2) by extension 'colcon_pkg'
[0.240s] Level 1:colcon.colcon_core.package_identification:_identify(src/omo_r1-ros2/omo_r1_navigation2) by extensions ['colcon_meta']
[0.240s] Level 1:colcon.colcon_core.package_identification:_identify(src/omo_r1-ros2/omo_r1_navigation2) by extension 'colcon_meta'
[0.240s] Level 1:colcon.colcon_core.package_identification:_identify(src/omo_r1-ros2/omo_r1_navigation2) by extensions ['ros']
[0.240s] Level 1:colcon.colcon_core.package_identification:_identify(src/omo_r1-ros2/omo_r1_navigation2) by extension 'ros'
[0.240s] DEBUG:colcon.colcon_core.package_identification:Package 'src/omo_r1-ros2/omo_r1_navigation2' with type 'ros.ament_cmake' and name 'omo_r1_navigation2'
[0.240s] Level 1:colcon.colcon_core.package_identification:_identify(src/omo_r1-ros2/omo_r1_teleop) by extensions ['ignore', 'ignore_ament_install']
[0.240s] Level 1:colcon.colcon_core.package_identification:_identify(src/omo_r1-ros2/omo_r1_teleop) by extension 'ignore'
[0.240s] Level 1:colcon.colcon_core.package_identification:_identify(src/omo_r1-ros2/omo_r1_teleop) by extension 'ignore_ament_install'
[0.240s] Level 1:colcon.colcon_core.package_identification:_identify(src/omo_r1-ros2/omo_r1_teleop) by extensions ['colcon_pkg']
[0.241s] Level 1:colcon.colcon_core.package_identification:_identify(src/omo_r1-ros2/omo_r1_teleop) by extension 'colcon_pkg'
[0.241s] Level 1:colcon.colcon_core.package_identification:_identify(src/omo_r1-ros2/omo_r1_teleop) by extensions ['colcon_meta']
[0.241s] Level 1:colcon.colcon_core.package_identification:_identify(src/omo_r1-ros2/omo_r1_teleop) by extension 'colcon_meta'
[0.241s] Level 1:colcon.colcon_core.package_identification:_identify(src/omo_r1-ros2/omo_r1_teleop) by extensions ['ros']
[0.241s] Level 1:colcon.colcon_core.package_identification:_identify(src/omo_r1-ros2/omo_r1_teleop) by extension 'ros'
[0.241s] DEBUG:colcon.colcon_core.package_identification:Package 'src/omo_r1-ros2/omo_r1_teleop' with type 'ros.ament_python' and name 'omo_r1_teleop'
[0.241s] Level 1:colcon.colcon_core.package_identification:_identify(src/ydlidar_ros2_driver) by extensions ['ignore', 'ignore_ament_install']
[0.241s] Level 1:colcon.colcon_core.package_identification:_identify(src/ydlidar_ros2_driver) by extension 'ignore'
[0.241s] Level 1:colcon.colcon_core.package_identification:_identify(src/ydlidar_ros2_driver) by extension 'ignore_ament_install'
[0.241s] Level 1:colcon.colcon_core.package_identification:_identify(src/ydlidar_ros2_driver) by extensions ['colcon_pkg']
[0.241s] Level 1:colcon.colcon_core.package_identification:_identify(src/ydlidar_ros2_driver) by extension 'colcon_pkg'
[0.241s] Level 1:colcon.colcon_core.package_identification:_identify(src/ydlidar_ros2_driver) by extensions ['colcon_meta']
[0.241s] Level 1:colcon.colcon_core.package_identification:_identify(src/ydlidar_ros2_driver) by extension 'colcon_meta'
[0.242s] Level 1:colcon.colcon_core.package_identification:_identify(src/ydlidar_ros2_driver) by extensions ['ros']
[0.242s] Level 1:colcon.colcon_core.package_identification:_identify(src/ydlidar_ros2_driver) by extension 'ros'
[0.242s] DEBUG:colcon.colcon_core.package_identification:Package 'src/ydlidar_ros2_driver' with type 'ros.ament_cmake' and name 'ydlidar_ros2_driver'
[0.242s] Level 1:colcon.colcon_core.package_discovery:discover_packages(recursive) using defaults
[0.242s] Level 1:colcon.colcon_core.package_discovery:discover_packages(ignore) discover
[0.242s] Level 1:colcon.colcon_core.package_discovery:discover_packages(ignore) using defaults
[0.242s] Level 1:colcon.colcon_core.package_discovery:discover_packages(path) discover
[0.242s] Level 1:colcon.colcon_core.package_discovery:discover_packages(path) using defaults
[0.266s] Level 1:colcon.colcon_core.package_discovery:discover_packages(prefix_path) check parameters
[0.266s] Level 1:colcon.colcon_core.package_discovery:discover_packages(prefix_path) discover
[0.268s] DEBUG:colcon.colcon_installed_package_information.package_discovery:Found 10 installed packages in /home/mac/dev_ws/omo_robot/install
[0.272s] DEBUG:colcon.colcon_installed_package_information.package_discovery:Found 529 installed packages in /opt/ros/jazzy
[0.273s] Level 1:colcon.colcon_core.package_discovery:discover_packages(prefix_path) using defaults
[0.367s] Level 5:colcon.colcon_core.verb:set package 'omo_r1_cartographer' build argument 'cmake_args' from command line to 'None'
[0.367s] Level 5:colcon.colcon_core.verb:set package 'omo_r1_cartographer' build argument 'cmake_target' from command line to 'None'
[0.367s] Level 5:colcon.colcon_core.verb:set package 'omo_r1_cartographer' build argument 'cmake_target_skip_unavailable' from command line to 'False'
[0.367s] Level 5:colcon.colcon_core.verb:set package 'omo_r1_cartographer' build argument 'cmake_clean_cache' from command line to 'False'
[0.367s] Level 5:colcon.colcon_core.verb:set package 'omo_r1_cartographer' build argument 'cmake_clean_first' from command line to 'False'
[0.367s] Level 5:colcon.colcon_core.verb:set package 'omo_r1_cartographer' build argument 'cmake_force_configure' from command line to 'False'
[0.367s] Level 5:colcon.colcon_core.verb:set package 'omo_r1_cartographer' build argument 'ament_cmake_args' from command line to 'None'
[0.367s] Level 5:colcon.colcon_core.verb:set package 'omo_r1_cartographer' build argument 'catkin_cmake_args' from command line to 'None'
[0.367s] Level 5:colcon.colcon_core.verb:set package 'omo_r1_cartographer' build argument 'catkin_skip_building_tests' from command line to 'False'
[0.367s] DEBUG:colcon.colcon_core.verb:Building package 'omo_r1_cartographer' with the following arguments: {'ament_cmake_args': None, 'build_base': '/home/mac/dev_ws/omo_robot/build/omo_r1_cartographer', 'catkin_cmake_args': None, 'catkin_skip_building_tests': False, 'cmake_args': None, 'cmake_clean_cache': False, 'cmake_clean_first': False, 'cmake_force_configure': False, 'cmake_target': None, 'cmake_target_skip_unavailable': False, 'install_base': '/home/mac/dev_ws/omo_robot/install/omo_r1_cartographer', 'merge_install': False, 'path': '/home/mac/dev_ws/omo_robot/src/omo_r1-ros2/omo_r1_cartographer', 'symlink_install': False, 'test_result_base': None}
[0.367s] Level 5:colcon.colcon_core.verb:set package 'omo_r1_description' build argument 'cmake_args' from command line to 'None'
[0.367s] Level 5:colcon.colcon_core.verb:set package 'omo_r1_description' build argument 'cmake_target' from command line to 'None'
[0.367s] Level 5:colcon.colcon_core.verb:set package 'omo_r1_description' build argument 'cmake_target_skip_unavailable' from command line to 'False'
[0.367s] Level 5:colcon.colcon_core.verb:set package 'omo_r1_description' build argument 'cmake_clean_cache' from command line to 'False'
[0.367s] Level 5:colcon.colcon_core.verb:set package 'omo_r1_description' build argument 'cmake_clean_first' from command line to 'False'
[0.367s] Level 5:colcon.colcon_core.verb:set package 'omo_r1_description' build argument 'cmake_force_configure' from command line to 'False'
[0.367s] Level 5:colcon.colcon_core.verb:set package 'omo_r1_description' build argument 'ament_cmake_args' from command line to 'None'
[0.367s] Level 5:colcon.colcon_core.verb:set package 'omo_r1_description' build argument 'catkin_cmake_args' from command line to 'None'
[0.367s] Level 5:colcon.colcon_core.verb:set package 'omo_r1_description' build argument 'catkin_skip_building_tests' from command line to 'False'
[0.367s] DEBUG:colcon.colcon_core.verb:Building package 'omo_r1_description' with the following arguments: {'ament_cmake_args': None, 'build_base': '/home/mac/dev_ws/omo_robot/build/omo_r1_description', 'catkin_cmake_args': None, 'catkin_skip_building_tests': False, 'cmake_args': None, 'cmake_clean_cache': False, 'cmake_clean_first': False, 'cmake_force_configure': False, 'cmake_target': None, 'cmake_target_skip_unavailable': False, 'install_base': '/home/mac/dev_ws/omo_robot/install/omo_r1_description', 'merge_install': False, 'path': '/home/mac/dev_ws/omo_robot/src/omo_r1-ros2/omo_r1_description', 'symlink_install': False, 'test_result_base': None}
[0.368s] Level 5:colcon.colcon_core.verb:set package 'omo_r1_gazebo' build argument 'cmake_args' from command line to 'None'
[0.368s] Level 5:colcon.colcon_core.verb:set package 'omo_r1_gazebo' build argument 'cmake_target' from command line to 'None'
[0.368s] Level 5:colcon.colcon_core.verb:set package 'omo_r1_gazebo' build argument 'cmake_target_skip_unavailable' from command line to 'False'
[0.368s] Level 5:colcon.colcon_core.verb:set package 'omo_r1_gazebo' build argument 'cmake_clean_cache' from command line to 'False'
[0.368s] Level 5:colcon.colcon_core.verb:set package 'omo_r1_gazebo' build argument 'cmake_clean_first' from command line to 'False'
[0.368s] Level 5:colcon.colcon_core.verb:set package 'omo_r1_gazebo' build argument 'cmake_force_configure' from command line to 'False'
[0.368s] Level 5:colcon.colcon_core.verb:set package 'omo_r1_gazebo' build argument 'ament_cmake_args' from command line to 'None'
[0.368s] Level 5:colcon.colcon_core.verb:set package 'omo_r1_gazebo' build argument 'catkin_cmake_args' from command line to 'None'
[0.368s] Level 5:colcon.colcon_core.verb:set package 'omo_r1_gazebo' build argument 'catkin_skip_building_tests' from command line to 'False'
[0.368s] DEBUG:colcon.colcon_core.verb:Building package 'omo_r1_gazebo' with the following arguments: {'ament_cmake_args': None, 'build_base': '/home/mac/dev_ws/omo_robot/build/omo_r1_gazebo', 'catkin_cmake_args': None, 'catkin_skip_building_tests': False, 'cmake_args': None, 'cmake_clean_cache': False, 'cmake_clean_first': False, 'cmake_force_configure': False, 'cmake_target': None, 'cmake_target_skip_unavailable': False, 'install_base': '/home/mac/dev_ws/omo_robot/install/omo_r1_gazebo', 'merge_install': False, 'path': '/home/mac/dev_ws/omo_robot/src/omo_r1-ros2/omo_r1_gazebo', 'symlink_install': False, 'test_result_base': None}
[0.368s] Level 5:colcon.colcon_core.verb:set package 'omo_r1_interfaces' build argument 'cmake_args' from command line to 'None'
[0.368s] Level 5:colcon.colcon_core.verb:set package 'omo_r1_interfaces' build argument 'cmake_target' from command line to 'None'
[0.368s] Level 5:colcon.colcon_core.verb:set package 'omo_r1_interfaces' build argument 'cmake_target_skip_unavailable' from command line to 'False'
[0.368s] Level 5:colcon.colcon_core.verb:set package 'omo_r1_interfaces' build argument 'cmake_clean_cache' from command line to 'False'
[0.368s] Level 5:colcon.colcon_core.verb:set package 'omo_r1_interfaces' build argument 'cmake_clean_first' from command line to 'False'
[0.368s] Level 5:colcon.colcon_core.verb:set package 'omo_r1_interfaces' build argument 'cmake_force_configure' from command line to 'False'
[0.368s] Level 5:colcon.colcon_core.verb:set package 'omo_r1_interfaces' build argument 'ament_cmake_args' from command line to 'None'
[0.368s] Level 5:colcon.colcon_core.verb:set package 'omo_r1_interfaces' build argument 'catkin_cmake_args' from command line to 'None'
[0.368s] Level 5:colcon.colcon_core.verb:set package 'omo_r1_interfaces' build argument 'catkin_skip_building_tests' from command line to 'False'
[0.368s] DEBUG:colcon.colcon_core.verb:Building package 'omo_r1_interfaces' with the following arguments: {'ament_cmake_args': None, 'build_base': '/home/mac/dev_ws/omo_robot/build/omo_r1_interfaces', 'catkin_cmake_args': None, 'catkin_skip_building_tests': False, 'cmake_args': None, 'cmake_clean_cache': False, 'cmake_clean_first': False, 'cmake_force_configure': False, 'cmake_target': None, 'cmake_target_skip_unavailable': False, 'install_base': '/home/mac/dev_ws/omo_robot/install/omo_r1_interfaces', 'merge_install': False, 'path': '/home/mac/dev_ws/omo_robot/src/omo_r1-ros2/omo_r1_interface', 'symlink_install': False, 'test_result_base': None}
[0.369s] Level 5:colcon.colcon_core.verb:set package 'omo_r1_navigation2' build argument 'cmake_args' from command line to 'None'
[0.369s] Level 5:colcon.colcon_core.verb:set package 'omo_r1_navigation2' build argument 'cmake_target' from command line to 'None'
[0.369s] Level 5:colcon.colcon_core.verb:set package 'omo_r1_navigation2' build argument 'cmake_target_skip_unavailable' from command line to 'False'
[0.369s] Level 5:colcon.colcon_core.verb:set package 'omo_r1_navigation2' build argument 'cmake_clean_cache' from command line to 'False'
[0.369s] Level 5:colcon.colcon_core.verb:set package 'omo_r1_navigation2' build argument 'cmake_clean_first' from command line to 'False'
[0.369s] Level 5:colcon.colcon_core.verb:set package 'omo_r1_navigation2' build argument 'cmake_force_configure' from command line to 'False'
[0.369s] Level 5:colcon.colcon_core.verb:set package 'omo_r1_navigation2' build argument 'ament_cmake_args' from command line to 'None'
[0.369s] Level 5:colcon.colcon_core.verb:set package 'omo_r1_navigation2' build argument 'catkin_cmake_args' from command line to 'None'
[0.369s] Level 5:colcon.colcon_core.verb:set package 'omo_r1_navigation2' build argument 'catkin_skip_building_tests' from command line to 'False'
[0.369s] DEBUG:colcon.colcon_core.verb:Building package 'omo_r1_navigation2' with the following arguments: {'ament_cmake_args': None, 'build_base': '/home/mac/dev_ws/omo_robot/build/omo_r1_navigation2', 'catkin_cmake_args': None, 'catkin_skip_building_tests': False, 'cmake_args': None, 'cmake_clean_cache': False, 'cmake_clean_first': False, 'cmake_force_configure': False, 'cmake_target': None, 'cmake_target_skip_unavailable': False, 'install_base': '/home/mac/dev_ws/omo_robot/install/omo_r1_navigation2', 'merge_install': False, 'path': '/home/mac/dev_ws/omo_robot/src/omo_r1-ros2/omo_r1_navigation2', 'symlink_install': False, 'test_result_base': None}
[0.369s] Level 5:colcon.colcon_core.verb:set package 'ydlidar_ros2_driver' build argument 'cmake_args' from command line to 'None'
[0.369s] Level 5:colcon.colcon_core.verb:set package 'ydlidar_ros2_driver' build argument 'cmake_target' from command line to 'None'
[0.369s] Level 5:colcon.colcon_core.verb:set package 'ydlidar_ros2_driver' build argument 'cmake_target_skip_unavailable' from command line to 'False'
[0.369s] Level 5:colcon.colcon_core.verb:set package 'ydlidar_ros2_driver' build argument 'cmake_clean_cache' from command line to 'False'
[0.369s] Level 5:colcon.colcon_core.verb:set package 'ydlidar_ros2_driver' build argument 'cmake_clean_first' from command line to 'False'
[0.369s] Level 5:colcon.colcon_core.verb:set package 'ydlidar_ros2_driver' build argument 'cmake_force_configure' from command line to 'False'
[0.369s] Level 5:colcon.colcon_core.verb:set package 'ydlidar_ros2_driver' build argument 'ament_cmake_args' from command line to 'None'
[0.369s] Level 5:colcon.colcon_core.verb:set package 'ydlidar_ros2_driver' build argument 'catkin_cmake_args' from command line to 'None'
[0.369s] Level 5:colcon.colcon_core.verb:set package 'ydlidar_ros2_driver' build argument 'catkin_skip_building_tests' from command line to 'False'
[0.369s] DEBUG:colcon.colcon_core.verb:Building package 'ydlidar_ros2_driver' with the following arguments: {'ament_cmake_args': None, 'build_base': '/home/mac/dev_ws/omo_robot/build/ydlidar_ros2_driver', 'catkin_cmake_args': None, 'catkin_skip_building_tests': False, 'cmake_args': None, 'cmake_clean_cache': False, 'cmake_clean_first': False, 'cmake_force_configure': False, 'cmake_target': None, 'cmake_target_skip_unavailable': False, 'install_base': '/home/mac/dev_ws/omo_robot/install/ydlidar_ros2_driver', 'merge_install': False, 'path': '/home/mac/dev_ws/omo_robot/src/ydlidar_ros2_driver', 'symlink_install': False, 'test_result_base': None}
[0.369s] Level 5:colcon.colcon_core.verb:set package 'ydlidar_sdk' build argument 'cmake_args' from command line to 'None'
[0.369s] Level 5:colcon.colcon_core.verb:set package 'ydlidar_sdk' build argument 'cmake_target' from command line to 'None'
[0.369s] Level 5:colcon.colcon_core.verb:set package 'ydlidar_sdk' build argument 'cmake_target_skip_unavailable' from command line to 'False'
[0.369s] Level 5:colcon.colcon_core.verb:set package 'ydlidar_sdk' build argument 'cmake_clean_cache' from command line to 'False'
[0.369s] Level 5:colcon.colcon_core.verb:set package 'ydlidar_sdk' build argument 'cmake_clean_first' from command line to 'False'
[0.369s] Level 5:colcon.colcon_core.verb:set package 'ydlidar_sdk' build argument 'cmake_force_configure' from command line to 'False'
[0.369s] Level 5:colcon.colcon_core.verb:set package 'ydlidar_sdk' build argument 'ament_cmake_args' from command line to 'None'
[0.369s] Level 5:colcon.colcon_core.verb:set package 'ydlidar_sdk' build argument 'catkin_cmake_args' from command line to 'None'
[0.370s] Level 5:colcon.colcon_core.verb:set package 'ydlidar_sdk' build argument 'catkin_skip_building_tests' from command line to 'False'
[0.370s] DEBUG:colcon.colcon_core.verb:Building package 'ydlidar_sdk' with the following arguments: {'ament_cmake_args': None, 'build_base': '/home/mac/dev_ws/omo_robot/build/ydlidar_sdk', 'catkin_cmake_args': None, 'catkin_skip_building_tests': False, 'cmake_args': None, 'cmake_clean_cache': False, 'cmake_clean_first': False, 'cmake_force_configure': False, 'cmake_target': None, 'cmake_target_skip_unavailable': False, 'install_base': '/home/mac/dev_ws/omo_robot/install/ydlidar_sdk', 'merge_install': False, 'path': '/home/mac/dev_ws/omo_robot/src/YDLidar-SDK', 'symlink_install': False, 'test_result_base': None}
[0.370s] Level 5:colcon.colcon_core.verb:set package 'omo_r1_bringup' build argument 'cmake_args' from command line to 'None'
[0.370s] Level 5:colcon.colcon_core.verb:set package 'omo_r1_bringup' build argument 'cmake_target' from command line to 'None'
[0.370s] Level 5:colcon.colcon_core.verb:set package 'omo_r1_bringup' build argument 'cmake_target_skip_unavailable' from command line to 'False'
[0.370s] Level 5:colcon.colcon_core.verb:set package 'omo_r1_bringup' build argument 'cmake_clean_cache' from command line to 'False'
[0.370s] Level 5:colcon.colcon_core.verb:set package 'omo_r1_bringup' build argument 'cmake_clean_first' from command line to 'False'
[0.370s] Level 5:colcon.colcon_core.verb:set package 'omo_r1_bringup' build argument 'cmake_force_configure' from command line to 'False'
[0.370s] Level 5:colcon.colcon_core.verb:set package 'omo_r1_bringup' build argument 'ament_cmake_args' from command line to 'None'
[0.370s] Level 5:colcon.colcon_core.verb:set package 'omo_r1_bringup' build argument 'catkin_cmake_args' from command line to 'None'
[0.370s] Level 5:colcon.colcon_core.verb:set package 'omo_r1_bringup' build argument 'catkin_skip_building_tests' from command line to 'False'
[0.370s] DEBUG:colcon.colcon_core.verb:Building package 'omo_r1_bringup' with the following arguments: {'ament_cmake_args': None, 'build_base': '/home/mac/dev_ws/omo_robot/build/omo_r1_bringup', 'catkin_cmake_args': None, 'catkin_skip_building_tests': False, 'cmake_args': None, 'cmake_clean_cache': False, 'cmake_clean_first': False, 'cmake_force_configure': False, 'cmake_target': None, 'cmake_target_skip_unavailable': False, 'install_base': '/home/mac/dev_ws/omo_robot/install/omo_r1_bringup', 'merge_install': False, 'path': '/home/mac/dev_ws/omo_robot/src/omo_r1-ros2/omo_r1_bringup', 'symlink_install': False, 'test_result_base': None}
[0.370s] Level 5:colcon.colcon_core.verb:set package 'omo_r1_teleop' build argument 'cmake_args' from command line to 'None'
[0.370s] Level 5:colcon.colcon_core.verb:set package 'omo_r1_teleop' build argument 'cmake_target' from command line to 'None'
[0.370s] Level 5:colcon.colcon_core.verb:set package 'omo_r1_teleop' build argument 'cmake_target_skip_unavailable' from command line to 'False'
[0.370s] Level 5:colcon.colcon_core.verb:set package 'omo_r1_teleop' build argument 'cmake_clean_cache' from command line to 'False'
[0.370s] Level 5:colcon.colcon_core.verb:set package 'omo_r1_teleop' build argument 'cmake_clean_first' from command line to 'False'
[0.370s] Level 5:colcon.colcon_core.verb:set package 'omo_r1_teleop' build argument 'cmake_force_configure' from command line to 'False'
[0.370s] Level 5:colcon.colcon_core.verb:set package 'omo_r1_teleop' build argument 'ament_cmake_args' from command line to 'None'
[0.370s] Level 5:colcon.colcon_core.verb:set package 'omo_r1_teleop' build argument 'catkin_cmake_args' from command line to 'None'
[0.370s] Level 5:colcon.colcon_core.verb:set package 'omo_r1_teleop' build argument 'catkin_skip_building_tests' from command line to 'False'
[0.370s] DEBUG:colcon.colcon_core.verb:Building package 'omo_r1_teleop' with the following arguments: {'ament_cmake_args': None, 'build_base': '/home/mac/dev_ws/omo_robot/build/omo_r1_teleop', 'catkin_cmake_args': None, 'catkin_skip_building_tests': False, 'cmake_args': None, 'cmake_clean_cache': False, 'cmake_clean_first': False, 'cmake_force_configure': False, 'cmake_target': None, 'cmake_target_skip_unavailable': False, 'install_base': '/home/mac/dev_ws/omo_robot/install/omo_r1_teleop', 'merge_install': False, 'path': '/home/mac/dev_ws/omo_robot/src/omo_r1-ros2/omo_r1_teleop', 'symlink_install': False, 'test_result_base': None}
[0.371s] Level 5:colcon.colcon_core.verb:set package 'omo_r1' build argument 'cmake_args' from command line to 'None'
[0.371s] Level 5:colcon.colcon_core.verb:set package 'omo_r1' build argument 'cmake_target' from command line to 'None'
[0.371s] Level 5:colcon.colcon_core.verb:set package 'omo_r1' build argument 'cmake_target_skip_unavailable' from command line to 'False'
[0.371s] Level 5:colcon.colcon_core.verb:set package 'omo_r1' build argument 'cmake_clean_cache' from command line to 'False'
[0.371s] Level 5:colcon.colcon_core.verb:set package 'omo_r1' build argument 'cmake_clean_first' from command line to 'False'
[0.371s] Level 5:colcon.colcon_core.verb:set package 'omo_r1' build argument 'cmake_force_configure' from command line to 'False'
[0.371s] Level 5:colcon.colcon_core.verb:set package 'omo_r1' build argument 'ament_cmake_args' from command line to 'None'
[0.371s] Level 5:colcon.colcon_core.verb:set package 'omo_r1' build argument 'catkin_cmake_args' from command line to 'None'
[0.371s] Level 5:colcon.colcon_core.verb:set package 'omo_r1' build argument 'catkin_skip_building_tests' from command line to 'False'
[0.371s] DEBUG:colcon.colcon_core.verb:Building package 'omo_r1' with the following arguments: {'ament_cmake_args': None, 'build_base': '/home/mac/dev_ws/omo_robot/build/omo_r1', 'catkin_cmake_args': None, 'catkin_skip_building_tests': False, 'cmake_args': None, 'cmake_clean_cache': False, 'cmake_clean_first': False, 'cmake_force_configure': False, 'cmake_target': None, 'cmake_target_skip_unavailable': False, 'install_base': '/home/mac/dev_ws/omo_robot/install/omo_r1', 'merge_install': False, 'path': '/home/mac/dev_ws/omo_robot/src/omo_r1-ros2/omo_r1', 'symlink_install': False, 'test_result_base': None}
[0.371s] INFO:colcon.colcon_core.executor:Executing jobs using 'parallel' executor
[0.372s] DEBUG:colcon.colcon_parallel_executor.executor.parallel:run_until_complete
[0.372s] INFO:colcon.colcon_ros.task.ament_cmake.build:Building ROS package in '/home/mac/dev_ws/omo_robot/src/omo_r1-ros2/omo_r1_interface' with build type 'ament_cmake'
[0.373s] INFO:colcon.colcon_cmake.task.cmake.build:Building CMake package in '/home/mac/dev_ws/omo_robot/src/omo_r1-ros2/omo_r1_interface'
[0.375s] INFO:colcon.colcon_core.plugin_system:Skipping extension 'colcon_core.shell.bat': Not used on non-Windows systems
[0.376s] INFO:colcon.colcon_core.shell:Skip shell extension 'powershell' for command environment: Not usable outside of PowerShell
[0.376s] DEBUG:colcon.colcon_core.shell:Skip shell extension 'dsv' for command environment
[0.385s] INFO:colcon.colcon_ros.task.ament_cmake.build:Building ROS package in '/home/mac/dev_ws/omo_robot/src/omo_r1-ros2/omo_r1_description' with build type 'ament_cmake'
[0.386s] INFO:colcon.colcon_cmake.task.cmake.build:Building CMake package in '/home/mac/dev_ws/omo_robot/src/omo_r1-ros2/omo_r1_description'
[0.386s] INFO:colcon.colcon_core.shell:Skip shell extension 'powershell' for command environment: Not usable outside of PowerShell
[0.386s] DEBUG:colcon.colcon_core.shell:Skip shell extension 'dsv' for command environment
[0.393s] INFO:colcon.colcon_ros.task.ament_cmake.build:Building ROS package in '/home/mac/dev_ws/omo_robot/src/omo_r1-ros2/omo_r1_cartographer' with build type 'ament_cmake'
[0.393s] INFO:colcon.colcon_cmake.task.cmake.build:Building CMake package in '/home/mac/dev_ws/omo_robot/src/omo_r1-ros2/omo_r1_cartographer'
[0.393s] INFO:colcon.colcon_core.shell:Skip shell extension 'powershell' for command environment: Not usable outside of PowerShell
[0.393s] DEBUG:colcon.colcon_core.shell:Skip shell extension 'dsv' for command environment
[0.400s] INFO:colcon.colcon_ros.task.ament_cmake.build:Building ROS package in '/home/mac/dev_ws/omo_robot/src/omo_r1-ros2/omo_r1_navigation2' with build type 'ament_cmake'
[0.400s] INFO:colcon.colcon_cmake.task.cmake.build:Building CMake package in '/home/mac/dev_ws/omo_robot/src/omo_r1-ros2/omo_r1_navigation2'
[0.400s] INFO:colcon.colcon_core.shell:Skip shell extension 'powershell' for command environment: Not usable outside of PowerShell
[0.400s] DEBUG:colcon.colcon_core.shell:Skip shell extension 'dsv' for command environment
[0.408s] INFO:colcon.colcon_ros.task.ament_cmake.build:Building ROS package in '/home/mac/dev_ws/omo_robot/src/omo_r1-ros2/omo_r1_gazebo' with build type 'ament_cmake'
[0.408s] INFO:colcon.colcon_cmake.task.cmake.build:Building CMake package in '/home/mac/dev_ws/omo_robot/src/omo_r1-ros2/omo_r1_gazebo'
[0.408s] INFO:colcon.colcon_core.shell:Skip shell extension 'powershell' for command environment: Not usable outside of PowerShell
[0.409s] DEBUG:colcon.colcon_core.shell:Skip shell extension 'dsv' for command environment
[0.417s] INFO:colcon.colcon_ros.task.ament_cmake.build:Building ROS package in '/home/mac/dev_ws/omo_robot/src/ydlidar_ros2_driver' with build type 'ament_cmake'
[0.417s] INFO:colcon.colcon_cmake.task.cmake.build:Building CMake package in '/home/mac/dev_ws/omo_robot/src/ydlidar_ros2_driver'
[0.417s] INFO:colcon.colcon_core.shell:Skip shell extension 'powershell' for command environment: Not usable outside of PowerShell
[0.417s] DEBUG:colcon.colcon_core.shell:Skip shell extension 'dsv' for command environment
[0.426s] INFO:colcon.colcon_cmake.task.cmake.build:Building CMake package in '/home/mac/dev_ws/omo_robot/src/YDLidar-SDK'
[0.426s] INFO:colcon.colcon_core.shell:Skip shell extension 'powershell' for command environment: Not usable outside of PowerShell
[0.426s] DEBUG:colcon.colcon_core.shell:Skip shell extension 'dsv' for command environment
[0.442s] DEBUG:colcon.colcon_core.event_handler.log_command:Invoking command in '/home/mac/dev_ws/omo_robot/build/omo_r1_interfaces': CMAKE_PREFIX_PATH=${CMAKE_PREFIX_PATH}:/home/mac/dev_ws/omo_robot/install/omo_r1_teleop:/home/mac/dev_ws/omo_robot/install/omo_r1_bringup:/opt/ros/jazzy DEBUGINFOD_URLS=https://debuginfod.ubuntu.com PS1=(ros_venv) \[\e[1;34m\](ID: ${ROS_DOMAIN_ID:-0})\[\e[1;32m\]\u\[\e[0m\]:\[\e[1;34m\]\w\[\e[0m\]$ VIRTUAL_ENV_PROMPT=(ros_venv) /usr/bin/cmake --build /home/mac/dev_ws/omo_robot/build/omo_r1_interfaces -- -j16 -l16
[0.447s] DEBUG:colcon.colcon_core.event_handler.log_command:Invoking command in '/home/mac/dev_ws/omo_robot/build/omo_r1_description': CMAKE_PREFIX_PATH=${CMAKE_PREFIX_PATH}:/home/mac/dev_ws/omo_robot/install/omo_r1_teleop:/home/mac/dev_ws/omo_robot/install/omo_r1_bringup:/opt/ros/jazzy DEBUGINFOD_URLS=https://debuginfod.ubuntu.com PS1=(ros_venv) \[\e[1;34m\](ID: ${ROS_DOMAIN_ID:-0})\[\e[1;32m\]\u\[\e[0m\]:\[\e[1;34m\]\w\[\e[0m\]$ VIRTUAL_ENV_PROMPT=(ros_venv) /usr/bin/cmake --build /home/mac/dev_ws/omo_robot/build/omo_r1_description -- -j16 -l16
[0.449s] DEBUG:colcon.colcon_core.event_handler.log_command:Invoking command in '/home/mac/dev_ws/omo_robot/build/omo_r1_cartographer': CMAKE_PREFIX_PATH=${CMAKE_PREFIX_PATH}:/home/mac/dev_ws/omo_robot/install/omo_r1_teleop:/home/mac/dev_ws/omo_robot/install/omo_r1_bringup:/opt/ros/jazzy DEBUGINFOD_URLS=https://debuginfod.ubuntu.com PS1=(ros_venv) \[\e[1;34m\](ID: ${ROS_DOMAIN_ID:-0})\[\e[1;32m\]\u\[\e[0m\]:\[\e[1;34m\]\w\[\e[0m\]$ VIRTUAL_ENV_PROMPT=(ros_venv) /usr/bin/cmake --build /home/mac/dev_ws/omo_robot/build/omo_r1_cartographer -- -j16 -l16
[0.452s] DEBUG:colcon.colcon_core.event_handler.log_command:Invoking command in '/home/mac/dev_ws/omo_robot/build/omo_r1_navigation2': CMAKE_PREFIX_PATH=${CMAKE_PREFIX_PATH}:/home/mac/dev_ws/omo_robot/install/omo_r1_teleop:/home/mac/dev_ws/omo_robot/install/omo_r1_bringup:/opt/ros/jazzy DEBUGINFOD_URLS=https://debuginfod.ubuntu.com PS1=(ros_venv) \[\e[1;34m\](ID: ${ROS_DOMAIN_ID:-0})\[\e[1;32m\]\u\[\e[0m\]:\[\e[1;34m\]\w\[\e[0m\]$ VIRTUAL_ENV_PROMPT=(ros_venv) /usr/bin/cmake --build /home/mac/dev_ws/omo_robot/build/omo_r1_navigation2 -- -j16 -l16
[0.454s] DEBUG:colcon.colcon_core.event_handler.log_command:Invoking command in '/home/mac/dev_ws/omo_robot/build/omo_r1_gazebo': CMAKE_PREFIX_PATH=${CMAKE_PREFIX_PATH}:/home/mac/dev_ws/omo_robot/install/omo_r1_teleop:/home/mac/dev_ws/omo_robot/install/omo_r1_bringup:/opt/ros/jazzy DEBUGINFOD_URLS=https://debuginfod.ubuntu.com PS1=(ros_venv) \[\e[1;34m\](ID: ${ROS_DOMAIN_ID:-0})\[\e[1;32m\]\u\[\e[0m\]:\[\e[1;34m\]\w\[\e[0m\]$ VIRTUAL_ENV_PROMPT=(ros_venv) /usr/bin/cmake /home/mac/dev_ws/omo_robot/src/omo_r1-ros2/omo_r1_gazebo -DCMAKE_INSTALL_PREFIX=/home/mac/dev_ws/omo_robot/install/omo_r1_gazebo
[0.458s] DEBUG:colcon.colcon_core.event_handler.log_command:Invoking command in '/home/mac/dev_ws/omo_robot/build/ydlidar_ros2_driver': CMAKE_PREFIX_PATH=${CMAKE_PREFIX_PATH}:/home/mac/dev_ws/omo_robot/install/omo_r1_teleop:/home/mac/dev_ws/omo_robot/install/omo_r1_bringup:/opt/ros/jazzy DEBUGINFOD_URLS=https://debuginfod.ubuntu.com PS1=(ros_venv) \[\e[1;34m\](ID: ${ROS_DOMAIN_ID:-0})\[\e[1;32m\]\u\[\e[0m\]:\[\e[1;34m\]\w\[\e[0m\]$ VIRTUAL_ENV_PROMPT=(ros_venv) /usr/bin/cmake --build /home/mac/dev_ws/omo_robot/build/ydlidar_ros2_driver -- -j16 -l16
[0.465s] DEBUG:colcon.colcon_core.event_handler.log_command:Invoking command in '/home/mac/dev_ws/omo_robot/build/ydlidar_sdk': DEBUGINFOD_URLS=https://debuginfod.ubuntu.com PS1=(ros_venv) \[\e[1;34m\](ID: ${ROS_DOMAIN_ID:-0})\[\e[1;32m\]\u\[\e[0m\]:\[\e[1;34m\]\w\[\e[0m\]$ VIRTUAL_ENV_PROMPT=(ros_venv) /usr/bin/cmake --build /home/mac/dev_ws/omo_robot/build/ydlidar_sdk -- -j16 -l16
[0.527s] DEBUG:colcon.colcon_core.event_handler.log_command:Invoked command in '/home/mac/dev_ws/omo_robot/build/omo_r1_cartographer' returned '0': CMAKE_PREFIX_PATH=${CMAKE_PREFIX_PATH}:/home/mac/dev_ws/omo_robot/install/omo_r1_teleop:/home/mac/dev_ws/omo_robot/install/omo_r1_bringup:/opt/ros/jazzy DEBUGINFOD_URLS=https://debuginfod.ubuntu.com PS1=(ros_venv) \[\e[1;34m\](ID: ${ROS_DOMAIN_ID:-0})\[\e[1;32m\]\u\[\e[0m\]:\[\e[1;34m\]\w\[\e[0m\]$ VIRTUAL_ENV_PROMPT=(ros_venv) /usr/bin/cmake --build /home/mac/dev_ws/omo_robot/build/omo_r1_cartographer -- -j16 -l16
[0.552s] DEBUG:colcon.colcon_core.event_handler.log_command:Invoking command in '/home/mac/dev_ws/omo_robot/build/omo_r1_cartographer': CMAKE_PREFIX_PATH=${CMAKE_PREFIX_PATH}:/home/mac/dev_ws/omo_robot/install/omo_r1_teleop:/home/mac/dev_ws/omo_robot/install/omo_r1_bringup:/opt/ros/jazzy DEBUGINFOD_URLS=https://debuginfod.ubuntu.com PS1=(ros_venv) \[\e[1;34m\](ID: ${ROS_DOMAIN_ID:-0})\[\e[1;32m\]\u\[\e[0m\]:\[\e[1;34m\]\w\[\e[0m\]$ VIRTUAL_ENV_PROMPT=(ros_venv) /usr/bin/cmake --install /home/mac/dev_ws/omo_robot/build/omo_r1_cartographer
[0.555s] DEBUG:colcon.colcon_core.event_handler.log_command:Invoked command in '/home/mac/dev_ws/omo_robot/build/omo_r1_navigation2' returned '0': CMAKE_PREFIX_PATH=${CMAKE_PREFIX_PATH}:/home/mac/dev_ws/omo_robot/install/omo_r1_teleop:/home/mac/dev_ws/omo_robot/install/omo_r1_bringup:/opt/ros/jazzy DEBUGINFOD_URLS=https://debuginfod.ubuntu.com PS1=(ros_venv) \[\e[1;34m\](ID: ${ROS_DOMAIN_ID:-0})\[\e[1;32m\]\u\[\e[0m\]:\[\e[1;34m\]\w\[\e[0m\]$ VIRTUAL_ENV_PROMPT=(ros_venv) /usr/bin/cmake --build /home/mac/dev_ws/omo_robot/build/omo_r1_navigation2 -- -j16 -l16
[0.557s] DEBUG:colcon.colcon_core.event_handler.log_command:Invoking command in '/home/mac/dev_ws/omo_robot/build/omo_r1_navigation2': CMAKE_PREFIX_PATH=${CMAKE_PREFIX_PATH}:/home/mac/dev_ws/omo_robot/install/omo_r1_teleop:/home/mac/dev_ws/omo_robot/install/omo_r1_bringup:/opt/ros/jazzy DEBUGINFOD_URLS=https://debuginfod.ubuntu.com PS1=(ros_venv) \[\e[1;34m\](ID: ${ROS_DOMAIN_ID:-0})\[\e[1;32m\]\u\[\e[0m\]:\[\e[1;34m\]\w\[\e[0m\]$ VIRTUAL_ENV_PROMPT=(ros_venv) /usr/bin/cmake --install /home/mac/dev_ws/omo_robot/build/omo_r1_navigation2
[0.558s] DEBUG:colcon.colcon_core.event_handler.log_command:Invoked command in '/home/mac/dev_ws/omo_robot/build/omo_r1_description' returned '0': CMAKE_PREFIX_PATH=${CMAKE_PREFIX_PATH}:/home/mac/dev_ws/omo_robot/install/omo_r1_teleop:/home/mac/dev_ws/omo_robot/install/omo_r1_bringup:/opt/ros/jazzy DEBUGINFOD_URLS=https://debuginfod.ubuntu.com PS1=(ros_venv) \[\e[1;34m\](ID: ${ROS_DOMAIN_ID:-0})\[\e[1;32m\]\u\[\e[0m\]:\[\e[1;34m\]\w\[\e[0m\]$ VIRTUAL_ENV_PROMPT=(ros_venv) /usr/bin/cmake --build /home/mac/dev_ws/omo_robot/build/omo_r1_description -- -j16 -l16
[0.560s] DEBUG:colcon.colcon_core.event_handler.log_command:Invoking command in '/home/mac/dev_ws/omo_robot/build/omo_r1_description': CMAKE_PREFIX_PATH=${CMAKE_PREFIX_PATH}:/home/mac/dev_ws/omo_robot/install/omo_r1_teleop:/home/mac/dev_ws/omo_robot/install/omo_r1_bringup:/opt/ros/jazzy DEBUGINFOD_URLS=https://debuginfod.ubuntu.com PS1=(ros_venv) \[\e[1;34m\](ID: ${ROS_DOMAIN_ID:-0})\[\e[1;32m\]\u\[\e[0m\]:\[\e[1;34m\]\w\[\e[0m\]$ VIRTUAL_ENV_PROMPT=(ros_venv) /usr/bin/cmake --install /home/mac/dev_ws/omo_robot/build/omo_r1_description
[0.596s] Level 1:colcon.colcon_core.environment:create_environment_scripts_only(omo_r1_cartographer)
[0.602s] DEBUG:colcon.colcon_core.event_handler.log_command:Invoked command in '/home/mac/dev_ws/omo_robot/build/omo_r1_cartographer' returned '0': CMAKE_PREFIX_PATH=${CMAKE_PREFIX_PATH}:/home/mac/dev_ws/omo_robot/install/omo_r1_teleop:/home/mac/dev_ws/omo_robot/install/omo_r1_bringup:/opt/ros/jazzy DEBUGINFOD_URLS=https://debuginfod.ubuntu.com PS1=(ros_venv) \[\e[1;34m\](ID: ${ROS_DOMAIN_ID:-0})\[\e[1;32m\]\u\[\e[0m\]:\[\e[1;34m\]\w\[\e[0m\]$ VIRTUAL_ENV_PROMPT=(ros_venv) /usr/bin/cmake --install /home/mac/dev_ws/omo_robot/build/omo_r1_cartographer
[0.613s] Level 1:colcon.colcon_core.environment:checking '/home/mac/dev_ws/omo_robot/install/omo_r1_cartographer' for CMake module files
[0.614s] Level 1:colcon.colcon_core.environment:checking '/home/mac/dev_ws/omo_robot/install/omo_r1_cartographer' for CMake config files
[0.618s] Level 1:colcon.colcon_core.shell:create_environment_hook('omo_r1_cartographer', 'cmake_prefix_path')
[0.619s] INFO:colcon.colcon_core.shell:Creating environment hook '/home/mac/dev_ws/omo_robot/install/omo_r1_cartographer/share/omo_r1_cartographer/hook/cmake_prefix_path.ps1'
[0.621s] INFO:colcon.colcon_core.shell:Creating environment descriptor '/home/mac/dev_ws/omo_robot/install/omo_r1_cartographer/share/omo_r1_cartographer/hook/cmake_prefix_path.dsv'
[0.622s] INFO:colcon.colcon_core.shell:Creating environment hook '/home/mac/dev_ws/omo_robot/install/omo_r1_cartographer/share/omo_r1_cartographer/hook/cmake_prefix_path.sh'
[0.625s] Level 1:colcon.colcon_core.environment:checking '/home/mac/dev_ws/omo_robot/install/omo_r1_cartographer/bin'
[0.625s] Level 1:colcon.colcon_core.environment:checking '/home/mac/dev_ws/omo_robot/install/omo_r1_cartographer/lib/pkgconfig/omo_r1_cartographer.pc'
[0.626s] Level 1:colcon.colcon_core.environment:checking '/home/mac/dev_ws/omo_robot/install/omo_r1_cartographer/lib/python3.12/site-packages'
[0.627s] Level 1:colcon.colcon_core.environment:checking '/home/mac/dev_ws/omo_robot/install/omo_r1_cartographer/bin'
[0.628s] INFO:colcon.colcon_core.shell:Creating package script '/home/mac/dev_ws/omo_robot/install/omo_r1_cartographer/share/omo_r1_cartographer/package.ps1'
[0.630s] INFO:colcon.colcon_core.shell:Creating package descriptor '/home/mac/dev_ws/omo_robot/install/omo_r1_cartographer/share/omo_r1_cartographer/package.dsv'
[0.631s] INFO:colcon.colcon_core.shell:Creating package script '/home/mac/dev_ws/omo_robot/install/omo_r1_cartographer/share/omo_r1_cartographer/package.sh'
[0.633s] INFO:colcon.colcon_core.shell:Creating package script '/home/mac/dev_ws/omo_robot/install/omo_r1_cartographer/share/omo_r1_cartographer/package.bash'
[0.634s] INFO:colcon.colcon_core.shell:Creating package script '/home/mac/dev_ws/omo_robot/install/omo_r1_cartographer/share/omo_r1_cartographer/package.zsh'
[0.635s] Level 1:colcon.colcon_core.environment:create_file_with_runtime_dependencies(/home/mac/dev_ws/omo_robot/install/omo_r1_cartographer/share/colcon-core/packages/omo_r1_cartographer)
[0.638s] Level 1:colcon.colcon_core.environment:create_environment_scripts_only(omo_r1_cartographer)
[0.639s] Level 1:colcon.colcon_core.environment:checking '/home/mac/dev_ws/omo_robot/install/omo_r1_cartographer' for CMake module files
[0.642s] Level 1:colcon.colcon_core.environment:checking '/home/mac/dev_ws/omo_robot/install/omo_r1_cartographer' for CMake config files
[0.642s] Level 1:colcon.colcon_core.shell:create_environment_hook('omo_r1_cartographer', 'cmake_prefix_path')
[0.643s] INFO:colcon.colcon_core.shell:Creating environment hook '/home/mac/dev_ws/omo_robot/install/omo_r1_cartographer/share/omo_r1_cartographer/hook/cmake_prefix_path.ps1'
[0.644s] INFO:colcon.colcon_core.shell:Creating environment descriptor '/home/mac/dev_ws/omo_robot/install/omo_r1_cartographer/share/omo_r1_cartographer/hook/cmake_prefix_path.dsv'
[0.645s] INFO:colcon.colcon_core.shell:Creating environment hook '/home/mac/dev_ws/omo_robot/install/omo_r1_cartographer/share/omo_r1_cartographer/hook/cmake_prefix_path.sh'
[0.647s] Level 1:colcon.colcon_core.environment:checking '/home/mac/dev_ws/omo_robot/install/omo_r1_cartographer/bin'
[0.647s] Level 1:colcon.colcon_core.environment:checking '/home/mac/dev_ws/omo_robot/install/omo_r1_cartographer/lib/pkgconfig/omo_r1_cartographer.pc'
[0.647s] Level 1:colcon.colcon_core.environment:checking '/home/mac/dev_ws/omo_robot/install/omo_r1_cartographer/lib/python3.12/site-packages'
[0.648s] Level 1:colcon.colcon_core.environment:checking '/home/mac/dev_ws/omo_robot/install/omo_r1_cartographer/bin'
[0.649s] INFO:colcon.colcon_core.shell:Creating package script '/home/mac/dev_ws/omo_robot/install/omo_r1_cartographer/share/omo_r1_cartographer/package.ps1'
[0.650s] INFO:colcon.colcon_core.shell:Creating package descriptor '/home/mac/dev_ws/omo_robot/install/omo_r1_cartographer/share/omo_r1_cartographer/package.dsv'
[0.652s] INFO:colcon.colcon_core.shell:Creating package script '/home/mac/dev_ws/omo_robot/install/omo_r1_cartographer/share/omo_r1_cartographer/package.sh'
[0.652s] INFO:colcon.colcon_core.shell:Creating package script '/home/mac/dev_ws/omo_robot/install/omo_r1_cartographer/share/omo_r1_cartographer/package.bash'
[0.653s] INFO:colcon.colcon_core.shell:Creating package script '/home/mac/dev_ws/omo_robot/install/omo_r1_cartographer/share/omo_r1_cartographer/package.zsh'
[0.654s] Level 1:colcon.colcon_core.environment:create_file_with_runtime_dependencies(/home/mac/dev_ws/omo_robot/install/omo_r1_cartographer/share/colcon-core/packages/omo_r1_cartographer)
[0.656s] Level 1:colcon.colcon_core.environment:create_environment_scripts_only(omo_r1_description)
[0.657s] Level 1:colcon.colcon_core.environment:checking '/home/mac/dev_ws/omo_robot/install/omo_r1_description' for CMake module files
[0.658s] Level 1:colcon.colcon_core.environment:checking '/home/mac/dev_ws/omo_robot/install/omo_r1_description' for CMake config files
[0.660s] DEBUG:colcon.colcon_core.event_handler.log_command:Invoked command in '/home/mac/dev_ws/omo_robot/build/omo_r1_description' returned '0': CMAKE_PREFIX_PATH=${CMAKE_PREFIX_PATH}:/home/mac/dev_ws/omo_robot/install/omo_r1_teleop:/home/mac/dev_ws/omo_robot/install/omo_r1_bringup:/opt/ros/jazzy DEBUGINFOD_URLS=https://debuginfod.ubuntu.com PS1=(ros_venv) \[\e[1;34m\](ID: ${ROS_DOMAIN_ID:-0})\[\e[1;32m\]\u\[\e[0m\]:\[\e[1;34m\]\w\[\e[0m\]$ VIRTUAL_ENV_PROMPT=(ros_venv) /usr/bin/cmake --install /home/mac/dev_ws/omo_robot/build/omo_r1_description
[0.661s] Level 1:colcon.colcon_core.shell:create_environment_hook('omo_r1_description', 'cmake_prefix_path')
[0.662s] INFO:colcon.colcon_core.shell:Creating environment hook '/home/mac/dev_ws/omo_robot/install/omo_r1_description/share/omo_r1_description/hook/cmake_prefix_path.ps1'
[0.664s] INFO:colcon.colcon_core.shell:Creating environment descriptor '/home/mac/dev_ws/omo_robot/install/omo_r1_description/share/omo_r1_description/hook/cmake_prefix_path.dsv'
[0.664s] INFO:colcon.colcon_core.shell:Creating environment hook '/home/mac/dev_ws/omo_robot/install/omo_r1_description/share/omo_r1_description/hook/cmake_prefix_path.sh'
[0.666s] Level 1:colcon.colcon_core.environment:checking '/home/mac/dev_ws/omo_robot/install/omo_r1_description/bin'
[0.666s] Level 1:colcon.colcon_core.environment:checking '/home/mac/dev_ws/omo_robot/install/omo_r1_description/lib/pkgconfig/omo_r1_description.pc'
[0.667s] Level 1:colcon.colcon_core.environment:checking '/home/mac/dev_ws/omo_robot/install/omo_r1_description/lib/python3.12/site-packages'
[0.668s] Level 1:colcon.colcon_core.environment:checking '/home/mac/dev_ws/omo_robot/install/omo_r1_description/bin'
[0.668s] INFO:colcon.colcon_core.shell:Creating package script '/home/mac/dev_ws/omo_robot/install/omo_r1_description/share/omo_r1_description/package.ps1'
[0.669s] INFO:colcon.colcon_core.shell:Creating package descriptor '/home/mac/dev_ws/omo_robot/install/omo_r1_description/share/omo_r1_description/package.dsv'
[0.670s] INFO:colcon.colcon_core.shell:Creating package script '/home/mac/dev_ws/omo_robot/install/omo_r1_description/share/omo_r1_description/package.sh'
[0.672s] INFO:colcon.colcon_core.shell:Creating package script '/home/mac/dev_ws/omo_robot/install/omo_r1_description/share/omo_r1_description/package.bash'
[0.673s] INFO:colcon.colcon_core.shell:Creating package script '/home/mac/dev_ws/omo_robot/install/omo_r1_description/share/omo_r1_description/package.zsh'
[0.674s] Level 1:colcon.colcon_core.environment:create_file_with_runtime_dependencies(/home/mac/dev_ws/omo_robot/install/omo_r1_description/share/colcon-core/packages/omo_r1_description)
[0.676s] Level 1:colcon.colcon_core.environment:create_environment_scripts_only(omo_r1_description)
[0.676s] Level 1:colcon.colcon_core.environment:checking '/home/mac/dev_ws/omo_robot/install/omo_r1_description' for CMake module files
[0.678s] Level 1:colcon.colcon_core.environment:checking '/home/mac/dev_ws/omo_robot/install/omo_r1_description' for CMake config files
[0.679s] Level 1:colcon.colcon_core.shell:create_environment_hook('omo_r1_description', 'cmake_prefix_path')
[0.680s] INFO:colcon.colcon_core.shell:Creating environment hook '/home/mac/dev_ws/omo_robot/install/omo_r1_description/share/omo_r1_description/hook/cmake_prefix_path.ps1'
[0.681s] INFO:colcon.colcon_core.shell:Creating environment descriptor '/home/mac/dev_ws/omo_robot/install/omo_r1_description/share/omo_r1_description/hook/cmake_prefix_path.dsv'
[0.682s] INFO:colcon.colcon_core.shell:Creating environment hook '/home/mac/dev_ws/omo_robot/install/omo_r1_description/share/omo_r1_description/hook/cmake_prefix_path.sh'
[0.683s] Level 1:colcon.colcon_core.environment:checking '/home/mac/dev_ws/omo_robot/install/omo_r1_description/bin'
[0.683s] Level 1:colcon.colcon_core.environment:checking '/home/mac/dev_ws/omo_robot/install/omo_r1_description/lib/pkgconfig/omo_r1_description.pc'
[0.684s] Level 1:colcon.colcon_core.environment:checking '/home/mac/dev_ws/omo_robot/install/omo_r1_description/lib/python3.12/site-packages'
[0.685s] Level 1:colcon.colcon_core.environment:checking '/home/mac/dev_ws/omo_robot/install/omo_r1_description/bin'
[0.685s] INFO:colcon.colcon_core.shell:Creating package script '/home/mac/dev_ws/omo_robot/install/omo_r1_description/share/omo_r1_description/package.ps1'
[0.688s] INFO:colcon.colcon_core.shell:Creating package descriptor '/home/mac/dev_ws/omo_robot/install/omo_r1_description/share/omo_r1_description/package.dsv'
[0.689s] INFO:colcon.colcon_core.shell:Creating package script '/home/mac/dev_ws/omo_robot/install/omo_r1_description/share/omo_r1_description/package.sh'
[0.689s] INFO:colcon.colcon_core.shell:Creating package script '/home/mac/dev_ws/omo_robot/install/omo_r1_description/share/omo_r1_description/package.bash'
[0.690s] INFO:colcon.colcon_core.shell:Creating package script '/home/mac/dev_ws/omo_robot/install/omo_r1_description/share/omo_r1_description/package.zsh'
[0.691s] Level 1:colcon.colcon_core.environment:create_file_with_runtime_dependencies(/home/mac/dev_ws/omo_robot/install/omo_r1_description/share/colcon-core/packages/omo_r1_description)
[0.693s] Level 1:colcon.colcon_core.environment:create_environment_scripts_only(omo_r1_navigation2)
[0.695s] Level 1:colcon.colcon_core.environment:checking '/home/mac/dev_ws/omo_robot/install/omo_r1_navigation2' for CMake module files
[0.697s] Level 1:colcon.colcon_core.environment:checking '/home/mac/dev_ws/omo_robot/install/omo_r1_navigation2' for CMake config files
[0.698s] Level 1:colcon.colcon_core.shell:create_environment_hook('omo_r1_navigation2', 'cmake_prefix_path')
[0.699s] INFO:colcon.colcon_core.shell:Creating environment hook '/home/mac/dev_ws/omo_robot/install/omo_r1_navigation2/share/omo_r1_navigation2/hook/cmake_prefix_path.ps1'
[0.699s] DEBUG:colcon.colcon_core.event_handler.log_command:Invoked command in '/home/mac/dev_ws/omo_robot/build/omo_r1_navigation2' returned '0': CMAKE_PREFIX_PATH=${CMAKE_PREFIX_PATH}:/home/mac/dev_ws/omo_robot/install/omo_r1_teleop:/home/mac/dev_ws/omo_robot/install/omo_r1_bringup:/opt/ros/jazzy DEBUGINFOD_URLS=https://debuginfod.ubuntu.com PS1=(ros_venv) \[\e[1;34m\](ID: ${ROS_DOMAIN_ID:-0})\[\e[1;32m\]\u\[\e[0m\]:\[\e[1;34m\]\w\[\e[0m\]$ VIRTUAL_ENV_PROMPT=(ros_venv) /usr/bin/cmake --install /home/mac/dev_ws/omo_robot/build/omo_r1_navigation2
[0.702s] INFO:colcon.colcon_core.shell:Creating environment descriptor '/home/mac/dev_ws/omo_robot/install/omo_r1_navigation2/share/omo_r1_navigation2/hook/cmake_prefix_path.dsv'
[0.703s] INFO:colcon.colcon_core.shell:Creating environment hook '/home/mac/dev_ws/omo_robot/install/omo_r1_navigation2/share/omo_r1_navigation2/hook/cmake_prefix_path.sh'
[0.705s] Level 1:colcon.colcon_core.environment:checking '/home/mac/dev_ws/omo_robot/install/omo_r1_navigation2/bin'
[0.705s] Level 1:colcon.colcon_core.environment:checking '/home/mac/dev_ws/omo_robot/install/omo_r1_navigation2/lib/pkgconfig/omo_r1_navigation2.pc'
[0.706s] Level 1:colcon.colcon_core.environment:checking '/home/mac/dev_ws/omo_robot/install/omo_r1_navigation2/lib/python3.12/site-packages'
[0.706s] Level 1:colcon.colcon_core.environment:checking '/home/mac/dev_ws/omo_robot/install/omo_r1_navigation2/bin'
[0.707s] INFO:colcon.colcon_core.shell:Creating package script '/home/mac/dev_ws/omo_robot/install/omo_r1_navigation2/share/omo_r1_navigation2/package.ps1'
[0.709s] INFO:colcon.colcon_core.shell:Creating package descriptor '/home/mac/dev_ws/omo_robot/install/omo_r1_navigation2/share/omo_r1_navigation2/package.dsv'
[0.710s] INFO:colcon.colcon_core.shell:Creating package script '/home/mac/dev_ws/omo_robot/install/omo_r1_navigation2/share/omo_r1_navigation2/package.sh'
[0.710s] INFO:colcon.colcon_core.shell:Creating package script '/home/mac/dev_ws/omo_robot/install/omo_r1_navigation2/share/omo_r1_navigation2/package.bash'
[0.711s] INFO:colcon.colcon_core.shell:Creating package script '/home/mac/dev_ws/omo_robot/install/omo_r1_navigation2/share/omo_r1_navigation2/package.zsh'
[0.712s] Level 1:colcon.colcon_core.environment:create_file_with_runtime_dependencies(/home/mac/dev_ws/omo_robot/install/omo_r1_navigation2/share/colcon-core/packages/omo_r1_navigation2)
[0.715s] Level 1:colcon.colcon_core.environment:create_environment_scripts_only(omo_r1_navigation2)
[0.715s] Level 1:colcon.colcon_core.environment:checking '/home/mac/dev_ws/omo_robot/install/omo_r1_navigation2' for CMake module files
[0.717s] Level 1:colcon.colcon_core.environment:checking '/home/mac/dev_ws/omo_robot/install/omo_r1_navigation2' for CMake config files
[0.718s] Level 1:colcon.colcon_core.shell:create_environment_hook('omo_r1_navigation2', 'cmake_prefix_path')
[0.719s] INFO:colcon.colcon_core.shell:Creating environment hook '/home/mac/dev_ws/omo_robot/install/omo_r1_navigation2/share/omo_r1_navigation2/hook/cmake_prefix_path.ps1'
[0.721s] INFO:colcon.colcon_core.shell:Creating environment descriptor '/home/mac/dev_ws/omo_robot/install/omo_r1_navigation2/share/omo_r1_navigation2/hook/cmake_prefix_path.dsv'
[0.722s] INFO:colcon.colcon_core.shell:Creating environment hook '/home/mac/dev_ws/omo_robot/install/omo_r1_navigation2/share/omo_r1_navigation2/hook/cmake_prefix_path.sh'
[0.724s] Level 1:colcon.colcon_core.environment:checking '/home/mac/dev_ws/omo_robot/install/omo_r1_navigation2/bin'
[0.724s] Level 1:colcon.colcon_core.environment:checking '/home/mac/dev_ws/omo_robot/install/omo_r1_navigation2/lib/pkgconfig/omo_r1_navigation2.pc'
[0.724s] Level 1:colcon.colcon_core.environment:checking '/home/mac/dev_ws/omo_robot/install/omo_r1_navigation2/lib/python3.12/site-packages'
[0.725s] Level 1:colcon.colcon_core.environment:checking '/home/mac/dev_ws/omo_robot/install/omo_r1_navigation2/bin'
[0.726s] INFO:colcon.colcon_core.shell:Creating package script '/home/mac/dev_ws/omo_robot/install/omo_r1_navigation2/share/omo_r1_navigation2/package.ps1'
[0.728s] INFO:colcon.colcon_core.shell:Creating package descriptor '/home/mac/dev_ws/omo_robot/install/omo_r1_navigation2/share/omo_r1_navigation2/package.dsv'
[0.729s] INFO:colcon.colcon_core.shell:Creating package script '/home/mac/dev_ws/omo_robot/install/omo_r1_navigation2/share/omo_r1_navigation2/package.sh'
[0.730s] INFO:colcon.colcon_core.shell:Creating package script '/home/mac/dev_ws/omo_robot/install/omo_r1_navigation2/share/omo_r1_navigation2/package.bash'
[0.731s] INFO:colcon.colcon_core.shell:Creating package script '/home/mac/dev_ws/omo_robot/install/omo_r1_navigation2/share/omo_r1_navigation2/package.zsh'
[0.733s] Level 1:colcon.colcon_core.environment:create_file_with_runtime_dependencies(/home/mac/dev_ws/omo_robot/install/omo_r1_navigation2/share/colcon-core/packages/omo_r1_navigation2)
[0.749s] DEBUG:colcon.colcon_core.event_handler.log_command:Invoked command in '/home/mac/dev_ws/omo_robot/build/ydlidar_ros2_driver' returned '0': CMAKE_PREFIX_PATH=${CMAKE_PREFIX_PATH}:/home/mac/dev_ws/omo_robot/install/omo_r1_teleop:/home/mac/dev_ws/omo_robot/install/omo_r1_bringup:/opt/ros/jazzy DEBUGINFOD_URLS=https://debuginfod.ubuntu.com PS1=(ros_venv) \[\e[1;34m\](ID: ${ROS_DOMAIN_ID:-0})\[\e[1;32m\]\u\[\e[0m\]:\[\e[1;34m\]\w\[\e[0m\]$ VIRTUAL_ENV_PROMPT=(ros_venv) /usr/bin/cmake --build /home/mac/dev_ws/omo_robot/build/ydlidar_ros2_driver -- -j16 -l16
[0.751s] DEBUG:colcon.colcon_core.event_handler.log_command:Invoking command in '/home/mac/dev_ws/omo_robot/build/ydlidar_ros2_driver': CMAKE_PREFIX_PATH=${CMAKE_PREFIX_PATH}:/home/mac/dev_ws/omo_robot/install/omo_r1_teleop:/home/mac/dev_ws/omo_robot/install/omo_r1_bringup:/opt/ros/jazzy DEBUGINFOD_URLS=https://debuginfod.ubuntu.com PS1=(ros_venv) \[\e[1;34m\](ID: ${ROS_DOMAIN_ID:-0})\[\e[1;32m\]\u\[\e[0m\]:\[\e[1;34m\]\w\[\e[0m\]$ VIRTUAL_ENV_PROMPT=(ros_venv) /usr/bin/cmake --install /home/mac/dev_ws/omo_robot/build/ydlidar_ros2_driver
[0.793s] Level 1:colcon.colcon_core.environment:create_environment_scripts_only(ydlidar_ros2_driver)
[0.794s] Level 1:colcon.colcon_core.environment:checking '/home/mac/dev_ws/omo_robot/install/ydlidar_ros2_driver' for CMake module files
[0.795s] DEBUG:colcon.colcon_core.event_handler.log_command:Invoked command in '/home/mac/dev_ws/omo_robot/build/ydlidar_ros2_driver' returned '0': CMAKE_PREFIX_PATH=${CMAKE_PREFIX_PATH}:/home/mac/dev_ws/omo_robot/install/omo_r1_teleop:/home/mac/dev_ws/omo_robot/install/omo_r1_bringup:/opt/ros/jazzy DEBUGINFOD_URLS=https://debuginfod.ubuntu.com PS1=(ros_venv) \[\e[1;34m\](ID: ${ROS_DOMAIN_ID:-0})\[\e[1;32m\]\u\[\e[0m\]:\[\e[1;34m\]\w\[\e[0m\]$ VIRTUAL_ENV_PROMPT=(ros_venv) /usr/bin/cmake --install /home/mac/dev_ws/omo_robot/build/ydlidar_ros2_driver
[0.796s] Level 1:colcon.colcon_core.environment:checking '/home/mac/dev_ws/omo_robot/install/ydlidar_ros2_driver' for CMake config files
[0.797s] Level 1:colcon.colcon_core.shell:create_environment_hook('ydlidar_ros2_driver', 'cmake_prefix_path')
[0.797s] INFO:colcon.colcon_core.shell:Creating environment hook '/home/mac/dev_ws/omo_robot/install/ydlidar_ros2_driver/share/ydlidar_ros2_driver/hook/cmake_prefix_path.ps1'
[0.799s] INFO:colcon.colcon_core.shell:Creating environment descriptor '/home/mac/dev_ws/omo_robot/install/ydlidar_ros2_driver/share/ydlidar_ros2_driver/hook/cmake_prefix_path.dsv'
[0.799s] INFO:colcon.colcon_core.shell:Creating environment hook '/home/mac/dev_ws/omo_robot/install/ydlidar_ros2_driver/share/ydlidar_ros2_driver/hook/cmake_prefix_path.sh'
[0.801s] Level 1:colcon.colcon_core.environment:checking '/home/mac/dev_ws/omo_robot/install/ydlidar_ros2_driver/lib'
[0.802s] Level 1:colcon.colcon_core.environment:checking '/home/mac/dev_ws/omo_robot/install/ydlidar_ros2_driver/bin'
[0.802s] Level 1:colcon.colcon_core.environment:checking '/home/mac/dev_ws/omo_robot/install/ydlidar_ros2_driver/lib/pkgconfig/ydlidar_ros2_driver.pc'
[0.803s] Level 1:colcon.colcon_core.environment:checking '/home/mac/dev_ws/omo_robot/install/ydlidar_ros2_driver/lib/python3.12/site-packages'
[0.803s] Level 1:colcon.colcon_core.environment:checking '/home/mac/dev_ws/omo_robot/install/ydlidar_ros2_driver/bin'
[0.804s] INFO:colcon.colcon_core.shell:Creating package script '/home/mac/dev_ws/omo_robot/install/ydlidar_ros2_driver/share/ydlidar_ros2_driver/package.ps1'
[0.805s] INFO:colcon.colcon_core.shell:Creating package descriptor '/home/mac/dev_ws/omo_robot/install/ydlidar_ros2_driver/share/ydlidar_ros2_driver/package.dsv'
[0.806s] INFO:colcon.colcon_core.shell:Creating package script '/home/mac/dev_ws/omo_robot/install/ydlidar_ros2_driver/share/ydlidar_ros2_driver/package.sh'
[0.807s] INFO:colcon.colcon_core.shell:Creating package script '/home/mac/dev_ws/omo_robot/install/ydlidar_ros2_driver/share/ydlidar_ros2_driver/package.bash'
[0.808s] INFO:colcon.colcon_core.shell:Creating package script '/home/mac/dev_ws/omo_robot/install/ydlidar_ros2_driver/share/ydlidar_ros2_driver/package.zsh'
[0.809s] Level 1:colcon.colcon_core.environment:create_file_with_runtime_dependencies(/home/mac/dev_ws/omo_robot/install/ydlidar_ros2_driver/share/colcon-core/packages/ydlidar_ros2_driver)
[0.810s] Level 1:colcon.colcon_core.environment:create_environment_scripts_only(ydlidar_ros2_driver)
[0.811s] Level 1:colcon.colcon_core.environment:checking '/home/mac/dev_ws/omo_robot/install/ydlidar_ros2_driver' for CMake module files
[0.812s] Level 1:colcon.colcon_core.environment:checking '/home/mac/dev_ws/omo_robot/install/ydlidar_ros2_driver' for CMake config files
[0.812s] Level 1:colcon.colcon_core.shell:create_environment_hook('ydlidar_ros2_driver', 'cmake_prefix_path')
[0.813s] INFO:colcon.colcon_core.shell:Creating environment hook '/home/mac/dev_ws/omo_robot/install/ydlidar_ros2_driver/share/ydlidar_ros2_driver/hook/cmake_prefix_path.ps1'
[0.815s] INFO:colcon.colcon_core.shell:Creating environment descriptor '/home/mac/dev_ws/omo_robot/install/ydlidar_ros2_driver/share/ydlidar_ros2_driver/hook/cmake_prefix_path.dsv'
[0.816s] INFO:colcon.colcon_core.shell:Creating environment hook '/home/mac/dev_ws/omo_robot/install/ydlidar_ros2_driver/share/ydlidar_ros2_driver/hook/cmake_prefix_path.sh'
[0.817s] Level 1:colcon.colcon_core.environment:checking '/home/mac/dev_ws/omo_robot/install/ydlidar_ros2_driver/lib'
[0.817s] Level 1:colcon.colcon_core.environment:checking '/home/mac/dev_ws/omo_robot/install/ydlidar_ros2_driver/bin'
[0.817s] Level 1:colcon.colcon_core.environment:checking '/home/mac/dev_ws/omo_robot/install/ydlidar_ros2_driver/lib/pkgconfig/ydlidar_ros2_driver.pc'
[0.818s] Level 1:colcon.colcon_core.environment:checking '/home/mac/dev_ws/omo_robot/install/ydlidar_ros2_driver/lib/python3.12/site-packages'
[0.818s] Level 1:colcon.colcon_core.environment:checking '/home/mac/dev_ws/omo_robot/install/ydlidar_ros2_driver/bin'
[0.819s] INFO:colcon.colcon_core.shell:Creating package script '/home/mac/dev_ws/omo_robot/install/ydlidar_ros2_driver/share/ydlidar_ros2_driver/package.ps1'
[0.819s] INFO:colcon.colcon_core.shell:Creating package descriptor '/home/mac/dev_ws/omo_robot/install/ydlidar_ros2_driver/share/ydlidar_ros2_driver/package.dsv'
[0.820s] INFO:colcon.colcon_core.shell:Creating package script '/home/mac/dev_ws/omo_robot/install/ydlidar_ros2_driver/share/ydlidar_ros2_driver/package.sh'
[0.821s] INFO:colcon.colcon_core.shell:Creating package script '/home/mac/dev_ws/omo_robot/install/ydlidar_ros2_driver/share/ydlidar_ros2_driver/package.bash'
[0.822s] INFO:colcon.colcon_core.shell:Creating package script '/home/mac/dev_ws/omo_robot/install/ydlidar_ros2_driver/share/ydlidar_ros2_driver/package.zsh'
[0.822s] Level 1:colcon.colcon_core.environment:create_file_with_runtime_dependencies(/home/mac/dev_ws/omo_robot/install/ydlidar_ros2_driver/share/colcon-core/packages/ydlidar_ros2_driver)
[0.829s] DEBUG:colcon.colcon_core.event_handler.log_command:Invoked command in '/home/mac/dev_ws/omo_robot/build/ydlidar_sdk' returned '0': DEBUGINFOD_URLS=https://debuginfod.ubuntu.com PS1=(ros_venv) \[\e[1;34m\](ID: ${ROS_DOMAIN_ID:-0})\[\e[1;32m\]\u\[\e[0m\]:\[\e[1;34m\]\w\[\e[0m\]$ VIRTUAL_ENV_PROMPT=(ros_venv) /usr/bin/cmake --build /home/mac/dev_ws/omo_robot/build/ydlidar_sdk -- -j16 -l16
[0.831s] DEBUG:colcon.colcon_core.event_handler.log_command:Invoking command in '/home/mac/dev_ws/omo_robot/build/ydlidar_sdk': DEBUGINFOD_URLS=https://debuginfod.ubuntu.com PS1=(ros_venv) \[\e[1;34m\](ID: ${ROS_DOMAIN_ID:-0})\[\e[1;32m\]\u\[\e[0m\]:\[\e[1;34m\]\w\[\e[0m\]$ VIRTUAL_ENV_PROMPT=(ros_venv) /usr/bin/cmake --install /home/mac/dev_ws/omo_robot/build/ydlidar_sdk
[0.872s] Level 1:colcon.colcon_core.environment:create_environment_scripts_only(ydlidar_sdk)
[0.873s] Level 1:colcon.colcon_core.environment:checking '/home/mac/dev_ws/omo_robot/install/ydlidar_sdk' for CMake module files
[0.874s] DEBUG:colcon.colcon_core.event_handler.log_command:Invoked command in '/home/mac/dev_ws/omo_robot/build/ydlidar_sdk' returned '0': DEBUGINFOD_URLS=https://debuginfod.ubuntu.com PS1=(ros_venv) \[\e[1;34m\](ID: ${ROS_DOMAIN_ID:-0})\[\e[1;32m\]\u\[\e[0m\]:\[\e[1;34m\]\w\[\e[0m\]$ VIRTUAL_ENV_PROMPT=(ros_venv) /usr/bin/cmake --install /home/mac/dev_ws/omo_robot/build/ydlidar_sdk
[0.875s] Level 1:colcon.colcon_core.environment:checking '/home/mac/dev_ws/omo_robot/install/ydlidar_sdk' for CMake config files
[0.875s] Level 1:colcon.colcon_core.shell:create_environment_hook('ydlidar_sdk', 'cmake_prefix_path')
[0.875s] INFO:colcon.colcon_core.shell:Creating environment hook '/home/mac/dev_ws/omo_robot/install/ydlidar_sdk/share/ydlidar_sdk/hook/cmake_prefix_path.ps1'
[0.876s] INFO:colcon.colcon_core.shell:Creating environment descriptor '/home/mac/dev_ws/omo_robot/install/ydlidar_sdk/share/ydlidar_sdk/hook/cmake_prefix_path.dsv'
[0.877s] INFO:colcon.colcon_core.shell:Creating environment hook '/home/mac/dev_ws/omo_robot/install/ydlidar_sdk/share/ydlidar_sdk/hook/cmake_prefix_path.sh'
[0.878s] Level 1:colcon.colcon_core.environment:checking '/home/mac/dev_ws/omo_robot/install/ydlidar_sdk/lib'
[0.878s] Level 1:colcon.colcon_core.environment:checking '/home/mac/dev_ws/omo_robot/install/ydlidar_sdk/bin'
[0.878s] Level 1:colcon.colcon_core.shell:create_environment_hook('ydlidar_sdk', 'path')
[0.879s] INFO:colcon.colcon_core.shell:Creating environment hook '/home/mac/dev_ws/omo_robot/install/ydlidar_sdk/share/ydlidar_sdk/hook/path.ps1'
[0.879s] INFO:colcon.colcon_core.shell:Creating environment descriptor '/home/mac/dev_ws/omo_robot/install/ydlidar_sdk/share/ydlidar_sdk/hook/path.dsv'
[0.880s] INFO:colcon.colcon_core.shell:Creating environment hook '/home/mac/dev_ws/omo_robot/install/ydlidar_sdk/share/ydlidar_sdk/hook/path.sh'
[0.880s] Level 1:colcon.colcon_core.environment:checking '/home/mac/dev_ws/omo_robot/install/ydlidar_sdk/lib/pkgconfig/ydlidar_sdk.pc'
[0.881s] Level 1:colcon.colcon_core.environment:checking '/home/mac/dev_ws/omo_robot/install/ydlidar_sdk/lib/python3.12/site-packages'
[0.881s] Level 1:colcon.colcon_core.environment:checking '/home/mac/dev_ws/omo_robot/install/ydlidar_sdk/bin'
[0.882s] Level 1:colcon.colcon_core.shell:create_environment_hook('ydlidar_sdk', 'pythonscriptspath')
[0.882s] INFO:colcon.colcon_core.shell:Creating environment hook '/home/mac/dev_ws/omo_robot/install/ydlidar_sdk/share/ydlidar_sdk/hook/pythonscriptspath.ps1'
[0.883s] INFO:colcon.colcon_core.shell:Creating environment descriptor '/home/mac/dev_ws/omo_robot/install/ydlidar_sdk/share/ydlidar_sdk/hook/pythonscriptspath.dsv'
[0.883s] INFO:colcon.colcon_core.shell:Creating environment hook '/home/mac/dev_ws/omo_robot/install/ydlidar_sdk/share/ydlidar_sdk/hook/pythonscriptspath.sh'
[0.884s] INFO:colcon.colcon_core.shell:Creating package script '/home/mac/dev_ws/omo_robot/install/ydlidar_sdk/share/ydlidar_sdk/package.ps1'
[0.885s] INFO:colcon.colcon_core.shell:Creating package descriptor '/home/mac/dev_ws/omo_robot/install/ydlidar_sdk/share/ydlidar_sdk/package.dsv'
[0.886s] INFO:colcon.colcon_core.shell:Creating package script '/home/mac/dev_ws/omo_robot/install/ydlidar_sdk/share/ydlidar_sdk/package.sh'
[0.886s] INFO:colcon.colcon_core.shell:Creating package script '/home/mac/dev_ws/omo_robot/install/ydlidar_sdk/share/ydlidar_sdk/package.bash'
[0.887s] INFO:colcon.colcon_core.shell:Creating package script '/home/mac/dev_ws/omo_robot/install/ydlidar_sdk/share/ydlidar_sdk/package.zsh'
[0.887s] Level 1:colcon.colcon_core.environment:create_file_with_runtime_dependencies(/home/mac/dev_ws/omo_robot/install/ydlidar_sdk/share/colcon-core/packages/ydlidar_sdk)
[1.033s] DEBUG:colcon.colcon_core.event_handler.log_command:Invoked command in '/home/mac/dev_ws/omo_robot/build/omo_r1_gazebo' returned '1': CMAKE_PREFIX_PATH=${CMAKE_PREFIX_PATH}:/home/mac/dev_ws/omo_robot/install/omo_r1_teleop:/home/mac/dev_ws/omo_robot/install/omo_r1_bringup:/opt/ros/jazzy DEBUGINFOD_URLS=https://debuginfod.ubuntu.com PS1=(ros_venv) \[\e[1;34m\](ID: ${ROS_DOMAIN_ID:-0})\[\e[1;32m\]\u\[\e[0m\]:\[\e[1;34m\]\w\[\e[0m\]$ VIRTUAL_ENV_PROMPT=(ros_venv) /usr/bin/cmake /home/mac/dev_ws/omo_robot/src/omo_r1-ros2/omo_r1_gazebo -DCMAKE_INSTALL_PREFIX=/home/mac/dev_ws/omo_robot/install/omo_r1_gazebo
[1.063s] Level 1:colcon.colcon_core.environment:create_environment_scripts_only(omo_r1_gazebo)
[1.064s] Level 1:colcon.colcon_core.environment:checking '/home/mac/dev_ws/omo_robot/install/omo_r1_gazebo' for CMake module files
[1.065s] Level 1:colcon.colcon_core.environment:checking '/home/mac/dev_ws/omo_robot/install/omo_r1_gazebo' for CMake config files
[1.066s] Level 1:colcon.colcon_core.environment:checking '/home/mac/dev_ws/omo_robot/install/omo_r1_gazebo/bin'
[1.066s] Level 1:colcon.colcon_core.environment:checking '/home/mac/dev_ws/omo_robot/install/omo_r1_gazebo/lib/pkgconfig/omo_r1_gazebo.pc'
[1.067s] Level 1:colcon.colcon_core.environment:checking '/home/mac/dev_ws/omo_robot/install/omo_r1_gazebo/lib/python3.12/site-packages'
[1.067s] Level 1:colcon.colcon_core.environment:checking '/home/mac/dev_ws/omo_robot/install/omo_r1_gazebo/bin'
[1.068s] INFO:colcon.colcon_core.shell:Creating package script '/home/mac/dev_ws/omo_robot/install/omo_r1_gazebo/share/omo_r1_gazebo/package.ps1'
[1.069s] INFO:colcon.colcon_core.shell:Creating package descriptor '/home/mac/dev_ws/omo_robot/install/omo_r1_gazebo/share/omo_r1_gazebo/package.dsv'
[1.069s] INFO:colcon.colcon_core.shell:Creating package script '/home/mac/dev_ws/omo_robot/install/omo_r1_gazebo/share/omo_r1_gazebo/package.sh'
[1.070s] INFO:colcon.colcon_core.shell:Creating package script '/home/mac/dev_ws/omo_robot/install/omo_r1_gazebo/share/omo_r1_gazebo/package.bash'
[1.071s] INFO:colcon.colcon_core.shell:Creating package script '/home/mac/dev_ws/omo_robot/install/omo_r1_gazebo/share/omo_r1_gazebo/package.zsh'
[1.071s] Level 1:colcon.colcon_core.environment:create_file_with_runtime_dependencies(/home/mac/dev_ws/omo_robot/install/omo_r1_gazebo/share/colcon-core/packages/omo_r1_gazebo)
[1.327s] DEBUG:colcon.colcon_parallel_executor.executor.parallel:closing loop
[1.327s] DEBUG:colcon.colcon_parallel_executor.executor.parallel:loop closed
[1.328s] DEBUG:colcon.colcon_parallel_executor.executor.parallel:run_until_complete finished with '1'
[1.328s] DEBUG:colcon.colcon_core.event_reactor:joining thread
[1.338s] INFO:colcon.colcon_core.plugin_system:Skipping extension 'colcon_notification.desktop_notification.terminal_notifier': Not used on non-Darwin systems
[1.338s] INFO:colcon.colcon_core.plugin_system:Skipping extension 'colcon_notification.desktop_notification.win32': Not used on non-Windows systems
[1.338s] INFO:colcon.colcon_notification.desktop_notification:Sending desktop notification using 'notify2'
[1.363s] DEBUG:colcon.colcon_core.event_reactor:joined thread
[1.363s] INFO:colcon.colcon_core.shell:Creating prefix script '/home/mac/dev_ws/omo_robot/install/local_setup.ps1'
[1.365s] INFO:colcon.colcon_core.shell:Creating prefix util module '/home/mac/dev_ws/omo_robot/install/_local_setup_util_ps1.py'
[1.366s] INFO:colcon.colcon_core.shell:Creating prefix chain script '/home/mac/dev_ws/omo_robot/install/setup.ps1'
[1.369s] INFO:colcon.colcon_core.shell:Creating prefix script '/home/mac/dev_ws/omo_robot/install/local_setup.sh'
[1.370s] INFO:colcon.colcon_core.shell:Creating prefix util module '/home/mac/dev_ws/omo_robot/install/_local_setup_util_sh.py'
[1.370s] INFO:colcon.colcon_core.shell:Creating prefix chain script '/home/mac/dev_ws/omo_robot/install/setup.sh'
[1.373s] INFO:colcon.colcon_core.shell:Creating prefix script '/home/mac/dev_ws/omo_robot/install/local_setup.bash'
[1.373s] INFO:colcon.colcon_core.shell:Creating prefix chain script '/home/mac/dev_ws/omo_robot/install/setup.bash'
[1.375s] INFO:colcon.colcon_core.shell:Creating prefix script '/home/mac/dev_ws/omo_robot/install/local_setup.zsh'
[1.376s] INFO:colcon.colcon_core.shell:Creating prefix chain script '/home/mac/dev_ws/omo_robot/install/setup.zsh'
