running egg_info
writing ../../../build/omo_r1_bringup/omo_r1_bringup.egg-info/PKG-INFO
writing dependency_links to ../../../build/omo_r1_bringup/omo_r1_bringup.egg-info/dependency_links.txt
writing entry points to ../../../build/omo_r1_bringup/omo_r1_bringup.egg-info/entry_points.txt
writing requirements to ../../../build/omo_r1_bringup/omo_r1_bringup.egg-info/requires.txt
writing top-level names to ../../../build/omo_r1_bringup/omo_r1_bringup.egg-info/top_level.txt
reading manifest file '../../../build/omo_r1_bringup/omo_r1_bringup.egg-info/SOURCES.txt'
writing manifest file '../../../build/omo_r1_bringup/omo_r1_bringup.egg-info/SOURCES.txt'
running build
running build_py
copying omo_r1_bringup/scripts/omo_r1_mcu_node.py -> /home/mac/dev_ws/omo_robot/build/omo_r1_bringup/build/lib/omo_r1_bringup/scripts
running install
running install_lib
copying /home/mac/dev_ws/omo_robot/build/omo_r1_bringup/build/lib/omo_r1_bringup/scripts/omo_r1_mcu_node.py -> /home/mac/dev_ws/omo_robot/install/omo_r1_bringup/lib/python3.12/site-packages/omo_r1_bringup/scripts
byte-compiling /home/mac/dev_ws/omo_robot/install/omo_r1_bringup/lib/python3.12/site-packages/omo_r1_bringup/scripts/omo_r1_mcu_node.py to omo_r1_mcu_node.cpython-312.pyc
running install_data
running install_egg_info
removing '/home/mac/dev_ws/omo_robot/install/omo_r1_bringup/lib/python3.12/site-packages/omo_r1_bringup-0.0.1-py3.12.egg-info' (and everything under it)
Copying ../../../build/omo_r1_bringup/omo_r1_bringup.egg-info to /home/mac/dev_ws/omo_robot/install/omo_r1_bringup/lib/python3.12/site-packages/omo_r1_bringup-0.0.1-py3.12.egg-info
running install_scripts
Installing omo_r1_mcu_node script to /home/mac/dev_ws/omo_robot/install/omo_r1_bringup/lib/omo_r1_bringup
Installing omo_r1_motor_setting_node script to /home/mac/dev_ws/omo_robot/install/omo_r1_bringup/lib/omo_r1_bringup
writing list of installed files to '/home/mac/dev_ws/omo_robot/build/omo_r1_bringup/install.log'
