[0.985s] Invoking command in '/home/mac/dev_ws/omo_robot/src/omo_r1-ros2/omo_r1_bringup': CMAKE_PREFIX_PATH=/home/mac/dev_ws/omo_robot/install/omo_r1_interfaces:/home/mac/dev_ws/omo_robot/install/omo_r1_description:/home/mac/dev_ws/omo_robot/install/ydlidar_sdk:/home/mac/dev_ws/omo_robot/install/ydlidar_ros2_driver:/home/mac/dev_ws/omo_robot/install/omo_r1:/home/mac/dev_ws/omo_robot/install/omo_r1_navigation2:/home/mac/dev_ws/omo_robot/install/omo_r1_cartographer:/opt/ros/jazzy/opt/gz_sim_vendor:/opt/ros/jazzy/opt/gz_sensors_vendor:/opt/ros/jazzy/opt/gz_physics_vendor:/opt/ros/jazzy/opt/sdformat_vendor:/opt/ros/jazzy/opt/gz_gui_vendor:/opt/ros/jazzy/opt/gz_transport_vendor:/opt/ros/jazzy/opt/gz_rendering_vendor:/opt/ros/jazzy/opt/gz_plugin_vendor:/opt/ros/jazzy/opt/gz_fuel_tools_vendor:/opt/ros/jazzy/opt/gz_msgs_vendor:/opt/ros/jazzy/opt/gz_common_vendor:/opt/ros/jazzy/opt/gz_math_vendor:/opt/ros/jazzy/opt/gz_utils_vendor:/opt/ros/jazzy/opt/gz_tools_vendor:/opt/ros/jazzy/opt/gz_ogre_next_vendor:/opt/ros/jazzy/opt/gz_dartsim_vendor:/opt/ros/jazzy/opt/gz_cmake_vendor DEBUGINFOD_URLS=https://debuginfod.ubuntu.com PS1=(ros_venv) \[\e[1;34m\](ID: ${ROS_DOMAIN_ID:-0})\[\e[1;32m\]\u\[\e[0m\]:\[\e[1;34m\]\w\[\e[0m\]$ PYTHONPATH=/home/mac/dev_ws/omo_robot/build/omo_r1_bringup/prefix_override:/usr/lib/python3/dist-packages/colcon_core/task/python/colcon_distutils_commands:/home/mac/dev_ws/omo_robot/install/omo_r1_bringup/lib/python3.12/site-packages:/home/mac/dev_ws/omo_robot/install/omo_r1_interfaces/lib/python3.12/site-packages:/home/mac/dev_ws/omo_robot/install/omo_r1_teleop/lib/python3.12/site-packages:/home/mac/dev_ws/omo_robot/install/omo_r1_bringup/lib/python3.12/site-packages:/opt/ros/jazzy/lib/python3.12/site-packages VIRTUAL_ENV_PROMPT=(ros_venv) /usr/bin/python3 -W ignore:setup.py install is deprecated -W ignore:easy_install command is deprecated setup.py egg_info --egg-base ../../../build/omo_r1_bringup build --build-base /home/mac/dev_ws/omo_robot/build/omo_r1_bringup/build install --record /home/mac/dev_ws/omo_robot/build/omo_r1_bringup/install.log --install-scripts $base/lib/omo_r1_bringup --single-version-externally-managed install_data
[1.083s] /usr/lib/python3/dist-packages/setuptools/dist.py:744: SetuptoolsDeprecationWarning: Invalid dash-separated options
[1.083s] !!
[1.083s] 
[1.083s]         ********************************************************************************
[1.083s]         Usage of dash-separated 'script-dir' will not be supported in future
[1.083s]         versions. Please use the underscore name 'script_dir' instead.
[1.083s] 
[1.084s]         This deprecation is overdue, please update your project and remove deprecated
[1.084s]         calls to avoid build errors in the future.
[1.084s] 
[1.084s]         See https://setuptools.pypa.io/en/latest/userguide/declarative_config.html for details.
[1.084s]         ********************************************************************************
[1.084s] 
[1.084s] !!
[1.084s]   opt = self.warn_dash_deprecation(opt, section)
[1.172s] running egg_info
[1.184s] writing ../../../build/omo_r1_bringup/omo_r1_bringup.egg-info/PKG-INFO
[1.184s] writing dependency_links to ../../../build/omo_r1_bringup/omo_r1_bringup.egg-info/dependency_links.txt
[1.184s] writing entry points to ../../../build/omo_r1_bringup/omo_r1_bringup.egg-info/entry_points.txt
[1.184s] writing requirements to ../../../build/omo_r1_bringup/omo_r1_bringup.egg-info/requires.txt
[1.184s] writing top-level names to ../../../build/omo_r1_bringup/omo_r1_bringup.egg-info/top_level.txt
[1.210s] reading manifest file '../../../build/omo_r1_bringup/omo_r1_bringup.egg-info/SOURCES.txt'
[1.211s] writing manifest file '../../../build/omo_r1_bringup/omo_r1_bringup.egg-info/SOURCES.txt'
[1.211s] running build
[1.211s] running build_py
[1.211s] copying omo_r1_bringup/scripts/omo_r1_mcu_node.py -> /home/mac/dev_ws/omo_robot/build/omo_r1_bringup/build/lib/omo_r1_bringup/scripts
[1.212s] running install
[1.215s] running install_lib
[1.228s] copying /home/mac/dev_ws/omo_robot/build/omo_r1_bringup/build/lib/omo_r1_bringup/scripts/omo_r1_mcu_node.py -> /home/mac/dev_ws/omo_robot/install/omo_r1_bringup/lib/python3.12/site-packages/omo_r1_bringup/scripts
[1.229s] byte-compiling /home/mac/dev_ws/omo_robot/install/omo_r1_bringup/lib/python3.12/site-packages/omo_r1_bringup/scripts/omo_r1_mcu_node.py to omo_r1_mcu_node.cpython-312.pyc
[1.231s] running install_data
[1.231s] running install_egg_info
[1.244s] removing '/home/mac/dev_ws/omo_robot/install/omo_r1_bringup/lib/python3.12/site-packages/omo_r1_bringup-0.0.1-py3.12.egg-info' (and everything under it)
[1.244s] Copying ../../../build/omo_r1_bringup/omo_r1_bringup.egg-info to /home/mac/dev_ws/omo_robot/install/omo_r1_bringup/lib/python3.12/site-packages/omo_r1_bringup-0.0.1-py3.12.egg-info
[1.245s] running install_scripts
[1.331s] Installing omo_r1_mcu_node script to /home/mac/dev_ws/omo_robot/install/omo_r1_bringup/lib/omo_r1_bringup
[1.331s] Installing omo_r1_motor_setting_node script to /home/mac/dev_ws/omo_robot/install/omo_r1_bringup/lib/omo_r1_bringup
[1.332s] writing list of installed files to '/home/mac/dev_ws/omo_robot/build/omo_r1_bringup/install.log'
[1.359s] Invoked command in '/home/mac/dev_ws/omo_robot/src/omo_r1-ros2/omo_r1_bringup' returned '0': CMAKE_PREFIX_PATH=/home/mac/dev_ws/omo_robot/install/omo_r1_interfaces:/home/mac/dev_ws/omo_robot/install/omo_r1_description:/home/mac/dev_ws/omo_robot/install/ydlidar_sdk:/home/mac/dev_ws/omo_robot/install/ydlidar_ros2_driver:/home/mac/dev_ws/omo_robot/install/omo_r1:/home/mac/dev_ws/omo_robot/install/omo_r1_navigation2:/home/mac/dev_ws/omo_robot/install/omo_r1_cartographer:/opt/ros/jazzy/opt/gz_sim_vendor:/opt/ros/jazzy/opt/gz_sensors_vendor:/opt/ros/jazzy/opt/gz_physics_vendor:/opt/ros/jazzy/opt/sdformat_vendor:/opt/ros/jazzy/opt/gz_gui_vendor:/opt/ros/jazzy/opt/gz_transport_vendor:/opt/ros/jazzy/opt/gz_rendering_vendor:/opt/ros/jazzy/opt/gz_plugin_vendor:/opt/ros/jazzy/opt/gz_fuel_tools_vendor:/opt/ros/jazzy/opt/gz_msgs_vendor:/opt/ros/jazzy/opt/gz_common_vendor:/opt/ros/jazzy/opt/gz_math_vendor:/opt/ros/jazzy/opt/gz_utils_vendor:/opt/ros/jazzy/opt/gz_tools_vendor:/opt/ros/jazzy/opt/gz_ogre_next_vendor:/opt/ros/jazzy/opt/gz_dartsim_vendor:/opt/ros/jazzy/opt/gz_cmake_vendor DEBUGINFOD_URLS=https://debuginfod.ubuntu.com PS1=(ros_venv) \[\e[1;34m\](ID: ${ROS_DOMAIN_ID:-0})\[\e[1;32m\]\u\[\e[0m\]:\[\e[1;34m\]\w\[\e[0m\]$ PYTHONPATH=/home/mac/dev_ws/omo_robot/build/omo_r1_bringup/prefix_override:/usr/lib/python3/dist-packages/colcon_core/task/python/colcon_distutils_commands:/home/mac/dev_ws/omo_robot/install/omo_r1_bringup/lib/python3.12/site-packages:/home/mac/dev_ws/omo_robot/install/omo_r1_interfaces/lib/python3.12/site-packages:/home/mac/dev_ws/omo_robot/install/omo_r1_teleop/lib/python3.12/site-packages:/home/mac/dev_ws/omo_robot/install/omo_r1_bringup/lib/python3.12/site-packages:/opt/ros/jazzy/lib/python3.12/site-packages VIRTUAL_ENV_PROMPT=(ros_venv) /usr/bin/python3 -W ignore:setup.py install is deprecated -W ignore:easy_install command is deprecated setup.py egg_info --egg-base ../../../build/omo_r1_bringup build --build-base /home/mac/dev_ws/omo_robot/build/omo_r1_bringup/build install --record /home/mac/dev_ws/omo_robot/build/omo_r1_bringup/install.log --install-scripts $base/lib/omo_r1_bringup --single-version-externally-managed install_data
