[0.126s] DEBUG:colcon:Command line arguments: ['/usr/bin/colcon', 'build']
[0.126s] DEBUG:colcon:Parsed command line arguments: Namespace(log_base=None, log_level=None, verb_name='build', build_base='build', install_base='install', merge_install=False, symlink_install=False, test_result_base=None, continue_on_error=False, executor='parallel', parallel_workers=16, event_handlers=None, ignore_user_meta=False, metas=['./colcon.meta'], base_paths=['.'], packages_ignore=None, packages_ignore_regex=None, paths=None, packages_up_to=None, packages_up_to_regex=None, packages_above=None, packages_above_and_dependencies=None, packages_above_depth=None, packages_select_by_dep=None, packages_skip_by_dep=None, packages_skip_up_to=None, packages_select_build_failed=False, packages_skip_build_finished=False, packages_select_test_failures=False, packages_skip_test_passed=False, packages_select=None, packages_skip=None, packages_select_regex=None, packages_skip_regex=None, packages_start=None, packages_end=None, allow_overriding=[], cmake_args=None, cmake_target=None, cmake_target_skip_unavailable=False, cmake_clean_cache=False, cmake_clean_first=False, cmake_force_configure=False, ament_cmake_args=None, catkin_cmake_args=None, catkin_skip_building_tests=False, mixin_files=None, mixin=None, verb_parser=<colcon_mixin.mixin.mixin_argument.MixinArgumentDecorator object at 0x796411388cb0>, verb_extension=<colcon_core.verb.build.BuildVerb object at 0x7964114e0a10>, main=<bound method BuildVerb.main of <colcon_core.verb.build.BuildVerb object at 0x7964114e0a10>>, mixin_verb=('build',))
[0.173s] Level 1:colcon.colcon_core.package_discovery:discover_packages(colcon_meta) check parameters
[0.173s] Level 1:colcon.colcon_core.package_discovery:discover_packages(recursive) check parameters
[0.173s] Level 1:colcon.colcon_core.package_discovery:discover_packages(ignore) check parameters
[0.173s] Level 1:colcon.colcon_core.package_discovery:discover_packages(path) check parameters
[0.173s] Level 1:colcon.colcon_core.package_discovery:discover_packages(colcon_meta) discover
[0.173s] Level 1:colcon.colcon_core.package_discovery:discover_packages(recursive) discover
[0.173s] INFO:colcon.colcon_core.package_discovery:Crawling recursively for packages in '/home/mac/dev_ws/omo_robot'
[0.174s] Level 1:colcon.colcon_core.package_identification:_identify(.) by extensions ['ignore', 'ignore_ament_install']
[0.174s] Level 1:colcon.colcon_core.package_identification:_identify(.) by extension 'ignore'
[0.174s] Level 1:colcon.colcon_core.package_identification:_identify(.) by extension 'ignore_ament_install'
[0.174s] Level 1:colcon.colcon_core.package_identification:_identify(.) by extensions ['colcon_pkg']
[0.174s] Level 1:colcon.colcon_core.package_identification:_identify(.) by extension 'colcon_pkg'
[0.174s] Level 1:colcon.colcon_core.package_identification:_identify(.) by extensions ['colcon_meta']
[0.174s] Level 1:colcon.colcon_core.package_identification:_identify(.) by extension 'colcon_meta'
[0.174s] Level 1:colcon.colcon_core.package_identification:_identify(.) by extensions ['ros']
[0.174s] Level 1:colcon.colcon_core.package_identification:_identify(.) by extension 'ros'
[0.205s] Level 1:colcon.colcon_core.package_identification:_identify(.) by extensions ['cmake', 'python']
[0.205s] Level 1:colcon.colcon_core.package_identification:_identify(.) by extension 'cmake'
[0.205s] Level 1:colcon.colcon_core.package_identification:_identify(.) by extension 'python'
[0.205s] Level 1:colcon.colcon_core.package_identification:_identify(.) by extensions ['python_setup_py']
[0.205s] Level 1:colcon.colcon_core.package_identification:_identify(.) by extension 'python_setup_py'
[0.205s] Level 1:colcon.colcon_core.package_identification:_identify(build) by extensions ['ignore', 'ignore_ament_install']
[0.205s] Level 1:colcon.colcon_core.package_identification:_identify(build) by extension 'ignore'
[0.205s] Level 1:colcon.colcon_core.package_identification:_identify(build) ignored
[0.205s] Level 1:colcon.colcon_core.package_identification:_identify(install) by extensions ['ignore', 'ignore_ament_install']
[0.205s] Level 1:colcon.colcon_core.package_identification:_identify(install) by extension 'ignore'
[0.205s] Level 1:colcon.colcon_core.package_identification:_identify(install) ignored
[0.206s] Level 1:colcon.colcon_core.package_identification:_identify(log) by extensions ['ignore', 'ignore_ament_install']
[0.206s] Level 1:colcon.colcon_core.package_identification:_identify(log) by extension 'ignore'
[0.206s] Level 1:colcon.colcon_core.package_identification:_identify(log) ignored
[0.206s] Level 1:colcon.colcon_core.package_identification:_identify(src) by extensions ['ignore', 'ignore_ament_install']
[0.206s] Level 1:colcon.colcon_core.package_identification:_identify(src) by extension 'ignore'
[0.206s] Level 1:colcon.colcon_core.package_identification:_identify(src) by extension 'ignore_ament_install'
[0.206s] Level 1:colcon.colcon_core.package_identification:_identify(src) by extensions ['colcon_pkg']
[0.206s] Level 1:colcon.colcon_core.package_identification:_identify(src) by extension 'colcon_pkg'
[0.206s] Level 1:colcon.colcon_core.package_identification:_identify(src) by extensions ['colcon_meta']
[0.206s] Level 1:colcon.colcon_core.package_identification:_identify(src) by extension 'colcon_meta'
[0.206s] Level 1:colcon.colcon_core.package_identification:_identify(src) by extensions ['ros']
[0.206s] Level 1:colcon.colcon_core.package_identification:_identify(src) by extension 'ros'
[0.206s] Level 1:colcon.colcon_core.package_identification:_identify(src) by extensions ['cmake', 'python']
[0.206s] Level 1:colcon.colcon_core.package_identification:_identify(src) by extension 'cmake'
[0.206s] Level 1:colcon.colcon_core.package_identification:_identify(src) by extension 'python'
[0.206s] Level 1:colcon.colcon_core.package_identification:_identify(src) by extensions ['python_setup_py']
[0.206s] Level 1:colcon.colcon_core.package_identification:_identify(src) by extension 'python_setup_py'
[0.206s] Level 1:colcon.colcon_core.package_identification:_identify(src/YDLidar-SDK) by extensions ['ignore', 'ignore_ament_install']
[0.206s] Level 1:colcon.colcon_core.package_identification:_identify(src/YDLidar-SDK) by extension 'ignore'
[0.207s] Level 1:colcon.colcon_core.package_identification:_identify(src/YDLidar-SDK) by extension 'ignore_ament_install'
[0.207s] Level 1:colcon.colcon_core.package_identification:_identify(src/YDLidar-SDK) by extensions ['colcon_pkg']
[0.207s] Level 1:colcon.colcon_core.package_identification:_identify(src/YDLidar-SDK) by extension 'colcon_pkg'
[0.207s] Level 1:colcon.colcon_core.package_identification:_identify(src/YDLidar-SDK) by extensions ['colcon_meta']
[0.207s] Level 1:colcon.colcon_core.package_identification:_identify(src/YDLidar-SDK) by extension 'colcon_meta'
[0.207s] Level 1:colcon.colcon_core.package_identification:_identify(src/YDLidar-SDK) by extensions ['ros']
[0.207s] Level 1:colcon.colcon_core.package_identification:_identify(src/YDLidar-SDK) by extension 'ros'
[0.207s] Level 1:colcon.colcon_core.package_identification:_identify(src/YDLidar-SDK) by extensions ['cmake', 'python']
[0.207s] Level 1:colcon.colcon_core.package_identification:_identify(src/YDLidar-SDK) by extension 'cmake'
[0.228s] Level 1:colcon.colcon_core.package_identification:_identify(src/YDLidar-SDK) by extension 'python'
[0.228s] DEBUG:colcon.colcon_core.package_identification:Package 'src/YDLidar-SDK' with type 'cmake' and name 'ydlidar_sdk'
[0.228s] Level 1:colcon.colcon_core.package_identification:_identify(src/omo_r1-ros2) by extensions ['ignore', 'ignore_ament_install']
[0.228s] Level 1:colcon.colcon_core.package_identification:_identify(src/omo_r1-ros2) by extension 'ignore'
[0.228s] Level 1:colcon.colcon_core.package_identification:_identify(src/omo_r1-ros2) by extension 'ignore_ament_install'
[0.228s] Level 1:colcon.colcon_core.package_identification:_identify(src/omo_r1-ros2) by extensions ['colcon_pkg']
[0.228s] Level 1:colcon.colcon_core.package_identification:_identify(src/omo_r1-ros2) by extension 'colcon_pkg'
[0.228s] Level 1:colcon.colcon_core.package_identification:_identify(src/omo_r1-ros2) by extensions ['colcon_meta']
[0.228s] Level 1:colcon.colcon_core.package_identification:_identify(src/omo_r1-ros2) by extension 'colcon_meta'
[0.228s] Level 1:colcon.colcon_core.package_identification:_identify(src/omo_r1-ros2) by extensions ['ros']
[0.228s] Level 1:colcon.colcon_core.package_identification:_identify(src/omo_r1-ros2) by extension 'ros'
[0.228s] Level 1:colcon.colcon_core.package_identification:_identify(src/omo_r1-ros2) by extensions ['cmake', 'python']
[0.228s] Level 1:colcon.colcon_core.package_identification:_identify(src/omo_r1-ros2) by extension 'cmake'
[0.228s] Level 1:colcon.colcon_core.package_identification:_identify(src/omo_r1-ros2) by extension 'python'
[0.228s] Level 1:colcon.colcon_core.package_identification:_identify(src/omo_r1-ros2) by extensions ['python_setup_py']
[0.229s] Level 1:colcon.colcon_core.package_identification:_identify(src/omo_r1-ros2) by extension 'python_setup_py'
[0.229s] Level 1:colcon.colcon_core.package_identification:_identify(src/omo_r1-ros2/omo_r1) by extensions ['ignore', 'ignore_ament_install']
[0.229s] Level 1:colcon.colcon_core.package_identification:_identify(src/omo_r1-ros2/omo_r1) by extension 'ignore'
[0.229s] Level 1:colcon.colcon_core.package_identification:_identify(src/omo_r1-ros2/omo_r1) by extension 'ignore_ament_install'
[0.229s] Level 1:colcon.colcon_core.package_identification:_identify(src/omo_r1-ros2/omo_r1) by extensions ['colcon_pkg']
[0.229s] Level 1:colcon.colcon_core.package_identification:_identify(src/omo_r1-ros2/omo_r1) by extension 'colcon_pkg'
[0.229s] Level 1:colcon.colcon_core.package_identification:_identify(src/omo_r1-ros2/omo_r1) by extensions ['colcon_meta']
[0.229s] Level 1:colcon.colcon_core.package_identification:_identify(src/omo_r1-ros2/omo_r1) by extension 'colcon_meta'
[0.229s] Level 1:colcon.colcon_core.package_identification:_identify(src/omo_r1-ros2/omo_r1) by extensions ['ros']
[0.229s] Level 1:colcon.colcon_core.package_identification:_identify(src/omo_r1-ros2/omo_r1) by extension 'ros'
[0.232s] DEBUG:colcon.colcon_core.package_identification:Package 'src/omo_r1-ros2/omo_r1' with type 'ros.ament_cmake' and name 'omo_r1'
[0.232s] Level 1:colcon.colcon_core.package_identification:_identify(src/omo_r1-ros2/omo_r1_bringup) by extensions ['ignore', 'ignore_ament_install']
[0.232s] Level 1:colcon.colcon_core.package_identification:_identify(src/omo_r1-ros2/omo_r1_bringup) by extension 'ignore'
[0.232s] Level 1:colcon.colcon_core.package_identification:_identify(src/omo_r1-ros2/omo_r1_bringup) by extension 'ignore_ament_install'
[0.232s] Level 1:colcon.colcon_core.package_identification:_identify(src/omo_r1-ros2/omo_r1_bringup) by extensions ['colcon_pkg']
[0.232s] Level 1:colcon.colcon_core.package_identification:_identify(src/omo_r1-ros2/omo_r1_bringup) by extension 'colcon_pkg'
[0.232s] Level 1:colcon.colcon_core.package_identification:_identify(src/omo_r1-ros2/omo_r1_bringup) by extensions ['colcon_meta']
[0.232s] Level 1:colcon.colcon_core.package_identification:_identify(src/omo_r1-ros2/omo_r1_bringup) by extension 'colcon_meta'
[0.232s] Level 1:colcon.colcon_core.package_identification:_identify(src/omo_r1-ros2/omo_r1_bringup) by extensions ['ros']
[0.232s] Level 1:colcon.colcon_core.package_identification:_identify(src/omo_r1-ros2/omo_r1_bringup) by extension 'ros'
[0.233s] DEBUG:colcon.colcon_core.package_identification:Package 'src/omo_r1-ros2/omo_r1_bringup' with type 'ros.ament_python' and name 'omo_r1_bringup'
[0.233s] Level 1:colcon.colcon_core.package_identification:_identify(src/omo_r1-ros2/omo_r1_cartographer) by extensions ['ignore', 'ignore_ament_install']
[0.233s] Level 1:colcon.colcon_core.package_identification:_identify(src/omo_r1-ros2/omo_r1_cartographer) by extension 'ignore'
[0.233s] Level 1:colcon.colcon_core.package_identification:_identify(src/omo_r1-ros2/omo_r1_cartographer) by extension 'ignore_ament_install'
[0.233s] Level 1:colcon.colcon_core.package_identification:_identify(src/omo_r1-ros2/omo_r1_cartographer) by extensions ['colcon_pkg']
[0.233s] Level 1:colcon.colcon_core.package_identification:_identify(src/omo_r1-ros2/omo_r1_cartographer) by extension 'colcon_pkg'
[0.233s] Level 1:colcon.colcon_core.package_identification:_identify(src/omo_r1-ros2/omo_r1_cartographer) by extensions ['colcon_meta']
[0.233s] Level 1:colcon.colcon_core.package_identification:_identify(src/omo_r1-ros2/omo_r1_cartographer) by extension 'colcon_meta'
[0.233s] Level 1:colcon.colcon_core.package_identification:_identify(src/omo_r1-ros2/omo_r1_cartographer) by extensions ['ros']
[0.233s] Level 1:colcon.colcon_core.package_identification:_identify(src/omo_r1-ros2/omo_r1_cartographer) by extension 'ros'
[0.234s] DEBUG:colcon.colcon_core.package_identification:Package 'src/omo_r1-ros2/omo_r1_cartographer' with type 'ros.ament_cmake' and name 'omo_r1_cartographer'
[0.234s] Level 1:colcon.colcon_core.package_identification:_identify(src/omo_r1-ros2/omo_r1_description) by extensions ['ignore', 'ignore_ament_install']
[0.234s] Level 1:colcon.colcon_core.package_identification:_identify(src/omo_r1-ros2/omo_r1_description) by extension 'ignore'
[0.234s] Level 1:colcon.colcon_core.package_identification:_identify(src/omo_r1-ros2/omo_r1_description) by extension 'ignore_ament_install'
[0.234s] Level 1:colcon.colcon_core.package_identification:_identify(src/omo_r1-ros2/omo_r1_description) by extensions ['colcon_pkg']
[0.234s] Level 1:colcon.colcon_core.package_identification:_identify(src/omo_r1-ros2/omo_r1_description) by extension 'colcon_pkg'
[0.234s] Level 1:colcon.colcon_core.package_identification:_identify(src/omo_r1-ros2/omo_r1_description) by extensions ['colcon_meta']
[0.234s] Level 1:colcon.colcon_core.package_identification:_identify(src/omo_r1-ros2/omo_r1_description) by extension 'colcon_meta'
[0.235s] Level 1:colcon.colcon_core.package_identification:_identify(src/omo_r1-ros2/omo_r1_description) by extensions ['ros']
[0.235s] Level 1:colcon.colcon_core.package_identification:_identify(src/omo_r1-ros2/omo_r1_description) by extension 'ros'
[0.235s] DEBUG:colcon.colcon_core.package_identification:Package 'src/omo_r1-ros2/omo_r1_description' with type 'ros.ament_cmake' and name 'omo_r1_description'
[0.235s] Level 1:colcon.colcon_core.package_identification:_identify(src/omo_r1-ros2/omo_r1_gazebo) by extensions ['ignore', 'ignore_ament_install']
[0.235s] Level 1:colcon.colcon_core.package_identification:_identify(src/omo_r1-ros2/omo_r1_gazebo) by extension 'ignore'
[0.235s] Level 1:colcon.colcon_core.package_identification:_identify(src/omo_r1-ros2/omo_r1_gazebo) by extension 'ignore_ament_install'
[0.235s] Level 1:colcon.colcon_core.package_identification:_identify(src/omo_r1-ros2/omo_r1_gazebo) by extensions ['colcon_pkg']
[0.235s] Level 1:colcon.colcon_core.package_identification:_identify(src/omo_r1-ros2/omo_r1_gazebo) by extension 'colcon_pkg'
[0.235s] Level 1:colcon.colcon_core.package_identification:_identify(src/omo_r1-ros2/omo_r1_gazebo) by extensions ['colcon_meta']
[0.235s] Level 1:colcon.colcon_core.package_identification:_identify(src/omo_r1-ros2/omo_r1_gazebo) by extension 'colcon_meta'
[0.236s] Level 1:colcon.colcon_core.package_identification:_identify(src/omo_r1-ros2/omo_r1_gazebo) by extensions ['ros']
[0.236s] Level 1:colcon.colcon_core.package_identification:_identify(src/omo_r1-ros2/omo_r1_gazebo) by extension 'ros'
[0.236s] DEBUG:colcon.colcon_core.package_identification:Package 'src/omo_r1-ros2/omo_r1_gazebo' with type 'ros.ament_cmake' and name 'omo_r1_gazebo'
[0.236s] Level 1:colcon.colcon_core.package_identification:_identify(src/omo_r1-ros2/omo_r1_interface) by extensions ['ignore', 'ignore_ament_install']
[0.237s] Level 1:colcon.colcon_core.package_identification:_identify(src/omo_r1-ros2/omo_r1_interface) by extension 'ignore'
[0.237s] Level 1:colcon.colcon_core.package_identification:_identify(src/omo_r1-ros2/omo_r1_interface) by extension 'ignore_ament_install'
[0.237s] Level 1:colcon.colcon_core.package_identification:_identify(src/omo_r1-ros2/omo_r1_interface) by extensions ['colcon_pkg']
[0.237s] Level 1:colcon.colcon_core.package_identification:_identify(src/omo_r1-ros2/omo_r1_interface) by extension 'colcon_pkg'
[0.237s] Level 1:colcon.colcon_core.package_identification:_identify(src/omo_r1-ros2/omo_r1_interface) by extensions ['colcon_meta']
[0.237s] Level 1:colcon.colcon_core.package_identification:_identify(src/omo_r1-ros2/omo_r1_interface) by extension 'colcon_meta'
[0.237s] Level 1:colcon.colcon_core.package_identification:_identify(src/omo_r1-ros2/omo_r1_interface) by extensions ['ros']
[0.237s] Level 1:colcon.colcon_core.package_identification:_identify(src/omo_r1-ros2/omo_r1_interface) by extension 'ros'
[0.237s] DEBUG:colcon.colcon_core.package_identification:Package 'src/omo_r1-ros2/omo_r1_interface' with type 'ros.ament_cmake' and name 'omo_r1_interfaces'
[0.237s] Level 1:colcon.colcon_core.package_identification:_identify(src/omo_r1-ros2/omo_r1_navigation2) by extensions ['ignore', 'ignore_ament_install']
[0.237s] Level 1:colcon.colcon_core.package_identification:_identify(src/omo_r1-ros2/omo_r1_navigation2) by extension 'ignore'
[0.238s] Level 1:colcon.colcon_core.package_identification:_identify(src/omo_r1-ros2/omo_r1_navigation2) by extension 'ignore_ament_install'
[0.238s] Level 1:colcon.colcon_core.package_identification:_identify(src/omo_r1-ros2/omo_r1_navigation2) by extensions ['colcon_pkg']
[0.238s] Level 1:colcon.colcon_core.package_identification:_identify(src/omo_r1-ros2/omo_r1_navigation2) by extension 'colcon_pkg'
[0.238s] Level 1:colcon.colcon_core.package_identification:_identify(src/omo_r1-ros2/omo_r1_navigation2) by extensions ['colcon_meta']
[0.238s] Level 1:colcon.colcon_core.package_identification:_identify(src/omo_r1-ros2/omo_r1_navigation2) by extension 'colcon_meta'
[0.238s] Level 1:colcon.colcon_core.package_identification:_identify(src/omo_r1-ros2/omo_r1_navigation2) by extensions ['ros']
[0.238s] Level 1:colcon.colcon_core.package_identification:_identify(src/omo_r1-ros2/omo_r1_navigation2) by extension 'ros'
[0.238s] DEBUG:colcon.colcon_core.package_identification:Package 'src/omo_r1-ros2/omo_r1_navigation2' with type 'ros.ament_cmake' and name 'omo_r1_navigation2'
[0.238s] Level 1:colcon.colcon_core.package_identification:_identify(src/omo_r1-ros2/omo_r1_teleop) by extensions ['ignore', 'ignore_ament_install']
[0.238s] Level 1:colcon.colcon_core.package_identification:_identify(src/omo_r1-ros2/omo_r1_teleop) by extension 'ignore'
[0.238s] Level 1:colcon.colcon_core.package_identification:_identify(src/omo_r1-ros2/omo_r1_teleop) by extension 'ignore_ament_install'
[0.239s] Level 1:colcon.colcon_core.package_identification:_identify(src/omo_r1-ros2/omo_r1_teleop) by extensions ['colcon_pkg']
[0.239s] Level 1:colcon.colcon_core.package_identification:_identify(src/omo_r1-ros2/omo_r1_teleop) by extension 'colcon_pkg'
[0.239s] Level 1:colcon.colcon_core.package_identification:_identify(src/omo_r1-ros2/omo_r1_teleop) by extensions ['colcon_meta']
[0.239s] Level 1:colcon.colcon_core.package_identification:_identify(src/omo_r1-ros2/omo_r1_teleop) by extension 'colcon_meta'
[0.239s] Level 1:colcon.colcon_core.package_identification:_identify(src/omo_r1-ros2/omo_r1_teleop) by extensions ['ros']
[0.239s] Level 1:colcon.colcon_core.package_identification:_identify(src/omo_r1-ros2/omo_r1_teleop) by extension 'ros'
[0.239s] DEBUG:colcon.colcon_core.package_identification:Package 'src/omo_r1-ros2/omo_r1_teleop' with type 'ros.ament_python' and name 'omo_r1_teleop'
[0.239s] Level 1:colcon.colcon_core.package_identification:_identify(src/ydlidar_ros2_driver) by extensions ['ignore', 'ignore_ament_install']
[0.239s] Level 1:colcon.colcon_core.package_identification:_identify(src/ydlidar_ros2_driver) by extension 'ignore'
[0.239s] Level 1:colcon.colcon_core.package_identification:_identify(src/ydlidar_ros2_driver) by extension 'ignore_ament_install'
[0.239s] Level 1:colcon.colcon_core.package_identification:_identify(src/ydlidar_ros2_driver) by extensions ['colcon_pkg']
[0.239s] Level 1:colcon.colcon_core.package_identification:_identify(src/ydlidar_ros2_driver) by extension 'colcon_pkg'
[0.239s] Level 1:colcon.colcon_core.package_identification:_identify(src/ydlidar_ros2_driver) by extensions ['colcon_meta']
[0.240s] Level 1:colcon.colcon_core.package_identification:_identify(src/ydlidar_ros2_driver) by extension 'colcon_meta'
[0.240s] Level 1:colcon.colcon_core.package_identification:_identify(src/ydlidar_ros2_driver) by extensions ['ros']
[0.240s] Level 1:colcon.colcon_core.package_identification:_identify(src/ydlidar_ros2_driver) by extension 'ros'
[0.240s] DEBUG:colcon.colcon_core.package_identification:Package 'src/ydlidar_ros2_driver' with type 'ros.ament_cmake' and name 'ydlidar_ros2_driver'
[0.240s] Level 1:colcon.colcon_core.package_discovery:discover_packages(recursive) using defaults
[0.240s] Level 1:colcon.colcon_core.package_discovery:discover_packages(ignore) discover
[0.240s] Level 1:colcon.colcon_core.package_discovery:discover_packages(ignore) using defaults
[0.240s] Level 1:colcon.colcon_core.package_discovery:discover_packages(path) discover
[0.240s] Level 1:colcon.colcon_core.package_discovery:discover_packages(path) using defaults
[0.264s] Level 1:colcon.colcon_core.package_discovery:discover_packages(prefix_path) check parameters
[0.264s] Level 1:colcon.colcon_core.package_discovery:discover_packages(prefix_path) discover
[0.269s] DEBUG:colcon.colcon_installed_package_information.package_discovery:Found 529 installed packages in /opt/ros/jazzy
[0.270s] Level 1:colcon.colcon_core.package_discovery:discover_packages(prefix_path) using defaults
[0.366s] Level 5:colcon.colcon_core.verb:set package 'omo_r1_cartographer' build argument 'cmake_args' from command line to 'None'
[0.366s] Level 5:colcon.colcon_core.verb:set package 'omo_r1_cartographer' build argument 'cmake_target' from command line to 'None'
[0.366s] Level 5:colcon.colcon_core.verb:set package 'omo_r1_cartographer' build argument 'cmake_target_skip_unavailable' from command line to 'False'
[0.366s] Level 5:colcon.colcon_core.verb:set package 'omo_r1_cartographer' build argument 'cmake_clean_cache' from command line to 'False'
[0.367s] Level 5:colcon.colcon_core.verb:set package 'omo_r1_cartographer' build argument 'cmake_clean_first' from command line to 'False'
[0.367s] Level 5:colcon.colcon_core.verb:set package 'omo_r1_cartographer' build argument 'cmake_force_configure' from command line to 'False'
[0.367s] Level 5:colcon.colcon_core.verb:set package 'omo_r1_cartographer' build argument 'ament_cmake_args' from command line to 'None'
[0.367s] Level 5:colcon.colcon_core.verb:set package 'omo_r1_cartographer' build argument 'catkin_cmake_args' from command line to 'None'
[0.367s] Level 5:colcon.colcon_core.verb:set package 'omo_r1_cartographer' build argument 'catkin_skip_building_tests' from command line to 'False'
[0.367s] DEBUG:colcon.colcon_core.verb:Building package 'omo_r1_cartographer' with the following arguments: {'ament_cmake_args': None, 'build_base': '/home/mac/dev_ws/omo_robot/build/omo_r1_cartographer', 'catkin_cmake_args': None, 'catkin_skip_building_tests': False, 'cmake_args': None, 'cmake_clean_cache': False, 'cmake_clean_first': False, 'cmake_force_configure': False, 'cmake_target': None, 'cmake_target_skip_unavailable': False, 'install_base': '/home/mac/dev_ws/omo_robot/install/omo_r1_cartographer', 'merge_install': False, 'path': '/home/mac/dev_ws/omo_robot/src/omo_r1-ros2/omo_r1_cartographer', 'symlink_install': False, 'test_result_base': None}
[0.367s] Level 5:colcon.colcon_core.verb:set package 'omo_r1_description' build argument 'cmake_args' from command line to 'None'
[0.367s] Level 5:colcon.colcon_core.verb:set package 'omo_r1_description' build argument 'cmake_target' from command line to 'None'
[0.367s] Level 5:colcon.colcon_core.verb:set package 'omo_r1_description' build argument 'cmake_target_skip_unavailable' from command line to 'False'
[0.367s] Level 5:colcon.colcon_core.verb:set package 'omo_r1_description' build argument 'cmake_clean_cache' from command line to 'False'
[0.367s] Level 5:colcon.colcon_core.verb:set package 'omo_r1_description' build argument 'cmake_clean_first' from command line to 'False'
[0.367s] Level 5:colcon.colcon_core.verb:set package 'omo_r1_description' build argument 'cmake_force_configure' from command line to 'False'
[0.367s] Level 5:colcon.colcon_core.verb:set package 'omo_r1_description' build argument 'ament_cmake_args' from command line to 'None'
[0.367s] Level 5:colcon.colcon_core.verb:set package 'omo_r1_description' build argument 'catkin_cmake_args' from command line to 'None'
[0.367s] Level 5:colcon.colcon_core.verb:set package 'omo_r1_description' build argument 'catkin_skip_building_tests' from command line to 'False'
[0.367s] DEBUG:colcon.colcon_core.verb:Building package 'omo_r1_description' with the following arguments: {'ament_cmake_args': None, 'build_base': '/home/mac/dev_ws/omo_robot/build/omo_r1_description', 'catkin_cmake_args': None, 'catkin_skip_building_tests': False, 'cmake_args': None, 'cmake_clean_cache': False, 'cmake_clean_first': False, 'cmake_force_configure': False, 'cmake_target': None, 'cmake_target_skip_unavailable': False, 'install_base': '/home/mac/dev_ws/omo_robot/install/omo_r1_description', 'merge_install': False, 'path': '/home/mac/dev_ws/omo_robot/src/omo_r1-ros2/omo_r1_description', 'symlink_install': False, 'test_result_base': None}
[0.367s] Level 5:colcon.colcon_core.verb:set package 'omo_r1_gazebo' build argument 'cmake_args' from command line to 'None'
[0.367s] Level 5:colcon.colcon_core.verb:set package 'omo_r1_gazebo' build argument 'cmake_target' from command line to 'None'
[0.367s] Level 5:colcon.colcon_core.verb:set package 'omo_r1_gazebo' build argument 'cmake_target_skip_unavailable' from command line to 'False'
[0.368s] Level 5:colcon.colcon_core.verb:set package 'omo_r1_gazebo' build argument 'cmake_clean_cache' from command line to 'False'
[0.368s] Level 5:colcon.colcon_core.verb:set package 'omo_r1_gazebo' build argument 'cmake_clean_first' from command line to 'False'
[0.368s] Level 5:colcon.colcon_core.verb:set package 'omo_r1_gazebo' build argument 'cmake_force_configure' from command line to 'False'
[0.368s] Level 5:colcon.colcon_core.verb:set package 'omo_r1_gazebo' build argument 'ament_cmake_args' from command line to 'None'
[0.368s] Level 5:colcon.colcon_core.verb:set package 'omo_r1_gazebo' build argument 'catkin_cmake_args' from command line to 'None'
[0.368s] Level 5:colcon.colcon_core.verb:set package 'omo_r1_gazebo' build argument 'catkin_skip_building_tests' from command line to 'False'
[0.368s] DEBUG:colcon.colcon_core.verb:Building package 'omo_r1_gazebo' with the following arguments: {'ament_cmake_args': None, 'build_base': '/home/mac/dev_ws/omo_robot/build/omo_r1_gazebo', 'catkin_cmake_args': None, 'catkin_skip_building_tests': False, 'cmake_args': None, 'cmake_clean_cache': False, 'cmake_clean_first': False, 'cmake_force_configure': False, 'cmake_target': None, 'cmake_target_skip_unavailable': False, 'install_base': '/home/mac/dev_ws/omo_robot/install/omo_r1_gazebo', 'merge_install': False, 'path': '/home/mac/dev_ws/omo_robot/src/omo_r1-ros2/omo_r1_gazebo', 'symlink_install': False, 'test_result_base': None}
[0.368s] Level 5:colcon.colcon_core.verb:set package 'omo_r1_interfaces' build argument 'cmake_args' from command line to 'None'
[0.368s] Level 5:colcon.colcon_core.verb:set package 'omo_r1_interfaces' build argument 'cmake_target' from command line to 'None'
[0.368s] Level 5:colcon.colcon_core.verb:set package 'omo_r1_interfaces' build argument 'cmake_target_skip_unavailable' from command line to 'False'
[0.368s] Level 5:colcon.colcon_core.verb:set package 'omo_r1_interfaces' build argument 'cmake_clean_cache' from command line to 'False'
[0.368s] Level 5:colcon.colcon_core.verb:set package 'omo_r1_interfaces' build argument 'cmake_clean_first' from command line to 'False'
[0.368s] Level 5:colcon.colcon_core.verb:set package 'omo_r1_interfaces' build argument 'cmake_force_configure' from command line to 'False'
[0.368s] Level 5:colcon.colcon_core.verb:set package 'omo_r1_interfaces' build argument 'ament_cmake_args' from command line to 'None'
[0.368s] Level 5:colcon.colcon_core.verb:set package 'omo_r1_interfaces' build argument 'catkin_cmake_args' from command line to 'None'
[0.368s] Level 5:colcon.colcon_core.verb:set package 'omo_r1_interfaces' build argument 'catkin_skip_building_tests' from command line to 'False'
[0.368s] DEBUG:colcon.colcon_core.verb:Building package 'omo_r1_interfaces' with the following arguments: {'ament_cmake_args': None, 'build_base': '/home/mac/dev_ws/omo_robot/build/omo_r1_interfaces', 'catkin_cmake_args': None, 'catkin_skip_building_tests': False, 'cmake_args': None, 'cmake_clean_cache': False, 'cmake_clean_first': False, 'cmake_force_configure': False, 'cmake_target': None, 'cmake_target_skip_unavailable': False, 'install_base': '/home/mac/dev_ws/omo_robot/install/omo_r1_interfaces', 'merge_install': False, 'path': '/home/mac/dev_ws/omo_robot/src/omo_r1-ros2/omo_r1_interface', 'symlink_install': False, 'test_result_base': None}
[0.368s] Level 5:colcon.colcon_core.verb:set package 'omo_r1_navigation2' build argument 'cmake_args' from command line to 'None'
[0.368s] Level 5:colcon.colcon_core.verb:set package 'omo_r1_navigation2' build argument 'cmake_target' from command line to 'None'
[0.368s] Level 5:colcon.colcon_core.verb:set package 'omo_r1_navigation2' build argument 'cmake_target_skip_unavailable' from command line to 'False'
[0.368s] Level 5:colcon.colcon_core.verb:set package 'omo_r1_navigation2' build argument 'cmake_clean_cache' from command line to 'False'
[0.368s] Level 5:colcon.colcon_core.verb:set package 'omo_r1_navigation2' build argument 'cmake_clean_first' from command line to 'False'
[0.368s] Level 5:colcon.colcon_core.verb:set package 'omo_r1_navigation2' build argument 'cmake_force_configure' from command line to 'False'
[0.368s] Level 5:colcon.colcon_core.verb:set package 'omo_r1_navigation2' build argument 'ament_cmake_args' from command line to 'None'
[0.368s] Level 5:colcon.colcon_core.verb:set package 'omo_r1_navigation2' build argument 'catkin_cmake_args' from command line to 'None'
[0.368s] Level 5:colcon.colcon_core.verb:set package 'omo_r1_navigation2' build argument 'catkin_skip_building_tests' from command line to 'False'
[0.368s] DEBUG:colcon.colcon_core.verb:Building package 'omo_r1_navigation2' with the following arguments: {'ament_cmake_args': None, 'build_base': '/home/mac/dev_ws/omo_robot/build/omo_r1_navigation2', 'catkin_cmake_args': None, 'catkin_skip_building_tests': False, 'cmake_args': None, 'cmake_clean_cache': False, 'cmake_clean_first': False, 'cmake_force_configure': False, 'cmake_target': None, 'cmake_target_skip_unavailable': False, 'install_base': '/home/mac/dev_ws/omo_robot/install/omo_r1_navigation2', 'merge_install': False, 'path': '/home/mac/dev_ws/omo_robot/src/omo_r1-ros2/omo_r1_navigation2', 'symlink_install': False, 'test_result_base': None}
[0.369s] Level 5:colcon.colcon_core.verb:set package 'ydlidar_ros2_driver' build argument 'cmake_args' from command line to 'None'
[0.369s] Level 5:colcon.colcon_core.verb:set package 'ydlidar_ros2_driver' build argument 'cmake_target' from command line to 'None'
[0.369s] Level 5:colcon.colcon_core.verb:set package 'ydlidar_ros2_driver' build argument 'cmake_target_skip_unavailable' from command line to 'False'
[0.369s] Level 5:colcon.colcon_core.verb:set package 'ydlidar_ros2_driver' build argument 'cmake_clean_cache' from command line to 'False'
[0.369s] Level 5:colcon.colcon_core.verb:set package 'ydlidar_ros2_driver' build argument 'cmake_clean_first' from command line to 'False'
[0.369s] Level 5:colcon.colcon_core.verb:set package 'ydlidar_ros2_driver' build argument 'cmake_force_configure' from command line to 'False'
[0.369s] Level 5:colcon.colcon_core.verb:set package 'ydlidar_ros2_driver' build argument 'ament_cmake_args' from command line to 'None'
[0.369s] Level 5:colcon.colcon_core.verb:set package 'ydlidar_ros2_driver' build argument 'catkin_cmake_args' from command line to 'None'
[0.369s] Level 5:colcon.colcon_core.verb:set package 'ydlidar_ros2_driver' build argument 'catkin_skip_building_tests' from command line to 'False'
[0.369s] DEBUG:colcon.colcon_core.verb:Building package 'ydlidar_ros2_driver' with the following arguments: {'ament_cmake_args': None, 'build_base': '/home/mac/dev_ws/omo_robot/build/ydlidar_ros2_driver', 'catkin_cmake_args': None, 'catkin_skip_building_tests': False, 'cmake_args': None, 'cmake_clean_cache': False, 'cmake_clean_first': False, 'cmake_force_configure': False, 'cmake_target': None, 'cmake_target_skip_unavailable': False, 'install_base': '/home/mac/dev_ws/omo_robot/install/ydlidar_ros2_driver', 'merge_install': False, 'path': '/home/mac/dev_ws/omo_robot/src/ydlidar_ros2_driver', 'symlink_install': False, 'test_result_base': None}
[0.369s] Level 5:colcon.colcon_core.verb:set package 'ydlidar_sdk' build argument 'cmake_args' from command line to 'None'
[0.369s] Level 5:colcon.colcon_core.verb:set package 'ydlidar_sdk' build argument 'cmake_target' from command line to 'None'
[0.369s] Level 5:colcon.colcon_core.verb:set package 'ydlidar_sdk' build argument 'cmake_target_skip_unavailable' from command line to 'False'
[0.369s] Level 5:colcon.colcon_core.verb:set package 'ydlidar_sdk' build argument 'cmake_clean_cache' from command line to 'False'
[0.369s] Level 5:colcon.colcon_core.verb:set package 'ydlidar_sdk' build argument 'cmake_clean_first' from command line to 'False'
[0.369s] Level 5:colcon.colcon_core.verb:set package 'ydlidar_sdk' build argument 'cmake_force_configure' from command line to 'False'
[0.369s] Level 5:colcon.colcon_core.verb:set package 'ydlidar_sdk' build argument 'ament_cmake_args' from command line to 'None'
[0.369s] Level 5:colcon.colcon_core.verb:set package 'ydlidar_sdk' build argument 'catkin_cmake_args' from command line to 'None'
[0.369s] Level 5:colcon.colcon_core.verb:set package 'ydlidar_sdk' build argument 'catkin_skip_building_tests' from command line to 'False'
[0.369s] DEBUG:colcon.colcon_core.verb:Building package 'ydlidar_sdk' with the following arguments: {'ament_cmake_args': None, 'build_base': '/home/mac/dev_ws/omo_robot/build/ydlidar_sdk', 'catkin_cmake_args': None, 'catkin_skip_building_tests': False, 'cmake_args': None, 'cmake_clean_cache': False, 'cmake_clean_first': False, 'cmake_force_configure': False, 'cmake_target': None, 'cmake_target_skip_unavailable': False, 'install_base': '/home/mac/dev_ws/omo_robot/install/ydlidar_sdk', 'merge_install': False, 'path': '/home/mac/dev_ws/omo_robot/src/YDLidar-SDK', 'symlink_install': False, 'test_result_base': None}
[0.370s] Level 5:colcon.colcon_core.verb:set package 'omo_r1_bringup' build argument 'cmake_args' from command line to 'None'
[0.370s] Level 5:colcon.colcon_core.verb:set package 'omo_r1_bringup' build argument 'cmake_target' from command line to 'None'
[0.370s] Level 5:colcon.colcon_core.verb:set package 'omo_r1_bringup' build argument 'cmake_target_skip_unavailable' from command line to 'False'
[0.370s] Level 5:colcon.colcon_core.verb:set package 'omo_r1_bringup' build argument 'cmake_clean_cache' from command line to 'False'
[0.370s] Level 5:colcon.colcon_core.verb:set package 'omo_r1_bringup' build argument 'cmake_clean_first' from command line to 'False'
[0.370s] Level 5:colcon.colcon_core.verb:set package 'omo_r1_bringup' build argument 'cmake_force_configure' from command line to 'False'
[0.370s] Level 5:colcon.colcon_core.verb:set package 'omo_r1_bringup' build argument 'ament_cmake_args' from command line to 'None'
[0.370s] Level 5:colcon.colcon_core.verb:set package 'omo_r1_bringup' build argument 'catkin_cmake_args' from command line to 'None'
[0.370s] Level 5:colcon.colcon_core.verb:set package 'omo_r1_bringup' build argument 'catkin_skip_building_tests' from command line to 'False'
[0.370s] DEBUG:colcon.colcon_core.verb:Building package 'omo_r1_bringup' with the following arguments: {'ament_cmake_args': None, 'build_base': '/home/mac/dev_ws/omo_robot/build/omo_r1_bringup', 'catkin_cmake_args': None, 'catkin_skip_building_tests': False, 'cmake_args': None, 'cmake_clean_cache': False, 'cmake_clean_first': False, 'cmake_force_configure': False, 'cmake_target': None, 'cmake_target_skip_unavailable': False, 'install_base': '/home/mac/dev_ws/omo_robot/install/omo_r1_bringup', 'merge_install': False, 'path': '/home/mac/dev_ws/omo_robot/src/omo_r1-ros2/omo_r1_bringup', 'symlink_install': False, 'test_result_base': None}
[0.370s] Level 5:colcon.colcon_core.verb:set package 'omo_r1_teleop' build argument 'cmake_args' from command line to 'None'
[0.370s] Level 5:colcon.colcon_core.verb:set package 'omo_r1_teleop' build argument 'cmake_target' from command line to 'None'
[0.370s] Level 5:colcon.colcon_core.verb:set package 'omo_r1_teleop' build argument 'cmake_target_skip_unavailable' from command line to 'False'
[0.370s] Level 5:colcon.colcon_core.verb:set package 'omo_r1_teleop' build argument 'cmake_clean_cache' from command line to 'False'
[0.370s] Level 5:colcon.colcon_core.verb:set package 'omo_r1_teleop' build argument 'cmake_clean_first' from command line to 'False'
[0.370s] Level 5:colcon.colcon_core.verb:set package 'omo_r1_teleop' build argument 'cmake_force_configure' from command line to 'False'
[0.370s] Level 5:colcon.colcon_core.verb:set package 'omo_r1_teleop' build argument 'ament_cmake_args' from command line to 'None'
[0.370s] Level 5:colcon.colcon_core.verb:set package 'omo_r1_teleop' build argument 'catkin_cmake_args' from command line to 'None'
[0.370s] Level 5:colcon.colcon_core.verb:set package 'omo_r1_teleop' build argument 'catkin_skip_building_tests' from command line to 'False'
[0.370s] DEBUG:colcon.colcon_core.verb:Building package 'omo_r1_teleop' with the following arguments: {'ament_cmake_args': None, 'build_base': '/home/mac/dev_ws/omo_robot/build/omo_r1_teleop', 'catkin_cmake_args': None, 'catkin_skip_building_tests': False, 'cmake_args': None, 'cmake_clean_cache': False, 'cmake_clean_first': False, 'cmake_force_configure': False, 'cmake_target': None, 'cmake_target_skip_unavailable': False, 'install_base': '/home/mac/dev_ws/omo_robot/install/omo_r1_teleop', 'merge_install': False, 'path': '/home/mac/dev_ws/omo_robot/src/omo_r1-ros2/omo_r1_teleop', 'symlink_install': False, 'test_result_base': None}
[0.370s] Level 5:colcon.colcon_core.verb:set package 'omo_r1' build argument 'cmake_args' from command line to 'None'
[0.370s] Level 5:colcon.colcon_core.verb:set package 'omo_r1' build argument 'cmake_target' from command line to 'None'
[0.370s] Level 5:colcon.colcon_core.verb:set package 'omo_r1' build argument 'cmake_target_skip_unavailable' from command line to 'False'
[0.370s] Level 5:colcon.colcon_core.verb:set package 'omo_r1' build argument 'cmake_clean_cache' from command line to 'False'
[0.370s] Level 5:colcon.colcon_core.verb:set package 'omo_r1' build argument 'cmake_clean_first' from command line to 'False'
[0.370s] Level 5:colcon.colcon_core.verb:set package 'omo_r1' build argument 'cmake_force_configure' from command line to 'False'
[0.370s] Level 5:colcon.colcon_core.verb:set package 'omo_r1' build argument 'ament_cmake_args' from command line to 'None'
[0.371s] Level 5:colcon.colcon_core.verb:set package 'omo_r1' build argument 'catkin_cmake_args' from command line to 'None'
[0.371s] Level 5:colcon.colcon_core.verb:set package 'omo_r1' build argument 'catkin_skip_building_tests' from command line to 'False'
[0.371s] DEBUG:colcon.colcon_core.verb:Building package 'omo_r1' with the following arguments: {'ament_cmake_args': None, 'build_base': '/home/mac/dev_ws/omo_robot/build/omo_r1', 'catkin_cmake_args': None, 'catkin_skip_building_tests': False, 'cmake_args': None, 'cmake_clean_cache': False, 'cmake_clean_first': False, 'cmake_force_configure': False, 'cmake_target': None, 'cmake_target_skip_unavailable': False, 'install_base': '/home/mac/dev_ws/omo_robot/install/omo_r1', 'merge_install': False, 'path': '/home/mac/dev_ws/omo_robot/src/omo_r1-ros2/omo_r1', 'symlink_install': False, 'test_result_base': None}
[0.371s] INFO:colcon.colcon_core.executor:Executing jobs using 'parallel' executor
[0.372s] DEBUG:colcon.colcon_parallel_executor.executor.parallel:run_until_complete
[0.372s] INFO:colcon.colcon_ros.task.ament_cmake.build:Building ROS package in '/home/mac/dev_ws/omo_robot/src/omo_r1-ros2/omo_r1_interface' with build type 'ament_cmake'
[0.373s] INFO:colcon.colcon_cmake.task.cmake.build:Building CMake package in '/home/mac/dev_ws/omo_robot/src/omo_r1-ros2/omo_r1_interface'
[0.375s] INFO:colcon.colcon_core.plugin_system:Skipping extension 'colcon_core.shell.bat': Not used on non-Windows systems
[0.375s] INFO:colcon.colcon_core.shell:Skip shell extension 'powershell' for command environment: Not usable outside of PowerShell
[0.375s] DEBUG:colcon.colcon_core.shell:Skip shell extension 'dsv' for command environment
[0.383s] INFO:colcon.colcon_ros.task.ament_cmake.build:Building ROS package in '/home/mac/dev_ws/omo_robot/src/omo_r1-ros2/omo_r1_description' with build type 'ament_cmake'
[0.384s] INFO:colcon.colcon_cmake.task.cmake.build:Building CMake package in '/home/mac/dev_ws/omo_robot/src/omo_r1-ros2/omo_r1_description'
[0.384s] INFO:colcon.colcon_core.shell:Skip shell extension 'powershell' for command environment: Not usable outside of PowerShell
[0.384s] DEBUG:colcon.colcon_core.shell:Skip shell extension 'dsv' for command environment
[0.390s] INFO:colcon.colcon_ros.task.ament_cmake.build:Building ROS package in '/home/mac/dev_ws/omo_robot/src/omo_r1-ros2/omo_r1_cartographer' with build type 'ament_cmake'
[0.390s] INFO:colcon.colcon_cmake.task.cmake.build:Building CMake package in '/home/mac/dev_ws/omo_robot/src/omo_r1-ros2/omo_r1_cartographer'
[0.390s] INFO:colcon.colcon_core.shell:Skip shell extension 'powershell' for command environment: Not usable outside of PowerShell
[0.390s] DEBUG:colcon.colcon_core.shell:Skip shell extension 'dsv' for command environment
[0.395s] INFO:colcon.colcon_ros.task.ament_cmake.build:Building ROS package in '/home/mac/dev_ws/omo_robot/src/omo_r1-ros2/omo_r1_navigation2' with build type 'ament_cmake'
[0.395s] INFO:colcon.colcon_cmake.task.cmake.build:Building CMake package in '/home/mac/dev_ws/omo_robot/src/omo_r1-ros2/omo_r1_navigation2'
[0.396s] INFO:colcon.colcon_core.shell:Skip shell extension 'powershell' for command environment: Not usable outside of PowerShell
[0.396s] DEBUG:colcon.colcon_core.shell:Skip shell extension 'dsv' for command environment
[0.402s] INFO:colcon.colcon_ros.task.ament_cmake.build:Building ROS package in '/home/mac/dev_ws/omo_robot/src/omo_r1-ros2/omo_r1_gazebo' with build type 'ament_cmake'
[0.402s] INFO:colcon.colcon_cmake.task.cmake.build:Building CMake package in '/home/mac/dev_ws/omo_robot/src/omo_r1-ros2/omo_r1_gazebo'
[0.402s] INFO:colcon.colcon_core.shell:Skip shell extension 'powershell' for command environment: Not usable outside of PowerShell
[0.402s] DEBUG:colcon.colcon_core.shell:Skip shell extension 'dsv' for command environment
[0.409s] INFO:colcon.colcon_ros.task.ament_cmake.build:Building ROS package in '/home/mac/dev_ws/omo_robot/src/ydlidar_ros2_driver' with build type 'ament_cmake'
[0.409s] INFO:colcon.colcon_cmake.task.cmake.build:Building CMake package in '/home/mac/dev_ws/omo_robot/src/ydlidar_ros2_driver'
[0.410s] INFO:colcon.colcon_core.shell:Skip shell extension 'powershell' for command environment: Not usable outside of PowerShell
[0.410s] DEBUG:colcon.colcon_core.shell:Skip shell extension 'dsv' for command environment
[0.416s] INFO:colcon.colcon_cmake.task.cmake.build:Building CMake package in '/home/mac/dev_ws/omo_robot/src/YDLidar-SDK'
[0.417s] INFO:colcon.colcon_core.shell:Skip shell extension 'powershell' for command environment: Not usable outside of PowerShell
[0.417s] DEBUG:colcon.colcon_core.shell:Skip shell extension 'dsv' for command environment
[0.430s] DEBUG:colcon.colcon_core.event_handler.log_command:Invoking command in '/home/mac/dev_ws/omo_robot/build/omo_r1_interfaces': CMAKE_PREFIX_PATH=${CMAKE_PREFIX_PATH}:/opt/ros/jazzy DEBUGINFOD_URLS=https://debuginfod.ubuntu.com PS1=(ros_venv) \[\e[1;34m\](ID: ${ROS_DOMAIN_ID:-0})\[\e[1;32m\]\u\[\e[0m\]:\[\e[1;34m\]\w\[\e[0m\]$ VIRTUAL_ENV_PROMPT=(ros_venv) /usr/bin/cmake --build /home/mac/dev_ws/omo_robot/build/omo_r1_interfaces -- -j16 -l16
[0.434s] DEBUG:colcon.colcon_core.event_handler.log_command:Invoking command in '/home/mac/dev_ws/omo_robot/build/omo_r1_description': CMAKE_PREFIX_PATH=${CMAKE_PREFIX_PATH}:/opt/ros/jazzy DEBUGINFOD_URLS=https://debuginfod.ubuntu.com PS1=(ros_venv) \[\e[1;34m\](ID: ${ROS_DOMAIN_ID:-0})\[\e[1;32m\]\u\[\e[0m\]:\[\e[1;34m\]\w\[\e[0m\]$ VIRTUAL_ENV_PROMPT=(ros_venv) /usr/bin/cmake --build /home/mac/dev_ws/omo_robot/build/omo_r1_description -- -j16 -l16
[0.436s] DEBUG:colcon.colcon_core.event_handler.log_command:Invoking command in '/home/mac/dev_ws/omo_robot/build/omo_r1_cartographer': CMAKE_PREFIX_PATH=${CMAKE_PREFIX_PATH}:/opt/ros/jazzy DEBUGINFOD_URLS=https://debuginfod.ubuntu.com PS1=(ros_venv) \[\e[1;34m\](ID: ${ROS_DOMAIN_ID:-0})\[\e[1;32m\]\u\[\e[0m\]:\[\e[1;34m\]\w\[\e[0m\]$ VIRTUAL_ENV_PROMPT=(ros_venv) /usr/bin/cmake --build /home/mac/dev_ws/omo_robot/build/omo_r1_cartographer -- -j16 -l16
[0.439s] DEBUG:colcon.colcon_core.event_handler.log_command:Invoking command in '/home/mac/dev_ws/omo_robot/build/omo_r1_navigation2': CMAKE_PREFIX_PATH=${CMAKE_PREFIX_PATH}:/opt/ros/jazzy DEBUGINFOD_URLS=https://debuginfod.ubuntu.com PS1=(ros_venv) \[\e[1;34m\](ID: ${ROS_DOMAIN_ID:-0})\[\e[1;32m\]\u\[\e[0m\]:\[\e[1;34m\]\w\[\e[0m\]$ VIRTUAL_ENV_PROMPT=(ros_venv) /usr/bin/cmake --build /home/mac/dev_ws/omo_robot/build/omo_r1_navigation2 -- -j16 -l16
[0.441s] DEBUG:colcon.colcon_core.event_handler.log_command:Invoking command in '/home/mac/dev_ws/omo_robot/build/omo_r1_gazebo': CMAKE_PREFIX_PATH=${CMAKE_PREFIX_PATH}:/opt/ros/jazzy DEBUGINFOD_URLS=https://debuginfod.ubuntu.com PS1=(ros_venv) \[\e[1;34m\](ID: ${ROS_DOMAIN_ID:-0})\[\e[1;32m\]\u\[\e[0m\]:\[\e[1;34m\]\w\[\e[0m\]$ VIRTUAL_ENV_PROMPT=(ros_venv) /usr/bin/cmake /home/mac/dev_ws/omo_robot/src/omo_r1-ros2/omo_r1_gazebo -DCMAKE_INSTALL_PREFIX=/home/mac/dev_ws/omo_robot/install/omo_r1_gazebo
[0.446s] DEBUG:colcon.colcon_core.event_handler.log_command:Invoking command in '/home/mac/dev_ws/omo_robot/build/ydlidar_ros2_driver': CMAKE_PREFIX_PATH=${CMAKE_PREFIX_PATH}:/opt/ros/jazzy DEBUGINFOD_URLS=https://debuginfod.ubuntu.com PS1=(ros_venv) \[\e[1;34m\](ID: ${ROS_DOMAIN_ID:-0})\[\e[1;32m\]\u\[\e[0m\]:\[\e[1;34m\]\w\[\e[0m\]$ VIRTUAL_ENV_PROMPT=(ros_venv) /usr/bin/cmake --build /home/mac/dev_ws/omo_robot/build/ydlidar_ros2_driver -- -j16 -l16
[0.453s] DEBUG:colcon.colcon_core.event_handler.log_command:Invoking command in '/home/mac/dev_ws/omo_robot/build/ydlidar_sdk': DEBUGINFOD_URLS=https://debuginfod.ubuntu.com PS1=(ros_venv) \[\e[1;34m\](ID: ${ROS_DOMAIN_ID:-0})\[\e[1;32m\]\u\[\e[0m\]:\[\e[1;34m\]\w\[\e[0m\]$ VIRTUAL_ENV_PROMPT=(ros_venv) /usr/bin/cmake --build /home/mac/dev_ws/omo_robot/build/ydlidar_sdk -- -j16 -l16
[0.509s] DEBUG:colcon.colcon_core.event_handler.log_command:Invoked command in '/home/mac/dev_ws/omo_robot/build/omo_r1_cartographer' returned '0': CMAKE_PREFIX_PATH=${CMAKE_PREFIX_PATH}:/opt/ros/jazzy DEBUGINFOD_URLS=https://debuginfod.ubuntu.com PS1=(ros_venv) \[\e[1;34m\](ID: ${ROS_DOMAIN_ID:-0})\[\e[1;32m\]\u\[\e[0m\]:\[\e[1;34m\]\w\[\e[0m\]$ VIRTUAL_ENV_PROMPT=(ros_venv) /usr/bin/cmake --build /home/mac/dev_ws/omo_robot/build/omo_r1_cartographer -- -j16 -l16
[0.526s] DEBUG:colcon.colcon_core.event_handler.log_command:Invoking command in '/home/mac/dev_ws/omo_robot/build/omo_r1_cartographer': CMAKE_PREFIX_PATH=${CMAKE_PREFIX_PATH}:/opt/ros/jazzy DEBUGINFOD_URLS=https://debuginfod.ubuntu.com PS1=(ros_venv) \[\e[1;34m\](ID: ${ROS_DOMAIN_ID:-0})\[\e[1;32m\]\u\[\e[0m\]:\[\e[1;34m\]\w\[\e[0m\]$ VIRTUAL_ENV_PROMPT=(ros_venv) /usr/bin/cmake --install /home/mac/dev_ws/omo_robot/build/omo_r1_cartographer
[0.527s] DEBUG:colcon.colcon_core.event_handler.log_command:Invoked command in '/home/mac/dev_ws/omo_robot/build/omo_r1_description' returned '0': CMAKE_PREFIX_PATH=${CMAKE_PREFIX_PATH}:/opt/ros/jazzy DEBUGINFOD_URLS=https://debuginfod.ubuntu.com PS1=(ros_venv) \[\e[1;34m\](ID: ${ROS_DOMAIN_ID:-0})\[\e[1;32m\]\u\[\e[0m\]:\[\e[1;34m\]\w\[\e[0m\]$ VIRTUAL_ENV_PROMPT=(ros_venv) /usr/bin/cmake --build /home/mac/dev_ws/omo_robot/build/omo_r1_description -- -j16 -l16
[0.529s] DEBUG:colcon.colcon_core.event_handler.log_command:Invoking command in '/home/mac/dev_ws/omo_robot/build/omo_r1_description': CMAKE_PREFIX_PATH=${CMAKE_PREFIX_PATH}:/opt/ros/jazzy DEBUGINFOD_URLS=https://debuginfod.ubuntu.com PS1=(ros_venv) \[\e[1;34m\](ID: ${ROS_DOMAIN_ID:-0})\[\e[1;32m\]\u\[\e[0m\]:\[\e[1;34m\]\w\[\e[0m\]$ VIRTUAL_ENV_PROMPT=(ros_venv) /usr/bin/cmake --install /home/mac/dev_ws/omo_robot/build/omo_r1_description
[0.531s] DEBUG:colcon.colcon_core.event_handler.log_command:Invoked command in '/home/mac/dev_ws/omo_robot/build/omo_r1_navigation2' returned '0': CMAKE_PREFIX_PATH=${CMAKE_PREFIX_PATH}:/opt/ros/jazzy DEBUGINFOD_URLS=https://debuginfod.ubuntu.com PS1=(ros_venv) \[\e[1;34m\](ID: ${ROS_DOMAIN_ID:-0})\[\e[1;32m\]\u\[\e[0m\]:\[\e[1;34m\]\w\[\e[0m\]$ VIRTUAL_ENV_PROMPT=(ros_venv) /usr/bin/cmake --build /home/mac/dev_ws/omo_robot/build/omo_r1_navigation2 -- -j16 -l16
[0.532s] DEBUG:colcon.colcon_core.event_handler.log_command:Invoking command in '/home/mac/dev_ws/omo_robot/build/omo_r1_navigation2': CMAKE_PREFIX_PATH=${CMAKE_PREFIX_PATH}:/opt/ros/jazzy DEBUGINFOD_URLS=https://debuginfod.ubuntu.com PS1=(ros_venv) \[\e[1;34m\](ID: ${ROS_DOMAIN_ID:-0})\[\e[1;32m\]\u\[\e[0m\]:\[\e[1;34m\]\w\[\e[0m\]$ VIRTUAL_ENV_PROMPT=(ros_venv) /usr/bin/cmake --install /home/mac/dev_ws/omo_robot/build/omo_r1_navigation2
[0.556s] Level 1:colcon.colcon_core.environment:create_environment_scripts_only(omo_r1_cartographer)
[0.565s] DEBUG:colcon.colcon_core.event_handler.log_command:Invoked command in '/home/mac/dev_ws/omo_robot/build/omo_r1_cartographer' returned '0': CMAKE_PREFIX_PATH=${CMAKE_PREFIX_PATH}:/opt/ros/jazzy DEBUGINFOD_URLS=https://debuginfod.ubuntu.com PS1=(ros_venv) \[\e[1;34m\](ID: ${ROS_DOMAIN_ID:-0})\[\e[1;32m\]\u\[\e[0m\]:\[\e[1;34m\]\w\[\e[0m\]$ VIRTUAL_ENV_PROMPT=(ros_venv) /usr/bin/cmake --install /home/mac/dev_ws/omo_robot/build/omo_r1_cartographer
[0.567s] Level 1:colcon.colcon_core.environment:checking '/home/mac/dev_ws/omo_robot/install/omo_r1_cartographer' for CMake module files
[0.568s] Level 1:colcon.colcon_core.environment:checking '/home/mac/dev_ws/omo_robot/install/omo_r1_cartographer' for CMake config files
[0.569s] Level 1:colcon.colcon_core.shell:create_environment_hook('omo_r1_cartographer', 'cmake_prefix_path')
[0.570s] INFO:colcon.colcon_core.shell:Creating environment hook '/home/mac/dev_ws/omo_robot/install/omo_r1_cartographer/share/omo_r1_cartographer/hook/cmake_prefix_path.ps1'
[0.572s] INFO:colcon.colcon_core.shell:Creating environment descriptor '/home/mac/dev_ws/omo_robot/install/omo_r1_cartographer/share/omo_r1_cartographer/hook/cmake_prefix_path.dsv'
[0.573s] INFO:colcon.colcon_core.shell:Creating environment hook '/home/mac/dev_ws/omo_robot/install/omo_r1_cartographer/share/omo_r1_cartographer/hook/cmake_prefix_path.sh'
[0.575s] Level 1:colcon.colcon_core.environment:checking '/home/mac/dev_ws/omo_robot/install/omo_r1_cartographer/bin'
[0.575s] Level 1:colcon.colcon_core.environment:checking '/home/mac/dev_ws/omo_robot/install/omo_r1_cartographer/lib/pkgconfig/omo_r1_cartographer.pc'
[0.576s] Level 1:colcon.colcon_core.environment:checking '/home/mac/dev_ws/omo_robot/install/omo_r1_cartographer/lib/python3.12/site-packages'
[0.576s] Level 1:colcon.colcon_core.environment:checking '/home/mac/dev_ws/omo_robot/install/omo_r1_cartographer/bin'
[0.577s] INFO:colcon.colcon_core.shell:Creating package script '/home/mac/dev_ws/omo_robot/install/omo_r1_cartographer/share/omo_r1_cartographer/package.ps1'
[0.578s] INFO:colcon.colcon_core.shell:Creating package descriptor '/home/mac/dev_ws/omo_robot/install/omo_r1_cartographer/share/omo_r1_cartographer/package.dsv'
[0.580s] INFO:colcon.colcon_core.shell:Creating package script '/home/mac/dev_ws/omo_robot/install/omo_r1_cartographer/share/omo_r1_cartographer/package.sh'
[0.585s] INFO:colcon.colcon_core.shell:Creating package script '/home/mac/dev_ws/omo_robot/install/omo_r1_cartographer/share/omo_r1_cartographer/package.bash'
[0.587s] INFO:colcon.colcon_core.shell:Creating package script '/home/mac/dev_ws/omo_robot/install/omo_r1_cartographer/share/omo_r1_cartographer/package.zsh'
[0.593s] Level 1:colcon.colcon_core.environment:create_file_with_runtime_dependencies(/home/mac/dev_ws/omo_robot/install/omo_r1_cartographer/share/colcon-core/packages/omo_r1_cartographer)
[0.602s] Level 1:colcon.colcon_core.environment:create_environment_scripts_only(omo_r1_cartographer)
[0.602s] Level 1:colcon.colcon_core.environment:checking '/home/mac/dev_ws/omo_robot/install/omo_r1_cartographer' for CMake module files
[0.603s] Level 1:colcon.colcon_core.environment:checking '/home/mac/dev_ws/omo_robot/install/omo_r1_cartographer' for CMake config files
[0.604s] Level 1:colcon.colcon_core.shell:create_environment_hook('omo_r1_cartographer', 'cmake_prefix_path')
[0.604s] INFO:colcon.colcon_core.shell:Creating environment hook '/home/mac/dev_ws/omo_robot/install/omo_r1_cartographer/share/omo_r1_cartographer/hook/cmake_prefix_path.ps1'
[0.606s] INFO:colcon.colcon_core.shell:Creating environment descriptor '/home/mac/dev_ws/omo_robot/install/omo_r1_cartographer/share/omo_r1_cartographer/hook/cmake_prefix_path.dsv'
[0.606s] INFO:colcon.colcon_core.shell:Creating environment hook '/home/mac/dev_ws/omo_robot/install/omo_r1_cartographer/share/omo_r1_cartographer/hook/cmake_prefix_path.sh'
[0.608s] Level 1:colcon.colcon_core.environment:checking '/home/mac/dev_ws/omo_robot/install/omo_r1_cartographer/bin'
[0.608s] Level 1:colcon.colcon_core.environment:checking '/home/mac/dev_ws/omo_robot/install/omo_r1_cartographer/lib/pkgconfig/omo_r1_cartographer.pc'
[0.609s] Level 1:colcon.colcon_core.environment:checking '/home/mac/dev_ws/omo_robot/install/omo_r1_cartographer/lib/python3.12/site-packages'
[0.609s] Level 1:colcon.colcon_core.environment:checking '/home/mac/dev_ws/omo_robot/install/omo_r1_cartographer/bin'
[0.610s] INFO:colcon.colcon_core.shell:Creating package script '/home/mac/dev_ws/omo_robot/install/omo_r1_cartographer/share/omo_r1_cartographer/package.ps1'
[0.611s] INFO:colcon.colcon_core.shell:Creating package descriptor '/home/mac/dev_ws/omo_robot/install/omo_r1_cartographer/share/omo_r1_cartographer/package.dsv'
[0.612s] INFO:colcon.colcon_core.shell:Creating package script '/home/mac/dev_ws/omo_robot/install/omo_r1_cartographer/share/omo_r1_cartographer/package.sh'
[0.613s] INFO:colcon.colcon_core.shell:Creating package script '/home/mac/dev_ws/omo_robot/install/omo_r1_cartographer/share/omo_r1_cartographer/package.bash'
[0.614s] INFO:colcon.colcon_core.shell:Creating package script '/home/mac/dev_ws/omo_robot/install/omo_r1_cartographer/share/omo_r1_cartographer/package.zsh'
[0.615s] Level 1:colcon.colcon_core.environment:create_file_with_runtime_dependencies(/home/mac/dev_ws/omo_robot/install/omo_r1_cartographer/share/colcon-core/packages/omo_r1_cartographer)
[0.617s] Level 1:colcon.colcon_core.environment:create_environment_scripts_only(omo_r1_description)
[0.618s] DEBUG:colcon.colcon_core.event_handler.log_command:Invoked command in '/home/mac/dev_ws/omo_robot/build/omo_r1_description' returned '0': CMAKE_PREFIX_PATH=${CMAKE_PREFIX_PATH}:/opt/ros/jazzy DEBUGINFOD_URLS=https://debuginfod.ubuntu.com PS1=(ros_venv) \[\e[1;34m\](ID: ${ROS_DOMAIN_ID:-0})\[\e[1;32m\]\u\[\e[0m\]:\[\e[1;34m\]\w\[\e[0m\]$ VIRTUAL_ENV_PROMPT=(ros_venv) /usr/bin/cmake --install /home/mac/dev_ws/omo_robot/build/omo_r1_description
[0.618s] Level 1:colcon.colcon_core.environment:checking '/home/mac/dev_ws/omo_robot/install/omo_r1_description' for CMake module files
[0.620s] Level 1:colcon.colcon_core.environment:checking '/home/mac/dev_ws/omo_robot/install/omo_r1_description' for CMake config files
[0.621s] Level 1:colcon.colcon_core.shell:create_environment_hook('omo_r1_description', 'cmake_prefix_path')
[0.621s] INFO:colcon.colcon_core.shell:Creating environment hook '/home/mac/dev_ws/omo_robot/install/omo_r1_description/share/omo_r1_description/hook/cmake_prefix_path.ps1'
[0.623s] INFO:colcon.colcon_core.shell:Creating environment descriptor '/home/mac/dev_ws/omo_robot/install/omo_r1_description/share/omo_r1_description/hook/cmake_prefix_path.dsv'
[0.624s] INFO:colcon.colcon_core.shell:Creating environment hook '/home/mac/dev_ws/omo_robot/install/omo_r1_description/share/omo_r1_description/hook/cmake_prefix_path.sh'
[0.625s] Level 1:colcon.colcon_core.environment:checking '/home/mac/dev_ws/omo_robot/install/omo_r1_description/bin'
[0.625s] Level 1:colcon.colcon_core.environment:checking '/home/mac/dev_ws/omo_robot/install/omo_r1_description/lib/pkgconfig/omo_r1_description.pc'
[0.626s] Level 1:colcon.colcon_core.environment:checking '/home/mac/dev_ws/omo_robot/install/omo_r1_description/lib/python3.12/site-packages'
[0.627s] Level 1:colcon.colcon_core.environment:checking '/home/mac/dev_ws/omo_robot/install/omo_r1_description/bin'
[0.628s] INFO:colcon.colcon_core.shell:Creating package script '/home/mac/dev_ws/omo_robot/install/omo_r1_description/share/omo_r1_description/package.ps1'
[0.629s] INFO:colcon.colcon_core.shell:Creating package descriptor '/home/mac/dev_ws/omo_robot/install/omo_r1_description/share/omo_r1_description/package.dsv'
[0.630s] INFO:colcon.colcon_core.shell:Creating package script '/home/mac/dev_ws/omo_robot/install/omo_r1_description/share/omo_r1_description/package.sh'
[0.631s] INFO:colcon.colcon_core.shell:Creating package script '/home/mac/dev_ws/omo_robot/install/omo_r1_description/share/omo_r1_description/package.bash'
[0.631s] INFO:colcon.colcon_core.shell:Creating package script '/home/mac/dev_ws/omo_robot/install/omo_r1_description/share/omo_r1_description/package.zsh'
[0.632s] Level 1:colcon.colcon_core.environment:create_file_with_runtime_dependencies(/home/mac/dev_ws/omo_robot/install/omo_r1_description/share/colcon-core/packages/omo_r1_description)
[0.634s] Level 1:colcon.colcon_core.environment:create_environment_scripts_only(omo_r1_description)
[0.634s] Level 1:colcon.colcon_core.environment:checking '/home/mac/dev_ws/omo_robot/install/omo_r1_description' for CMake module files
[0.635s] Level 1:colcon.colcon_core.environment:checking '/home/mac/dev_ws/omo_robot/install/omo_r1_description' for CMake config files
[0.636s] Level 1:colcon.colcon_core.shell:create_environment_hook('omo_r1_description', 'cmake_prefix_path')
[0.637s] INFO:colcon.colcon_core.shell:Creating environment hook '/home/mac/dev_ws/omo_robot/install/omo_r1_description/share/omo_r1_description/hook/cmake_prefix_path.ps1'
[0.638s] INFO:colcon.colcon_core.shell:Creating environment descriptor '/home/mac/dev_ws/omo_robot/install/omo_r1_description/share/omo_r1_description/hook/cmake_prefix_path.dsv'
[0.639s] INFO:colcon.colcon_core.shell:Creating environment hook '/home/mac/dev_ws/omo_robot/install/omo_r1_description/share/omo_r1_description/hook/cmake_prefix_path.sh'
[0.640s] Level 1:colcon.colcon_core.environment:checking '/home/mac/dev_ws/omo_robot/install/omo_r1_description/bin'
[0.640s] Level 1:colcon.colcon_core.environment:checking '/home/mac/dev_ws/omo_robot/install/omo_r1_description/lib/pkgconfig/omo_r1_description.pc'
[0.641s] Level 1:colcon.colcon_core.environment:checking '/home/mac/dev_ws/omo_robot/install/omo_r1_description/lib/python3.12/site-packages'
[0.642s] Level 1:colcon.colcon_core.environment:checking '/home/mac/dev_ws/omo_robot/install/omo_r1_description/bin'
[0.642s] INFO:colcon.colcon_core.shell:Creating package script '/home/mac/dev_ws/omo_robot/install/omo_r1_description/share/omo_r1_description/package.ps1'
[0.644s] INFO:colcon.colcon_core.shell:Creating package descriptor '/home/mac/dev_ws/omo_robot/install/omo_r1_description/share/omo_r1_description/package.dsv'
[0.646s] INFO:colcon.colcon_core.shell:Creating package script '/home/mac/dev_ws/omo_robot/install/omo_r1_description/share/omo_r1_description/package.sh'
[0.647s] INFO:colcon.colcon_core.shell:Creating package script '/home/mac/dev_ws/omo_robot/install/omo_r1_description/share/omo_r1_description/package.bash'
[0.648s] INFO:colcon.colcon_core.shell:Creating package script '/home/mac/dev_ws/omo_robot/install/omo_r1_description/share/omo_r1_description/package.zsh'
[0.649s] Level 1:colcon.colcon_core.environment:create_file_with_runtime_dependencies(/home/mac/dev_ws/omo_robot/install/omo_r1_description/share/colcon-core/packages/omo_r1_description)
[0.650s] Level 1:colcon.colcon_core.environment:create_environment_scripts_only(omo_r1_navigation2)
[0.652s] Level 1:colcon.colcon_core.environment:checking '/home/mac/dev_ws/omo_robot/install/omo_r1_navigation2' for CMake module files
[0.652s] DEBUG:colcon.colcon_core.event_handler.log_command:Invoked command in '/home/mac/dev_ws/omo_robot/build/omo_r1_navigation2' returned '0': CMAKE_PREFIX_PATH=${CMAKE_PREFIX_PATH}:/opt/ros/jazzy DEBUGINFOD_URLS=https://debuginfod.ubuntu.com PS1=(ros_venv) \[\e[1;34m\](ID: ${ROS_DOMAIN_ID:-0})\[\e[1;32m\]\u\[\e[0m\]:\[\e[1;34m\]\w\[\e[0m\]$ VIRTUAL_ENV_PROMPT=(ros_venv) /usr/bin/cmake --install /home/mac/dev_ws/omo_robot/build/omo_r1_navigation2
[0.654s] Level 1:colcon.colcon_core.environment:checking '/home/mac/dev_ws/omo_robot/install/omo_r1_navigation2' for CMake config files
[0.655s] Level 1:colcon.colcon_core.shell:create_environment_hook('omo_r1_navigation2', 'cmake_prefix_path')
[0.656s] INFO:colcon.colcon_core.shell:Creating environment hook '/home/mac/dev_ws/omo_robot/install/omo_r1_navigation2/share/omo_r1_navigation2/hook/cmake_prefix_path.ps1'
[0.657s] INFO:colcon.colcon_core.shell:Creating environment descriptor '/home/mac/dev_ws/omo_robot/install/omo_r1_navigation2/share/omo_r1_navigation2/hook/cmake_prefix_path.dsv'
[0.658s] INFO:colcon.colcon_core.shell:Creating environment hook '/home/mac/dev_ws/omo_robot/install/omo_r1_navigation2/share/omo_r1_navigation2/hook/cmake_prefix_path.sh'
[0.659s] Level 1:colcon.colcon_core.environment:checking '/home/mac/dev_ws/omo_robot/install/omo_r1_navigation2/bin'
[0.659s] Level 1:colcon.colcon_core.environment:checking '/home/mac/dev_ws/omo_robot/install/omo_r1_navigation2/lib/pkgconfig/omo_r1_navigation2.pc'
[0.660s] Level 1:colcon.colcon_core.environment:checking '/home/mac/dev_ws/omo_robot/install/omo_r1_navigation2/lib/python3.12/site-packages'
[0.660s] Level 1:colcon.colcon_core.environment:checking '/home/mac/dev_ws/omo_robot/install/omo_r1_navigation2/bin'
[0.661s] INFO:colcon.colcon_core.shell:Creating package script '/home/mac/dev_ws/omo_robot/install/omo_r1_navigation2/share/omo_r1_navigation2/package.ps1'
[0.662s] INFO:colcon.colcon_core.shell:Creating package descriptor '/home/mac/dev_ws/omo_robot/install/omo_r1_navigation2/share/omo_r1_navigation2/package.dsv'
[0.663s] INFO:colcon.colcon_core.shell:Creating package script '/home/mac/dev_ws/omo_robot/install/omo_r1_navigation2/share/omo_r1_navigation2/package.sh'
[0.664s] INFO:colcon.colcon_core.shell:Creating package script '/home/mac/dev_ws/omo_robot/install/omo_r1_navigation2/share/omo_r1_navigation2/package.bash'
[0.665s] INFO:colcon.colcon_core.shell:Creating package script '/home/mac/dev_ws/omo_robot/install/omo_r1_navigation2/share/omo_r1_navigation2/package.zsh'
[0.665s] Level 1:colcon.colcon_core.environment:create_file_with_runtime_dependencies(/home/mac/dev_ws/omo_robot/install/omo_r1_navigation2/share/colcon-core/packages/omo_r1_navigation2)
[0.667s] Level 1:colcon.colcon_core.environment:create_environment_scripts_only(omo_r1_navigation2)
[0.667s] Level 1:colcon.colcon_core.environment:checking '/home/mac/dev_ws/omo_robot/install/omo_r1_navigation2' for CMake module files
[0.669s] Level 1:colcon.colcon_core.environment:checking '/home/mac/dev_ws/omo_robot/install/omo_r1_navigation2' for CMake config files
[0.670s] Level 1:colcon.colcon_core.shell:create_environment_hook('omo_r1_navigation2', 'cmake_prefix_path')
[0.671s] INFO:colcon.colcon_core.shell:Creating environment hook '/home/mac/dev_ws/omo_robot/install/omo_r1_navigation2/share/omo_r1_navigation2/hook/cmake_prefix_path.ps1'
[0.672s] INFO:colcon.colcon_core.shell:Creating environment descriptor '/home/mac/dev_ws/omo_robot/install/omo_r1_navigation2/share/omo_r1_navigation2/hook/cmake_prefix_path.dsv'
[0.672s] INFO:colcon.colcon_core.shell:Creating environment hook '/home/mac/dev_ws/omo_robot/install/omo_r1_navigation2/share/omo_r1_navigation2/hook/cmake_prefix_path.sh'
[0.674s] Level 1:colcon.colcon_core.environment:checking '/home/mac/dev_ws/omo_robot/install/omo_r1_navigation2/bin'
[0.674s] Level 1:colcon.colcon_core.environment:checking '/home/mac/dev_ws/omo_robot/install/omo_r1_navigation2/lib/pkgconfig/omo_r1_navigation2.pc'
[0.674s] Level 1:colcon.colcon_core.environment:checking '/home/mac/dev_ws/omo_robot/install/omo_r1_navigation2/lib/python3.12/site-packages'
[0.675s] Level 1:colcon.colcon_core.environment:checking '/home/mac/dev_ws/omo_robot/install/omo_r1_navigation2/bin'
[0.676s] INFO:colcon.colcon_core.shell:Creating package script '/home/mac/dev_ws/omo_robot/install/omo_r1_navigation2/share/omo_r1_navigation2/package.ps1'
[0.677s] INFO:colcon.colcon_core.shell:Creating package descriptor '/home/mac/dev_ws/omo_robot/install/omo_r1_navigation2/share/omo_r1_navigation2/package.dsv'
[0.678s] INFO:colcon.colcon_core.shell:Creating package script '/home/mac/dev_ws/omo_robot/install/omo_r1_navigation2/share/omo_r1_navigation2/package.sh'
[0.679s] INFO:colcon.colcon_core.shell:Creating package script '/home/mac/dev_ws/omo_robot/install/omo_r1_navigation2/share/omo_r1_navigation2/package.bash'
[0.680s] INFO:colcon.colcon_core.shell:Creating package script '/home/mac/dev_ws/omo_robot/install/omo_r1_navigation2/share/omo_r1_navigation2/package.zsh'
[0.680s] Level 1:colcon.colcon_core.environment:create_file_with_runtime_dependencies(/home/mac/dev_ws/omo_robot/install/omo_r1_navigation2/share/colcon-core/packages/omo_r1_navigation2)
[0.758s] DEBUG:colcon.colcon_core.event_handler.log_command:Invoked command in '/home/mac/dev_ws/omo_robot/build/ydlidar_sdk' returned '0': DEBUGINFOD_URLS=https://debuginfod.ubuntu.com PS1=(ros_venv) \[\e[1;34m\](ID: ${ROS_DOMAIN_ID:-0})\[\e[1;32m\]\u\[\e[0m\]:\[\e[1;34m\]\w\[\e[0m\]$ VIRTUAL_ENV_PROMPT=(ros_venv) /usr/bin/cmake --build /home/mac/dev_ws/omo_robot/build/ydlidar_sdk -- -j16 -l16
[0.761s] DEBUG:colcon.colcon_core.event_handler.log_command:Invoking command in '/home/mac/dev_ws/omo_robot/build/ydlidar_sdk': DEBUGINFOD_URLS=https://debuginfod.ubuntu.com PS1=(ros_venv) \[\e[1;34m\](ID: ${ROS_DOMAIN_ID:-0})\[\e[1;32m\]\u\[\e[0m\]:\[\e[1;34m\]\w\[\e[0m\]$ VIRTUAL_ENV_PROMPT=(ros_venv) /usr/bin/cmake --install /home/mac/dev_ws/omo_robot/build/ydlidar_sdk
[0.801s] Level 1:colcon.colcon_core.environment:create_environment_scripts_only(ydlidar_sdk)
[0.802s] Level 1:colcon.colcon_core.environment:checking '/home/mac/dev_ws/omo_robot/install/ydlidar_sdk' for CMake module files
[0.803s] DEBUG:colcon.colcon_core.event_handler.log_command:Invoked command in '/home/mac/dev_ws/omo_robot/build/ydlidar_sdk' returned '0': DEBUGINFOD_URLS=https://debuginfod.ubuntu.com PS1=(ros_venv) \[\e[1;34m\](ID: ${ROS_DOMAIN_ID:-0})\[\e[1;32m\]\u\[\e[0m\]:\[\e[1;34m\]\w\[\e[0m\]$ VIRTUAL_ENV_PROMPT=(ros_venv) /usr/bin/cmake --install /home/mac/dev_ws/omo_robot/build/ydlidar_sdk
[0.804s] Level 1:colcon.colcon_core.environment:checking '/home/mac/dev_ws/omo_robot/install/ydlidar_sdk' for CMake config files
[0.804s] Level 1:colcon.colcon_core.shell:create_environment_hook('ydlidar_sdk', 'cmake_prefix_path')
[0.804s] INFO:colcon.colcon_core.shell:Creating environment hook '/home/mac/dev_ws/omo_robot/install/ydlidar_sdk/share/ydlidar_sdk/hook/cmake_prefix_path.ps1'
[0.805s] INFO:colcon.colcon_core.shell:Creating environment descriptor '/home/mac/dev_ws/omo_robot/install/ydlidar_sdk/share/ydlidar_sdk/hook/cmake_prefix_path.dsv'
[0.806s] INFO:colcon.colcon_core.shell:Creating environment hook '/home/mac/dev_ws/omo_robot/install/ydlidar_sdk/share/ydlidar_sdk/hook/cmake_prefix_path.sh'
[0.806s] Level 1:colcon.colcon_core.environment:checking '/home/mac/dev_ws/omo_robot/install/ydlidar_sdk/lib'
[0.807s] Level 1:colcon.colcon_core.environment:checking '/home/mac/dev_ws/omo_robot/install/ydlidar_sdk/bin'
[0.807s] Level 1:colcon.colcon_core.shell:create_environment_hook('ydlidar_sdk', 'path')
[0.807s] INFO:colcon.colcon_core.shell:Creating environment hook '/home/mac/dev_ws/omo_robot/install/ydlidar_sdk/share/ydlidar_sdk/hook/path.ps1'
[0.808s] INFO:colcon.colcon_core.shell:Creating environment descriptor '/home/mac/dev_ws/omo_robot/install/ydlidar_sdk/share/ydlidar_sdk/hook/path.dsv'
[0.808s] INFO:colcon.colcon_core.shell:Creating environment hook '/home/mac/dev_ws/omo_robot/install/ydlidar_sdk/share/ydlidar_sdk/hook/path.sh'
[0.809s] Level 1:colcon.colcon_core.environment:checking '/home/mac/dev_ws/omo_robot/install/ydlidar_sdk/lib/pkgconfig/ydlidar_sdk.pc'
[0.810s] Level 1:colcon.colcon_core.environment:checking '/home/mac/dev_ws/omo_robot/install/ydlidar_sdk/lib/python3.12/site-packages'
[0.810s] Level 1:colcon.colcon_core.environment:checking '/home/mac/dev_ws/omo_robot/install/ydlidar_sdk/bin'
[0.810s] Level 1:colcon.colcon_core.shell:create_environment_hook('ydlidar_sdk', 'pythonscriptspath')
[0.811s] INFO:colcon.colcon_core.shell:Creating environment hook '/home/mac/dev_ws/omo_robot/install/ydlidar_sdk/share/ydlidar_sdk/hook/pythonscriptspath.ps1'
[0.811s] INFO:colcon.colcon_core.shell:Creating environment descriptor '/home/mac/dev_ws/omo_robot/install/ydlidar_sdk/share/ydlidar_sdk/hook/pythonscriptspath.dsv'
[0.812s] INFO:colcon.colcon_core.shell:Creating environment hook '/home/mac/dev_ws/omo_robot/install/ydlidar_sdk/share/ydlidar_sdk/hook/pythonscriptspath.sh'
[0.812s] INFO:colcon.colcon_core.shell:Creating package script '/home/mac/dev_ws/omo_robot/install/ydlidar_sdk/share/ydlidar_sdk/package.ps1'
[0.813s] INFO:colcon.colcon_core.shell:Creating package descriptor '/home/mac/dev_ws/omo_robot/install/ydlidar_sdk/share/ydlidar_sdk/package.dsv'
[0.814s] INFO:colcon.colcon_core.shell:Creating package script '/home/mac/dev_ws/omo_robot/install/ydlidar_sdk/share/ydlidar_sdk/package.sh'
[0.814s] INFO:colcon.colcon_core.shell:Creating package script '/home/mac/dev_ws/omo_robot/install/ydlidar_sdk/share/ydlidar_sdk/package.bash'
[0.815s] INFO:colcon.colcon_core.shell:Creating package script '/home/mac/dev_ws/omo_robot/install/ydlidar_sdk/share/ydlidar_sdk/package.zsh'
[0.815s] Level 1:colcon.colcon_core.environment:create_file_with_runtime_dependencies(/home/mac/dev_ws/omo_robot/install/ydlidar_sdk/share/colcon-core/packages/ydlidar_sdk)
[0.940s] DEBUG:colcon.colcon_core.event_handler.log_command:Invoked command in '/home/mac/dev_ws/omo_robot/build/omo_r1_gazebo' returned '1': CMAKE_PREFIX_PATH=${CMAKE_PREFIX_PATH}:/opt/ros/jazzy DEBUGINFOD_URLS=https://debuginfod.ubuntu.com PS1=(ros_venv) \[\e[1;34m\](ID: ${ROS_DOMAIN_ID:-0})\[\e[1;32m\]\u\[\e[0m\]:\[\e[1;34m\]\w\[\e[0m\]$ VIRTUAL_ENV_PROMPT=(ros_venv) /usr/bin/cmake /home/mac/dev_ws/omo_robot/src/omo_r1-ros2/omo_r1_gazebo -DCMAKE_INSTALL_PREFIX=/home/mac/dev_ws/omo_robot/install/omo_r1_gazebo
[0.969s] Level 1:colcon.colcon_core.environment:create_environment_scripts_only(omo_r1_gazebo)
[0.969s] Level 1:colcon.colcon_core.environment:checking '/home/mac/dev_ws/omo_robot/install/omo_r1_gazebo' for CMake module files
[0.970s] Level 1:colcon.colcon_core.environment:checking '/home/mac/dev_ws/omo_robot/install/omo_r1_gazebo' for CMake config files
[0.971s] Level 1:colcon.colcon_core.environment:checking '/home/mac/dev_ws/omo_robot/install/omo_r1_gazebo/bin'
[0.971s] Level 1:colcon.colcon_core.environment:checking '/home/mac/dev_ws/omo_robot/install/omo_r1_gazebo/lib/pkgconfig/omo_r1_gazebo.pc'
[0.972s] Level 1:colcon.colcon_core.environment:checking '/home/mac/dev_ws/omo_robot/install/omo_r1_gazebo/lib/python3.12/site-packages'
[0.972s] Level 1:colcon.colcon_core.environment:checking '/home/mac/dev_ws/omo_robot/install/omo_r1_gazebo/bin'
[0.972s] INFO:colcon.colcon_core.shell:Creating package script '/home/mac/dev_ws/omo_robot/install/omo_r1_gazebo/share/omo_r1_gazebo/package.ps1'
[0.973s] INFO:colcon.colcon_core.shell:Creating package descriptor '/home/mac/dev_ws/omo_robot/install/omo_r1_gazebo/share/omo_r1_gazebo/package.dsv'
[0.974s] INFO:colcon.colcon_core.shell:Creating package script '/home/mac/dev_ws/omo_robot/install/omo_r1_gazebo/share/omo_r1_gazebo/package.sh'
[0.974s] INFO:colcon.colcon_core.shell:Creating package script '/home/mac/dev_ws/omo_robot/install/omo_r1_gazebo/share/omo_r1_gazebo/package.bash'
[0.975s] INFO:colcon.colcon_core.shell:Creating package script '/home/mac/dev_ws/omo_robot/install/omo_r1_gazebo/share/omo_r1_gazebo/package.zsh'
[0.975s] Level 1:colcon.colcon_core.environment:create_file_with_runtime_dependencies(/home/mac/dev_ws/omo_robot/install/omo_r1_gazebo/share/colcon-core/packages/omo_r1_gazebo)
[5.050s] DEBUG:colcon.colcon_parallel_executor.executor.parallel:closing loop
[5.051s] DEBUG:colcon.colcon_parallel_executor.executor.parallel:loop closed
[5.051s] DEBUG:colcon.colcon_parallel_executor.executor.parallel:run_until_complete finished with '1'
[5.051s] DEBUG:colcon.colcon_core.event_reactor:joining thread
[5.056s] INFO:colcon.colcon_core.plugin_system:Skipping extension 'colcon_notification.desktop_notification.terminal_notifier': Not used on non-Darwin systems
[5.056s] INFO:colcon.colcon_core.plugin_system:Skipping extension 'colcon_notification.desktop_notification.win32': Not used on non-Windows systems
[5.056s] INFO:colcon.colcon_notification.desktop_notification:Sending desktop notification using 'notify2'
[5.068s] DEBUG:colcon.colcon_core.event_reactor:joined thread
[5.068s] INFO:colcon.colcon_core.shell:Creating prefix script '/home/mac/dev_ws/omo_robot/install/local_setup.ps1'
[5.069s] INFO:colcon.colcon_core.shell:Creating prefix util module '/home/mac/dev_ws/omo_robot/install/_local_setup_util_ps1.py'
[5.069s] INFO:colcon.colcon_core.shell:Creating prefix chain script '/home/mac/dev_ws/omo_robot/install/setup.ps1'
[5.070s] INFO:colcon.colcon_core.shell:Creating prefix script '/home/mac/dev_ws/omo_robot/install/local_setup.sh'
[5.070s] INFO:colcon.colcon_core.shell:Creating prefix util module '/home/mac/dev_ws/omo_robot/install/_local_setup_util_sh.py'
[5.071s] INFO:colcon.colcon_core.shell:Creating prefix chain script '/home/mac/dev_ws/omo_robot/install/setup.sh'
[5.072s] INFO:colcon.colcon_core.shell:Creating prefix script '/home/mac/dev_ws/omo_robot/install/local_setup.bash'
[5.072s] INFO:colcon.colcon_core.shell:Creating prefix chain script '/home/mac/dev_ws/omo_robot/install/setup.bash'
[5.073s] INFO:colcon.colcon_core.shell:Creating prefix script '/home/mac/dev_ws/omo_robot/install/local_setup.zsh'
[5.073s] INFO:colcon.colcon_core.shell:Creating prefix chain script '/home/mac/dev_ws/omo_robot/install/setup.zsh'
