/home/mac/dev_ws/omo_robot/install/omo_r1_teleop/lib/python3.12/site-packages/omo_r1_teleop/__init__.py
/home/mac/dev_ws/omo_robot/install/omo_r1_teleop/lib/python3.12/site-packages/omo_r1_teleop/script/__init__.py
/home/mac/dev_ws/omo_robot/install/omo_r1_teleop/lib/python3.12/site-packages/omo_r1_teleop/script/teleop_keyboard.py
/home/mac/dev_ws/omo_robot/install/omo_r1_teleop/lib/python3.12/site-packages/omo_r1_teleop/script/teleop_joy.py
/home/mac/dev_ws/omo_robot/install/omo_r1_teleop/lib/python3.12/site-packages/omo_r1_teleop/__pycache__/__init__.cpython-312.pyc
/home/mac/dev_ws/omo_robot/install/omo_r1_teleop/lib/python3.12/site-packages/omo_r1_teleop/script/__pycache__/__init__.cpython-312.pyc
/home/mac/dev_ws/omo_robot/install/omo_r1_teleop/lib/python3.12/site-packages/omo_r1_teleop/script/__pycache__/teleop_keyboard.cpython-312.pyc
/home/mac/dev_ws/omo_robot/install/omo_r1_teleop/lib/python3.12/site-packages/omo_r1_teleop/script/__pycache__/teleop_joy.cpython-312.pyc
/home/mac/dev_ws/omo_robot/install/omo_r1_teleop/share/ament_index/resource_index/packages/omo_r1_teleop
/home/mac/dev_ws/omo_robot/install/omo_r1_teleop/share/omo_r1_teleop/package.xml
/home/mac/dev_ws/omo_robot/install/omo_r1_teleop/share/omo_r1_teleop/launch/teleop_joy.launch.py
/home/mac/dev_ws/omo_robot/install/omo_r1_teleop/share/omo_r1_teleop/param/teleop_joy.param.yaml
/home/mac/dev_ws/omo_robot/install/omo_r1_teleop/lib/python3.12/site-packages/omo_r1_teleop-2.1.2-py3.12.egg-info/entry_points.txt
/home/mac/dev_ws/omo_robot/install/omo_r1_teleop/lib/python3.12/site-packages/omo_r1_teleop-2.1.2-py3.12.egg-info/top_level.txt
/home/mac/dev_ws/omo_robot/install/omo_r1_teleop/lib/python3.12/site-packages/omo_r1_teleop-2.1.2-py3.12.egg-info/dependency_links.txt
/home/mac/dev_ws/omo_robot/install/omo_r1_teleop/lib/python3.12/site-packages/omo_r1_teleop-2.1.2-py3.12.egg-info/zip-safe
/home/mac/dev_ws/omo_robot/install/omo_r1_teleop/lib/python3.12/site-packages/omo_r1_teleop-2.1.2-py3.12.egg-info/SOURCES.txt
/home/mac/dev_ws/omo_robot/install/omo_r1_teleop/lib/python3.12/site-packages/omo_r1_teleop-2.1.2-py3.12.egg-info/requires.txt
/home/mac/dev_ws/omo_robot/install/omo_r1_teleop/lib/python3.12/site-packages/omo_r1_teleop-2.1.2-py3.12.egg-info/PKG-INFO
/home/mac/dev_ws/omo_robot/install/omo_r1_teleop/lib/omo_r1_teleop/teleop_joy
/home/mac/dev_ws/omo_robot/install/omo_r1_teleop/lib/omo_r1_teleop/teleop_keyboard
