[0.029s] Invoking command in '/home/mac/dev_ws/omo_robot/build/ydlidar_ros2_driver': CMAKE_PREFIX_PATH=${CMAKE_PREFIX_PATH}:/opt/ros/jazzy DEBUGINFOD_URLS=https://debuginfod.ubuntu.com PS1=(ros_venv) \[\e[1;34m\](ID: ${ROS_DOMAIN_ID:-0})\[\e[1;32m\]\u\[\e[0m\]:\[\e[1;34m\]\w\[\e[0m\]$ VIRTUAL_ENV_PROMPT=(ros_venv) /usr/bin/cmake --build /home/mac/dev_ws/omo_robot/build/ydlidar_ros2_driver -- -j16 -l16
[0.126s] [ 50%] [32mBuilding CXX object CMakeFiles/ydlidar_ros2_driver_client.dir/src/ydlidar_ros2_driver_client.cpp.o[0m
[0.126s] [ 50%] [32mBuilding CXX object CMakeFiles/ydlidar_ros2_driver_node.dir/src/ydlidar_ros2_driver_node.cpp.o[0m
[4.925s] [01m[K/home/mac/dev_ws/omo_robot/src/ydlidar_ros2_driver/src/ydlidar_ros2_driver_node.cpp:[m[K In function ‘[01m[Kint[01;32m[K main[m[K(int, char**)[m[K’:
[4.925s] [01m[K/home/mac/dev_ws/omo_robot/src/ydlidar_ros2_driver/src/ydlidar_ros2_driver_node.cpp:44:26:[m[K [01;31m[Kerror: [m[Kno matching function for call to ‘[01m[Krclcpp::Node::declare_parameter(const char [5])[m[K’
[4.926s]    44 |   [01;31m[Knode->declare_parameter("port")[m[K;
[4.926s]       |   [01;31m[K~~~~~~~~~~~~~~~~~~~~~~~^~~~~~~~[m[K
[4.929s] In file included from [01m[K/opt/ros/jazzy/include/rclcpp/rclcpp/executors/single_threaded_executor.hpp:28[m[K,
[4.930s]                  from [01m[K/opt/ros/jazzy/include/rclcpp/rclcpp/executors.hpp:22[m[K,
[4.931s]                  from [01m[K/opt/ros/jazzy/include/rclcpp/rclcpp/rclcpp.hpp:172[m[K,
[4.932s]                  from [01m[K/home/mac/dev_ws/omo_robot/src/ydlidar_ros2_driver/src/ydlidar_ros2_driver_node.cpp:23[m[K:
[4.932s] [01m[K/opt/ros/jazzy/include/rclcpp/rclcpp/node.hpp:500:3:[m[K [01;36m[Knote: [m[Kcandidate: ‘[01m[Ktemplate<class ParameterT> auto rclcpp::Node::[01;32m[Kdeclare_parameter[m[K(const std::string&, const ParameterT&, const rcl_interfaces::msg::ParameterDescriptor&, bool)[m[K’
[4.932s]   500 |   [01;36m[Kdeclare_parameter[m[K(
[4.932s]       |   [01;36m[K^~~~~~~~~~~~~~~~~[m[K
[4.933s] [01m[K/opt/ros/jazzy/include/rclcpp/rclcpp/node.hpp:500:3:[m[K [01;36m[Knote: [m[K  template argument deduction/substitution failed:
[4.933s] [01m[K/home/mac/dev_ws/omo_robot/src/ydlidar_ros2_driver/src/ydlidar_ros2_driver_node.cpp:44:26:[m[K [01;36m[Knote: [m[K  candidate expects 4 arguments, 1 provided
[4.933s]    44 |   [01;36m[Knode->declare_parameter("port")[m[K;
[4.934s]       |   [01;36m[K~~~~~~~~~~~~~~~~~~~~~~~^~~~~~~~[m[K
[4.934s] [01m[K/opt/ros/jazzy/include/rclcpp/rclcpp/node.hpp:513:3:[m[K [01;36m[Knote: [m[Kcandidate: ‘[01m[Ktemplate<class ParameterT> auto rclcpp::Node::[01;32m[Kdeclare_parameter[m[K(const std::string&, const rcl_interfaces::msg::ParameterDescriptor&, bool)[m[K’
[4.934s]   513 |   [01;36m[Kdeclare_parameter[m[K(
[4.935s]       |   [01;36m[K^~~~~~~~~~~~~~~~~[m[K
[4.935s] [01m[K/opt/ros/jazzy/include/rclcpp/rclcpp/node.hpp:513:3:[m[K [01;36m[Knote: [m[K  template argument deduction/substitution failed:
[4.935s] [01m[K/home/mac/dev_ws/omo_robot/src/ydlidar_ros2_driver/src/ydlidar_ros2_driver_node.cpp:44:26:[m[K [01;36m[Knote: [m[K  couldn’t deduce template parameter ‘[01m[KParameterT[m[K’
[4.935s]    44 |   [01;36m[Knode->declare_parameter("port")[m[K;
[4.936s]       |   [01;36m[K~~~~~~~~~~~~~~~~~~~~~~~^~~~~~~~[m[K
[4.936s] [01m[K/opt/ros/jazzy/include/rclcpp/rclcpp/node.hpp:445:3:[m[K [01;36m[Knote: [m[Kcandidate: ‘[01m[Kconst rclcpp::ParameterValue& rclcpp::Node::[01;32m[Kdeclare_parameter[m[K(const std::string&, const rclcpp::ParameterValue&, const rcl_interfaces::msg::ParameterDescriptor&, bool)[m[K’
[4.937s]   445 |   [01;36m[Kdeclare_parameter[m[K(
[4.937s]       |   [01;36m[K^~~~~~~~~~~~~~~~~[m[K
[4.937s] [01m[K/opt/ros/jazzy/include/rclcpp/rclcpp/node.hpp:445:3:[m[K [01;36m[Knote: [m[K  candidate expects 4 arguments, 1 provided
[4.938s] [01m[K/opt/ros/jazzy/include/rclcpp/rclcpp/node.hpp:470:3:[m[K [01;36m[Knote: [m[Kcandidate: ‘[01m[Kconst rclcpp::ParameterValue& rclcpp::Node::[01;32m[Kdeclare_parameter[m[K(const std::string&, rclcpp::ParameterType, const rcl_interfaces::msg::ParameterDescriptor&, bool)[m[K’
[4.938s]   470 |   [01;36m[Kdeclare_parameter[m[K(
[4.938s]       |   [01;36m[K^~~~~~~~~~~~~~~~~[m[K
[4.938s] [01m[K/opt/ros/jazzy/include/rclcpp/rclcpp/node.hpp:470:3:[m[K [01;36m[Knote: [m[K  candidate expects 4 arguments, 1 provided
[4.939s] [01m[K/home/mac/dev_ws/omo_robot/src/ydlidar_ros2_driver/src/ydlidar_ros2_driver_node.cpp:51:26:[m[K [01;31m[Kerror: [m[Kno matching function for call to ‘[01m[Krclcpp::Node::declare_parameter(const char [13])[m[K’
[4.939s]    51 |   [01;31m[Knode->declare_parameter("ignore_array")[m[K;
[4.944s]       |   [01;31m[K~~~~~~~~~~~~~~~~~~~~~~~^~~~~~~~~~~~~~~~[m[K
[4.945s] [01m[K/opt/ros/jazzy/include/rclcpp/rclcpp/node.hpp:500:3:[m[K [01;36m[Knote: [m[Kcandidate: ‘[01m[Ktemplate<class ParameterT> auto rclcpp::Node::[01;32m[Kdeclare_parameter[m[K(const std::string&, const ParameterT&, const rcl_interfaces::msg::ParameterDescriptor&, bool)[m[K’
[4.945s]   500 |   [01;36m[Kdeclare_parameter[m[K(
[4.946s]       |   [01;36m[K^~~~~~~~~~~~~~~~~[m[K
[4.946s] [01m[K/opt/ros/jazzy/include/rclcpp/rclcpp/node.hpp:500:3:[m[K [01;36m[Knote: [m[K  template argument deduction/substitution failed:
[4.946s] [01m[K/home/mac/dev_ws/omo_robot/src/ydlidar_ros2_driver/src/ydlidar_ros2_driver_node.cpp:51:26:[m[K [01;36m[Knote: [m[K  candidate expects 4 arguments, 1 provided
[4.947s]    51 |   [01;36m[Knode->declare_parameter("ignore_array")[m[K;
[4.947s]       |   [01;36m[K~~~~~~~~~~~~~~~~~~~~~~~^~~~~~~~~~~~~~~~[m[K
[4.947s] [01m[K/opt/ros/jazzy/include/rclcpp/rclcpp/node.hpp:513:3:[m[K [01;36m[Knote: [m[Kcandidate: ‘[01m[Ktemplate<class ParameterT> auto rclcpp::Node::[01;32m[Kdeclare_parameter[m[K(const std::string&, const rcl_interfaces::msg::ParameterDescriptor&, bool)[m[K’
[4.948s]   513 |   [01;36m[Kdeclare_parameter[m[K(
[4.948s]       |   [01;36m[K^~~~~~~~~~~~~~~~~[m[K
[4.950s] [01m[K/opt/ros/jazzy/include/rclcpp/rclcpp/node.hpp:513:3:[m[K [01;36m[Knote: [m[K  template argument deduction/substitution failed:
[4.953s] [01m[K/home/mac/dev_ws/omo_robot/src/ydlidar_ros2_driver/src/ydlidar_ros2_driver_node.cpp:51:26:[m[K [01;36m[Knote: [m[K  couldn’t deduce template parameter ‘[01m[KParameterT[m[K’
[4.956s]    51 |   [01;36m[Knode->declare_parameter("ignore_array")[m[K;
[4.958s]       |   [01;36m[K~~~~~~~~~~~~~~~~~~~~~~~^~~~~~~~~~~~~~~~[m[K
[4.958s] [01m[K/opt/ros/jazzy/include/rclcpp/rclcpp/node.hpp:445:3:[m[K [01;36m[Knote: [m[Kcandidate: ‘[01m[Kconst rclcpp::ParameterValue& rclcpp::Node::[01;32m[Kdeclare_parameter[m[K(const std::string&, const rclcpp::ParameterValue&, const rcl_interfaces::msg::ParameterDescriptor&, bool)[m[K’
[4.958s]   445 |   [01;36m[Kdeclare_parameter[m[K(
[4.959s]       |   [01;36m[K^~~~~~~~~~~~~~~~~[m[K
[4.959s] [01m[K/opt/ros/jazzy/include/rclcpp/rclcpp/node.hpp:445:3:[m[K [01;36m[Knote: [m[K  candidate expects 4 arguments, 1 provided
[4.960s] [01m[K/opt/ros/jazzy/include/rclcpp/rclcpp/node.hpp:470:3:[m[K [01;36m[Knote: [m[Kcandidate: ‘[01m[Kconst rclcpp::ParameterValue& rclcpp::Node::[01;32m[Kdeclare_parameter[m[K(const std::string&, rclcpp::ParameterType, const rcl_interfaces::msg::ParameterDescriptor&, bool)[m[K’
[4.960s]   470 |   [01;36m[Kdeclare_parameter[m[K(
[4.960s]       |   [01;36m[K^~~~~~~~~~~~~~~~~[m[K
[4.961s] [01m[K/opt/ros/jazzy/include/rclcpp/rclcpp/node.hpp:470:3:[m[K [01;36m[Knote: [m[K  candidate expects 4 arguments, 1 provided
[4.961s] [01m[K/home/mac/dev_ws/omo_robot/src/ydlidar_ros2_driver/src/ydlidar_ros2_driver_node.cpp:56:26:[m[K [01;31m[Kerror: [m[Kno matching function for call to ‘[01m[Krclcpp::Node::declare_parameter(const char [9])[m[K’
[4.961s]    56 |   [01;31m[Knode->declare_parameter("frame_id")[m[K;
[4.962s]       |   [01;31m[K~~~~~~~~~~~~~~~~~~~~~~~^~~~~~~~~~~~[m[K
[4.962s] [01m[K/opt/ros/jazzy/include/rclcpp/rclcpp/node.hpp:500:3:[m[K [01;36m[Knote: [m[Kcandidate: ‘[01m[Ktemplate<class ParameterT> auto rclcpp::Node::[01;32m[Kdeclare_parameter[m[K(const std::string&, const ParameterT&, const rcl_interfaces::msg::ParameterDescriptor&, bool)[m[K’
[4.962s]   500 |   [01;36m[Kdeclare_parameter[m[K(
[4.962s]       |   [01;36m[K^~~~~~~~~~~~~~~~~[m[K
[4.963s] [01m[K/opt/ros/jazzy/include/rclcpp/rclcpp/node.hpp:500:3:[m[K [01;36m[Knote: [m[K  template argument deduction/substitution failed:
[4.964s] [01m[K/home/mac/dev_ws/omo_robot/src/ydlidar_ros2_driver/src/ydlidar_ros2_driver_node.cpp:56:26:[m[K [01;36m[Knote: [m[K  candidate expects 4 arguments, 1 provided
[4.964s]    56 |   [01;36m[Knode->declare_parameter("frame_id")[m[K;
[4.964s]       |   [01;36m[K~~~~~~~~~~~~~~~~~~~~~~~^~~~~~~~~~~~[m[K
[4.965s] [01m[K/opt/ros/jazzy/include/rclcpp/rclcpp/node.hpp:513:3:[m[K [01;36m[Knote: [m[Kcandidate: ‘[01m[Ktemplate<class ParameterT> auto rclcpp::Node::[01;32m[Kdeclare_parameter[m[K(const std::string&, const rcl_interfaces::msg::ParameterDescriptor&, bool)[m[K’
[4.965s]   513 |   [01;36m[Kdeclare_parameter[m[K(
[4.965s]       |   [01;36m[K^~~~~~~~~~~~~~~~~[m[K
[4.966s] [01m[K/opt/ros/jazzy/include/rclcpp/rclcpp/node.hpp:513:3:[m[K [01;36m[Knote: [m[K  template argument deduction/substitution failed:
[4.966s] [01m[K/home/mac/dev_ws/omo_robot/src/ydlidar_ros2_driver/src/ydlidar_ros2_driver_node.cpp:56:26:[m[K [01;36m[Knote: [m[K  couldn’t deduce template parameter ‘[01m[KParameterT[m[K’
[4.966s]    56 |   [01;36m[Knode->declare_parameter("frame_id")[m[K;
[4.966s]       |   [01;36m[K~~~~~~~~~~~~~~~~~~~~~~~^~~~~~~~~~~~[m[K
[4.967s] [01m[K/opt/ros/jazzy/include/rclcpp/rclcpp/node.hpp:445:3:[m[K [01;36m[Knote: [m[Kcandidate: ‘[01m[Kconst rclcpp::ParameterValue& rclcpp::Node::[01;32m[Kdeclare_parameter[m[K(const std::string&, const rclcpp::ParameterValue&, const rcl_interfaces::msg::ParameterDescriptor&, bool)[m[K’
[4.967s]   445 |   [01;36m[Kdeclare_parameter[m[K(
[4.967s]       |   [01;36m[K^~~~~~~~~~~~~~~~~[m[K
[4.968s] [01m[K/opt/ros/jazzy/include/rclcpp/rclcpp/node.hpp:445:3:[m[K [01;36m[Knote: [m[K  candidate expects 4 arguments, 1 provided
[4.968s] [01m[K/opt/ros/jazzy/include/rclcpp/rclcpp/node.hpp:470:3:[m[K [01;36m[Knote: [m[Kcandidate: ‘[01m[Kconst rclcpp::ParameterValue& rclcpp::Node::[01;32m[Kdeclare_parameter[m[K(const std::string&, rclcpp::ParameterType, const rcl_interfaces::msg::ParameterDescriptor&, bool)[m[K’
[4.968s]   470 |   [01;36m[Kdeclare_parameter[m[K(
[4.969s]       |   [01;36m[K^~~~~~~~~~~~~~~~~[m[K
[4.969s] [01m[K/opt/ros/jazzy/include/rclcpp/rclcpp/node.hpp:470:3:[m[K [01;36m[Knote: [m[K  candidate expects 4 arguments, 1 provided
[4.969s] [01m[K/home/mac/dev_ws/omo_robot/src/ydlidar_ros2_driver/src/ydlidar_ros2_driver_node.cpp:62:26:[m[K [01;31m[Kerror: [m[Kno matching function for call to ‘[01m[Krclcpp::Node::declare_parameter(const char [9])[m[K’
[4.970s]    62 |   [01;31m[Knode->declare_parameter("baudrate")[m[K;
[4.970s]       |   [01;31m[K~~~~~~~~~~~~~~~~~~~~~~~^~~~~~~~~~~~[m[K
[4.970s] [01m[K/opt/ros/jazzy/include/rclcpp/rclcpp/node.hpp:500:3:[m[K [01;36m[Knote: [m[Kcandidate: ‘[01m[Ktemplate<class ParameterT> auto rclcpp::Node::[01;32m[Kdeclare_parameter[m[K(const std::string&, const ParameterT&, const rcl_interfaces::msg::ParameterDescriptor&, bool)[m[K’
[4.971s]   500 |   [01;36m[Kdeclare_parameter[m[K(
[4.971s]       |   [01;36m[K^~~~~~~~~~~~~~~~~[m[K
[4.971s] [01m[K/opt/ros/jazzy/include/rclcpp/rclcpp/node.hpp:500:3:[m[K [01;36m[Knote: [m[K  template argument deduction/substitution failed:
[4.971s] [01m[K/home/mac/dev_ws/omo_robot/src/ydlidar_ros2_driver/src/ydlidar_ros2_driver_node.cpp:62:26:[m[K [01;36m[Knote: [m[K  candidate expects 4 arguments, 1 provided
[4.972s]    62 |   [01;36m[Knode->declare_parameter("baudrate")[m[K;
[4.972s]       |   [01;36m[K~~~~~~~~~~~~~~~~~~~~~~~^~~~~~~~~~~~[m[K
[4.972s] [01m[K/opt/ros/jazzy/include/rclcpp/rclcpp/node.hpp:513:3:[m[K [01;36m[Knote: [m[Kcandidate: ‘[01m[Ktemplate<class ParameterT> auto rclcpp::Node::[01;32m[Kdeclare_parameter[m[K(const std::string&, const rcl_interfaces::msg::ParameterDescriptor&, bool)[m[K’
[4.972s]   513 |   [01;36m[Kdeclare_parameter[m[K(
[4.973s]       |   [01;36m[K^~~~~~~~~~~~~~~~~[m[K
[4.973s] [01m[K/opt/ros/jazzy/include/rclcpp/rclcpp/node.hpp:513:3:[m[K [01;36m[Knote: [m[K  template argument deduction/substitution failed:
[4.973s] [01m[K/home/mac/dev_ws/omo_robot/src/ydlidar_ros2_driver/src/ydlidar_ros2_driver_node.cpp:62:26:[m[K [01;36m[Knote: [m[K  couldn’t deduce template parameter ‘[01m[KParameterT[m[K’
[4.974s]    62 |   [01;36m[Knode->declare_parameter("baudrate")[m[K;
[4.974s]       |   [01;36m[K~~~~~~~~~~~~~~~~~~~~~~~^~~~~~~~~~~~[m[K
[4.974s] [01m[K/opt/ros/jazzy/include/rclcpp/rclcpp/node.hpp:445:3:[m[K [01;36m[Knote: [m[Kcandidate: ‘[01m[Kconst rclcpp::ParameterValue& rclcpp::Node::[01;32m[Kdeclare_parameter[m[K(const std::string&, const rclcpp::ParameterValue&, const rcl_interfaces::msg::ParameterDescriptor&, bool)[m[K’
[4.974s]   445 |   [01;36m[Kdeclare_parameter[m[K(
[4.975s]       |   [01;36m[K^~~~~~~~~~~~~~~~~[m[K
[4.975s] [01m[K/opt/ros/jazzy/include/rclcpp/rclcpp/node.hpp:445:3:[m[K [01;36m[Knote: [m[K  candidate expects 4 arguments, 1 provided
[4.975s] [01m[K/opt/ros/jazzy/include/rclcpp/rclcpp/node.hpp:470:3:[m[K [01;36m[Knote: [m[Kcandidate: ‘[01m[Kconst rclcpp::ParameterValue& rclcpp::Node::[01;32m[Kdeclare_parameter[m[K(const std::string&, rclcpp::ParameterType, const rcl_interfaces::msg::ParameterDescriptor&, bool)[m[K’
[4.976s]   470 |   [01;36m[Kdeclare_parameter[m[K(
[4.976s]       |   [01;36m[K^~~~~~~~~~~~~~~~~[m[K
[4.976s] [01m[K/opt/ros/jazzy/include/rclcpp/rclcpp/node.hpp:470:3:[m[K [01;36m[Knote: [m[K  candidate expects 4 arguments, 1 provided
[4.976s] [01m[K/home/mac/dev_ws/omo_robot/src/ydlidar_ros2_driver/src/ydlidar_ros2_driver_node.cpp:67:26:[m[K [01;31m[Kerror: [m[Kno matching function for call to ‘[01m[Krclcpp::Node::declare_parameter(const char [11])[m[K’
[4.977s]    67 |   [01;31m[Knode->declare_parameter("lidar_type")[m[K;
[4.977s]       |   [01;31m[K~~~~~~~~~~~~~~~~~~~~~~~^~~~~~~~~~~~~~[m[K
[4.977s] [01m[K/opt/ros/jazzy/include/rclcpp/rclcpp/node.hpp:500:3:[m[K [01;36m[Knote: [m[Kcandidate: ‘[01m[Ktemplate<class ParameterT> auto rclcpp::Node::[01;32m[Kdeclare_parameter[m[K(const std::string&, const ParameterT&, const rcl_interfaces::msg::ParameterDescriptor&, bool)[m[K’
[4.978s]   500 |   [01;36m[Kdeclare_parameter[m[K(
[4.978s]       |   [01;36m[K^~~~~~~~~~~~~~~~~[m[K
[4.978s] [01m[K/opt/ros/jazzy/include/rclcpp/rclcpp/node.hpp:500:3:[m[K [01;36m[Knote: [m[K  template argument deduction/substitution failed:
[4.979s] [01m[K/home/mac/dev_ws/omo_robot/src/ydlidar_ros2_driver/src/ydlidar_ros2_driver_node.cpp:67:26:[m[K [01;36m[Knote: [m[K  candidate expects 4 arguments, 1 provided
[4.979s]    67 |   [01;36m[Knode->declare_parameter("lidar_type")[m[K;
[4.979s]       |   [01;36m[K~~~~~~~~~~~~~~~~~~~~~~~^~~~~~~~~~~~~~[m[K
[4.980s] [01m[K/opt/ros/jazzy/include/rclcpp/rclcpp/node.hpp:513:3:[m[K [01;36m[Knote: [m[Kcandidate: ‘[01m[Ktemplate<class ParameterT> auto rclcpp::Node::[01;32m[Kdeclare_parameter[m[K(const std::string&, const rcl_interfaces::msg::ParameterDescriptor&, bool)[m[K’
[4.980s]   513 |   [01;36m[Kdeclare_parameter[m[K(
[4.981s]       |   [01;36m[K^~~~~~~~~~~~~~~~~[m[K
[4.981s] [01m[K/opt/ros/jazzy/include/rclcpp/rclcpp/node.hpp:513:3:[m[K [01;36m[Knote: [m[K  template argument deduction/substitution failed:
[4.981s] [01m[K/home/mac/dev_ws/omo_robot/src/ydlidar_ros2_driver/src/ydlidar_ros2_driver_node.cpp:67:26:[m[K [01;36m[Knote: [m[K  couldn’t deduce template parameter ‘[01m[KParameterT[m[K’
[4.982s]    67 |   [01;36m[Knode->declare_parameter("lidar_type")[m[K;
[4.982s]       |   [01;36m[K~~~~~~~~~~~~~~~~~~~~~~~^~~~~~~~~~~~~~[m[K
[4.987s] [01m[K/opt/ros/jazzy/include/rclcpp/rclcpp/node.hpp:445:3:[m[K [01;36m[Knote: [m[Kcandidate: ‘[01m[Kconst rclcpp::ParameterValue& rclcpp::Node::[01;32m[Kdeclare_parameter[m[K(const std::string&, const rclcpp::ParameterValue&, const rcl_interfaces::msg::ParameterDescriptor&, bool)[m[K’
[4.987s]   445 |   [01;36m[Kdeclare_parameter[m[K(
[4.988s]       |   [01;36m[K^~~~~~~~~~~~~~~~~[m[K
[4.988s] [01m[K/opt/ros/jazzy/include/rclcpp/rclcpp/node.hpp:445:3:[m[K [01;36m[Knote: [m[K  candidate expects 4 arguments, 1 provided
[4.988s] [01m[K/opt/ros/jazzy/include/rclcpp/rclcpp/node.hpp:470:3:[m[K [01;36m[Knote: [m[Kcandidate: ‘[01m[Kconst rclcpp::ParameterValue& rclcpp::Node::[01;32m[Kdeclare_parameter[m[K(const std::string&, rclcpp::ParameterType, const rcl_interfaces::msg::ParameterDescriptor&, bool)[m[K’
[4.989s]   470 |   [01;36m[Kdeclare_parameter[m[K(
[4.989s]       |   [01;36m[K^~~~~~~~~~~~~~~~~[m[K
[4.989s] [01m[K/opt/ros/jazzy/include/rclcpp/rclcpp/node.hpp:470:3:[m[K [01;36m[Knote: [m[K  candidate expects 4 arguments, 1 provided
[4.990s] [01m[K/home/mac/dev_ws/omo_robot/src/ydlidar_ros2_driver/src/ydlidar_ros2_driver_node.cpp:72:26:[m[K [01;31m[Kerror: [m[Kno matching function for call to ‘[01m[Krclcpp::Node::declare_parameter(const char [12])[m[K’
[4.990s]    72 |   [01;31m[Knode->declare_parameter("device_type")[m[K;
[4.990s]       |   [01;31m[K~~~~~~~~~~~~~~~~~~~~~~~^~~~~~~~~~~~~~~[m[K
[4.990s] [01m[K/opt/ros/jazzy/include/rclcpp/rclcpp/node.hpp:500:3:[m[K [01;36m[Knote: [m[Kcandidate: ‘[01m[Ktemplate<class ParameterT> auto rclcpp::Node::[01;32m[Kdeclare_parameter[m[K(const std::string&, const ParameterT&, const rcl_interfaces::msg::ParameterDescriptor&, bool)[m[K’
[4.991s]   500 |   [01;36m[Kdeclare_parameter[m[K(
[4.991s]       |   [01;36m[K^~~~~~~~~~~~~~~~~[m[K
[4.991s] [01m[K/opt/ros/jazzy/include/rclcpp/rclcpp/node.hpp:500:3:[m[K [01;36m[Knote: [m[K  template argument deduction/substitution failed:
[4.992s] [01m[K/home/mac/dev_ws/omo_robot/src/ydlidar_ros2_driver/src/ydlidar_ros2_driver_node.cpp:72:26:[m[K [01;36m[Knote: [m[K  candidate expects 4 arguments, 1 provided
[4.992s]    72 |   [01;36m[Knode->declare_parameter("device_type")[m[K;
[4.992s]       |   [01;36m[K~~~~~~~~~~~~~~~~~~~~~~~^~~~~~~~~~~~~~~[m[K
[4.992s] [01m[K/opt/ros/jazzy/include/rclcpp/rclcpp/node.hpp:513:3:[m[K [01;36m[Knote: [m[Kcandidate: ‘[01m[Ktemplate<class ParameterT> auto rclcpp::Node::[01;32m[Kdeclare_parameter[m[K(const std::string&, const rcl_interfaces::msg::ParameterDescriptor&, bool)[m[K’
[4.993s]   513 |   [01;36m[Kdeclare_parameter[m[K(
[4.993s]       |   [01;36m[K^~~~~~~~~~~~~~~~~[m[K
[4.993s] [01m[K/opt/ros/jazzy/include/rclcpp/rclcpp/node.hpp:513:3:[m[K [01;36m[Knote: [m[K  template argument deduction/substitution failed:
[4.994s] [01m[K/home/mac/dev_ws/omo_robot/src/ydlidar_ros2_driver/src/ydlidar_ros2_driver_node.cpp:72:26:[m[K [01;36m[Knote: [m[K  couldn’t deduce template parameter ‘[01m[KParameterT[m[K’
[4.994s]    72 |   [01;36m[Knode->declare_parameter("device_type")[m[K;
[4.994s]       |   [01;36m[K~~~~~~~~~~~~~~~~~~~~~~~^~~~~~~~~~~~~~~[m[K
[4.994s] [01m[K/opt/ros/jazzy/include/rclcpp/rclcpp/node.hpp:445:3:[m[K [01;36m[Knote: [m[Kcandidate: ‘[01m[Kconst rclcpp::ParameterValue& rclcpp::Node::[01;32m[Kdeclare_parameter[m[K(const std::string&, const rclcpp::ParameterValue&, const rcl_interfaces::msg::ParameterDescriptor&, bool)[m[K’
[4.995s]   445 |   [01;36m[Kdeclare_parameter[m[K(
[4.995s]       |   [01;36m[K^~~~~~~~~~~~~~~~~[m[K
[4.995s] [01m[K/opt/ros/jazzy/include/rclcpp/rclcpp/node.hpp:445:3:[m[K [01;36m[Knote: [m[K  candidate expects 4 arguments, 1 provided
[4.996s] [01m[K/opt/ros/jazzy/include/rclcpp/rclcpp/node.hpp:470:3:[m[K [01;36m[Knote: [m[Kcandidate: ‘[01m[Kconst rclcpp::ParameterValue& rclcpp::Node::[01;32m[Kdeclare_parameter[m[K(const std::string&, rclcpp::ParameterType, const rcl_interfaces::msg::ParameterDescriptor&, bool)[m[K’
[4.996s]   470 |   [01;36m[Kdeclare_parameter[m[K(
[4.996s]       |   [01;36m[K^~~~~~~~~~~~~~~~~[m[K
[4.997s] [01m[K/opt/ros/jazzy/include/rclcpp/rclcpp/node.hpp:470:3:[m[K [01;36m[Knote: [m[K  candidate expects 4 arguments, 1 provided
[4.997s] [01m[K/home/mac/dev_ws/omo_robot/src/ydlidar_ros2_driver/src/ydlidar_ros2_driver_node.cpp:77:26:[m[K [01;31m[Kerror: [m[Kno matching function for call to ‘[01m[Krclcpp::Node::declare_parameter(const char [12])[m[K’
[4.997s]    77 |   [01;31m[Knode->declare_parameter("sample_rate")[m[K;
[4.997s]       |   [01;31m[K~~~~~~~~~~~~~~~~~~~~~~~^~~~~~~~~~~~~~~[m[K
[4.998s] [01m[K/opt/ros/jazzy/include/rclcpp/rclcpp/node.hpp:500:3:[m[K [01;36m[Knote: [m[Kcandidate: ‘[01m[Ktemplate<class ParameterT> auto rclcpp::Node::[01;32m[Kdeclare_parameter[m[K(const std::string&, const ParameterT&, const rcl_interfaces::msg::ParameterDescriptor&, bool)[m[K’
[4.998s]   500 |   [01;36m[Kdeclare_parameter[m[K(
[4.998s]       |   [01;36m[K^~~~~~~~~~~~~~~~~[m[K
[4.999s] [01m[K/opt/ros/jazzy/include/rclcpp/rclcpp/node.hpp:500:3:[m[K [01;36m[Knote: [m[K  template argument deduction/substitution failed:
[4.999s] [01m[K/home/mac/dev_ws/omo_robot/src/ydlidar_ros2_driver/src/ydlidar_ros2_driver_node.cpp:77:26:[m[K [01;36m[Knote: [m[K  candidate expects 4 arguments, 1 provided
[4.999s]    77 |   [01;36m[Knode->declare_parameter("sample_rate")[m[K;
[5.000s]       |   [01;36m[K~~~~~~~~~~~~~~~~~~~~~~~^~~~~~~~~~~~~~~[m[K
[5.003s] [01m[K/opt/ros/jazzy/include/rclcpp/rclcpp/node.hpp:513:3:[m[K [01;36m[Knote: [m[Kcandidate: ‘[01m[Ktemplate<class ParameterT> auto rclcpp::Node::[01;32m[Kdeclare_parameter[m[K(const std::string&, const rcl_interfaces::msg::ParameterDescriptor&, bool)[m[K’
[5.003s]   513 |   [01;36m[Kdeclare_parameter[m[K(
[5.003s]       |   [01;36m[K^~~~~~~~~~~~~~~~~[m[K
[5.004s] [01m[K/opt/ros/jazzy/include/rclcpp/rclcpp/node.hpp:513:3:[m[K [01;36m[Knote: [m[K  template argument deduction/substitution failed:
[5.004s] [01m[K/home/mac/dev_ws/omo_robot/src/ydlidar_ros2_driver/src/ydlidar_ros2_driver_node.cpp:77:26:[m[K [01;36m[Knote: [m[K  couldn’t deduce template parameter ‘[01m[KParameterT[m[K’
[5.004s]    77 |   [01;36m[Knode->declare_parameter("sample_rate")[m[K;
[5.004s]       |   [01;36m[K~~~~~~~~~~~~~~~~~~~~~~~^~~~~~~~~~~~~~~[m[K
[5.005s] [01m[K/opt/ros/jazzy/include/rclcpp/rclcpp/node.hpp:445:3:[m[K [01;36m[Knote: [m[Kcandidate: ‘[01m[Kconst rclcpp::ParameterValue& rclcpp::Node::[01;32m[Kdeclare_parameter[m[K(const std::string&, const rclcpp::ParameterValue&, const rcl_interfaces::msg::ParameterDescriptor&, bool)[m[K’
[5.005s]   445 |   [01;36m[Kdeclare_parameter[m[K(
[5.009s]       |   [01;36m[K^~~~~~~~~~~~~~~~~[m[K
[5.009s] [01m[K/opt/ros/jazzy/include/rclcpp/rclcpp/node.hpp:445:3:[m[K [01;36m[Knote: [m[K  candidate expects 4 arguments, 1 provided
[5.009s] [01m[K/opt/ros/jazzy/include/rclcpp/rclcpp/node.hpp:470:3:[m[K [01;36m[Knote: [m[Kcandidate: ‘[01m[Kconst rclcpp::ParameterValue& rclcpp::Node::[01;32m[Kdeclare_parameter[m[K(const std::string&, rclcpp::ParameterType, const rcl_interfaces::msg::ParameterDescriptor&, bool)[m[K’
[5.010s]   470 |   [01;36m[Kdeclare_parameter[m[K(
[5.010s]       |   [01;36m[K^~~~~~~~~~~~~~~~~[m[K
[5.010s] [01m[K/opt/ros/jazzy/include/rclcpp/rclcpp/node.hpp:470:3:[m[K [01;36m[Knote: [m[K  candidate expects 4 arguments, 1 provided
[5.010s] [01m[K/home/mac/dev_ws/omo_robot/src/ydlidar_ros2_driver/src/ydlidar_ros2_driver_node.cpp:82:26:[m[K [01;31m[Kerror: [m[Kno matching function for call to ‘[01m[Krclcpp::Node::declare_parameter(const char [21])[m[K’
[5.011s]    82 |   [01;31m[Knode->declare_parameter("abnormal_check_count")[m[K;
[5.011s]       |   [01;31m[K~~~~~~~~~~~~~~~~~~~~~~~^~~~~~~~~~~~~~~~~~~~~~~~[m[K
[5.011s] [01m[K/opt/ros/jazzy/include/rclcpp/rclcpp/node.hpp:500:3:[m[K [01;36m[Knote: [m[Kcandidate: ‘[01m[Ktemplate<class ParameterT> auto rclcpp::Node::[01;32m[Kdeclare_parameter[m[K(const std::string&, const ParameterT&, const rcl_interfaces::msg::ParameterDescriptor&, bool)[m[K’
[5.012s]   500 |   [01;36m[Kdeclare_parameter[m[K(
[5.012s]       |   [01;36m[K^~~~~~~~~~~~~~~~~[m[K
[5.016s] [01m[K/opt/ros/jazzy/include/rclcpp/rclcpp/node.hpp:500:3:[m[K [01;36m[Knote: [m[K  template argument deduction/substitution failed:
[5.016s] [01m[K/home/mac/dev_ws/omo_robot/src/ydlidar_ros2_driver/src/ydlidar_ros2_driver_node.cpp:82:26:[m[K [01;36m[Knote: [m[K  candidate expects 4 arguments, 1 provided
[5.016s]    82 |   [01;36m[Knode->declare_parameter("abnormal_check_count")[m[K;
[5.017s]       |   [01;36m[K~~~~~~~~~~~~~~~~~~~~~~~^~~~~~~~~~~~~~~~~~~~~~~~[m[K
[5.017s] [01m[K/opt/ros/jazzy/include/rclcpp/rclcpp/node.hpp:513:3:[m[K [01;36m[Knote: [m[Kcandidate: ‘[01m[Ktemplate<class ParameterT> auto rclcpp::Node::[01;32m[Kdeclare_parameter[m[K(const std::string&, const rcl_interfaces::msg::ParameterDescriptor&, bool)[m[K’
[5.017s]   513 |   [01;36m[Kdeclare_parameter[m[K(
[5.017s]       |   [01;36m[K^~~~~~~~~~~~~~~~~[m[K
[5.018s] [01m[K/opt/ros/jazzy/include/rclcpp/rclcpp/node.hpp:513:3:[m[K [01;36m[Knote: [m[K  template argument deduction/substitution failed:
[5.022s] [01m[K/home/mac/dev_ws/omo_robot/src/ydlidar_ros2_driver/src/ydlidar_ros2_driver_node.cpp:82:26:[m[K [01;36m[Knote: [m[K  couldn’t deduce template parameter ‘[01m[KParameterT[m[K’
[5.023s]    82 |   [01;36m[Knode->declare_parameter("abnormal_check_count")[m[K;
[5.023s]       |   [01;36m[K~~~~~~~~~~~~~~~~~~~~~~~^~~~~~~~~~~~~~~~~~~~~~~~[m[K
[5.023s] [01m[K/opt/ros/jazzy/include/rclcpp/rclcpp/node.hpp:445:3:[m[K [01;36m[Knote: [m[Kcandidate: ‘[01m[Kconst rclcpp::ParameterValue& rclcpp::Node::[01;32m[Kdeclare_parameter[m[K(const std::string&, const rclcpp::ParameterValue&, const rcl_interfaces::msg::ParameterDescriptor&, bool)[m[K’
[5.024s]   445 |   [01;36m[Kdeclare_parameter[m[K(
[5.024s]       |   [01;36m[K^~~~~~~~~~~~~~~~~[m[K
[5.024s] [01m[K/opt/ros/jazzy/include/rclcpp/rclcpp/node.hpp:445:3:[m[K [01;36m[Knote: [m[K  candidate expects 4 arguments, 1 provided
[5.028s] [01m[K/opt/ros/jazzy/include/rclcpp/rclcpp/node.hpp:470:3:[m[K [01;36m[Knote: [m[Kcandidate: ‘[01m[Kconst rclcpp::ParameterValue& rclcpp::Node::[01;32m[Kdeclare_parameter[m[K(const std::string&, rclcpp::ParameterType, const rcl_interfaces::msg::ParameterDescriptor&, bool)[m[K’
[5.029s]   470 |   [01;36m[Kdeclare_parameter[m[K(
[5.029s]       |   [01;36m[K^~~~~~~~~~~~~~~~~[m[K
[5.029s] [01m[K/opt/ros/jazzy/include/rclcpp/rclcpp/node.hpp:470:3:[m[K [01;36m[Knote: [m[K  candidate expects 4 arguments, 1 provided
[5.030s] [01m[K/home/mac/dev_ws/omo_robot/src/ydlidar_ros2_driver/src/ydlidar_ros2_driver_node.cpp:90:26:[m[K [01;31m[Kerror: [m[Kno matching function for call to ‘[01m[Krclcpp::Node::declare_parameter(const char [17])[m[K’
[5.030s]    90 |   [01;31m[Knode->declare_parameter("fixed_resolution")[m[K;
[5.030s]       |   [01;31m[K~~~~~~~~~~~~~~~~~~~~~~~^~~~~~~~~~~~~~~~~~~~[m[K
[5.030s] [01m[K/opt/ros/jazzy/include/rclcpp/rclcpp/node.hpp:500:3:[m[K [01;36m[Knote: [m[Kcandidate: ‘[01m[Ktemplate<class ParameterT> auto rclcpp::Node::[01;32m[Kdeclare_parameter[m[K(const std::string&, const ParameterT&, const rcl_interfaces::msg::ParameterDescriptor&, bool)[m[K’
[5.031s]   500 |   [01;36m[Kdeclare_parameter[m[K(
[5.031s]       |   [01;36m[K^~~~~~~~~~~~~~~~~[m[K
[5.031s] [01m[K/opt/ros/jazzy/include/rclcpp/rclcpp/node.hpp:500:3:[m[K [01;36m[Knote: [m[K  template argument deduction/substitution failed:
[5.032s] [01m[K/home/mac/dev_ws/omo_robot/src/ydlidar_ros2_driver/src/ydlidar_ros2_driver_node.cpp:90:26:[m[K [01;36m[Knote: [m[K  candidate expects 4 arguments, 1 provided
[5.032s]    90 |   [01;36m[Knode->declare_parameter("fixed_resolution")[m[K;
[5.032s]       |   [01;36m[K~~~~~~~~~~~~~~~~~~~~~~~^~~~~~~~~~~~~~~~~~~~[m[K
[5.036s] [01m[K/opt/ros/jazzy/include/rclcpp/rclcpp/node.hpp:513:3:[m[K [01;36m[Knote: [m[Kcandidate: ‘[01m[Ktemplate<class ParameterT> auto rclcpp::Node::[01;32m[Kdeclare_parameter[m[K(const std::string&, const rcl_interfaces::msg::ParameterDescriptor&, bool)[m[K’
[5.036s]   513 |   [01;36m[Kdeclare_parameter[m[K(
[5.036s]       |   [01;36m[K^~~~~~~~~~~~~~~~~[m[K
[5.036s] [01m[K/opt/ros/jazzy/include/rclcpp/rclcpp/node.hpp:513:3:[m[K [01;36m[Knote: [m[K  template argument deduction/substitution failed:
[5.037s] [01m[K/home/mac/dev_ws/omo_robot/src/ydlidar_ros2_driver/src/ydlidar_ros2_driver_node.cpp:90:26:[m[K [01;36m[Knote: [m[K  couldn’t deduce template parameter ‘[01m[KParameterT[m[K’
[5.037s]    90 |   [01;36m[Knode->declare_parameter("fixed_resolution")[m[K;
[5.037s]       |   [01;36m[K~~~~~~~~~~~~~~~~~~~~~~~^~~~~~~~~~~~~~~~~~~~[m[K
[5.038s] [01m[K/opt/ros/jazzy/include/rclcpp/rclcpp/node.hpp:445:3:[m[K [01;36m[Knote: [m[Kcandidate: ‘[01m[Kconst rclcpp::ParameterValue& rclcpp::Node::[01;32m[Kdeclare_parameter[m[K(const std::string&, const rclcpp::ParameterValue&, const rcl_interfaces::msg::ParameterDescriptor&, bool)[m[K’
[5.038s]   445 |   [01;36m[Kdeclare_parameter[m[K(
[5.042s]       |   [01;36m[K^~~~~~~~~~~~~~~~~[m[K
[5.043s] [01m[K/opt/ros/jazzy/include/rclcpp/rclcpp/node.hpp:445:3:[m[K [01;36m[Knote: [m[K  candidate expects 4 arguments, 1 provided
[5.043s] [01m[K/opt/ros/jazzy/include/rclcpp/rclcpp/node.hpp:470:3:[m[K [01;36m[Knote: [m[Kcandidate: ‘[01m[Kconst rclcpp::ParameterValue& rclcpp::Node::[01;32m[Kdeclare_parameter[m[K(const std::string&, rclcpp::ParameterType, const rcl_interfaces::msg::ParameterDescriptor&, bool)[m[K’
[5.043s]   470 |   [01;36m[Kdeclare_parameter[m[K(
[5.044s]       |   [01;36m[K^~~~~~~~~~~~~~~~~[m[K
[5.044s] [01m[K/opt/ros/jazzy/include/rclcpp/rclcpp/node.hpp:470:3:[m[K [01;36m[Knote: [m[K  candidate expects 4 arguments, 1 provided
[5.044s] [01m[K/home/mac/dev_ws/omo_robot/src/ydlidar_ros2_driver/src/ydlidar_ros2_driver_node.cpp:95:26:[m[K [01;31m[Kerror: [m[Kno matching function for call to ‘[01m[Krclcpp::Node::declare_parameter(const char [10])[m[K’
[5.044s]    95 |   [01;31m[Knode->declare_parameter("reversion")[m[K;
[5.045s]       |   [01;31m[K~~~~~~~~~~~~~~~~~~~~~~~^~~~~~~~~~~~~[m[K
[5.048s] [01m[K/opt/ros/jazzy/include/rclcpp/rclcpp/node.hpp:500:3:[m[K [01;36m[Knote: [m[Kcandidate: ‘[01m[Ktemplate<class ParameterT> auto rclcpp::Node::[01;32m[Kdeclare_parameter[m[K(const std::string&, const ParameterT&, const rcl_interfaces::msg::ParameterDescriptor&, bool)[m[K’
[5.049s]   500 |   [01;36m[Kdeclare_parameter[m[K(
[5.049s]       |   [01;36m[K^~~~~~~~~~~~~~~~~[m[K
[5.049s] [01m[K/opt/ros/jazzy/include/rclcpp/rclcpp/node.hpp:500:3:[m[K [01;36m[Knote: [m[K  template argument deduction/substitution failed:
[5.050s] [01m[K/home/mac/dev_ws/omo_robot/src/ydlidar_ros2_driver/src/ydlidar_ros2_driver_node.cpp:95:26:[m[K [01;36m[Knote: [m[K  candidate expects 4 arguments, 1 provided
[5.050s]    95 |   [01;36m[Knode->declare_parameter("reversion")[m[K;
[5.050s]       |   [01;36m[K~~~~~~~~~~~~~~~~~~~~~~~^~~~~~~~~~~~~[m[K
[5.051s] [01m[K/opt/ros/jazzy/include/rclcpp/rclcpp/node.hpp:513:3:[m[K [01;36m[Knote: [m[Kcandidate: ‘[01m[Ktemplate<class ParameterT> auto rclcpp::Node::[01;32m[Kdeclare_parameter[m[K(const std::string&, const rcl_interfaces::msg::ParameterDescriptor&, bool)[m[K’
[5.051s]   513 |   [01;36m[Kdeclare_parameter[m[K(
[5.051s]       |   [01;36m[K^~~~~~~~~~~~~~~~~[m[K
[5.051s] [01m[K/opt/ros/jazzy/include/rclcpp/rclcpp/node.hpp:513:3:[m[K [01;36m[Knote: [m[K  template argument deduction/substitution failed:
[5.052s] [01m[K/home/mac/dev_ws/omo_robot/src/ydlidar_ros2_driver/src/ydlidar_ros2_driver_node.cpp:95:26:[m[K [01;36m[Knote: [m[K  couldn’t deduce template parameter ‘[01m[KParameterT[m[K’
[5.052s]    95 |   [01;36m[Knode->declare_parameter("reversion")[m[K;
[5.055s]       |   [01;36m[K~~~~~~~~~~~~~~~~~~~~~~~^~~~~~~~~~~~~[m[K
[5.056s] [01m[K/opt/ros/jazzy/include/rclcpp/rclcpp/node.hpp:445:3:[m[K [01;36m[Knote: [m[Kcandidate: ‘[01m[Kconst rclcpp::ParameterValue& rclcpp::Node::[01;32m[Kdeclare_parameter[m[K(const std::string&, const rclcpp::ParameterValue&, const rcl_interfaces::msg::ParameterDescriptor&, bool)[m[K’
[5.056s]   445 |   [01;36m[Kdeclare_parameter[m[K(
[5.056s]       |   [01;36m[K^~~~~~~~~~~~~~~~~[m[K
[5.057s] [01m[K/opt/ros/jazzy/include/rclcpp/rclcpp/node.hpp:445:3:[m[K [01;36m[Knote: [m[K  candidate expects 4 arguments, 1 provided
[5.057s] [01m[K/opt/ros/jazzy/include/rclcpp/rclcpp/node.hpp:470:3:[m[K [01;36m[Knote: [m[Kcandidate: ‘[01m[Kconst rclcpp::ParameterValue& rclcpp::Node::[01;32m[Kdeclare_parameter[m[K(const std::string&, rclcpp::ParameterType, const rcl_interfaces::msg::ParameterDescriptor&, bool)[m[K’
[5.057s]   470 |   [01;36m[Kdeclare_parameter[m[K(
[5.057s]       |   [01;36m[K^~~~~~~~~~~~~~~~~[m[K
[5.058s] [01m[K/opt/ros/jazzy/include/rclcpp/rclcpp/node.hpp:470:3:[m[K [01;36m[Knote: [m[K  candidate expects 4 arguments, 1 provided
[5.061s] [01m[K/home/mac/dev_ws/omo_robot/src/ydlidar_ros2_driver/src/ydlidar_ros2_driver_node.cpp:100:26:[m[K [01;31m[Kerror: [m[Kno matching function for call to ‘[01m[Krclcpp::Node::declare_parameter(const char [9])[m[K’
[5.062s]   100 |   [01;31m[Knode->declare_parameter("inverted")[m[K;
[5.062s]       |   [01;31m[K~~~~~~~~~~~~~~~~~~~~~~~^~~~~~~~~~~~[m[K
[5.062s] [01m[K/opt/ros/jazzy/include/rclcpp/rclcpp/node.hpp:500:3:[m[K [01;36m[Knote: [m[Kcandidate: ‘[01m[Ktemplate<class ParameterT> auto rclcpp::Node::[01;32m[Kdeclare_parameter[m[K(const std::string&, const ParameterT&, const rcl_interfaces::msg::ParameterDescriptor&, bool)[m[K’
[5.063s]   500 |   [01;36m[Kdeclare_parameter[m[K(
[5.063s]       |   [01;36m[K^~~~~~~~~~~~~~~~~[m[K
[5.063s] [01m[K/opt/ros/jazzy/include/rclcpp/rclcpp/node.hpp:500:3:[m[K [01;36m[Knote: [m[K  template argument deduction/substitution failed:
[5.064s] [01m[K/home/mac/dev_ws/omo_robot/src/ydlidar_ros2_driver/src/ydlidar_ros2_driver_node.cpp:100:26:[m[K [01;36m[Knote: [m[K  candidate expects 4 arguments, 1 provided
[5.068s]   100 |   [01;36m[Knode->declare_parameter("inverted")[m[K;
[5.069s]       |   [01;36m[K~~~~~~~~~~~~~~~~~~~~~~~^~~~~~~~~~~~[m[K
[5.069s] [01m[K/opt/ros/jazzy/include/rclcpp/rclcpp/node.hpp:513:3:[m[K [01;36m[Knote: [m[Kcandidate: ‘[01m[Ktemplate<class ParameterT> auto rclcpp::Node::[01;32m[Kdeclare_parameter[m[K(const std::string&, const rcl_interfaces::msg::ParameterDescriptor&, bool)[m[K’
[5.070s]   513 |   [01;36m[Kdeclare_parameter[m[K(
[5.070s]       |   [01;36m[K^~~~~~~~~~~~~~~~~[m[K
[5.070s] [01m[K/opt/ros/jazzy/include/rclcpp/rclcpp/node.hpp:513:3:[m[K [01;36m[Knote: [m[K  template argument deduction/substitution failed:
[5.070s] [01m[K/home/mac/dev_ws/omo_robot/src/ydlidar_ros2_driver/src/ydlidar_ros2_driver_node.cpp:100:26:[m[K [01;36m[Knote: [m[K  couldn’t deduce template parameter ‘[01m[KParameterT[m[K’
[5.071s]   100 |   [01;36m[Knode->declare_parameter("inverted")[m[K;
[5.071s]       |   [01;36m[K~~~~~~~~~~~~~~~~~~~~~~~^~~~~~~~~~~~[m[K
[5.071s] [01m[K/opt/ros/jazzy/include/rclcpp/rclcpp/node.hpp:445:3:[m[K [01;36m[Knote: [m[Kcandidate: ‘[01m[Kconst rclcpp::ParameterValue& rclcpp::Node::[01;32m[Kdeclare_parameter[m[K(const std::string&, const rclcpp::ParameterValue&, const rcl_interfaces::msg::ParameterDescriptor&, bool)[m[K’
[5.072s]   445 |   [01;36m[Kdeclare_parameter[m[K(
[5.075s]       |   [01;36m[K^~~~~~~~~~~~~~~~~[m[K
[5.076s] [01m[K/opt/ros/jazzy/include/rclcpp/rclcpp/node.hpp:445:3:[m[K [01;36m[Knote: [m[K  candidate expects 4 arguments, 1 provided
[5.076s] [01m[K/opt/ros/jazzy/include/rclcpp/rclcpp/node.hpp:470:3:[m[K [01;36m[Knote: [m[Kcandidate: ‘[01m[Kconst rclcpp::ParameterValue& rclcpp::Node::[01;32m[Kdeclare_parameter[m[K(const std::string&, rclcpp::ParameterType, const rcl_interfaces::msg::ParameterDescriptor&, bool)[m[K’
[5.076s]   470 |   [01;36m[Kdeclare_parameter[m[K(
[5.077s]       |   [01;36m[K^~~~~~~~~~~~~~~~~[m[K
[5.077s] [01m[K/opt/ros/jazzy/include/rclcpp/rclcpp/node.hpp:470:3:[m[K [01;36m[Knote: [m[K  candidate expects 4 arguments, 1 provided
[5.077s] [01m[K/home/mac/dev_ws/omo_robot/src/ydlidar_ros2_driver/src/ydlidar_ros2_driver_node.cpp:104:26:[m[K [01;31m[Kerror: [m[Kno matching function for call to ‘[01m[Krclcpp::Node::declare_parameter(const char [15])[m[K’
[5.078s]   104 |   [01;31m[Knode->declare_parameter("auto_reconnect")[m[K;
[5.078s]       |   [01;31m[K~~~~~~~~~~~~~~~~~~~~~~~^~~~~~~~~~~~~~~~~~[m[K
[5.078s] [01m[K/opt/ros/jazzy/include/rclcpp/rclcpp/node.hpp:500:3:[m[K [01;36m[Knote: [m[Kcandidate: ‘[01m[Ktemplate<class ParameterT> auto rclcpp::Node::[01;32m[Kdeclare_parameter[m[K(const std::string&, const ParameterT&, const rcl_interfaces::msg::ParameterDescriptor&, bool)[m[K’
[5.079s]   500 |   [01;36m[Kdeclare_parameter[m[K(
[5.079s]       |   [01;36m[K^~~~~~~~~~~~~~~~~[m[K
[5.083s] [01m[K/opt/ros/jazzy/include/rclcpp/rclcpp/node.hpp:500:3:[m[K [01;36m[Knote: [m[K  template argument deduction/substitution failed:
[5.083s] [01m[K/home/mac/dev_ws/omo_robot/src/ydlidar_ros2_driver/src/ydlidar_ros2_driver_node.cpp:104:26:[m[K [01;36m[Knote: [m[K  candidate expects 4 arguments, 1 provided
[5.083s]   104 |   [01;36m[Knode->declare_parameter("auto_reconnect")[m[K;
[5.084s]       |   [01;36m[K~~~~~~~~~~~~~~~~~~~~~~~^~~~~~~~~~~~~~~~~~[m[K
[5.084s] [01m[K/opt/ros/jazzy/include/rclcpp/rclcpp/node.hpp:513:3:[m[K [01;36m[Knote: [m[Kcandidate: ‘[01m[Ktemplate<class ParameterT> auto rclcpp::Node::[01;32m[Kdeclare_parameter[m[K(const std::string&, const rcl_interfaces::msg::ParameterDescriptor&, bool)[m[K’
[5.084s]   513 |   [01;36m[Kdeclare_parameter[m[K(
[5.084s]       |   [01;36m[K^~~~~~~~~~~~~~~~~[m[K
[5.085s] [01m[K/opt/ros/jazzy/include/rclcpp/rclcpp/node.hpp:513:3:[m[K [01;36m[Knote: [m[K  template argument deduction/substitution failed:
[5.085s] [01m[K/home/mac/dev_ws/omo_robot/src/ydlidar_ros2_driver/src/ydlidar_ros2_driver_node.cpp:104:26:[m[K [01;36m[Knote: [m[K  couldn’t deduce template parameter ‘[01m[KParameterT[m[K’
[5.088s]   104 |   [01;36m[Knode->declare_parameter("auto_reconnect")[m[K;
[5.089s]       |   [01;36m[K~~~~~~~~~~~~~~~~~~~~~~~^~~~~~~~~~~~~~~~~~[m[K
[5.090s] [01m[K/opt/ros/jazzy/include/rclcpp/rclcpp/node.hpp:445:3:[m[K [01;36m[Knote: [m[Kcandidate: ‘[01m[Kconst rclcpp::ParameterValue& rclcpp::Node::[01;32m[Kdeclare_parameter[m[K(const std::string&, const rclcpp::ParameterValue&, const rcl_interfaces::msg::ParameterDescriptor&, bool)[m[K’
[5.090s]   445 |   [01;36m[Kdeclare_parameter[m[K(
[5.090s]       |   [01;36m[K^~~~~~~~~~~~~~~~~[m[K
[5.090s] [01m[K/opt/ros/jazzy/include/rclcpp/rclcpp/node.hpp:445:3:[m[K [01;36m[Knote: [m[K  candidate expects 4 arguments, 1 provided
[5.091s] [01m[K/opt/ros/jazzy/include/rclcpp/rclcpp/node.hpp:470:3:[m[K [01;36m[Knote: [m[Kcandidate: ‘[01m[Kconst rclcpp::ParameterValue& rclcpp::Node::[01;32m[Kdeclare_parameter[m[K(const std::string&, rclcpp::ParameterType, const rcl_interfaces::msg::ParameterDescriptor&, bool)[m[K’
[5.091s]   470 |   [01;36m[Kdeclare_parameter[m[K(
[5.091s]       |   [01;36m[K^~~~~~~~~~~~~~~~~[m[K
[5.091s] [01m[K/opt/ros/jazzy/include/rclcpp/rclcpp/node.hpp:470:3:[m[K [01;36m[Knote: [m[K  candidate expects 4 arguments, 1 provided
[5.092s] [01m[K/home/mac/dev_ws/omo_robot/src/ydlidar_ros2_driver/src/ydlidar_ros2_driver_node.cpp:109:26:[m[K [01;31m[Kerror: [m[Kno matching function for call to ‘[01m[Krclcpp::Node::declare_parameter(const char [16])[m[K’
[5.092s]   109 |   [01;31m[Knode->declare_parameter("isSingleChannel")[m[K;
[5.096s]       |   [01;31m[K~~~~~~~~~~~~~~~~~~~~~~~^~~~~~~~~~~~~~~~~~~[m[K
[5.097s] [01m[K/opt/ros/jazzy/include/rclcpp/rclcpp/node.hpp:500:3:[m[K [01;36m[Knote: [m[Kcandidate: ‘[01m[Ktemplate<class ParameterT> auto rclcpp::Node::[01;32m[Kdeclare_parameter[m[K(const std::string&, const ParameterT&, const rcl_interfaces::msg::ParameterDescriptor&, bool)[m[K’
[5.097s]   500 |   [01;36m[Kdeclare_parameter[m[K(
[5.097s]       |   [01;36m[K^~~~~~~~~~~~~~~~~[m[K
[5.097s] [01m[K/opt/ros/jazzy/include/rclcpp/rclcpp/node.hpp:500:3:[m[K [01;36m[Knote: [m[K  template argument deduction/substitution failed:
[5.098s] [01m[K/home/mac/dev_ws/omo_robot/src/ydlidar_ros2_driver/src/ydlidar_ros2_driver_node.cpp:109:26:[m[K [01;36m[Knote: [m[K  candidate expects 4 arguments, 1 provided
[5.098s]   109 |   [01;36m[Knode->declare_parameter("isSingleChannel")[m[K;
[5.098s]       |   [01;36m[K~~~~~~~~~~~~~~~~~~~~~~~^~~~~~~~~~~~~~~~~~~[m[K
[5.098s] [01m[K/opt/ros/jazzy/include/rclcpp/rclcpp/node.hpp:513:3:[m[K [01;36m[Knote: [m[Kcandidate: ‘[01m[Ktemplate<class ParameterT> auto rclcpp::Node::[01;32m[Kdeclare_parameter[m[K(const std::string&, const rcl_interfaces::msg::ParameterDescriptor&, bool)[m[K’
[5.099s]   513 |   [01;36m[Kdeclare_parameter[m[K(
[5.099s]       |   [01;36m[K^~~~~~~~~~~~~~~~~[m[K
[5.103s] [01m[K/opt/ros/jazzy/include/rclcpp/rclcpp/node.hpp:513:3:[m[K [01;36m[Knote: [m[K  template argument deduction/substitution failed:
[5.104s] [01m[K/home/mac/dev_ws/omo_robot/src/ydlidar_ros2_driver/src/ydlidar_ros2_driver_node.cpp:109:26:[m[K [01;36m[Knote: [m[K  couldn’t deduce template parameter ‘[01m[KParameterT[m[K’
[5.104s]   109 |   [01;36m[Knode->declare_parameter("isSingleChannel")[m[K;
[5.104s]       |   [01;36m[K~~~~~~~~~~~~~~~~~~~~~~~^~~~~~~~~~~~~~~~~~~[m[K
[5.104s] [01m[K/opt/ros/jazzy/include/rclcpp/rclcpp/node.hpp:445:3:[m[K [01;36m[Knote: [m[Kcandidate: ‘[01m[Kconst rclcpp::ParameterValue& rclcpp::Node::[01;32m[Kdeclare_parameter[m[K(const std::string&, const rclcpp::ParameterValue&, const rcl_interfaces::msg::ParameterDescriptor&, bool)[m[K’
[5.105s]   445 |   [01;36m[Kdeclare_parameter[m[K(
[5.105s]       |   [01;36m[K^~~~~~~~~~~~~~~~~[m[K
[5.105s] [01m[K/opt/ros/jazzy/include/rclcpp/rclcpp/node.hpp:445:3:[m[K [01;36m[Knote: [m[K  candidate expects 4 arguments, 1 provided
[5.105s] [01m[K/opt/ros/jazzy/include/rclcpp/rclcpp/node.hpp:470:3:[m[K [01;36m[Knote: [m[Kcandidate: ‘[01m[Kconst rclcpp::ParameterValue& rclcpp::Node::[01;32m[Kdeclare_parameter[m[K(const std::string&, rclcpp::ParameterType, const rcl_interfaces::msg::ParameterDescriptor&, bool)[m[K’
[5.106s]   470 |   [01;36m[Kdeclare_parameter[m[K(
[5.106s]       |   [01;36m[K^~~~~~~~~~~~~~~~~[m[K
[5.106s] [01m[K/opt/ros/jazzy/include/rclcpp/rclcpp/node.hpp:470:3:[m[K [01;36m[Knote: [m[K  candidate expects 4 arguments, 1 provided
[5.106s] [01m[K/home/mac/dev_ws/omo_robot/src/ydlidar_ros2_driver/src/ydlidar_ros2_driver_node.cpp:114:26:[m[K [01;31m[Kerror: [m[Kno matching function for call to ‘[01m[Krclcpp::Node::declare_parameter(const char [10])[m[K’
[5.107s]   114 |   [01;31m[Knode->declare_parameter("intensity")[m[K;
[5.107s]       |   [01;31m[K~~~~~~~~~~~~~~~~~~~~~~~^~~~~~~~~~~~~[m[K
[5.111s] [01m[K/opt/ros/jazzy/include/rclcpp/rclcpp/node.hpp:500:3:[m[K [01;36m[Knote: [m[Kcandidate: ‘[01m[Ktemplate<class ParameterT> auto rclcpp::Node::[01;32m[Kdeclare_parameter[m[K(const std::string&, const ParameterT&, const rcl_interfaces::msg::ParameterDescriptor&, bool)[m[K’
[5.112s]   500 |   [01;36m[Kdeclare_parameter[m[K(
[5.112s]       |   [01;36m[K^~~~~~~~~~~~~~~~~[m[K
[5.113s] [01m[K/opt/ros/jazzy/include/rclcpp/rclcpp/node.hpp:500:3:[m[K [01;36m[Knote: [m[K  template argument deduction/substitution failed:
[5.113s] [01m[K/home/mac/dev_ws/omo_robot/src/ydlidar_ros2_driver/src/ydlidar_ros2_driver_node.cpp:114:26:[m[K [01;36m[Knote: [m[K  candidate expects 4 arguments, 1 provided
[5.113s]   114 |   [01;36m[Knode->declare_parameter("intensity")[m[K;
[5.113s]       |   [01;36m[K~~~~~~~~~~~~~~~~~~~~~~~^~~~~~~~~~~~~[m[K
[5.114s] [01m[K/opt/ros/jazzy/include/rclcpp/rclcpp/node.hpp:513:3:[m[K [01;36m[Knote: [m[Kcandidate: ‘[01m[Ktemplate<class ParameterT> auto rclcpp::Node::[01;32m[Kdeclare_parameter[m[K(const std::string&, const rcl_interfaces::msg::ParameterDescriptor&, bool)[m[K’
[5.114s]   513 |   [01;36m[Kdeclare_parameter[m[K(
[5.114s]       |   [01;36m[K^~~~~~~~~~~~~~~~~[m[K
[5.114s] [01m[K/opt/ros/jazzy/include/rclcpp/rclcpp/node.hpp:513:3:[m[K [01;36m[Knote: [m[K  template argument deduction/substitution failed:
[5.115s] [01m[K/home/mac/dev_ws/omo_robot/src/ydlidar_ros2_driver/src/ydlidar_ros2_driver_node.cpp:114:26:[m[K [01;36m[Knote: [m[K  couldn’t deduce template parameter ‘[01m[KParameterT[m[K’
[5.115s]   114 |   [01;36m[Knode->declare_parameter("intensity")[m[K;
[5.115s]       |   [01;36m[K~~~~~~~~~~~~~~~~~~~~~~~^~~~~~~~~~~~~[m[K
[5.118s] [01m[K/opt/ros/jazzy/include/rclcpp/rclcpp/node.hpp:445:3:[m[K [01;36m[Knote: [m[Kcandidate: ‘[01m[Kconst rclcpp::ParameterValue& rclcpp::Node::[01;32m[Kdeclare_parameter[m[K(const std::string&, const rclcpp::ParameterValue&, const rcl_interfaces::msg::ParameterDescriptor&, bool)[m[K’
[5.119s]   445 |   [01;36m[Kdeclare_parameter[m[K(
[5.119s]       |   [01;36m[K^~~~~~~~~~~~~~~~~[m[K
[5.119s] [01m[K/opt/ros/jazzy/include/rclcpp/rclcpp/node.hpp:445:3:[m[K [01;36m[Knote: [m[K  candidate expects 4 arguments, 1 provided
[5.120s] [01m[K/opt/ros/jazzy/include/rclcpp/rclcpp/node.hpp:470:3:[m[K [01;36m[Knote: [m[Kcandidate: ‘[01m[Kconst rclcpp::ParameterValue& rclcpp::Node::[01;32m[Kdeclare_parameter[m[K(const std::string&, rclcpp::ParameterType, const rcl_interfaces::msg::ParameterDescriptor&, bool)[m[K’
[5.120s]   470 |   [01;36m[Kdeclare_parameter[m[K(
[5.120s]       |   [01;36m[K^~~~~~~~~~~~~~~~~[m[K
[5.120s] [01m[K/opt/ros/jazzy/include/rclcpp/rclcpp/node.hpp:470:3:[m[K [01;36m[Knote: [m[K  candidate expects 4 arguments, 1 provided
[5.120s] [01m[K/home/mac/dev_ws/omo_robot/src/ydlidar_ros2_driver/src/ydlidar_ros2_driver_node.cpp:119:26:[m[K [01;31m[Kerror: [m[Kno matching function for call to ‘[01m[Krclcpp::Node::declare_parameter(const char [18])[m[K’
[5.121s]   119 |   [01;31m[Knode->declare_parameter("support_motor_dtr")[m[K;
[5.121s]       |   [01;31m[K~~~~~~~~~~~~~~~~~~~~~~~^~~~~~~~~~~~~~~~~~~~~[m[K
[5.125s] [01m[K/opt/ros/jazzy/include/rclcpp/rclcpp/node.hpp:500:3:[m[K [01;36m[Knote: [m[Kcandidate: ‘[01m[Ktemplate<class ParameterT> auto rclcpp::Node::[01;32m[Kdeclare_parameter[m[K(const std::string&, const ParameterT&, const rcl_interfaces::msg::ParameterDescriptor&, bool)[m[K’
[5.126s]   500 |   [01;36m[Kdeclare_parameter[m[K(
[5.126s]       |   [01;36m[K^~~~~~~~~~~~~~~~~[m[K
[5.126s] [01m[K/opt/ros/jazzy/include/rclcpp/rclcpp/node.hpp:500:3:[m[K [01;36m[Knote: [m[K  template argument deduction/substitution failed:
[5.126s] [01m[K/home/mac/dev_ws/omo_robot/src/ydlidar_ros2_driver/src/ydlidar_ros2_driver_node.cpp:119:26:[m[K [01;36m[Knote: [m[K  candidate expects 4 arguments, 1 provided
[5.127s]   119 |   [01;36m[Knode->declare_parameter("support_motor_dtr")[m[K;
[5.127s]       |   [01;36m[K~~~~~~~~~~~~~~~~~~~~~~~^~~~~~~~~~~~~~~~~~~~~[m[K
[5.127s] [01m[K/opt/ros/jazzy/include/rclcpp/rclcpp/node.hpp:513:3:[m[K [01;36m[Knote: [m[Kcandidate: ‘[01m[Ktemplate<class ParameterT> auto rclcpp::Node::[01;32m[Kdeclare_parameter[m[K(const std::string&, const rcl_interfaces::msg::ParameterDescriptor&, bool)[m[K’
[5.127s]   513 |   [01;36m[Kdeclare_parameter[m[K(
[5.128s]       |   [01;36m[K^~~~~~~~~~~~~~~~~[m[K
[5.128s] [01m[K/opt/ros/jazzy/include/rclcpp/rclcpp/node.hpp:513:3:[m[K [01;36m[Knote: [m[K  template argument deduction/substitution failed:
[5.128s] [01m[K/home/mac/dev_ws/omo_robot/src/ydlidar_ros2_driver/src/ydlidar_ros2_driver_node.cpp:119:26:[m[K [01;36m[Knote: [m[K  couldn’t deduce template parameter ‘[01m[KParameterT[m[K’
[5.128s]   119 |   [01;36m[Knode->declare_parameter("support_motor_dtr")[m[K;
[5.129s]       |   [01;36m[K~~~~~~~~~~~~~~~~~~~~~~~^~~~~~~~~~~~~~~~~~~~~[m[K
[5.129s] [01m[K/opt/ros/jazzy/include/rclcpp/rclcpp/node.hpp:445:3:[m[K [01;36m[Knote: [m[Kcandidate: ‘[01m[Kconst rclcpp::ParameterValue& rclcpp::Node::[01;32m[Kdeclare_parameter[m[K(const std::string&, const rclcpp::ParameterValue&, const rcl_interfaces::msg::ParameterDescriptor&, bool)[m[K’
[5.129s]   445 |   [01;36m[Kdeclare_parameter[m[K(
[5.132s]       |   [01;36m[K^~~~~~~~~~~~~~~~~[m[K
[5.133s] [01m[K/opt/ros/jazzy/include/rclcpp/rclcpp/node.hpp:445:3:[m[K [01;36m[Knote: [m[K  candidate expects 4 arguments, 1 provided
[5.133s] [01m[K/opt/ros/jazzy/include/rclcpp/rclcpp/node.hpp:470:3:[m[K [01;36m[Knote: [m[Kcandidate: ‘[01m[Kconst rclcpp::ParameterValue& rclcpp::Node::[01;32m[Kdeclare_parameter[m[K(const std::string&, rclcpp::ParameterType, const rcl_interfaces::msg::ParameterDescriptor&, bool)[m[K’
[5.133s]   470 |   [01;36m[Kdeclare_parameter[m[K(
[5.133s]       |   [01;36m[K^~~~~~~~~~~~~~~~~[m[K
[5.134s] [01m[K/opt/ros/jazzy/include/rclcpp/rclcpp/node.hpp:470:3:[m[K [01;36m[Knote: [m[K  candidate expects 4 arguments, 1 provided
[5.134s] [01m[K/home/mac/dev_ws/omo_robot/src/ydlidar_ros2_driver/src/ydlidar_ros2_driver_node.cpp:126:26:[m[K [01;31m[Kerror: [m[Kno matching function for call to ‘[01m[Krclcpp::Node::declare_parameter(const char [10])[m[K’
[5.134s]   126 |   [01;31m[Knode->declare_parameter("angle_max")[m[K;
[5.134s]       |   [01;31m[K~~~~~~~~~~~~~~~~~~~~~~~^~~~~~~~~~~~~[m[K
[5.135s] [01m[K/opt/ros/jazzy/include/rclcpp/rclcpp/node.hpp:500:3:[m[K [01;36m[Knote: [m[Kcandidate: ‘[01m[Ktemplate<class ParameterT> auto rclcpp::Node::[01;32m[Kdeclare_parameter[m[K(const std::string&, const ParameterT&, const rcl_interfaces::msg::ParameterDescriptor&, bool)[m[K’
[5.135s]   500 |   [01;36m[Kdeclare_parameter[m[K(
[5.135s]       |   [01;36m[K^~~~~~~~~~~~~~~~~[m[K
[5.135s] [01m[K/opt/ros/jazzy/include/rclcpp/rclcpp/node.hpp:500:3:[m[K [01;36m[Knote: [m[K  template argument deduction/substitution failed:
[5.136s] [01m[K/home/mac/dev_ws/omo_robot/src/ydlidar_ros2_driver/src/ydlidar_ros2_driver_node.cpp:126:26:[m[K [01;36m[Knote: [m[K  candidate expects 4 arguments, 1 provided
[5.136s]   126 |   [01;36m[Knode->declare_parameter("angle_max")[m[K;
[5.136s]       |   [01;36m[K~~~~~~~~~~~~~~~~~~~~~~~^~~~~~~~~~~~~[m[K
[5.141s] [01m[K/opt/ros/jazzy/include/rclcpp/rclcpp/node.hpp:513:3:[m[K [01;36m[Knote: [m[Kcandidate: ‘[01m[Ktemplate<class ParameterT> auto rclcpp::Node::[01;32m[Kdeclare_parameter[m[K(const std::string&, const rcl_interfaces::msg::ParameterDescriptor&, bool)[m[K’
[5.141s]   513 |   [01;36m[Kdeclare_parameter[m[K(
[5.141s]       |   [01;36m[K^~~~~~~~~~~~~~~~~[m[K
[5.141s] [01m[K/opt/ros/jazzy/include/rclcpp/rclcpp/node.hpp:513:3:[m[K [01;36m[Knote: [m[K  template argument deduction/substitution failed:
[5.142s] [01m[K/home/mac/dev_ws/omo_robot/src/ydlidar_ros2_driver/src/ydlidar_ros2_driver_node.cpp:126:26:[m[K [01;36m[Knote: [m[K  couldn’t deduce template parameter ‘[01m[KParameterT[m[K’
[5.142s]   126 |   [01;36m[Knode->declare_parameter("angle_max")[m[K;
[5.142s]       |   [01;36m[K~~~~~~~~~~~~~~~~~~~~~~~^~~~~~~~~~~~~[m[K
[5.142s] [01m[K/opt/ros/jazzy/include/rclcpp/rclcpp/node.hpp:445:3:[m[K [01;36m[Knote: [m[Kcandidate: ‘[01m[Kconst rclcpp::ParameterValue& rclcpp::Node::[01;32m[Kdeclare_parameter[m[K(const std::string&, const rclcpp::ParameterValue&, const rcl_interfaces::msg::ParameterDescriptor&, bool)[m[K’
[5.143s]   445 |   [01;36m[Kdeclare_parameter[m[K(
[5.143s]       |   [01;36m[K^~~~~~~~~~~~~~~~~[m[K
[5.146s] [01m[K/opt/ros/jazzy/include/rclcpp/rclcpp/node.hpp:445:3:[m[K [01;36m[Knote: [m[K  candidate expects 4 arguments, 1 provided
[5.147s] [01m[K/opt/ros/jazzy/include/rclcpp/rclcpp/node.hpp:470:3:[m[K [01;36m[Knote: [m[Kcandidate: ‘[01m[Kconst rclcpp::ParameterValue& rclcpp::Node::[01;32m[Kdeclare_parameter[m[K(const std::string&, rclcpp::ParameterType, const rcl_interfaces::msg::ParameterDescriptor&, bool)[m[K’
[5.147s]   470 |   [01;36m[Kdeclare_parameter[m[K(
[5.147s]       |   [01;36m[K^~~~~~~~~~~~~~~~~[m[K
[5.147s] [01m[K/opt/ros/jazzy/include/rclcpp/rclcpp/node.hpp:470:3:[m[K [01;36m[Knote: [m[K  candidate expects 4 arguments, 1 provided
[5.148s] [01m[K/home/mac/dev_ws/omo_robot/src/ydlidar_ros2_driver/src/ydlidar_ros2_driver_node.cpp:130:26:[m[K [01;31m[Kerror: [m[Kno matching function for call to ‘[01m[Krclcpp::Node::declare_parameter(const char [10])[m[K’
[5.148s]   130 |   [01;31m[Knode->declare_parameter("angle_min")[m[K;
[5.148s]       |   [01;31m[K~~~~~~~~~~~~~~~~~~~~~~~^~~~~~~~~~~~~[m[K
[5.148s] [01m[K/opt/ros/jazzy/include/rclcpp/rclcpp/node.hpp:500:3:[m[K [01;36m[Knote: [m[Kcandidate: ‘[01m[Ktemplate<class ParameterT> auto rclcpp::Node::[01;32m[Kdeclare_parameter[m[K(const std::string&, const ParameterT&, const rcl_interfaces::msg::ParameterDescriptor&, bool)[m[K’
[5.148s]   500 |   [01;36m[Kdeclare_parameter[m[K(
[5.149s]       |   [01;36m[K^~~~~~~~~~~~~~~~~[m[K
[5.149s] [01m[K/opt/ros/jazzy/include/rclcpp/rclcpp/node.hpp:500:3:[m[K [01;36m[Knote: [m[K  template argument deduction/substitution failed:
[5.149s] [01m[K/home/mac/dev_ws/omo_robot/src/ydlidar_ros2_driver/src/ydlidar_ros2_driver_node.cpp:130:26:[m[K [01;36m[Knote: [m[K  candidate expects 4 arguments, 1 provided
[5.149s]   130 |   [01;36m[Knode->declare_parameter("angle_min")[m[K;
[5.150s]       |   [01;36m[K~~~~~~~~~~~~~~~~~~~~~~~^~~~~~~~~~~~~[m[K
[5.150s] [01m[K/opt/ros/jazzy/include/rclcpp/rclcpp/node.hpp:513:3:[m[K [01;36m[Knote: [m[Kcandidate: ‘[01m[Ktemplate<class ParameterT> auto rclcpp::Node::[01;32m[Kdeclare_parameter[m[K(const std::string&, const rcl_interfaces::msg::ParameterDescriptor&, bool)[m[K’
[5.153s]   513 |   [01;36m[Kdeclare_parameter[m[K(
[5.154s]       |   [01;36m[K^~~~~~~~~~~~~~~~~[m[K
[5.154s] [01m[K/opt/ros/jazzy/include/rclcpp/rclcpp/node.hpp:513:3:[m[K [01;36m[Knote: [m[K  template argument deduction/substitution failed:
[5.154s] [01m[K/home/mac/dev_ws/omo_robot/src/ydlidar_ros2_driver/src/ydlidar_ros2_driver_node.cpp:130:26:[m[K [01;36m[Knote: [m[K  couldn’t deduce template parameter ‘[01m[KParameterT[m[K’
[5.154s]   130 |   [01;36m[Knode->declare_parameter("angle_min")[m[K;
[5.155s]       |   [01;36m[K~~~~~~~~~~~~~~~~~~~~~~~^~~~~~~~~~~~~[m[K
[5.155s] [01m[K/opt/ros/jazzy/include/rclcpp/rclcpp/node.hpp:445:3:[m[K [01;36m[Knote: [m[Kcandidate: ‘[01m[Kconst rclcpp::ParameterValue& rclcpp::Node::[01;32m[Kdeclare_parameter[m[K(const std::string&, const rclcpp::ParameterValue&, const rcl_interfaces::msg::ParameterDescriptor&, bool)[m[K’
[5.155s]   445 |   [01;36m[Kdeclare_parameter[m[K(
[5.155s]       |   [01;36m[K^~~~~~~~~~~~~~~~~[m[K
[5.155s] [01m[K/opt/ros/jazzy/include/rclcpp/rclcpp/node.hpp:445:3:[m[K [01;36m[Knote: [m[K  candidate expects 4 arguments, 1 provided
[5.156s] [01m[K/opt/ros/jazzy/include/rclcpp/rclcpp/node.hpp:470:3:[m[K [01;36m[Knote: [m[Kcandidate: ‘[01m[Kconst rclcpp::ParameterValue& rclcpp::Node::[01;32m[Kdeclare_parameter[m[K(const std::string&, rclcpp::ParameterType, const rcl_interfaces::msg::ParameterDescriptor&, bool)[m[K’
[5.156s]   470 |   [01;36m[Kdeclare_parameter[m[K(
[5.156s]       |   [01;36m[K^~~~~~~~~~~~~~~~~[m[K
[5.156s] [01m[K/opt/ros/jazzy/include/rclcpp/rclcpp/node.hpp:470:3:[m[K [01;36m[Knote: [m[K  candidate expects 4 arguments, 1 provided
[5.157s] [01m[K/home/mac/dev_ws/omo_robot/src/ydlidar_ros2_driver/src/ydlidar_ros2_driver_node.cpp:135:26:[m[K [01;31m[Kerror: [m[Kno matching function for call to ‘[01m[Krclcpp::Node::declare_parameter(const char [10])[m[K’
[5.157s]   135 |   [01;31m[Knode->declare_parameter("range_max")[m[K;
[5.161s]       |   [01;31m[K~~~~~~~~~~~~~~~~~~~~~~~^~~~~~~~~~~~~[m[K
[5.162s] [01m[K/opt/ros/jazzy/include/rclcpp/rclcpp/node.hpp:500:3:[m[K [01;36m[Knote: [m[Kcandidate: ‘[01m[Ktemplate<class ParameterT> auto rclcpp::Node::[01;32m[Kdeclare_parameter[m[K(const std::string&, const ParameterT&, const rcl_interfaces::msg::ParameterDescriptor&, bool)[m[K’
[5.162s]   500 |   [01;36m[Kdeclare_parameter[m[K(
[5.162s]       |   [01;36m[K^~~~~~~~~~~~~~~~~[m[K
[5.162s] [01m[K/opt/ros/jazzy/include/rclcpp/rclcpp/node.hpp:500:3:[m[K [01;36m[Knote: [m[K  template argument deduction/substitution failed:
[5.163s] [01m[K/home/mac/dev_ws/omo_robot/src/ydlidar_ros2_driver/src/ydlidar_ros2_driver_node.cpp:135:26:[m[K [01;36m[Knote: [m[K  candidate expects 4 arguments, 1 provided
[5.163s]   135 |   [01;36m[Knode->declare_parameter("range_max")[m[K;
[5.163s]       |   [01;36m[K~~~~~~~~~~~~~~~~~~~~~~~^~~~~~~~~~~~~[m[K
[5.163s] [01m[K/opt/ros/jazzy/include/rclcpp/rclcpp/node.hpp:513:3:[m[K [01;36m[Knote: [m[Kcandidate: ‘[01m[Ktemplate<class ParameterT> auto rclcpp::Node::[01;32m[Kdeclare_parameter[m[K(const std::string&, const rcl_interfaces::msg::ParameterDescriptor&, bool)[m[K’
[5.163s]   513 |   [01;36m[Kdeclare_parameter[m[K(
[5.164s]       |   [01;36m[K^~~~~~~~~~~~~~~~~[m[K
[5.164s] [01m[K/opt/ros/jazzy/include/rclcpp/rclcpp/node.hpp:513:3:[m[K [01;36m[Knote: [m[K  template argument deduction/substitution failed:
[5.164s] [01m[K/home/mac/dev_ws/omo_robot/src/ydlidar_ros2_driver/src/ydlidar_ros2_driver_node.cpp:135:26:[m[K [01;36m[Knote: [m[K  couldn’t deduce template parameter ‘[01m[KParameterT[m[K’
[5.164s]   135 |   [01;36m[Knode->declare_parameter("range_max")[m[K;
[5.165s]       |   [01;36m[K~~~~~~~~~~~~~~~~~~~~~~~^~~~~~~~~~~~~[m[K
[5.165s] [01m[K/opt/ros/jazzy/include/rclcpp/rclcpp/node.hpp:445:3:[m[K [01;36m[Knote: [m[Kcandidate: ‘[01m[Kconst rclcpp::ParameterValue& rclcpp::Node::[01;32m[Kdeclare_parameter[m[K(const std::string&, const rclcpp::ParameterValue&, const rcl_interfaces::msg::ParameterDescriptor&, bool)[m[K’
[5.169s]   445 |   [01;36m[Kdeclare_parameter[m[K(
[5.170s]       |   [01;36m[K^~~~~~~~~~~~~~~~~[m[K
[5.170s] [01m[K/opt/ros/jazzy/include/rclcpp/rclcpp/node.hpp:445:3:[m[K [01;36m[Knote: [m[K  candidate expects 4 arguments, 1 provided
[5.170s] [01m[K/opt/ros/jazzy/include/rclcpp/rclcpp/node.hpp:470:3:[m[K [01;36m[Knote: [m[Kcandidate: ‘[01m[Kconst rclcpp::ParameterValue& rclcpp::Node::[01;32m[Kdeclare_parameter[m[K(const std::string&, rclcpp::ParameterType, const rcl_interfaces::msg::ParameterDescriptor&, bool)[m[K’
[5.170s]   470 |   [01;36m[Kdeclare_parameter[m[K(
[5.171s]       |   [01;36m[K^~~~~~~~~~~~~~~~~[m[K
[5.171s] [01m[K/opt/ros/jazzy/include/rclcpp/rclcpp/node.hpp:470:3:[m[K [01;36m[Knote: [m[K  candidate expects 4 arguments, 1 provided
[5.171s] [01m[K/home/mac/dev_ws/omo_robot/src/ydlidar_ros2_driver/src/ydlidar_ros2_driver_node.cpp:139:26:[m[K [01;31m[Kerror: [m[Kno matching function for call to ‘[01m[Krclcpp::Node::declare_parameter(const char [10])[m[K’
[5.172s]   139 |   [01;31m[Knode->declare_parameter("range_min")[m[K;
[5.172s]       |   [01;31m[K~~~~~~~~~~~~~~~~~~~~~~~^~~~~~~~~~~~~[m[K
[5.172s] [01m[K/opt/ros/jazzy/include/rclcpp/rclcpp/node.hpp:500:3:[m[K [01;36m[Knote: [m[Kcandidate: ‘[01m[Ktemplate<class ParameterT> auto rclcpp::Node::[01;32m[Kdeclare_parameter[m[K(const std::string&, const ParameterT&, const rcl_interfaces::msg::ParameterDescriptor&, bool)[m[K’
[5.172s]   500 |   [01;36m[Kdeclare_parameter[m[K(
[5.173s]       |   [01;36m[K^~~~~~~~~~~~~~~~~[m[K
[5.173s] [01m[K/opt/ros/jazzy/include/rclcpp/rclcpp/node.hpp:500:3:[m[K [01;36m[Knote: [m[K  template argument deduction/substitution failed:
[5.177s] [01m[K/home/mac/dev_ws/omo_robot/src/ydlidar_ros2_driver/src/ydlidar_ros2_driver_node.cpp:139:26:[m[K [01;36m[Knote: [m[K  candidate expects 4 arguments, 1 provided
[5.178s]   139 |   [01;36m[Knode->declare_parameter("range_min")[m[K;
[5.178s]       |   [01;36m[K~~~~~~~~~~~~~~~~~~~~~~~^~~~~~~~~~~~~[m[K
[5.178s] [01m[K/opt/ros/jazzy/include/rclcpp/rclcpp/node.hpp:513:3:[m[K [01;36m[Knote: [m[Kcandidate: ‘[01m[Ktemplate<class ParameterT> auto rclcpp::Node::[01;32m[Kdeclare_parameter[m[K(const std::string&, const rcl_interfaces::msg::ParameterDescriptor&, bool)[m[K’
[5.178s]   513 |   [01;36m[Kdeclare_parameter[m[K(
[5.179s]       |   [01;36m[K^~~~~~~~~~~~~~~~~[m[K
[5.179s] [01m[K/opt/ros/jazzy/include/rclcpp/rclcpp/node.hpp:513:3:[m[K [01;36m[Knote: [m[K  template argument deduction/substitution failed:
[5.179s] [01m[K/home/mac/dev_ws/omo_robot/src/ydlidar_ros2_driver/src/ydlidar_ros2_driver_node.cpp:139:26:[m[K [01;36m[Knote: [m[K  couldn’t deduce template parameter ‘[01m[KParameterT[m[K’
[5.179s]   139 |   [01;36m[Knode->declare_parameter("range_min")[m[K;
[5.180s]       |   [01;36m[K~~~~~~~~~~~~~~~~~~~~~~~^~~~~~~~~~~~~[m[K
[5.180s] [01m[K/opt/ros/jazzy/include/rclcpp/rclcpp/node.hpp:445:3:[m[K [01;36m[Knote: [m[Kcandidate: ‘[01m[Kconst rclcpp::ParameterValue& rclcpp::Node::[01;32m[Kdeclare_parameter[m[K(const std::string&, const rclcpp::ParameterValue&, const rcl_interfaces::msg::ParameterDescriptor&, bool)[m[K’
[5.180s]   445 |   [01;36m[Kdeclare_parameter[m[K(
[5.180s]       |   [01;36m[K^~~~~~~~~~~~~~~~~[m[K
[5.181s] [01m[K/opt/ros/jazzy/include/rclcpp/rclcpp/node.hpp:445:3:[m[K [01;36m[Knote: [m[K  candidate expects 4 arguments, 1 provided
[5.181s] [01m[K/opt/ros/jazzy/include/rclcpp/rclcpp/node.hpp:470:3:[m[K [01;36m[Knote: [m[Kcandidate: ‘[01m[Kconst rclcpp::ParameterValue& rclcpp::Node::[01;32m[Kdeclare_parameter[m[K(const std::string&, rclcpp::ParameterType, const rcl_interfaces::msg::ParameterDescriptor&, bool)[m[K’
[5.185s]   470 |   [01;36m[Kdeclare_parameter[m[K(
[5.186s]       |   [01;36m[K^~~~~~~~~~~~~~~~~[m[K
[5.186s] [01m[K/opt/ros/jazzy/include/rclcpp/rclcpp/node.hpp:470:3:[m[K [01;36m[Knote: [m[K  candidate expects 4 arguments, 1 provided
[5.186s] [01m[K/home/mac/dev_ws/omo_robot/src/ydlidar_ros2_driver/src/ydlidar_ros2_driver_node.cpp:144:26:[m[K [01;31m[Kerror: [m[Kno matching function for call to ‘[01m[Krclcpp::Node::declare_parameter(const char [10])[m[K’
[5.187s]   144 |   [01;31m[Knode->declare_parameter("frequency")[m[K;
[5.187s]       |   [01;31m[K~~~~~~~~~~~~~~~~~~~~~~~^~~~~~~~~~~~~[m[K
[5.187s] [01m[K/opt/ros/jazzy/include/rclcpp/rclcpp/node.hpp:500:3:[m[K [01;36m[Knote: [m[Kcandidate: ‘[01m[Ktemplate<class ParameterT> auto rclcpp::Node::[01;32m[Kdeclare_parameter[m[K(const std::string&, const ParameterT&, const rcl_interfaces::msg::ParameterDescriptor&, bool)[m[K’
[5.187s]   500 |   [01;36m[Kdeclare_parameter[m[K(
[5.188s]       |   [01;36m[K^~~~~~~~~~~~~~~~~[m[K
[5.188s] [01m[K/opt/ros/jazzy/include/rclcpp/rclcpp/node.hpp:500:3:[m[K [01;36m[Knote: [m[K  template argument deduction/substitution failed:
[5.188s] [01m[K/home/mac/dev_ws/omo_robot/src/ydlidar_ros2_driver/src/ydlidar_ros2_driver_node.cpp:144:26:[m[K [01;36m[Knote: [m[K  candidate expects 4 arguments, 1 provided
[5.188s]   144 |   [01;36m[Knode->declare_parameter("frequency")[m[K;
[5.188s]       |   [01;36m[K~~~~~~~~~~~~~~~~~~~~~~~^~~~~~~~~~~~~[m[K
[5.189s] [01m[K/opt/ros/jazzy/include/rclcpp/rclcpp/node.hpp:513:3:[m[K [01;36m[Knote: [m[Kcandidate: ‘[01m[Ktemplate<class ParameterT> auto rclcpp::Node::[01;32m[Kdeclare_parameter[m[K(const std::string&, const rcl_interfaces::msg::ParameterDescriptor&, bool)[m[K’
[5.189s]   513 |   [01;36m[Kdeclare_parameter[m[K(
[5.193s]       |   [01;36m[K^~~~~~~~~~~~~~~~~[m[K
[5.194s] [01m[K/opt/ros/jazzy/include/rclcpp/rclcpp/node.hpp:513:3:[m[K [01;36m[Knote: [m[K  template argument deduction/substitution failed:
[5.194s] [01m[K/home/mac/dev_ws/omo_robot/src/ydlidar_ros2_driver/src/ydlidar_ros2_driver_node.cpp:144:26:[m[K [01;36m[Knote: [m[K  couldn’t deduce template parameter ‘[01m[KParameterT[m[K’
[5.194s]   144 |   [01;36m[Knode->declare_parameter("frequency")[m[K;
[5.195s]       |   [01;36m[K~~~~~~~~~~~~~~~~~~~~~~~^~~~~~~~~~~~~[m[K
[5.195s] [01m[K/opt/ros/jazzy/include/rclcpp/rclcpp/node.hpp:445:3:[m[K [01;36m[Knote: [m[Kcandidate: ‘[01m[Kconst rclcpp::ParameterValue& rclcpp::Node::[01;32m[Kdeclare_parameter[m[K(const std::string&, const rclcpp::ParameterValue&, const rcl_interfaces::msg::ParameterDescriptor&, bool)[m[K’
[5.195s]   445 |   [01;36m[Kdeclare_parameter[m[K(
[5.195s]       |   [01;36m[K^~~~~~~~~~~~~~~~~[m[K
[5.196s] [01m[K/opt/ros/jazzy/include/rclcpp/rclcpp/node.hpp:445:3:[m[K [01;36m[Knote: [m[K  candidate expects 4 arguments, 1 provided
[5.196s] [01m[K/opt/ros/jazzy/include/rclcpp/rclcpp/node.hpp:470:3:[m[K [01;36m[Knote: [m[Kcandidate: ‘[01m[Kconst rclcpp::ParameterValue& rclcpp::Node::[01;32m[Kdeclare_parameter[m[K(const std::string&, rclcpp::ParameterType, const rcl_interfaces::msg::ParameterDescriptor&, bool)[m[K’
[5.196s]   470 |   [01;36m[Kdeclare_parameter[m[K(
[5.196s]       |   [01;36m[K^~~~~~~~~~~~~~~~~[m[K
[5.196s] [01m[K/opt/ros/jazzy/include/rclcpp/rclcpp/node.hpp:470:3:[m[K [01;36m[Knote: [m[K  candidate expects 4 arguments, 1 provided
[5.197s] [01m[K/home/mac/dev_ws/omo_robot/src/ydlidar_ros2_driver/src/ydlidar_ros2_driver_node.cpp:149:26:[m[K [01;31m[Kerror: [m[Kno matching function for call to ‘[01m[Krclcpp::Node::declare_parameter(const char [21])[m[K’
[5.197s]   149 |   [01;31m[Knode->declare_parameter("invalid_range_is_inf")[m[K;
[5.201s]       |   [01;31m[K~~~~~~~~~~~~~~~~~~~~~~~^~~~~~~~~~~~~~~~~~~~~~~~[m[K
[5.202s] [01m[K/opt/ros/jazzy/include/rclcpp/rclcpp/node.hpp:500:3:[m[K [01;36m[Knote: [m[Kcandidate: ‘[01m[Ktemplate<class ParameterT> auto rclcpp::Node::[01;32m[Kdeclare_parameter[m[K(const std::string&, const ParameterT&, const rcl_interfaces::msg::ParameterDescriptor&, bool)[m[K’
[5.202s]   500 |   [01;36m[Kdeclare_parameter[m[K(
[5.202s]       |   [01;36m[K^~~~~~~~~~~~~~~~~[m[K
[5.203s] [01m[K/opt/ros/jazzy/include/rclcpp/rclcpp/node.hpp:500:3:[m[K [01;36m[Knote: [m[K  template argument deduction/substitution failed:
[5.203s] [01m[K/home/mac/dev_ws/omo_robot/src/ydlidar_ros2_driver/src/ydlidar_ros2_driver_node.cpp:149:26:[m[K [01;36m[Knote: [m[K  candidate expects 4 arguments, 1 provided
[5.203s]   149 |   [01;36m[Knode->declare_parameter("invalid_range_is_inf")[m[K;
[5.203s]       |   [01;36m[K~~~~~~~~~~~~~~~~~~~~~~~^~~~~~~~~~~~~~~~~~~~~~~~[m[K
[5.203s] [01m[K/opt/ros/jazzy/include/rclcpp/rclcpp/node.hpp:513:3:[m[K [01;36m[Knote: [m[Kcandidate: ‘[01m[Ktemplate<class ParameterT> auto rclcpp::Node::[01;32m[Kdeclare_parameter[m[K(const std::string&, const rcl_interfaces::msg::ParameterDescriptor&, bool)[m[K’
[5.204s]   513 |   [01;36m[Kdeclare_parameter[m[K(
[5.204s]       |   [01;36m[K^~~~~~~~~~~~~~~~~[m[K
[5.204s] [01m[K/opt/ros/jazzy/include/rclcpp/rclcpp/node.hpp:513:3:[m[K [01;36m[Knote: [m[K  template argument deduction/substitution failed:
[5.204s] [01m[K/home/mac/dev_ws/omo_robot/src/ydlidar_ros2_driver/src/ydlidar_ros2_driver_node.cpp:149:26:[m[K [01;36m[Knote: [m[K  couldn’t deduce template parameter ‘[01m[KParameterT[m[K’
[5.205s]   149 |   [01;36m[Knode->declare_parameter("invalid_range_is_inf")[m[K;
[5.205s]       |   [01;36m[K~~~~~~~~~~~~~~~~~~~~~~~^~~~~~~~~~~~~~~~~~~~~~~~[m[K
[5.207s] [01m[K/opt/ros/jazzy/include/rclcpp/rclcpp/node.hpp:445:3:[m[K [01;36m[Knote: [m[Kcandidate: ‘[01m[Kconst rclcpp::ParameterValue& rclcpp::Node::[01;32m[Kdeclare_parameter[m[K(const std::string&, const rclcpp::ParameterValue&, const rcl_interfaces::msg::ParameterDescriptor&, bool)[m[K’
[5.208s]   445 |   [01;36m[Kdeclare_parameter[m[K(
[5.208s]       |   [01;36m[K^~~~~~~~~~~~~~~~~[m[K
[5.208s] [01m[K/opt/ros/jazzy/include/rclcpp/rclcpp/node.hpp:445:3:[m[K [01;36m[Knote: [m[K  candidate expects 4 arguments, 1 provided
[5.209s] [01m[K/opt/ros/jazzy/include/rclcpp/rclcpp/node.hpp:470:3:[m[K [01;36m[Knote: [m[Kcandidate: ‘[01m[Kconst rclcpp::ParameterValue& rclcpp::Node::[01;32m[Kdeclare_parameter[m[K(const std::string&, rclcpp::ParameterType, const rcl_interfaces::msg::ParameterDescriptor&, bool)[m[K’
[5.209s]   470 |   [01;36m[Kdeclare_parameter[m[K(
[5.209s]       |   [01;36m[K^~~~~~~~~~~~~~~~~[m[K
[5.209s] [01m[K/opt/ros/jazzy/include/rclcpp/rclcpp/node.hpp:470:3:[m[K [01;36m[Knote: [m[K  candidate expects 4 arguments, 1 provided
[5.210s] [01m[K/home/mac/dev_ws/omo_robot/src/ydlidar_ros2_driver/src/ydlidar_ros2_driver_node.cpp:[m[K In lambda function:
[5.211s] [01m[K/home/mac/dev_ws/omo_robot/src/ydlidar_ros2_driver/src/ydlidar_ros2_driver_node.cpp:163:54:[m[K [01;35m[Kwarning: [m[Kunused parameter ‘[01m[Krequest_header[m[K’ [[01;35m[K]8;;https://gcc.gnu.org/onlinedocs/gcc/Warning-Options.html#index-Wunused-parameter-Wunused-parameter]8;;[m[K]
[5.211s]   163 |     [&laser]([01;35m[Kconst std::shared_ptr<rmw_request_id_t> request_header[m[K,
[5.211s]       |              [01;35m[K~~~~~~~~~~~~~~~~~~~~~~~~~~~~~~~~~~~~~~~~^~~~~~~~~~~~~~[m[K
[5.211s] [01m[K/home/mac/dev_ws/omo_robot/src/ydlidar_ros2_driver/src/ydlidar_ros2_driver_node.cpp:164:56:[m[K [01;35m[Kwarning: [m[Kunused parameter ‘[01m[Kreq[m[K’ [[01;35m[K]8;;https://gcc.gnu.org/onlinedocs/gcc/Warning-Options.html#index-Wunused-parameter-Wunused-parameter]8;;[m[K]
[5.212s]   164 |   [01;35m[Kconst std::shared_ptr<std_srvs::srv::Empty::Request> req[m[K,
[5.212s]       |   [01;35m[K~~~~~~~~~~~~~~~~~~~~~~~~~~~~~~~~~~~~~~~~~~~~~~~~~~~~~^~~[m[K
[5.212s] [01m[K/home/mac/dev_ws/omo_robot/src/ydlidar_ros2_driver/src/ydlidar_ros2_driver_node.cpp:165:51:[m[K [01;35m[Kwarning: [m[Kunused parameter ‘[01m[Kresponse[m[K’ [[01;35m[K]8;;https://gcc.gnu.org/onlinedocs/gcc/Warning-Options.html#index-Wunused-parameter-Wunused-parameter]8;;[m[K]
[5.213s]   165 |   [01;35m[Kstd::shared_ptr<std_srvs::srv::Empty::Response> response[m[K) -> bool
[5.213s]       |   [01;35m[K~~~~~~~~~~~~~~~~~~~~~~~~~~~~~~~~~~~~~~~~~~~~~~~~^~~~~~~~[m[K
[5.214s] [01m[K/home/mac/dev_ws/omo_robot/src/ydlidar_ros2_driver/src/ydlidar_ros2_driver_node.cpp:[m[K In lambda function:
[5.214s] [01m[K/home/mac/dev_ws/omo_robot/src/ydlidar_ros2_driver/src/ydlidar_ros2_driver_node.cpp:173:54:[m[K [01;35m[Kwarning: [m[Kunused parameter ‘[01m[Krequest_header[m[K’ [[01;35m[K]8;;https://gcc.gnu.org/onlinedocs/gcc/Warning-Options.html#index-Wunused-parameter-Wunused-parameter]8;;[m[K]
[5.214s]   173 |     [&laser]([01;35m[Kconst std::shared_ptr<rmw_request_id_t> request_header[m[K,
[5.214s]       |              [01;35m[K~~~~~~~~~~~~~~~~~~~~~~~~~~~~~~~~~~~~~~~~^~~~~~~~~~~~~~[m[K
[5.214s] [01m[K/home/mac/dev_ws/omo_robot/src/ydlidar_ros2_driver/src/ydlidar_ros2_driver_node.cpp:174:56:[m[K [01;35m[Kwarning: [m[Kunused parameter ‘[01m[Kreq[m[K’ [[01;35m[K]8;;https://gcc.gnu.org/onlinedocs/gcc/Warning-Options.html#index-Wunused-parameter-Wunused-parameter]8;;[m[K]
[5.215s]   174 |   [01;35m[Kconst std::shared_ptr<std_srvs::srv::Empty::Request> req[m[K,
[5.215s]       |   [01;35m[K~~~~~~~~~~~~~~~~~~~~~~~~~~~~~~~~~~~~~~~~~~~~~~~~~~~~~^~~[m[K
[5.215s] [01m[K/home/mac/dev_ws/omo_robot/src/ydlidar_ros2_driver/src/ydlidar_ros2_driver_node.cpp:175:51:[m[K [01;35m[Kwarning: [m[Kunused parameter ‘[01m[Kresponse[m[K’ [[01;35m[K]8;;https://gcc.gnu.org/onlinedocs/gcc/Warning-Options.html#index-Wunused-parameter-Wunused-parameter]8;;[m[K]
[5.215s]   175 |   [01;35m[Kstd::shared_ptr<std_srvs::srv::Empty::Response> response[m[K) -> bool
[5.216s]       |   [01;35m[K~~~~~~~~~~~~~~~~~~~~~~~~~~~~~~~~~~~~~~~~~~~~~~~~^~~~~~~~[m[K
[7.872s] gmake[2]: *** [CMakeFiles/ydlidar_ros2_driver_node.dir/build.make:76: CMakeFiles/ydlidar_ros2_driver_node.dir/src/ydlidar_ros2_driver_node.cpp.o] Error 1
[7.872s] gmake[1]: *** [CMakeFiles/Makefile2:139: CMakeFiles/ydlidar_ros2_driver_node.dir/all] Error 2
[7.872s] gmake[1]: *** Waiting for unfinished jobs....
[10.670s] [ 75%] [32m[1mLinking CXX executable ydlidar_ros2_driver_client[0m
[10.897s] [ 75%] Built target ydlidar_ros2_driver_client
[10.898s] gmake: *** [Makefile:146: all] Error 2
[10.901s] Invoked command in '/home/mac/dev_ws/omo_robot/build/ydlidar_ros2_driver' returned '2': CMAKE_PREFIX_PATH=${CMAKE_PREFIX_PATH}:/opt/ros/jazzy DEBUGINFOD_URLS=https://debuginfod.ubuntu.com PS1=(ros_venv) \[\e[1;34m\](ID: ${ROS_DOMAIN_ID:-0})\[\e[1;32m\]\u\[\e[0m\]:\[\e[1;34m\]\w\[\e[0m\]$ VIRTUAL_ENV_PROMPT=(ros_venv) /usr/bin/cmake --build /home/mac/dev_ws/omo_robot/build/ydlidar_ros2_driver -- -j16 -l16
