[0.931s] Invoking command in '/home/mac/dev_ws/omo_robot/src/omo_r1-ros2/omo_r1_bringup': AMENT_PREFIX_PATH=/home/mac/dev_ws/omo_robot/install/omo_r1_interfaces:/home/mac/dev_ws/omo_robot/install/omo_r1_description:${AMENT_PREFIX_PATH} CMAKE_PREFIX_PATH=/home/mac/dev_ws/omo_robot/install/omo_r1_interfaces:/home/mac/dev_ws/omo_robot/install/omo_r1_description:${CMAKE_PREFIX_PATH} DEBUGINFOD_URLS=https://debuginfod.ubuntu.com LD_LIBRARY_PATH=/home/mac/dev_ws/omo_robot/install/omo_r1_interfaces/lib:${LD_LIBRARY_PATH} PS1=(ros_venv) \[\e[1;34m\](ID: ${ROS_DOMAIN_ID:-0})\[\e[1;32m\]\u\[\e[0m\]:\[\e[1;34m\]\w\[\e[0m\]$ PYTHONPATH=/home/mac/dev_ws/omo_robot/build/omo_r1_bringup/prefix_override:/usr/lib/python3/dist-packages/colcon_core/task/python/colcon_distutils_commands:/home/mac/dev_ws/omo_robot/install/omo_r1_bringup/lib/python3.12/site-packages:/home/mac/dev_ws/omo_robot/install/omo_r1_interfaces/lib/python3.12/site-packages:${PYTHONPATH} VIRTUAL_ENV_PROMPT=(ros_venv) /usr/bin/python3 -W ignore:setup.py install is deprecated -W ignore:easy_install command is deprecated setup.py egg_info --egg-base ../../../build/omo_r1_bringup build --build-base /home/mac/dev_ws/omo_robot/build/omo_r1_bringup/build install --record /home/mac/dev_ws/omo_robot/build/omo_r1_bringup/install.log --install-scripts $base/lib/omo_r1_bringup --single-version-externally-managed install_data
[1.019s] /usr/lib/python3/dist-packages/setuptools/dist.py:744: SetuptoolsDeprecationWarning: Invalid dash-separated options
[1.020s] !!
[1.020s] 
[1.020s]         ********************************************************************************
[1.020s]         Usage of dash-separated 'script-dir' will not be supported in future
[1.020s]         versions. Please use the underscore name 'script_dir' instead.
[1.020s] 
[1.020s]         This deprecation is overdue, please update your project and remove deprecated
[1.020s]         calls to avoid build errors in the future.
[1.020s] 
[1.020s]         See https://setuptools.pypa.io/en/latest/userguide/declarative_config.html for details.
[1.020s]         ********************************************************************************
[1.020s] 
[1.020s] !!
[1.020s]   opt = self.warn_dash_deprecation(opt, section)
[1.104s] running egg_info
[1.115s] writing ../../../build/omo_r1_bringup/omo_r1_bringup.egg-info/PKG-INFO
[1.115s] writing dependency_links to ../../../build/omo_r1_bringup/omo_r1_bringup.egg-info/dependency_links.txt
[1.116s] writing entry points to ../../../build/omo_r1_bringup/omo_r1_bringup.egg-info/entry_points.txt
[1.116s] writing requirements to ../../../build/omo_r1_bringup/omo_r1_bringup.egg-info/requires.txt
[1.116s] writing top-level names to ../../../build/omo_r1_bringup/omo_r1_bringup.egg-info/top_level.txt
[1.141s] reading manifest file '../../../build/omo_r1_bringup/omo_r1_bringup.egg-info/SOURCES.txt'
[1.142s] writing manifest file '../../../build/omo_r1_bringup/omo_r1_bringup.egg-info/SOURCES.txt'
[1.142s] running build
[1.142s] running build_py
[1.143s] running install
[1.147s] running install_lib
[1.160s] running install_data
[1.160s] running install_egg_info
[1.174s] removing '/home/mac/dev_ws/omo_robot/install/omo_r1_bringup/lib/python3.12/site-packages/omo_r1_bringup-0.0.1-py3.12.egg-info' (and everything under it)
[1.174s] Copying ../../../build/omo_r1_bringup/omo_r1_bringup.egg-info to /home/mac/dev_ws/omo_robot/install/omo_r1_bringup/lib/python3.12/site-packages/omo_r1_bringup-0.0.1-py3.12.egg-info
[1.175s] running install_scripts
[1.272s] Installing omo_r1_mcu_node script to /home/mac/dev_ws/omo_robot/install/omo_r1_bringup/lib/omo_r1_bringup
[1.272s] Installing omo_r1_motor_setting_node script to /home/mac/dev_ws/omo_robot/install/omo_r1_bringup/lib/omo_r1_bringup
[1.273s] writing list of installed files to '/home/mac/dev_ws/omo_robot/build/omo_r1_bringup/install.log'
[1.329s] Invoked command in '/home/mac/dev_ws/omo_robot/src/omo_r1-ros2/omo_r1_bringup' returned '0': AMENT_PREFIX_PATH=/home/mac/dev_ws/omo_robot/install/omo_r1_interfaces:/home/mac/dev_ws/omo_robot/install/omo_r1_description:${AMENT_PREFIX_PATH} CMAKE_PREFIX_PATH=/home/mac/dev_ws/omo_robot/install/omo_r1_interfaces:/home/mac/dev_ws/omo_robot/install/omo_r1_description:${CMAKE_PREFIX_PATH} DEBUGINFOD_URLS=https://debuginfod.ubuntu.com LD_LIBRARY_PATH=/home/mac/dev_ws/omo_robot/install/omo_r1_interfaces/lib:${LD_LIBRARY_PATH} PS1=(ros_venv) \[\e[1;34m\](ID: ${ROS_DOMAIN_ID:-0})\[\e[1;32m\]\u\[\e[0m\]:\[\e[1;34m\]\w\[\e[0m\]$ PYTHONPATH=/home/mac/dev_ws/omo_robot/build/omo_r1_bringup/prefix_override:/usr/lib/python3/dist-packages/colcon_core/task/python/colcon_distutils_commands:/home/mac/dev_ws/omo_robot/install/omo_r1_bringup/lib/python3.12/site-packages:/home/mac/dev_ws/omo_robot/install/omo_r1_interfaces/lib/python3.12/site-packages:${PYTHONPATH} VIRTUAL_ENV_PROMPT=(ros_venv) /usr/bin/python3 -W ignore:setup.py install is deprecated -W ignore:easy_install command is deprecated setup.py egg_info --egg-base ../../../build/omo_r1_bringup build --build-base /home/mac/dev_ws/omo_robot/build/omo_r1_bringup/build install --record /home/mac/dev_ws/omo_robot/build/omo_r1_bringup/install.log --install-scripts $base/lib/omo_r1_bringup --single-version-externally-managed install_data
